0.1296098570455797
0.12648671999340877
0.20296563499141484
0.1556718850042671
0.25316563702654094
0.3131713299662806
0.40703272103564814
0.45451646199217066
0.5724768119980581
0.6444293690146878
0.731993327033706
0.853844394965563
0.8100264290114865
0.691447205026634
0.8011305649997666
0.8264366060029715
0.8766275190282613
0.946791562018916
0.983166147954762
1.0002860230160877
1.0936778729665093
1.1744807939976454
1.2294132550014183
0.8485015429905616
0.7059052110416815
0.680885196023155
0.7452910499996506
0.6307706070365384
0.3691625890205614
0.2790280610206537
0.3831561930128373
0.45589421497425064
0.5561362589942291
0.6216054120450281
0.5540099830250256
0.6111877949442714
0.6970036810380407
0.8047082510311157
0.9154794350033626
0.8675611309590749
0.3109395600040443
0.6888325779582374
0.5938545599929057
0.7192166059976444
0.44414413505000994
0.8137086650240235
0.4607784249819815
0.8616067479597405
0.4798777499818243
0.5643601089832373
0.9648057130398229
1.023585112998262
1.0891936930129305
0.6801207829848863
0.7499244440114126
0.6707324630115181
0.7573544730548747
0.8736386660020798
0.5235689909895882
0.5812017690041102
0.6883442539838143
0.48196286195889115
0.3431978730368428
0.4573754970333539
0.2814797419705428
0.3933113180100918
0.5052763549610972
0.6151485269656405
0.5314402439980768
0.5638689550105482
0.6082214159541763
0.44560721301240847
0.6134265419677831
0.7043023619917221
0.8238257479970343
0.7674897149554454
0.9414385660202242
0.850800686981529
0.9517322939937003
0.925364034017548
0.6254090160364285
0.9609924479736947
1.070241146022454
0.8595655679819174
1.1918418999994174
0.837993276945781
1.2951733780209906
0.926440613984596
0.9668914190260693
1.386226064991206
0.9942562710493803
0.8868654260295443
0.7913429019972682
1.0226902900030836
0.8043015230214223
0.8648781130323187
0.9223441040376201
0.5113281049998477
0.5586739070131443
0.43525310402037576
0.2966388299828395
0.25524877797579393
0.2822460519964807
0.27297852002084255
0.36468118702759966
0.46744357503484935
0.5434875520295464
0.6483523360220715
0.7540239290101454
0.8679951140074991
0.9743710489710793
0.7033662740141153
0.6696570820058696
1.0993577479966916
0.7407768280245364
1.2105902739567682
0.7647711919853464
0.7613473849487491
1.2030734400032088
1.3239171140012331
0.74079949100269
0.6340807550004683
0.7721256940276362
0.8775062409695238
0.9843455640366301
0.6826946329674684
1.0955723130027764
0.7604613669682294
1.0516047709970735
0.829055089969188
0.7199005980510265
0.7224151010159403
0.8088261039811186
0.8426514800521545
0.5952490189811215
0.8915100719896145
0.6821803999482654
0.9625745430239476
0.931089444027748
0.7539430119795725
1.049160621012561
0.9748126799822785
0.8397010409971699
1.1300537689821795
1.057188579987269
0.9167105099768378
1.207224479992874
1.070867130998522
0.9949904259992763
1.122847489954438
1.2301606389810331
1.1394275649799965
1.0725360989454202
1.2902988439891487
1.2282076210249215
1.1582742739701644
1.2265047850087285
1.0703225859906524
1.206305033992976
1.1174273789511062
1.2855196130112745
1.1986605730489828
1.3749761159997433
1.2661147260223515
1.4593658320372924
1.3822286609793082
1.5396877769962884
1.4027202120050788
1.603985415014904
1.4695059760124423
1.6445267870440148
1.5303203060175292
1.7280985800316557
1.610957192024216
1.6570676660048775
1.700323649973143
1.7239056050311774
1.7793580410070717
1.728734181029722
1.8674590989830904
1.8052317419787869
1.950738468032796
1.8813653530087322
2.036448084982112
1.969695641018916
2.1122092520236038
2.0104501029709354
2.1480498669552617
2.0736426420044154
2.213844923011493
2.1411380959907547
2.279420701030176
2.229278818005696
2.3516106799943373
2.295544295979198
2.424785148992669
2.378415261977352
2.3707648039562628
2.462366377003491
2.4021456640330143
2.5429101230110973
2.4890575589961372
2.6271953139803372
2.5722096289973706
2.6833413029671647
2.634368995029945
2.761459105007816
2.689918263000436
2.842938920017332
2.7702390790218487
2.9212259170017205
2.830503550998401
3.0086787960026413
2.9016301259980537
3.065817390976008
2.9845792410196736
3.1500391389708966
3.0692115430138074
3.212958707008511
3.149206471047364
3.2280193049809895
3.1851311569917016
3.186784880992491
3.2632847810164094
3.238856097974349
3.345258226036094
3.3220749640022404
3.400074932957068
3.407659958989825
3.48297165799886
3.471040091011673
3.568795636994764
3.5580994290066883
3.64728507399559
3.628559775999747
3.700848911947105
3.7034208279801533
3.783596099994611
3.7518038359703496
3.809122887032572
3.81793270498747
3.855907957011368
3.868382684944663
3.871281467960216
3.951073157018982
3.924720108974725
4.028116171946749
4.009822339983657
4.102564367000014
4.096559753990732
4.179318852024153
4.175312917970587
2.4597036470077
4.264339927001856
4.245474614028353
2.554771205992438
2.6205424810177647
2.5097051929915324
2.5123926360392943
4.350173873011954
4.284006380010396
2.6713721589767374
2.6478477899800055
2.7309403580147773
2.5169983339728788
4.429461169987917
2.489927589020226
4.3656157740042545
2.5081382910138927
2.7625976459821686
4.502519247005694
2.753378624038305
2.848170865967404
4.43774751998717
2.5465172120020725
2.580262542993296
2.6087851179763675
4.549626474035904
4.526605199964251
2.8709335749736056
2.7568158140056767
2.9325473950011656
2.6408148349728435
2.6777670750161633
4.638016932003666
2.715433389006648
4.61331899598008
2.6197116719558835
2.7777324889902957
2.9974246110068634
4.6522359129739925
2.7132932179956697
4.659853875054978
2.7624999049585313
2.8207915630191565
4.620039772999007
2.668684424017556
4.743444552004803
2.8975774139980786
2.7490087329642847
2.855336054984946
2.8947683949954808
4.696470739028882
4.831494999001734
2.728225252998527
2.767606615961995
2.8079683990217745
2.867294814030174
4.773204599972814
2.885313670965843
4.909647665976081
2.668529035989195
3.005329768988304
2.8789152670069598
4.800962848006748
2.7027898380183615
4.955342418048531
2.7451006489573047
2.9565185230458155
3.123972892994061
4.870291934988927
5.03233055898454
3.0026988050085492
2.772994289000053
2.8254858080181293
2.7529763089842163
3.0153922269819304
2.7540152359870262
4.944134295976255
3.1421949039795436
5.069108192983549
3.0080803320161067
2.8963036620407365
5.031427110021468
2.8851046129711904
3.129674110969063
5.13588391704252
2.873270304990001
2.8887523799785413
5.113299746997654
3.0616188929998316
5.1115541370236315
2.9449167440179735
3.0048162289895117
2.9200866989558563
2.967879297968466
2.972836833971087
5.1748230759985745
1.0042985519976355
5.167739905009512
3.0592883719946258
2.9894192399806343
3.1302184350206517
1.0849476769799367
5.252985970990267
1.0740253700059839
2.9120735159958713
5.239979500009213
3.006990398047492
3.02300239703618
1.1538313949713483
3.1422570559661835
5.340987411036622
3.074261221976485
5.319502240978181
1.1851652800105512
3.1892616049735807
1.187606078980025
1.2157810649950989
3.0970909090247005
3.0784230030258186
2.9938093140372075
5.420595220988616
5.399638723989483
1.2574047350208275
1.266042664006818
3.054645743977744
3.1282026060507633
3.199730907974299
5.508118076017126
3.1565148489899
3.0500974430469796
5.43369997094851
3.1446231119916774
1.3379439690033905
1.355916514992714
3.1480112820281647
3.179870614025276
5.573979799984954
5.476411718002055
3.1485448830062523
3.25106279499596
3.259571108967066
5.652226967969909
1.4684991969843395
3.1545804280322045
3.1821536559727974
5.551454317988828
3.2625379149685614
3.2675221829558723
3.326233542000409
5.72773954301374
3.108279965003021
3.27085976296803
5.601094627985731
1.5939888459979557
3.2644277319777757
3.319533423986286
3.146281086956151
5.753931502986234
3.3416296140057966
5.68341092200717
3.388575398013927
3.1980949330027215
1.6857768759946339
3.255714272032492
5.748536870989483
5.771073882991914
3.2637960109859705
3.357898954011034
3.226594189007301
3.3555586629663594
3.24677441600943
5.833725602016784
5.857770659960806
1.7494133849977516
3.345612331002485
3.2860067790024914
3.3165492200059816
3.4667670489870943
5.8990351089742035
5.946848666993901
3.426790378987789
1.8630021210410632
3.3245234710047953
3.4035696840146556
5.983102338970639
3.3694162300089374
3.404442055034451
6.0314373630099
3.5000542720081285
3.392546133021824
3.51712045900058
6.070687313040253
1.9675009220372885
6.100461171998177
3.5202233599848114
3.379211485036649
3.5270849380176514
3.40128743898822
6.086478903016541
3.3587860339903273
6.158437155012507
3.3799418880371377
2.084856135013979
3.481246259994805
3.4793558709789068
3.5796839040121995
6.143362603965215
3.3939650019747205
6.24388732702937
3.4700377869885415
3.4143849769607186
2.207619748020079
6.217265693994705
3.5291070800158195
6.305478899972513
3.543994000996463
3.606153152009938
3.4937131469487213
3.528898796008434
3.4902070440002717
6.287230631976854
6.393306886020582
2.3319173569907434
3.5274185109883547
3.6257992760511115
3.522252840048168
6.36169027001597
3.5591172560234554
6.482282262004446
3.5389649589778855
2.4450860240031034
3.584808586980216
6.4205413369927555
3.552737755002454
6.541236374003347
3.631223239004612
3.6535579880001023
3.6332793140318245
6.4853831580257975
3.581689667014871
2.5623723239987157
6.57578552904306
3.6474512409768067
3.6187760469620116
3.7463700660155155
3.634891172987409
6.561957611993421
3.7507508489652537
6.647829516034108
3.6591151419561356
2.669311509002
3.768897859030403
6.649648750026245
3.7732075519743375
6.655523237015586
3.707327402953524
3.8645242630154826
3.725262733991258
2.7857769110123627
6.7358467689482495
3.7301872730022296
3.7668140970054083
6.655712161038537
3.763643094978761
3.884729384968523
3.77511357399635
3.90108030999545
6.815615697996691
3.7806633400032297
6.675974362005945
2.908342774026096
3.892285760026425
3.7997717930120416
3.838224717997946
3.9283724659471773
6.862215474015102
6.757721445988864
3.795686712022871
0.37601350498152897
3.9902898269938305
3.7980819910299033
3.0037421839660965
3.900179599004332
6.918887034000363
3.8166495030163787
6.8297669950407
3.900611613993533
4.02347275003558
3.8013804950169288
6.999772990995552
6.909439610026311
3.11491499299882
3.8108806199743412
3.793920819007326
3.899607034982182
3.9917318350053392
7.076545636053197
3.8910407070070505
6.986948138976004
3.840888695034664
3.228064095019363
3.918705900956411
3.876202449959237
7.073390826000832
4.054901013034396
7.0616580820060335
3.8951220600283705
3.9528652250301093
3.9142201019567437
7.156117061036639
3.3512230170308612
7.144700777018443
3.9601446419837885
0.8185598390409723
0.8301964130369015
4.006626382994
4.051656974013895
0.8319473760202527
4.026697383960709
0.8429139719810337
7.118199118995108
4.024175494036172
0.8591974230366759
7.230718249978963
0.8760199809912592
3.47565510799177
4.025235139008146
4.031600449990947
4.105710397998337
3.863395160995424
7.194802499026991
7.318750044971239
4.118334008031525
0.9640229640062898
4.14213098800974
4.076633430959191
3.558019844989758
4.095718639029656
4.142117660026997
7.252635671989992
7.37343354098266
4.155722866998985
3.510860941023566
4.132007554988377
4.14667880802881
1.077134633960668
4.262057351006661
7.309414228948299
7.439380432013422
3.6470456940005533
4.265182094997726
3.595716166018974
4.209423805004917
4.21027534204768
7.392213005980011
3.6215514889918268
7.521573289996013
1.187291965004988
4.285904219024815
3.7644999240292236
4.334721251972951
7.46718818397494
4.2803458429989405
3.712209091987461
7.5932983590173535
4.275877052976284
3.7386521360022016
1.3109230989939533
4.404429871996399
7.553650123998523
3.881759407988284
7.675802543002646
4.411230112018529
3.6723855640157126
3.745116488018539
4.400180945056491
3.759339487995021
7.639859887945931
1.4180880740168504
4.521160002972465
7.761055884999223
3.9990482500288635
4.526948240993079
3.7688646130263805
3.8677596710040234
7.7104937540134415
4.501305941026658
7.836755861993879
3.85633764998056
1.5258326539769769
3.7537640249938704
4.120617194974329
7.779342819005251
3.78164190397365
7.896212137013208
3.857689124997705
3.9567471030168235
3.7657196370419115
3.9610398059594445
1.6292647519730963
3.8472895410377532
7.8508194730384275
7.89578772202367
4.194221932964865
3.888059067016002
3.8983895470155403
4.055952476977836
3.890430138038937
7.890373776026536
4.033320964023005
7.9691478200256824
1.7543377009569667
3.8755842199898325
4.303999173978809
3.894616868987214
7.937726175005082
3.999331979022827
4.1313327079988085
7.918337362993043
3.887240663054399
4.100952597975265
1.8681566399754956
3.954912832006812
8.001020825002342
4.417352652992122
7.976539939001668
3.938098823011387
3.813212624983862
4.237626490998082
3.9067886500270106
3.8334955610334873
8.07304132799618
1.9866762179881334
4.020584165002219
8.037657774984837
4.534621655999217
4.023852703045122
3.907507912022993
3.803778872010298
8.116423661995213
3.9674694039858878
8.117690373968799
3.8665294249658473
2.1084732500021346
4.071000626019668
4.646421100012958
8.190238206007052
4.062349839019589
8.19433275499614
4.024833153991494
3.8472758049611
4.027770672983024
3.9586333190090954
2.2245358130312525
4.150871980993543
8.257833413954359
8.272726551978849
3.8078327960101888
4.151718595006969
4.001465253008064
3.912522775994148
4.149041238008067
3.965641463000793
2.3458784370450303
4.228084613045212
3.901601648016367
3.9439258619677275
4.032441905001178
4.0170587850152515
4.063205280981492
4.022390016994905
2.4716823129565455
4.2246634750044905
4.014454845979344
4.029281502007507
4.072802028036676
4.1244321900303476
4.108375110023189
4.023129317967687
2.5941161760129035
4.014358566957526
4.0235696859890595
4.108400545024779
4.1482286140089855
4.14707471197471
4.142969283973798
4.111366067954805
2.6767498509725556
4.012930972035974
4.114772339002229
4.131703855004162
4.250790471036453
4.2134044879931025
4.03448362700874
4.143448006012477
2.8017598380101845
4.104949009953998
4.14856881898595
4.250051522976719
4.032166438992135
4.010784374026116
4.139711169991642
4.1542082439991646
2.9223364290082827
4.1212128779734485
4.152472627989482
4.262703945976682
4.048324216040783
4.02534008101793
4.15670210699318
4.154974290984683
3.0339532660436817
4.245377223996911
4.155156620021444
4.230374887003563
4.156536110036541
4.128416494990233
4.267427817976568
4.159955696959514
3.13984772603726
4.338878175010905
4.161051181028597
4.2832414849544875
4.256339701998513
4.202105150965508
4.27763176796725
4.150175118993502
3.2645819870522246
4.411568217969034
4.129160053038504
4.210689272033051
4.347496589005459
4.266507685999386
4.386594821990002
4.158327990036923
3.3886743820039555
4.537328885984607
4.157638231001329
4.2542783740209416
4.384639251045883
4.373258493025787
4.372189815971069
0.8468883040477522
0.8843899909988977
4.263364435988478
0.8816865039989352
3.5088933669612743
4.203271139995195
0.4258696199976839
0.9677214559633285
4.266103843052406
4.282417747017462
4.158354917017277
0.902938004990574
0.9697347520268522
4.366610162018333
0.9587327349581756
0.9549394680070691
4.152163210033905
4.282625394989736
3.630585601029452
1.0162506049964577
4.284474356973078
0.9622740939958021
0.9907792219892144
0.9733799850218929
4.277374166005757
0.9441322949714959
4.358076923992485
0.6072139889583923
4.155791803030297
4.108813878032379
0.9383755960152484
1.064382818993181
4.1872312119812705
1.0353259010007605
4.385056823026389
3.7534427720238455
4.391972539015114
0.5242076700087637
4.3423863659845665
1.1467950899968855
4.392573740973603
4.229161012975965
4.207005181990098
1.0443872530013323
0.8450604589888826
4.279338578053284
0.9610115180257708
4.403689235972706
3.8781184629769996
0.6133353750337847
4.398129376000725
0.8650492659653537
0.8714719060226344
0.8912302569951862
4.40518898202572
0.8364549609832466
1.0382647450314835
0.9266283489996567
4.413305900990963
0.9744002859806642
0.9751968479831703
4.325692129961681
4.27439575799508
1.1470904950401746
4.390281005005818
0.8929718020372093
4.362777370028198
0.9170653779874556
3.9977247079950757
4.512390555988532
0.9825828389730304
0.9664475239696912
0.9588035249616951
4.410033744003158
1.1387639589956962
4.533657621010207
0.9820468950201757
4.408459968981333
3.8369606100022793
1.2312973880325444
4.474414421012625
1.0543710420024581
0.9925191510119475
3.858717543014791
4.10945215501124
4.529655442980584
3.9054241239791736
1.2642691640066914
4.536601991043426
0.9902862400049344
4.529597998014651
3.934934358985629
0.8252218679990619
0.8720897700404748
3.9524486889713444
0.8461418719962239
1.1073757080012
3.881592129007913
4.213567608036101
4.625647959008347
0.932363874046132
0.8910958969499916
0.8680830829543993
0.9730096320272423
3.9082139329984784
1.3886262979940511
4.026897020987235
1.1131969740381464
0.930907954054419
3.9925437780329958
4.022889576037414
1.044207168975845
4.0244549560011365
0.9821161620202474
1.0683624239754863
1.2316139899776317
4.002678674994968
4.312985263997689
0.9470731060137041
0.9449657539953478
4.019785554963164
1.0189644260099158
4.003832789952867
1.483746137993876
4.0265292600379325
1.2222239770344459
0.968730251013767
4.0213990160264075
4.133451051020529
0.9828235110035166
4.144647464971058
1.3379648799891584
4.01176572201075
1.0475533459684812
4.435192037024535
3.9857921540387906
0.9957386419991963
1.0218357080011629
4.030710545019247
0.9571915990090929
4.139001371979248
1.3451107689761557
4.006715686991811
4.218003171030432
1.1086731730028987
1.0089012020034716
4.142575780977495
1.463379111024551
4.03392985498067
4.551498125947546
4.026869421009906
1.1051055429852568
1.1338169000227936
4.046861247974448
1.0096110620070249
4.120577858993784
1.446303728967905
4.025308734970167
3.986103324976284
1.1296972180134617
4.065238660026807
1.5791221809922718
4.144230523961596
4.654770508990623
4.129158401978202
1.2276906189508736
1.1207201689830981
4.154485468985513
1.0730892660212703
4.156921625020914
1.55973828304559
4.144549323013052
4.015471517981496
1.250778189045377
4.142348080989905
1.6712719200295396
4.142592016025446
4.760634606995154
4.15061383304419
1.3469301970326342
1.121992564003449
4.179299136972986
1.1801552399992943
4.154112162999809
1.6824814050341956
4.148088564048521
4.106561911001336
1.309153440000955
4.153296427975874
1.7535705550108105
4.11818647198379
4.878297198971268
4.274274385999888
1.4716232770006172
1.2030715459841304
4.268659097026102
1.291089751990512
4.269785207987297
1.752472615975421
4.237730049993843
4.070751758990809
1.3728992990218103
4.058349798026029
1.2433053230051883
4.037414922961034
4.987521402013954
4.39230733999284
1.5848785740090534
1.2750492119812407
4.027122713974677
1.3816509689786471
4.278484027017839
1.2556932279840112
4.0325776870013215
4.162624925957061
1.4857264560414478
4.153834742028266
1.2920083329663612
4.140411255008075
5.107247102016117
4.391883621981833
1.698539883014746
1.383433828013949
4.031131402007304
1.4846916690003127
4.3911001840024255
1.3645425149588846
4.140809197037015
4.2610571400146
1.597372677992098
4.183742586988956
1.3834070920129307
4.153373424021993
4.0242795899976045
4.499635707994457
1.7577248000307009
1.5022764910245314
4.150125321000814
1.585468197998125
4.320366835047025
1.3830699800164439
4.2085247070062906
4.213903856987599
1.6281030609970912
4.27716405101819
1.5025524800294079
4.24169916799292
4.033342034963425
4.143349084013607
1.86531585798366
1.6137528530089185
4.255944810051005
1.6278757630498149
4.15455038996879
1.5016088459524326
4.265727040998172
4.1516243609949015
1.7217756049940363
4.3599152250099
1.5982106599840336
4.282498870976269
4.131384645006619
4.164394126040861
1.4891203729785047
1.688869411998894
4.285906763980165
1.7396305939764716
4.170154945983086
1.6236589049804024
4.295530513976701
4.153106810001191
1.6758180540055037
4.320454994041938
1.6532761949929409
4.310644780984148
4.256415584008209
4.2653258250211366
1.49186584999552
1.764637412969023
4.401920430012979
1.7567736969795078
4.273415790987201
1.7298778719850816
4.405880049976986
4.273356571968179
1.6713302420102991
4.27793969004415
1.76098500599619
4.408407579001505
4.3784507979871705
4.388152068015188
1.5911003439687192
1.8616158990189433
4.474477157986257
1.6965602050186135
4.389250838023145
1.752954758994747
4.372437953017652
4.374121106986422
1.7495048439595848
4.256236529035959
1.8635798049508594
4.3692722609848715
4.397214440978132
4.502910260984208
1.6953030930017121
1.6303935369942337
4.48315556300804
1.743666590016801
4.490063120960258
1.8566537480219267
4.31169412296731
4.384838963975199
1.7569545419537462
4.337395379960071
1.9742294549942017
4.330144555016886
4.514588574995287
4.523884502996225
1.7588599610025994
1.6627236229833215
4.277647246955894
1.8015490300022066
4.52321180695435
1.9787941619870253
4.401756543957163
4.454862500948366
1.8481863519991748
4.38397059898125
1.927374113991391
4.383448562002741
4.613938545982819
4.646908095979597
1.8801058799726889
1.7583940189797431
4.252950058027636
1.8861433829879388
4.639143288019113
1.9998216400272213
0.8224071260192432
4.379598769010045
4.547540786035825
1.8827627649880014
4.501549976004753
1.7572403710219078
4.410411274002399
4.246121596021112
4.402010191988666
1.9571521120378748
1.8817060029832646
0.8371676440001465
0.8857380939880386
4.357425315014552
0.948841990029905
1.9804181500221603
4.361884056997951
1.8149570539826527
4.4043750839773566
4.606238827051129
2.0063860819791444
4.533776774012949
0.9301810140023008
1.865213839977514
0.9086347369593568
4.4088684230227955
4.277683392050676
0.9725270859780721
4.395947563985828
0.9740075060399249
2.0250622410094365
1.9563056189799681
4.398533964995295
2.053936281998176
4.399401516013313
1.8768028570339084
4.4020830020308495
4.390473412000574
2.0982095270301215
4.502798463974614
1.8627243490191177
1.0252493710140698
4.4209682759828866
4.355521990044508
4.5066856240155175
2.1171670009498484
1.9988127669785172
4.515510956989601
2.122440865961835
4.514523267978802
1.9927436499856412
4.516144002031069
4.406192106020171
2.1314910179935396
4.534165090008173
1.984240893041715
1.127567280025687
4.505494498007465
0.24680964404251426
4.388658175012097
4.52912187599577
2.181815759977326
2.124504898034502
4.597818606998771
2.1928590440074913
4.52889984700596
2.0134158090222627
4.530838524980936
4.383152277965564
2.2507440970512107
4.383159297984093
2.095204351004213
1.2449093870236538
4.391191189002711
4.497220527031459
4.583754277962726
1.9881629979936406
2.250234317034483
4.6590430330252275
2.2277974690077826
4.627137653005775
2.1217762579908594
4.6464848080067895
4.492649101011921
2.2972801310243085
4.4546363959671
2.1654140210011974
1.3638276290148497
2.1324182160315104
4.529663460038137
4.6309038670151494
1.9928743839845993
2.232913626008667
2.1310679109883495
2.2095336909987964
4.634392385021783
2.23954534297809
4.611520723032299
2.0921877180226147
2.3821521979989484
2.137243353005033
2.265388562984299
1.4766856040223502
2.129285610979423
0.600309400993865
4.648024827998597
4.648030098003801
2.0948091400205158
2.3188808069680817
2.1276498530060053
2.2605650469777174
4.669675031967927
2.2698333009611815
2.0891312390449457
2.112976993958
1.9967589829466306
2.1278245769790374
2.3873639960074797
1.579490453004837
2.1887485969928093
0.7255394789972343
2.014378221996594
2.041545504995156
2.1359182560117915
2.01189439103473
0.840074231964536
2.0928607920068316
1.8797505989787169
4.773762942000758
0.8531011700397357
2.3886449660058133
2.137130294984672
2.140896007011179
2.0053214869694784
2.2472491550142877
2.5102459299960174
1.6944474799674936
0.9550467290100642
2.2588813310139813
0.9280551980482414
0.8493852690444328
2.0105309119680896
2.1349484429811127
2.2617944210069254
0.990139661997091
1.974719934980385
0.9640002469532192
2.1158038140274584
0.886512961005792
1.63533387897769
1.9804673779872246
2.4836975910002366
2.216500817972701
0.9822666329564527
0.9787111369660124
2.098768730997108
1.6363061779993586
2.262985743000172
0.9769462019903585
2.571518031996675
1.8076542050112039
0.9705239069880918
1.682155087008141
0.9715752199990675
2.1339793170336634
2.2572442399687134
2.265854354016483
1.6348465150222182
1.0565694220131263
1.7207501490483992
1.6437038900330663
1.7482191629824229
1.5055319070233963
2.236521476006601
1.7602754610124975
1.7562026339583099
2.3786572499666363
1.5049816659884527
1.9183088450226933
1.7390427990467288
0.9617556490120478
1.7240384080214426
1.0698026180034503
2.259240443992894
1.4917996490257792
1.6273697090218775
1.7624097309890203
1.10752980702091
1.748359032033477
1.7491218819632195
1.509952861990314
1.6186287819873542
1.69984806899447
1.7521749039879069
1.610311386990361
0.8350969679886475
0.8633040260174312
1.5085567600326613
2.0384538589860313
1.8461893500061706
0.8849956580088474
1.0556836660252884
1.7131307550007477
0.8707673649769276
0.8729572509764694
1.6090433089993894
1.5022536260075867
1.6259405390010215
0.9040496200323105
1.7602266930043697
1.188751556968782
1.4457201809855178
1.732657547981944
0.8713627060060389
1.6349251989740878
1.6300158129888587
0.8768542769830674
1.7519495770102367
0.8797665830352344
1.6840165719622746
1.6347743680234998
1.633796681999229
2.155740501009859
0.9395336480229162
1.8615327860461548
1.1738595500355586
1.758230519015342
0.9750849030097015
1.6212268159724772
1.506013331003487
1.609111912024673
0.9503303389647044
0.9717740819905885
0.9630179879604839
1.294745378952939
0.965157400991302
1.7343569420045242
1.6017513769911602
1.7070684420177713
1.7557588929776102
0.9721028719795868
1.633628167968709
2.2815147270448506
0.9829501049825922
0.87853432999691
1.2827961089788005
0.8716120879980735
0.9599001480382867
0.8781237590010278
1.405159329995513
0.8802448710193858
0.9699717049952596
0.9080761789809912
1.7356990780099295
0.8619084440288134
1.7575954340281896
1.0512707800371572
0.9563281720038503
1.7547286830376834
2.400156109011732
1.0999174079624936
1.402866059972439
0.9795600720099173
0.9650823029805906
1.0715790069662035
0.9769507320015691
1.5232836609939113
1.0281735180178657
1.0665962300263345
0.8440794500056654
0.9633306969772093
2.511244862980675
0.9762105839909054
1.2103400790365413
1.5152131170034409
0.9629266779520549
0.8917755709844641
1.0322828560019843
1.643679347995203
1.1142899069818668
0.8765782960108481
0.9775454640039243
1.0444873300148174
0.8853434389457107
2.6293190220021643
1.3063081410364248
1.6200418330263346
1.1138999899849296
0.9978305190452375
0.9774312140070833
1.7536352660390548
0.9849007939919829
0.9720008120057173
0.7936555219930597
0.9937052550376393
0.9597940210369416
0.8355007889913395
1.1265889829955995
0.9495578160276636
2.754362705978565
0.9600752260303125
1.3959989349823445
1.0028539360500872
0.8795981050352566
0.9809303270303644
1.072637242032215
0.9776685550459661
0.9791016670060344
0.8637983599910513
1.1096216759760864
1.0396633559721522
0.958551465999335
1.0080147180124186
2.8543211320065893
1.5032520340173505
1.00553518201923
1.043868720997125
1.1276165890158154
1.1280029090121388
0.9089929990004748
0.8743333379970863
1.113877818977926
1.068241387954913
1.0912324959645048
1.0578444009879604
1.1247124709771015
1.0619567089597695
0.9728952959994785
2.976051745004952
1.1004435200011358
0.9878756810212508
1.1474760550190695
0.9490439019864425
0.9823050900013186
0.8933473349898122
1.017938981007319
0.9961747520137578
0.8742012360016815
1.0288996860035695
0.9664976019994356
1.1028230389929377
1.074733951012604
0.8840419890475459
1.1247573390137404
1.0371851969975978
3.0734372730366886
1.1260721220169216
1.063972222036682
0.8238437870168127
1.0435117619927041
1.1257490320131183
0.9828665780369192
1.1544346089940518
0.9808919059578329
1.1300795380375348
1.0645675990381278
0.8440549510414712
0.8509860969497822
0.9831582239712588
1.1025922630215064
0.9228851670050062
0.8773278369917534
1.1692470159614459
1.0996665409766138
0.9377589259529486
0.9503397130174562
0.8718669409863651
0.8890343810198829
0.8380423180060461
1.1095087499707006
1.2572363780345768
0.9912642100243829
0.9225884390179999
1.0257308670552447
0.9036488080164418
1.1181855690083466
0.9783233890193515
0.9569564469857141
0.9711571249645203
0.9947323160013184
0.9977715270360932
1.0684067360125482
0.9907292549614795
1.1115511119714938
0.9668104770244099
0.8910539530334063
1.001162505010143
1.0305490809842013
0.9651927220402285
0.8797581380349584
1.1318416559952311
0.9105366299627349
0.9558215790311806
1.030053474009037
0.8861299389973283
0.8521319580031559
0.8901719420100562
1.1010173149988987
1.1080540519906208
1.0875514500075951
0.9810056510032155
1.1162059570197016
0.9808251929935068
0.9673000120092183
0.8781456939759664
1.0711487049702555
0.9666876169503666
1.1251106199924834
1.1336327230092138
0.9917133530252613
0.951335009012837
1.1328651439980604
0.9466436800430529
0.9976290829945356
0.9659995590336621
0.8373665760154836
0.8765998600283638
0.8512034359737299
1.0222424460225739
0.9092288660467602
1.1012210579938255
0.8769063850049861
1.003777147969231
1.0032415029709227
0.9537802230333909
0.9565195710165426
1.0002881769905798
1.008172428002581
0.9672297239885665
0.9937269110232592
0.8233241969719529
0.9874193919822574
0.8431965910131112
1.1110985010163859
0.8752250029938295
1.0609190869727172
1.1164611160056666
1.0064957120339386
0.868088994990103
1.0562326720100828
0.9737090099952184
0.9775944270077161
1.1070386889623478
0.9424136989982799
0.8868372889701277
0.9712830179487355
0.9889224860235117
1.1128092180006206
1.0649688899866305
1.000241764006205
1.0922257549827918
0.9828774490160868
1.1080965409637429
0.9826055699959397
1.070606602996122
0.8823111949604936
0.9151231559808366
1.1300659200060181
1.0073610649560578
1.0658075000392273
1.1043057920178398
0.7827393509796821
1.003221184015274
0.9936164719983935
1.045438973000273
0.8773217659909278
0.9579580539721064
1.003384756972082
1.107221184996888
0.9986000130302273
0.9564916140516289
1.1325343510252424
0.8653422319912352
0.8808679770445451
1.2499796570045874
1.0715499960351735
1.1095704470062628
1.128389908990357
1.2249473549891263
1.1013580019935034
1.086535698035732
1.11079627397703
0.953134466020856
0.8693827709648758
0.8233649230096489
1.0017592359799892
1.1311911749653518
0.9587393020046875
1.159001188003458
1.028610566048883
0.8713730099843815
1.123634569987189
0.8312943970086053
1.1719286610023119
1.1318382030003704
1.0585343340062536
0.9341537760337815
1.0002459419774823
0.8090179870487191
1.1162420900072902
0.8301114260102622
1.2565574339823797
1.0805271459976211
0.9754864940186962
0.8792119360296056
1.2094091539620422
1.050345889001619
0.9696015370427631
0.8795820800005458
0.9778515270445496
1.1251365470234305
1.0647556250332855
0.8844074810040183
1.2910877470276318
1.0070982270408422
0.8760254879598506
1.0694759950274602
1.203867947042454
1.0543591690366156
0.9884989219717681
0.9771426430088468
0.9472855239873752
0.9460152530227788
1.0666071649757214
0.9409132419968955
0.8427890039747581
0.8376639590132982
1.3671555719920434
0.8691486630123109
0.9792263669660315
1.125668232969474
1.0644558389903978
0.8780055069946684
1.1166762320208363
1.0575440879911184
1.0066463070106693
1.3202312520006672
1.0054508009925485
0.8954947929596528
0.8900287029682659
0.933433468977455
1.0047253320226446
0.9515450310427696
0.976983504020609
0.9746102450299077
0.9663302789558657
0.9926528270007111
1.0620113689801656
0.9903434620355256
0.8880573979695328
1.1185842200065963
1.0041826110100374
0.987533385050483
1.4335706820129417
1.059258928988129
1.1303818779997528
1.0784070570371114
1.109075891028624
1.0048218870069832
1.0670599600416608
0.9788528069620952
1.0960337999858893
1.0009921599994414
1.0626728299539536
0.8295829190174118
0.8487545420066454
1.0714502749615349
0.9715432819793932
1.5404983169864863
1.1667278910172172
1.132379235001281
0.8768834419897757
0.8792637820006348
1.0468226009979844
1.1317264320096
1.048249309998937
1.118379040970467
0.8799347569583915
1.1185221269843169
1.0557379000238143
1.1267403130186722
0.9672620529890992
1.0745709029724821
0.974471697001718
0.9949709519860335
1.0472601240035146
1.6418811189942062
0.8936955829849467
0.8721168279880658
1.070217659987975
1.059344970039092
0.8757603549747728
1.111789399990812
1.1196344980271533
0.9357205989654176
0.8829123179893941
0.8463998759980313
0.9925573780201375
1.1303659859695472
0.9818634740076959
1.1281018299632706
0.8485388190019876
0.9905557010206394
0.9575762790045701
1.00700387096731
1.0596260480233468
1.1250201429938897
1.732041303999722
1.0242923019686714
0.9673710669740103
0.9346986340242438
0.9885751620167866
0.9915967379929498
0.9331397310015745
0.981930801004637
1.104383810015861
0.8758433109614998
0.8766688070027158
1.004430994973518
1.0646307910210453
0.9986566519946791
0.8584544869954698
1.04051259503467
1.0721378530142829
1.0148172879708
1.0071404919726774
1.070897451019846
0.9468020750209689
0.8821059350157157
0.8269537530140951
0.830629632982891
1.1171181490062736
0.87886126403464
1.020140337990597
1.1341219160240144
0.841834569000639
1.0566922500147484
1.0439566950080916
1.1246017910307273
0.8898670269991271
1.0071470240363851
0.8790096490411088
0.9713176999939606
1.1947659120196477
1.1079363609896973
0.8926431589643471
0.9669756190269254
0.8828821870265529
0.9970577189815231
1.1301258570165373
0.889513774018269
1.0679951399797574
1.0023449450382032
0.8920817169710062
0.8866810459876433
1.117868595989421
1.0063928790041246
0.9777866730000824
1.0926349790534005
1.0323640480055474
1.3170818469952792
1.133569615019951
1.0866871719481423
0.9899211130104959
0.952168032003101
1.0716382710379548
1.0600661269854754
0.9835399930016138
1.0676893189665861
0.9170788539922796
0.25388049200410023
1.0064571700058877
0.9554811419802718
0.8805332129704766
0.9821279940078966
1.1335837569786236
1.381294076971244
1.0638794209808111
0.8611014309572056
1.1288715089904144
1.1151764399837703
1.1252514040097594
1.0611553290509619
1.1354543710476719
0.8829216919839382
1.091856459970586
0.8719764520064928
1.1179024419980124
0.8699361209874041
0.8874385169474408
1.0661712229484692
1.1071868520230055
0.8449275179882534
1.5060504369903356
0.890841451997403
0.8925179660436697
1.1353295730077662
0.8773980760015547
1.1259907889761962
1.0695272219600156
1.1225158059969544
0.8932910649455152
1.089798858971335
0.9584656049846672
0.9916257740114816
1.1226688039605506
1.0019602759857662
0.5013951909495518
1.0641398079460487
0.969332406995818
1.107259602053091
0.8809497460024431
0.9656646419898607
1.02708062203601
1.0063724479987286
1.247843290970195
0.9915113399620168
0.8826942199957557
0.8773232420207933
1.0717085269861855
0.9713545590057038
0.8873578689526767
0.9947913259966299
0.9783833189867437
0.8807678510202095
1.0470028839772567
0.9999218719894998
0.9823614970082417
0.9321727259666659
0.9809412960312329
1.1079305080347694
1.1147069630096667
1.068399320996832
0.9730785710271448
1.066243238048628
1.0869869220186956
1.0068706049933098
0.941247743961867
0.9195386029896326
0.9602069660322741
0.940552674990613
1.0700489539885893
1.068095224967692
0.9843049100018106
0.8566663090023212
1.072471911960747
1.0893413700396195
1.002444252022542
1.1272629839950241
1.027874478022568
0.9961556239868514
1.0488525899709202
0.8688724969979376
0.9845508969738148
1.1323835650109686
0.9712999640032649
1.0545755890198052
1.0808653520070948
0.9794590679812245
1.1301172869862057
1.0884543909924105
1.0718607309972867
0.8454903349629603
0.9808666300377809
0.8818963220110163
1.0638287219917402
0.981610493035987
1.0212971209548414
0.978474460018333
1.0674580719787627
1.0062339450232685
1.1206918919924647
0.999781429010909
0.9694271520129405
0.9981725660036318
1.134481039014645
1.0795719629968517
1.0970764509984292
1.0715270030195825
1.0674239189829677
1.0674275509663858
1.1339777789544314
1.1188524239696562
0.8927803800324909
0.9910217780270614
0.9616807770216838
0.9677514039794914
1.1308493750402704
1.1269343580352142
1.0322734939982183
0.8895697200205177
0.8858390140230767
0.9879889579606242
0.966035918041598
1.091854822007008
1.115617107017897
1.1298796369810589
0.9076338820159435
1.0639974520308897
1.1286599659943022
0.8958079720032401
1.1157458510133438
1.132758254010696
0.9700760610285215
1.118658058985602
0.8773419290082529
0.9930738509865478
0.9927102780202404
1.101037205022294
1.1160561469732784
0.9770709410076961
0.9710988749866374
1.1279000909999013
0.9986940029775724
0.9634637099807151
0.976670074975118
0.9335033660172485
1.1276016079937108
0.8809949060087092
1.0072801460046321
1.0611010800348595
1.0558821859885938
1.0004318529972807
1.1756539850030094
0.8801555919926614
0.9496525690192357
0.8361890150117688
0.9243483309983276
0.9548795950249769
0.8770274349953979
1.1966394999762997
0.8715221080346964
0.9691183060058393
0.8723444460192695
1.1277691290015355
1.067742070008535
0.8665564830298536
0.8811057729762979
0.8790364739834331
1.0081710889935493
0.9726697290316224
1.0014797060284764
0.8923933639889583
0.9605144369998015
0.9497931110090576
1.0062237590318546
0.9954690749873407
0.9457796339993365
0.756577369000297
0.9893920289468952
1.0689725239644758
1.0552803140017204
1.1280392110347748
1.0027459550183266
0.9792900269967504
1.0013290609931573
0.9996560119907372
0.9842696359846741
1.1083337320014834
1.0314364599762484
1.0037559770280495
0.969402049027849
1.0703412860166281
1.1236987479496747
0.8743069960037246
0.9755029899533838
0.9829121219809167
1.0040410939836875
0.9367541329702362
1.1188778229989111
0.9991101109771989
1.0562090289895423
0.9844393040402792
1.0031558590126224
0.9729249560041353
1.0066206600167789
0.9270140720182098
1.1236918939976022
1.115045521990396
1.0587316119926982
1.0059777260175906
1.1268730270094238
0.9980193499941379
0.830375435994938
1.1160464770509861
1.0047834310098551
0.873659394972492
1.1288389019900933
1.0721905789687298
0.9827677319990471
1.1236825470114127
1.0553710350068286
1.0718822170165367
1.1161437169648707
1.0061260489746928
0.8856558030238375
1.0953814189997502
1.131077878002543
0.8490495320293121
1.13335283100605
0.4551245420007035
0.894352032977622
1.131629868003074
0.8934646180132404
1.00848587899236
0.9771527710254304
1.1336001839954406
1.1297773700207472
0.9813195519964211
1.1314404290169477
1.0035000869538635
1.134248448011931
1.0991901439847425
0.5229670060216449
1.119536114973016
0.9570058070239611
1.007583113037981
0.9775596450199373
1.1339286919683218
1.1318022460327484
0.977945179969538
1.04996661801124
1.131849692959804
0.8930039980332367
1.123669887019787
1.1170972969848663
1.102536913997028
0.8476907869917341
0.9784101660479791
1.2236869739717804
1.0668823470477946
1.0699138620402664
1.0074861159664579
0.9726808469858952
0.999067616998218
0.8778915000148118
1.1255776220350526
0.9742104439646937
1.1324747939943336
0.9198072869912721
1.0637689550057985
0.8288296180544421
1.0975394049892202
0.8920732209808193
0.9421889770310372
1.0391658369917423
0.9800108849885873
1.121203129994683
0.8419889629585668
0.8466075290343724
0.8686672679614276
0.9844054899876937
0.971098461013753
0.8887540769646876
0.8801629330264404
1.0052358279936016
0.9840376229840331
1.024190191004891
0.8772234049974941
1.2580072149867192
1.0696845760103315
0.9658334249979816
0.931551972986199
1.0905855860328302
0.9829371930100024
0.8904567289864644
0.9489593539619818
1.2426259460044093
0.9533041029935703
0.9784011999727227
0.9758762629935518
0.9819966210052371
1.0597561330068856
1.1080856850021519
1.1208205670118332
1.000900763028767
1.0708582979859784
1.0000888489885256
1.0062902549980208
0.9801668619620614
1.0068849899689667
0.9857099850196391
1.0691046839929186
0.9910131430369802
1.3671323169837706
0.9974621360306628
0.9716654570074752
1.0016308659687638
1.0696255859802477
1.1442361259832978
0.9245487680309452
1.0087175799999386
1.1344947770121507
0.9679582079988904
1.124665480980184
0.9224854460335337
1.072268960007932
1.1289738539489917
1.128827746026218
1.1118638099869713
1.4927926419768482
0.8933872050256468
1.0030656030285172
1.1076330569921993
1.1255149299977347
0.9817331699887291
0.96549676702125
1.0600879929843359
1.0398143900092691
0.8930764709948562
1.122698513965588
0.9542401350336149
0.9093867460032925
1.1145409750170074
1.0471722079673782
0.9396036930265836
1.1336939859902486
0.9949614710058086
1.130305283004418
1.0700807760003954
0.9720532459905371
1.0585663720266894
1.1026141620241106
1.5803679680102505
1.0069623639574274
1.1164135009748861
1.1309182759723626
0.9975201310007833
1.1339073879644275
1.1327770699863322
1.039878016046714
1.132479979947675
0.7988070589490235
0.9609924079850316
0.9051772520178929
0.8601982879918069
0.8754998699878342
0.9904328659758903
1.130005799990613
1.026040152006317
0.8761331610148773
1.6911548229982145
1.0024054759996943
0.8764298919704743
1.1219975310377777
0.980617674998939
1.258486744016409
0.9595495240064338
0.8886250489740632
0.8890691040433012
0.9458723189891316
1.056576193019282
0.9667135060299188
1.106817174993921
0.8787701069959439
0.8929950480232947
0.9836772329872474
1.007002594997175
0.9722055219463073
0.9771548709832132
0.9766359750065021
1.0169034220161848
0.8710517960134894
0.9656700370251201
1.00495494203642
0.9783664070419036
1.10731745994417
1.1274792029871605
1.0602311340044253
0.9534061400336213
1.0559070429881103
1.0045431810431182
1.0456601490150206
0.6815269659855403
1.005531709000934
0.9748818890075199
0.9507250449969433
1.1310347980470397
0.9765723900054581
0.9792017050203867
1.1290340929990634
1.068559656967409
1.0032205460011028
0.9969780020182952
1.072414880967699
0.9814120929804631
0.8438842709874734
1.0047747580101714
0.8716693059541285
0.8060414019855671
0.8734904780285433
0.9937023919774219
0.9666487189824693
1.057543634029571
0.8931665520067327
1.1277505239704624
0.9158729080227204
0.890932739013806
0.9979046430089511
1.0355111039825715
1.1324331119540147
1.1279969310271554
0.8793692670296878
1.074897323967889
0.8927245420054533
0.9837662989739329
1.1290112049900927
0.9700223129475489
0.8916780530125834
0.8823273690068163
1.0082443080027588
0.8924475769745186
1.1135363709763624
0.8767429979634471
0.9977805690141395
1.1237311910372227
1.1227818519691937
0.9942459940211847
0.9988636240013875
0.8933035549707711
0.9498405290069059
1.1187534399796277
0.9910106259630993
1.1265410969499499
0.9910170279908925
1.0052462849998847
0.9846605809871107
1.0020164040033706
1.1333188469870947
0.9820718580158427
0.9831830729963258
0.9796378739993088
1.103589175036177
0.9808846620144323
0.9772210919763893
0.9800299449707381
1.1329507720074616
1.1114499680115841
0.9968998629483394
0.8938237790134735
1.1168611980392598
1.0693151039886288
1.0027941450243816
1.1001614150009118
1.063922957982868
0.9217541320249438
1.0052976429578848
0.9268943319912069
1.1278520780033432
0.9796602439600974
0.9634692779509351
0.9190577029949054
0.9088057059561834
1.126799048972316
1.0017349750269204
1.0494610809837468
0.9732234179973602
1.1141806649975479
1.061844781972468
1.1256892370292917
1.0682248449884355
0.970492509950418
1.1284857889986597
1.1084034519735724
0.982112358964514
0.9954717270447873
0.9825238240300678
0.9956372900051065
0.9183825450018048
0.8779951349715702
0.9697556640021503
1.072228537988849
0.8440028409822844
0.9753157069790177
1.2446977000217885
1.057775766006671
0.9672580449841917
0.9239560609566979
1.1322068930021487
0.9939810339710675
1.2511967780301347
1.0706302450271323
1.0617293340037577
1.1324479790055193
0.9802564269630238
1.2250072880415246
1.0034475029679015
0.9138780829962343
1.0013494410086423
0.9744552769698203
1.1315792130189948
1.0659326569875702
0.9896854279795662
1.1180703390273266
1.0022672949708067
0.8816970710176975
1.00187845795881
1.070154887973331
1.1308507699868642
1.0077468000235967
1.0491395279532298
0.9839245029725134
0.8868373170262203
1.0065228380262852
1.036006600013934
1.0008183980244212
0.9608256679493934
1.1243331980076618
0.8889512639725581
1.0063787000253797
1.0669798599556088
0.9803356390330009
1.128196481964551
1.1227382179931737
0.9775070439791307
0.9068016840028577
1.0074428850202821
1.1289863499696366
1.1297995299682952
0.979486204974819
1.1221914950292557
1.0495974480290897
0.8813809239654802
1.008306008996442
1.1138288130168803
1.1182234199950472
0.8904971469892189
1.0526624420308508
0.9812462879926898
1.0073848720057867
0.9647055130335502
1.1090970889781602
1.0617760000168346
1.0084156449884176
1.132025175029412
1.0068398869480006
1.1333694739732891
1.2507758639985695
0.9926900249556638
1.1273610870121047
1.0722320030326955
0.9808627130114473
0.961660840024706
1.0009792589698918
0.9713870830019005
1.0333000720129348
1.0063857240020297
1.236768231028691
1.1190669580246322
1.068517712992616
0.8801644860068336
1.1320033330121078
1.1336087430245243
1.1230735320132226
0.9970954419695772
1.0680729059968144
0.9893475850112736
0.9633699110127054
1.0546043430222198
1.0626680999994278
1.0031710470211692
1.06702746800147
0.941597298020497
1.0029053750331514
1.1335674760048278
0.9752386859618127
1.119864451000467
1.155396937043406
0.9911355779622681
1.0968359870021231
0.984714073012583
1.0705200469819829
0.9059238970512524
1.0916444539907388
1.0612004139693454
1.0819527769926935
1.0591544570052065
1.0299201480229385
1.1040581610286608
1.0708201650413685
0.9380441849934869
1.002010338997934
0.970184622972738
1.0658763170358725
0.9808060359791853
1.0673030850011855
1.065779433993157
1.2732410990283825
0.9800090770004317
1.128550904977601
1.0013297540135682
1.071120111970231
1.1316447989665903
0.9785766479908489
0.9809216710273176
0.8936371069867164
1.0952336839982308
1.1306812739931047
1.0849950279807672
1.0647822659811936
0.9439175209845416
0.9700315090012737
1.1049976229551248
0.8854043849860318
0.8942976560210809
0.9830073940102011
1.398116634984035
0.9613423100090586
0.9237373079522513
0.9809602930326946
0.7980261599877849
0.9502956570358947
0.8867266059969552
0.8801269410178065
0.9717161389999092
0.9707317589782178
1.0114937300095335
1.134134728985373
0.9155053240247071
0.8859931820188649
1.0011950840125792
1.5182599899708293
0.9682425020146184
0.9667058140039444
1.0865324199548922
1.073413847014308
0.978953929967247
0.863994229992386
0.8913317160331644
0.9626294560148381
1.096506653004326
0.9757488560280763
1.0423232190078124
1.0060437520151027
0.9919639809522778
0.957570489961654
0.8787861480377614
1.0063386340043508
1.1059608579962514
1.065354244026821
1.6328691040398553
1.0025988640263677
1.1267754830187187
0.9816073319525458
0.9938810219755396
1.0582913979887962
1.068047083041165
1.128854473005049
0.926883528009057
0.9998048749985173
1.1302214820170775
1.0425391979515553
0.9728696490055881
1.0015127699589357
0.9649474000325426
0.9337106490274891
1.1156767049687915
1.06798443995649
1.0670104090240784
1.124451426032465
1.0543848489760421
0.8896843469701707
1.122267646016553
1.0263263109955005
1.1225068250205368
1.0547514529898763
0.9996084229787812
1.0714602730004117
1.0508236539899372
0.8839553150464781
0.9580005659954622
1.0508986979839392
1.0086335020023398
1.0580180549877696
1.1338554289541207
1.0680040220031515
1.1317333630286157
1.1179194530122913
1.0635247660102323
1.1254021729691885
0.8973394460044801
1.033917893015314
1.1663268369738944
0.9751297089969739
1.0978725870372728
0.8830477150040679
0.930647853994742
1.0804840349592268
1.1586596080451272
1.1027756030089222
1.0610336430254392
1.0627662959741428
0.8937473800033331
0.9952408960089087
1.181970703008119
1.2541790220420808
0.9702331650187261
0.8922278179670684
1.1222881900030188
0.8943523250054568
0.9254369019763544
0.9814214740181342
1.0194705359754153
0.884677438007202
1.120985405985266
0.9987297499901615
0.9305798989953473
0.9849796090275049
1.1225078369607218
0.9781814540037885
0.9940803390345536
1.071494105970487
0.9721234409953468
0.9689763460191898
1.1080075390054844
1.0850337669835426
0.8913433540146798
1.0061440109857358
0.9833952439948916
0.9808263609884307
1.0643434469820932
1.0867167389951646
1.0017885070410557
1.005845915991813
1.0068627459695563
0.9223154580104165
0.9984665479860269
0.9669017100241035
0.9303074810304679
0.996378896990791
0.9750927229761146
1.1328530769678764
0.9862711939495057
1.0709251170046628
0.8816392539883964
0.9921858629677445
1.0073505850159563
1.1247616030159406
0.8363281360361725
0.9668412760365754
1.05925892398227
1.1168563379906118
0.9765836049919017
0.9808553829789162
1.123800260014832
1.0690549749997444
0.9588228350039572
0.8781187160057016
1.0022578919888474
0.9717480720137246
1.0445188080193475
0.873490144032985
1.0539363169809803
1.0014265740173869
0.9751047819736414
1.1315198979573324
0.9558333039749414
1.0083090129774064
0.9785468599875458
1.110335286008194
0.9973787320195697
1.1316500550019555
0.9979897200246342
0.8995414899545722
0.9599368459894322
1.0043278099619783
0.9908389470074326
0.868878711014986
1.059599737985991
0.9688057149760425
1.0032792490092106
1.1207029420183972
0.9936601620283909
0.9999579089926556
1.0020962770213373
1.0430307080387138
0.97093330998905
0.9780043659848161
0.8545079390169121
0.9991575399762951
1.111472047981806
0.9923351000179537
1.116570966958534
1.068467792996671
1.0028294089715928
0.9761748979799449
1.0647620300296694
1.128060594026465
1.1178137750248425
0.9806101000285707
1.1275336790131405
1.091326294990722
1.0515526520321146
1.0942612520302646
1.114309458003845
0.884312936977949
1.0059699440025724
0.8384890489978716
1.127210913982708
0.9050458259880543
1.0061111589893699
0.8839068899978884
0.8831815660232678
1.0040168709820136
0.9800823220284656
1.0972329049836844
0.8782473129685968
1.0645907519501634
0.9635233239969239
0.8892629019683227
0.8890946109895594
1.113143530965317
0.9729145250166766
0.9878805400221609
1.0961611709790304
0.9681081059970893
0.9621257079998031
1.1307203309843317
1.1107306639896706
1.0080619159853086
1.0302368830307387
0.9818839500076137
1.1253708269796334
0.8916288359905593
1.1273015039623715
0.9544902740162797
1.0076011230121367
0.8921901860157959
1.0081176910316572
1.0020715830032714
0.875861691951286
1.0030556700075977
0.8919256129884161
0.9908935450366698
1.1274984150077216
1.0116883519804105
1.0678804109920748
1.0035388660035096
1.126969506032765
0.8679811879992485
0.9734372129896656
1.110095290991012
0.9779889269848354
1.1280802760156803
1.0685522560379468
0.974328548007179
1.0085375380003825
0.9718158110044897
1.0282304510474205
0.9807879700092599
0.9646128759486601
0.9896959909819998
1.1890688290004618
1.0025159500073642
1.1281231199973263
0.9849852639599703
1.0066449170117266
1.1306346069904976
0.974012786988169
1.0586976879858412
0.990123686962761
0.7866599289700389
1.1335350039880723
0.9709108409588225
0.973992699990049
1.0041656730463728
1.0567882760078646
0.8848272510222159
0.8391595680150203
1.1097750769695267
0.883813502965495
0.9984161030151881
1.2803168140235357
1.1249901609844528
0.8905532620265149
0.95166485698428
1.0036489220219664
0.8742572659975849
1.0694432230084203
0.969235421041958
1.0064999290043488
0.9830829369602725
1.0046753380447626
1.0385392919997685
1.0688801030046307
0.9795326949679293
1.001831230998505
1.1303650689660572
0.9834428099566139
1.06553470302606
1.0071871160180308
0.978221815021243
1.3830793109955266
1.128622877993621
1.075840817997232
1.0572794239851646
0.9773143269703723
1.1078595879953355
0.9605630050064065
0.8951477520167828
0.8861871029948816
1.126834664028138
0.891686842951458
1.1247849920182489
0.999368553981185
0.8632851209840737
1.061477409035433
1.1288596069789492
1.0547651409870014
0.9207140330108814
0.8745634750230238
0.9978246000246145
1.136035670991987
0.9822192779975012
0.9928066260181367
1.1312173859914765
1.1459026639931835
0.9937762140179984
0.8654805059777573
1.053629097994417
0.9698919160291553
0.9660157909966074
1.0963439189945348
1.1042101489729248
0.9844971229904331
0.9901770569849759
0.994256587990094
0.979481610993389
0.9982279140385799
0.9747423669905402
0.8734442589920945
1.0092776990495622
0.9681961520109326
0.8625041680061258
1.1245554520282894
0.88071888795821
0.9993695640005171
1.0987876760191284
1.115031712979544
1.1048783129663207
1.1210779650136828
0.8760187380248681
0.8466269060154445
0.9590812069945969
1.0022807419882156
0.9868788320454769
1.0023484760313295
0.902280977985356
1.1376278170500882
0.9934749029926024
0.9685792970121838
0.9781419869977981
0.8436923110275529
0.9818594609969296
1.1381584989721887
1.0553279499872588
1.1248758239671588
0.9877766590216197
1.0064697029883973
0.9749978550244123
1.0056727320188656
0.8940404409659095
0.9609136320068501
1.1152589740231633
0.887698799953796
0.9946998980012722
0.8861107719712891
1.0784640579950064
1.0177278270130046
1.006702498998493
0.9999400280066766
1.0467139990068972
1.126370336045511
0.9682818820001557
0.9832194540067576
0.903189184027724
0.9792354779783636
1.1076962989754975
1.0787492029485293
1.0038065949920565
1.0671170459827408
0.883377714024391
1.1329545669723302
1.076967415981926
0.9863854570430703
0.43252755398862064
0.8890850259922445
1.1231179889873601
1.0089327089954168
0.9944868219899945
1.1254772559623234
1.083376505994238
1.09843636903679
0.6572013709810562
0.887131800991483
1.002360817976296
1.1331496640341356
1.007846828957554
1.0822422860073857
0.9758827770128846
0.9947633380070329
1.1203412230242975
1.056264347047545
0.7322352400515229
1.007556480995845
0.9904250839608721
1.1015367479994893
0.9778934170026332
1.2050740609993227
1.136994356987998
1.1473430509795435
0.9944573499960825
0.9897559239761904
1.1410999790532514
0.9395242499886081
0.8189365930156782
0.8620650870143436
1.01357230899157
0.9440669750329107
0.8814828979666345
0.9833431679871865
0.9956801729858853
1.2374560569878668
1.1360171409905888
0.8916706090094522
0.9381491420208476
0.8936240500188433
0.9840745690162294
1.2200095540028997
1.1137721030390821
1.0673221769975498
1.0440099069965072
1.1209322619833983
0.99582803202793
1.2712036260054447
0.9873952579800971
1.0613799769780599
0.9957854720414616
0.9859460680163465
0.8898600339889526
0.8706168649950996
0.9851535329944454
1.1520077440072782
1.0751522060018033
1.359653307008557
0.9747926440322772
1.1350021910038777
1.0723491020034999
1.1280238049803302
1.134612597990781
1.0206171019817702
0.9971232389798388
1.0595588020514697
1.000829721975606
0.9929366339929402
1.077496454003267
1.013970278960187
0.958712199004367
0.994442798953969
1.1092990780016407
1.0750923320301808
1.0660514900228009
0.975354588998016
0.8957254980341531
0.8862056210055016
0.8886852589785121
1.0086400390136987
1.1550568439997733
0.9726250349776819
0.8927552250097506
1.1486018020077609
0.9858293799916282
1.132966856006533
0.9850646349950694
1.2005010589491576
0.9947741539799608
1.0096004760125652
0.9304018850089051
1.0150425120373257
0.8752644220367074
0.9891405929811299
0.9675795860239305
0.9800353120081127
1.0040045559871942
1.1315219289972447
0.956806203990709
0.9996437709778547
0.8938610579934902
1.0373897780082189
1.0678079790086485
1.2935491490061395
0.8870292420033365
0.9576683529885486
1.0007749600335956
0.9968573780497536
1.124825607985258
1.0015733920154162
0.9985093009890988
0.9586536179995164
0.9872119050123729
0.9936787599581294
1.0428589629591443
0.9675741019891575
1.0837392079993151
1.0588504109764472
1.1170368380262516
1.0043633059831336
1.1454064860008657
1.118591953010764
0.8780284730019048
0.8499198450008407
1.4188634639722295
1.0459328380529769
0.989550547034014
1.060679936024826
0.8434203119832091
0.9985699329990894
0.8847197240102105
0.8650310900411569
0.9969452999648638
0.9202441419474781
0.9482862040167674
1.0873027270426974
0.9769732900313102
1.0194226379971951
1.137914663006086
0.9947681469493546
1.5382982569863088
1.0038630819763057
1.0433534050243907
1.1216121850302443
0.8788387630484067
1.1127424879814498
0.8882380779832602
1.073412369005382
0.9751220010221004
1.1198727959999815
1.040858376014512
1.0738194499863312
0.9637989990296774
1.007934841036331
0.9998557150247507
0.9811252240324393
0.9807071789982729
1.6380896479822695
1.0555220969836228
0.9967310290085152
1.1548355370177887
1.0136315869749524
1.1248492389568128
1.1336309649632312
0.9476925450144336
1.1290912190452218
1.0601643469999544
1.1308664919924922
0.9708173079998232
0.9375388019834645
1.0563674879958853
0.8799269800074399
1.1064138670335524
0.9735375979798846
1.067314384970814
0.8192098650033586
0.8639915599487722
0.9785691470024176
0.9123568279901519
1.142978204996325
0.9739425310399383
0.8867420459864661
1.072093627997674
0.9768019980401732
0.89147802896332
1.134007501997985
1.0007336509879678
0.9949070439906791
1.2256967580178753
0.9046041099936701
1.0968378160032444
0.9746160529903136
0.9666314750211313
1.0049806189490482
0.8983087159576826
1.1088153109885752
0.9780149819562212
0.9837367160362191
1.0641221739933826
1.0051907349843532
0.9948203500243835
0.9824812199804001
1.0598610209999606
1.0096722189919092
1.3088112070108764
1.1028108149766922
0.9874445969471708
0.9910717260208912
1.0594466620241292
1.0458685419871472
0.9772296179435216
0.8329610200016759
0.971244068001397
1.130840128986165
1.0706909259897657
1.0097647230140865
1.12737018201733
0.8948989469790831
0.8585036779986694
0.9531198699842207
0.9916879399679601
0.9946983570116572
0.9782324910047464
0.8566866659675725
1.002765916986391
0.963735724973958
1.133722854021471
1.1065198970027268
0.9842380569898523
0.8770334380096756
1.0022684159921482
0.960868054011371
1.0784239660133608
1.118871925980784
1.1058089029975235
1.0667321030050516
0.9974797010072507
1.1897024670033716
0.9833415549946949
0.9769372110022232
0.9958736549597234
1.0116328480071388
0.9512839499511756
1.0093317939899862
0.9927065669908188
0.9956972619984299
0.9948843950405717
1.116196549963206
1.1400587689713575
1.06403146404773
1.1271009399788454
0.5408735540113412
1.022806809982285
0.9947181859752163
0.8304165769950487
0.9803124079480767
0.9885770620312542
0.8506128820008598
0.9584697199752554
0.8848735979991034
1.1427740409853868
0.9655763250193559
1.1528177420259453
0.8838045389857143
0.9689914290211163
1.0550756100565195
0.6623683099751361
1.1348569759866223
1.0058156090090051
1.1134901550249197
0.8710738309891894
0.9728897769819014
0.983919836988207
0.9947392559843138
0.8903382449643686
1.0088767049601302
1.1387499080155976
0.959373332967516
1.077903759025503
1.0063136999960989
0.9388049929984845
0.9831412679632194
0.9774787970236503
1.0954313490074128
0.9793780409963802
0.9835543709923513
1.231072947033681
0.8874476689961739
1.0021634570439346
1.1348338349489495
0.8931104729999788
0.9994819010025822
1.1321623700205237
0.9947683340287767
0.9711292639840394
1.0599596470128745
1.006506904028356
1.1044225409859791
1.0064135220018215
0.99576794099994
0.9985510279657319
0.8806081659859046
1.0622471370152198
0.9776304960250854
1.1056461060070433
1.0600452849757858
1.1193962469696999
1.1227335369912907
0.9769668629742227
1.0001357049914077
1.0900776000344194
1.13201017602114
0.9550934869912453
1.0025360640138388
0.9850915719871409
0.855833629029803
1.1867264730390161
0.9935443089925684
0.9731879340251908
1.0713946630130522
1.0241777729825117
0.8822190529899672
1.1311172610148787
1.1228281109943055
0.9613556989934295
1.0023071900359355
0.9926900300197303
1.1410670450422913
1.1962568790186197
1.1944018700160086
0.8827462249901146
1.0801082180114463
0.9882554229698144
1.0595053400029428
1.1120188219938427
1.1073733490193263
1.063972968957387
0.9509884029976092
0.9990246669622138
1.0470372639829293
0.9870728189707734
0.9663316400256008
0.9849482019781135
0.9797761329682544
1.2694954189937562
0.971815810946282
1.1348720749956556
0.9829494570149109
1.0077575049945153
0.8894312210031785
1.0076314760372043
0.8626328349928372
1.1327202969696373
1.133798953029327
1.1321770670474507
1.0770220440463163
1.0039667910314165
1.0386855819961056
0.9972412440110929
0.9784964449936524
1.0006920330342837
1.00742026604712
0.9988176429760642
1.1301702240016311
0.9794548070058227
0.9839695310220122
1.1078826439916156
1.0638497470063157
1.0040418379940093
0.8576176989590749
0.8734996350249276
1.1105364609975368
0.972660702012945
1.1227670660009608
0.9800780360237695
0.9881223979755305
1.133171853958629
1.1961956410086714
0.9051821939647198
0.9711104529560544
1.139005595992785
0.9322577720158733
0.8878168059745803
0.9747190130292438
1.1291792850242928
1.1319093550555408
1.1335342830279842
1.0007473740261048
1.2366741260048002
1.110584745008964
0.8580894669867121
0.99981614301214
0.9890233280020766
1.2373441410018131
1.0136017629993148
1.0027211599517614
0.9781688000075519
0.9226603349670768
1.1136424539727159
1.3248300109989941
0.9814083550008945
1.1997133900295012
1.0077519639744423
1.0277510149753653
0.9776912449742667
0.9637932049809024
1.1206489060423337
1.2231675270013511
1.127243049966637
1.010996555967722
0.9345895589794964
0.9802553189801984
1.0528103729593568
0.900573369988706
0.996209440054372
0.9337740610353649
0.8570702209835872
0.8603874209802598
0.9602356519899331
1.007679209986236
0.9519048989750445
1.1253511490067467
1.135958714003209
0.9529651000048034
1.0054244420025498
1.1243192799738608
0.6967027679784223
0.9822123870253563
1.0220743319950998
0.8718779220362194
1.1073130909935571
1.049206257041078
0.9845070540322922
0.9588282000040635
1.0095937739824876
0.944867211044766
0.9877696170005947
0.9867021899553947
0.8809331670054235
0.8928596019977704
1.0030598590383306
0.9175497340038419
1.0666536530479789
1.13091326499125
0.9784647860215046
1.127486398036126
1.0266251740395091
1.131923813954927
0.97352185100317
0.8351847499725409
0.9991850979859009
1.0034684499842115
0.9852392959874123
0.9828708969871514
0.9850637810304761
0.9917806110461242
1.0886944009689614
1.0601524680387229
0.9853355480008759
0.9363232559990138
0.8727662829915062
0.974443209997844
0.9834554679691792
1.1168978329515085
1.0079892099602148
1.0655449380283244
0.9836502129910514
1.1028573090443388
0.9799391839769669
0.8929090239689685
1.0027271089493297
1.041078626003582
0.9856104839709587
0.9072443830082193
1.133608624979388
1.0047760580200702
1.003982337017078
0.9891566680162214
1.071019630995579
1.0993676980142482
1.0539148259558715
1.1069915720145218
0.8557756179943681
1.1242607780150138
0.9798370189964771
1.0016737299738452
1.0654455510084517
1.1295572530361824
1.07134315604344
1.1111688050441444
1.1161986229708418
1.024849678040482
0.9683940520044416
0.9769975559902377
1.125610625022091
1.074959629040677
1.0665391559596173
0.9998643359867856
1.1531424850109033
1.1142762179952115
0.9667077180347405
1.1215606990153901
1.0021752219763584
0.9978593590203673
0.8446362129761837
1.0445405340287834
0.9689653659588657
0.97343507403275
0.981581809988711
1.1361510240240023
1.1279350420227274
0.8908984680310823
0.873466516030021
0.882886431994848
0.976894237974193
1.0571389559772797
1.251433874014765
0.999215469986666
0.9451345460256562
0.9453532670158893
1.0660247129853815
0.9735384549712762
0.9724647550028749
0.9893483059713617
1.0699211760074832
1.2228366670315154
1.1297926300321706
0.9991185039980337
0.9099298659712076
1.002513395040296
1.1270665430347435
1.3351966369664297
0.9566056039766409
0.9660473840194754
1.055389777990058
1.057872570992913
1.308437914995011
1.122788792999927
1.0687127929995768
0.9657494599814527
1.003249344008509
0.986964097013697
0.99768148700241
0.9840789620066062
1.034776457992848
1.2894798269844614
0.9780638070078567
1.3891392649966292
1.0346355219953693
0.9904325340176001
0.8764673809637316
1.3841770559665747
1.1062243220512755
1.1272168540162966
1.116892026970163
1.0696563469828106
0.7358860630192794
0.9955206259619445
1.0048135839751922
0.9820211959886365
0.9745107589988038
1.0008848380530253
1.4734561039949767
0.9794415819924325
0.9585799539927393
0.9785259959753603
1.3919249619939364
1.0797076290473342
1.159043523017317
0.9943174729705788
0.9919923239503987
1.0732719940133393
0.9508011839934625
0.8442697610007599
1.5488962040399201
1.071086841984652
0.8506935790064745
0.9909958750358783
1.103662300040014
0.9821969110053033
0.9939875910058618
0.9808719200082123
0.992972637002822
1.1238887769868597
0.9696938809938729
0.9682052840362303
1.2715345789911225
1.0056627069716342
0.9651424759649672
0.9746292219497263
0.8666291679837741
1.060395955981221
1.0963298870483413
0.9992918799980544
0.8654864960117266
1.126828389998991
1.0596788530237973
0.9740501329652034
0.9781650819932111
1.0540863659698516
1.067250680993311
1.1162046120152809
1.0604736129753292
0.8809400339960121
1.376106055045966
1.0055724800331518
1.0047972899628803
0.9736583339981735
0.9884980659699067
1.1240053710062057
0.976374143967405
0.9892333470052108
0.8458205460337922
0.9589658170007169
0.8590297310147434
1.1042714460054412
1.1223159719957039
1.1310764999943785
0.9754938830155879
1.1059487980091944
0.9585267629590817
0.9999379580258392
0.9710928240092471
0.7696610919665545
0.98398045997601
1.0098623279482126
0.8598392270505428
0.9641526250052266
1.1290970369591378
0.8809350139927119
0.5638876609737054
0.9085030389833264
0.8816962609998882
1.0041613280191086
1.1129901959793642
0.8871645699837245
1.0880057489848696
1.1251146100112237
0.8736457140184939
0.8942533369990997
1.1082678500097245
1.0479590219911188
0.982675899984315
0.8439973550266586
0.9852670609834604
0.9802717139828019
0.978285982972011
0.9863225169829093
0.9624506600084715
1.0084322429611348
0.9845910260337405
0.998728210979607
0.8874887639540248
1.0829953990178183
1.11237660900224
0.9975857780082151
1.114726949017495
0.13826314796460792
1.014187432010658
1.0032124610152096
0.9703374179662205
0.9949663269799203
0.9967886690283194
0.8975309859961271
0.9894373510032892
0.9789294580114074
1.1288013219600543
0.9142762530245818
0.9832429489470087
1.051049845002126
0.8822544729919173
1.1268416490056552
0.8792306890245527
1.0987563829985447
0.9935608520172536
1.1171282539726235
1.046280846989248
0.8711431170231663
1.0662234910414554
0.9960899979923852
0.9526204440044239
0.9555060690036044
0.9976500030024908
1.1328533160267398
1.0351236690185033
0.9800802990212105
0.9778771009878255
1.1303626330336556
1.2520010949810967
1.0654871410224587
0.9691639329539612
1.0895673069753684
0.9908401639549993
0.8756017400301062
1.1218455510097556
0.9910420110099949
1.0606965479673818
1.110267017967999
1.0655390749452636
1.1176748450379819
0.8861238720128313
1.0074125889805146
0.9824973110225983
0.9979536419850774
1.0269606950460002
1.0384997309884056
0.9898513469961472
1.1326358930091374
0.8760478320182301
0.9933837260468863
0.9950481779524125
0.9892236969899386
1.1046645250171423
1.1226611330057494
1.135100062994752
1.1160458599915728
1.0546297400142066
1.0168027079780586
0.9238784610060975
0.9930470499675721
1.1100862399907783
0.9907766119576991
0.9524221009924076
0.9820758969872259
0.9750300560262986
0.9908796289819293
0.952143320988398
1.1214699179981835
1.1408050650497898
1.0015799469547346
1.1286461060517468
0.8932187010068446
0.9467947349767201
1.0446631510276347
1.0919343439745717
0.8811809570179321
1.0408060570480302
1.2029053730075248
1.0778823039727286
0.9895366100245155
0.9900748310028575
0.966706678038463
0.9756740159937181
0.8904008850222453
1.2310800849809311
0.9746664320118725
1.0406195559771731
0.8913434610003605
0.9892104109749198
0.9159170400234871
0.9832390429801308
1.102071471977979
1.1227074890048243
0.9967641680268571
1.1239972779876553
0.9594504750566557
1.0073246430256404
0.968394146009814
0.9436624789959751
1.0019431849941611
0.9673451790004037
0.9563599120010622
0.994060349999927
1.0026114599895664
1.3551489539677277
1.0997649779892527
1.004099674988538
0.9786958690383472
1.0636127979960293
1.0093342869658954
0.9352909800363705
1.045055151975248
0.9895178619772196
1.1267218120046891
0.9997351479833014
1.0031538369948976
1.058123245020397
1.1255808360292576
1.0162649150006473
0.9701766920043156
0.990299368975684
0.8967194050201215
1.0503438119776547
0.877022907952778
1.1313473539776169
0.966954670031555
0.8742416839813814
1.0392436669790186
1.08323005202692
0.4200694849714637
0.9787373950239271
1.1248392880079336
1.060524598986376
0.9692169799818657
0.9977044789702632
0.9797714499873109
1.1268677150364965
1.1286800830275752
0.8836557290051132
0.8439167860196903
1.001182900974527
0.9619400720112026
0.9939737679669634
1.070108815038111
0.9794656800222583
0.9908055319683626
1.0291521989856847
1.0778125239885412
0.9708545460016467
0.9971930560423061
1.0619422220042907
0.9619875100324862
1.1117039329838008
1.132265168998856
1.1237510629580356
0.9719283569720574
0.9793744549970143
0.9905487769865431
1.1251444790395908
1.0008667560177855
1.0528306849882938
0.8795090760104358
1.0100293380091898
1.006803848023992
1.1508835880085826
0.9564001639955677
0.8804557250114158
0.9724773940397426
1.001299958967138
0.9712214960018173
1.1324797680135816
0.9817606489523314
0.8893644910422154
1.002456001995597
1.0333228799863718
1.124430231982842
0.9553578229970299
1.1248348639928736
1.1340803320053965
1.109298522991594
0.9642532799625769
1.0540083610103466
0.7756031979806721
0.9972220420022495
0.9753942399984226
0.9708922900026664
0.9184044650173746
0.8730397640028968
1.1025886100251228
0.9965611770167015
1.131939308019355
1.0055950380046852
0.9798954240395688
1.0466435940470546
1.1303381450125016
1.0033009619801305
1.0003971380065195
1.1346225939923897
1.1232138379709795
0.9217816710006446
0.9810159310000017
0.9976079969783314
0.963723819993902
1.0085138420108706
0.9774013909627683
0.9982836669660173
1.13254047796363
0.9831619060132653
1.1052756179706194
1.070586496964097
1.006547307013534
1.256733178975992
0.9799683870514855
1.0078817189787515
0.9188953860430047
0.9804699080414139
0.8606087460066192
1.006118280987721
1.005227059009485
0.9811631399788894
1.0029784550424665
1.1287381729925983
1.0688784589874558
1.0053407830419019
1.0730358680011705
1.0076482170261443
0.9905786589952186
0.9553500440088101
1.1310986180324107
0.97238059702795
1.0056164700072259
0.9815719260368496
0.9551103700068779
1.1276895480114035
0.9969164639478549
1.0758357949671336
0.9683791199931875
0.968361672013998
0.990126908000093
1.0083091119886376
1.0681172710028477
1.1252371849841438
1.0048481289995834
1.1267098839743994
1.1147556189680472
0.9753024370293133
0.9816535930149257
0.8904494779999368
1.114848338009324
1.1483948869863525
0.9231510690297
1.1216561599867418
0.9618997470242903
1.1336712070042267
0.9928842119988985
1.0110916210105643
0.8743442429695278
0.9804588569677435
1.056510520982556
1.1204116420121863
0.9795826470362954
0.9798783290316351
1.089347671950236
1.1272312339860946
0.9997007839847356
0.8940813450026326
0.8612918329890817
0.9868308570003137
0.9906417760066688
1.1019235419807956
1.0687335939728655
0.9840187269728631
0.9831131820101291
0.9772837680066004
0.9809279129840434
1.0036722620134242
0.8763801279710606
0.9787514979834668
1.1269459309987724
0.8718440349912271
0.9974071140168235
0.9860100150108337
0.9404705900233239
1.008876204956323
0.9817202459671535
1.112429102009628
1.114309308002703
1.0009522960172035
1.0160037479945458
0.9803194720298052
0.9875944569939747
0.9811978960060515
0.8945667250081897
0.8511379150440916
0.9317073170095682
0.9936942419735715
1.0057317140162922
1.0406933219637722
0.993741781974677
1.084128397051245
1.1139248679974116
1.133644504006952
1.1337742480100133
0.9824247040087357
0.9841806390322745
1.0138254460180178
0.9856284909765236
0.984369961952325
0.9853590379934758
0.9687152350088581
0.9070489470032044
0.996788136952091
1.111564144026488
1.0070703139645047
1.0767516299965791
1.145454284036532
1.1189479060121812
0.9901970860082656
0.9652300769812427
0.9227877950179391
0.9864034019992687
1.0099375090212561
1.111005840008147
0.9871884679887444
0.9998141669784673
0.983645248983521
1.0014060670509934
1.1310621640295722
1.0005377450142987
0.9837720229988918
1.1334055649931543
1.0105765750049613
0.9857676770188846
1.109035525994841
0.9994666259735823
0.8622524229576811
0.9771295110112987
1.1317244190140627
0.9825994910206646
0.9743940890184604
1.1052972589968704
1.1248431809945032
1.006318079016637
0.9975195960141718
1.1250842259614728
1.119350017979741
0.8927368219592609
0.9526064929668792
0.9895172870019451
0.9878671410260722
1.1219612700515427
0.9765980439842679
1.0039802659885027
1.0820241390028968
0.9997042390168644
0.8790581350331195
1.1357205749955028
1.134441946982406
0.9726260719471611
0.957148120040074
0.8787085660151206
0.9767866510082968
0.9714233469567262
0.8996652259957045
1.1349818229791708
0.9460791360470466
1.0066819100175053
1.011769367964007
0.8709010449820198
0.9850599680212326
0.9838013510452583
1.1349732999806292
0.9858935009688139
0.9953328080009669
0.9310313169844449
1.009888875996694
0.875289729970973
1.0680564409703948
1.0711745729786344
0.9885810710256919
0.9943966389982961
0.9789116290048696
1.0039672130369581
0.9918986789998598
0.9670920619973913
0.9780887480010279
1.0124686620547436
0.9911770899780095
0.9782714099856094
1.1324408919899724
0.9967271199566312
1.0820758850313723
1.1131116059841588
0.5672326969797723
1.1155565030057915
0.9806527100154199
0.9919297969900072
0.9769533019862138
0.8841212359839119
0.9856608839472756
0.8837766589713283
0.9038940850296058
0.9878815899719484
1.0542126530199312
1.045174534956459
0.9243068509967998
0.9546017950051464
1.0027700669597834
1.134112745989114
0.9879762150230817
0.9855355090112425
1.0164877350325696
1.0835567259928212
0.9814911529538222
0.9975791209726594
1.07046973798424
0.980982769979164
0.9732334559666924
1.0091908780159429
1.1417812500149012
1.0228471999871545
0.9930342939915136
1.106629249989055
0.9912919119815342
0.8140406290185638
0.9834934130194597
0.9815241169999354
1.004277250962332
1.1377953739720397
0.8740549499634653
1.0062146530253813
1.1042803149903193
1.128006623010151
0.988654374028556
0.9978756139753386
0.9276063370052725
0.9863568319706246
1.1176980889867991
0.9764579960028641
1.004547046031803
1.042444861959666
1.017904820968397
0.998413797991816
0.9980942880501971
0.8816091489861719
0.9926194139989093
1.1112122160266154
0.9872395769925788
1.1355782669852488
1.11789235600736
0.9250607209978625
1.1181786240194924
1.0804148350143805
0.9511324500199407
1.021893639001064
1.0101539650349878
0.9787796009914018
1.0081013579620048
1.073637717985548
1.0111283339792863
0.9847904960042797
1.1403725569834933
0.931795692013111
1.011156574008055
1.0113990670070052
1.1241255769855343
1.0023383380030282
1.0803747769678012
0.9498301529674791
1.1402181360172108
0.9799868179834448
1.1183880820171908
1.0872960980050266
0.9903403769712895
1.0092235640040599
0.9889870730112307
0.9838520420016721
0.8723486269591376
1.1344094320083968
0.863331325002946
1.1079905420192517
1.116713629977312
0.8791960750240833
0.9380105310119689
1.0325910480460152
0.8965823209728114
0.9923881890135817
0.8085786660085432
0.8239940830389969
0.7927812910056673
0.8571553679648787
0.8947461019852199
0.30901039397576824
0.9071738880011253
0.2744436979992315
0.9867481259861961
0.7553791800164618
0.9991505909711123
0.6849781660130247
1.0280001310165972
0.4838708709576167
1.0505079079885036
1.0173486989806406
0.802189800015185
0.5939323249622248
1.156153972959146
0.8938667330075987
0.7000025840243325
1.0343298650113866
1.0159971180255525
0.7658488620072603
1.1320325990091078
0.6880099319969304
1.0414164359681308
0.8679988899966702
1.1658812969690189
1.1147608950268477
0.7861434330116026
0.9254942780244164
0.895776194985956
0.9000086529995315
1.0280004719970748
0.6756676110089757
1.0219143640133552
0.8076321789994836
0.9496682019671425
1.0820297499885783
0.898472327971831
1.0999954030266963
0.6676144410157576
0.7738982629962265
0.991995999997016
1.0182705129846
0.7707038249936886
0.7750479549868032
1.0879991800175048
0.8496996259782463
1.1185910209896974
1.0259166579926386
0.6781811719993129
0.7627854910097085
1.0479972179746255
0.8320060850237496
0.8979917020187713
1.036836953018792
0.8452291020075791
1.0899601290002465
0.8553009309689514
0.9924763420131058
0.9265768200275488
0.9019906779867597
0.9839903219835833
0.8559882620465942
0.8307210730272345
0.9026564969681203
0.4439987009973265
0.958045081992168
1.0758495799964294
1.0638028049725108
0.4933060409966856
0.8889928209828213
1.0356115920003504
0.9998820680193603
0.9079963589902036
1.0840067220269702
0.6639980539912358
1.0001203000429086
0.9858486480079591
0.7519997300114483
1.0236935860011727
0.8287020500283688
1.0895112639991567
1.135871150996536
0.9107500200043432
1.1320466970209964
1.1711642650188878
0.9303509760065936
1.171998789999634
0.8782000170322135
1.2280043629580177
1.2279974279808812
0.6201575699960813
1.1898777940077707
1.072464760974981
0.9319983699824661
0.8755725729861297
0.9513892640243284
0.9619103550212458
0.9645627840072848
0.7079986769822426
1.051408447965514
0.7745903650065884
1.065045782015659
1.073398266977165
1.084004061005544
0.8212266810005531
1.1082305500167422
1.0839979139855132
0.8665117509663105
1.1860057939775288
1.1719956520246342
0.8959945150418207
1.091915766010061
0.9386861269595101
0.8597634120378643
1.0501336839515716
0.9895824849954806
0.7658011929597706
0.8679911379585974
1.0659715500078164
0.847984516993165
0.8479956319788471
0.9561097769765183
0.8919995519681834
1.064003724954091
0.9333483849768527
0.9303232120000757
0.7759846549597569
1.0479499509674497
0.2848160919966176
0.8078511789790355
0.8920053649926558
0.4759977359790355
0.9539976849919185
0.8165242050308734
0.5460545149981044
1.0760063860216178
1.0166432060068473
0.9853184950188734
1.123997906979639
0.37199355801567435
1.0033021270064637
1.1360832290374674
0.9238199790124781
0.928057883051224
1.0077904519857839
0.910633024002891
0.9154097550199367
0.9854990369640291
0.3758221250027418
1.1102639070013538
0.8305147659848444
1.0999935999861918
0.8486216170131229
0.902000472007785
0.8918933300301433
0.9937674720422365
0.743986098037567
1.0876992369885556
0.8597006239579059
1.0876970389508642
1.1524175360100344
1.2057785739889368
0.6505169690353796
0.8239954229793511
1.1339493650011718
0.6655663979472592
1.3214568080147728
0.9376452580327168
1.1827077299822122
0.6157679239986464
1.1089952109614387
1.0495489439927042
0.9277619339991361
1.2019131729612127
1.1403058000141755
0.8872524879989214
0.8815025869989768
1.2356600009952672
0.9676077329786494
0.5371776280226186
0.9279981760191731
0.8605021130060777
0.6213750069728121
0.9117968060309067
1.0162560159806162
0.9966733820037916
0.8533203569822945
1.0480681720073335
0.9192174310446717
1.0560015779919922
1.1230415260070004
1.0132494060089812
1.101696612953674
0.9973272880306467
1.0759913060464896
0.8418600590084679
0.8278321849647909
0.8788227039622143
0.8822789830155671
0.985684469982516
0.4160081929876469
0.8760078640189022
0.9268543340149336
0.5320071449968964
0.881690701993648
0.6039977190084755
0.964002079970669
1.001173332973849
0.5359986189869232
1.1099630859680474
0.5669782579643652
1.1721728109987453
0.6878762969863601
1.1605614270083606
1.2705029870267026
1.1436863470007665
0.8854199459892698
1.2416448990115896
0.9455460550379939
0.7720030519994907
0.8959977789781988
0.9527845900156535
0.6319984820438549
1.0519978320226073
0.6609029980027117
1.0996562630170956
0.6504564550123177
0.7477902770042419
1.1412964510382153
0.6917863119742833
1.1678714400040917
0.8297232849872671
0.6809006489929743
1.2550108790164813
0.7647590520209633
0.9539450580487028
0.8149846740416251
1.3148430649889633
1.0709218879928812
0.747998989012558
1.0040003210306168
1.3399985079886392
0.9068194080027752
0.8405207920004614
0.8948392379679717
0.912860841024667
0.9979743199655786
0.8798931170022115
0.8515983849647455
0.49724799901014194
0.9368062139838003
0.9998892529984005
0.9613328340346925
0.9275802400079556
1.022646315046586
0.6439998249989003
1.0199400809942745
1.049350792018231
0.7040028809569776
1.163998520001769
0.7966203329851851
1.114833996980451
1.150898871012032
1.2458592199836858
0.8766246950253844
1.2197646779823117
0.9756414360017516
1.012002898962237
1.0317907619755715
1.0399988389690407
1.0901314339716919
0.2653603119542822
0.9869653389905579
1.2119983900338411
0.3095056819729507
1.0359328559716232
1.3339755409979261
0.40978712402284145
0.8354167399811558
0.8897461569868028
1.4040188660146669
0.917749532032758
0.8661566889495589
0.965924863005057
0.9775428340071812
1.0247911459882744
1.0975115249748342
1.1207219780189916
0.8294750850182027
1.2031416979734786
1.2153518549748696
0.9427879779832438
0.8940531570115127
0.9610193349653855
1.1996629650238901
1.0619093609857373
0.9220199239789508
1.285983451991342
1.1478666039765812
0.9601171250105835
0.9970181970275007
0.9922653770190664
0.8177533199777827
0.512678908999078
1.0372958990046754
1.077168938005343
0.5798873140010983
1.1080112619674765
0.6536104179685935
0.9360043560154736
0.8938908879645169
0.5719696339801885
0.9690344239934348
0.9160107030184008
0.6558761930209585
1.0516203709994443
1.0320035250042565
0.9900322789908387
0.23151786101516336
0.7632295110379346
0.993923112982884
1.106877557002008
1.1038505539763719
0.9427022709860466
0.8513851949828677
1.0625762580311857
0.9224561110022478
1.2025270459707826
1.0520556239644065
0.9078257739893161
1.1236399359768257
1.173547949991189
1.0097433580085635
1.2420424089650624
1.264495205017738
1.126183754997328
1.0060432789614424
1.03964392200578
0.8338702240143903
1.112972475006245
0.7634500350104645
1.109945564006921
0.823184639972169
0.8271900700055994
0.8469138179789297
0.8760238970280625
0.5886425270000473
0.900214432971552
0.6806282280012965
0.5818733320338652
0.9929246929823421
0.7858195599983446
1.097809599013999
0.9084717410150915
0.888952947978396
0.6504702660022303
1.120829200022854
0.9784574199584313
1.1711822309880517
0.9693045670283027
1.0371667639701627
1.012000254006125
1.0332622720161453
1.102816846978385
1.1544847500044852
1.1877376399934292
1.2406041890499182
1.318319841986522
1.408603238989599
1.4820773390238173
1.5707373170298524
1.655523476016242
1.3279448979883455
1.7311071139993146
1.341477465000935
1.759667246020399
1.4018767150118947
1.5628582600038499
1.8598381059709936
1.625669673027005
1.517315928998869
1.9213047469966114
1.6961641400121152
1.8211581510258839
1.955758462951053
1.625309866038151
1.982621941016987
1.7453539660200477
1.915412998991087
2.081663199001923
2.0216469259466976
1.81066393799847
2.036219321016688
1.8943172919680364
2.1157520239939913
1.7962176150176674
2.172626582963858
1.9808541639940813
2.1399970399797894
1.6571572300163098
1.1818479410139844
1.8353062240057625
2.006121545971837
2.250501950038597
1.899423262977507
1.1936367470188998
1.7034590900293551
2.0966401239857078
2.0976497539668344
1.2922541990410537
2.0003377629909664
2.1102015289943665
1.8257924090139568
2.17490123299649
2.200766065972857
1.9919993269722909
2.1971550169982947
1.5877776420093141
1.9500445480225608
2.28799965797225
2.1893496820121072
2.0464369309484027
2.203414562973194
2.1155432789819315
1.6671099069644697
2.133033304999117
2.2821081479778513
1.9151042210287414
2.2958587480243295
1.740457798994612
1.94484581600409
2.2940340919885784
1.2400073959724978
1.9704332589753903
2.339228786993772
1.984991509001702
2.1211973410099745
1.9944843569537625
2.217014459951315
1.8299163319752552
2.2137735660071485
2.033352390048094
2.222114361997228
2.384471059020143
2.05687792802928
2.025386121997144
2.0502771320170723
2.236002837016713
1.358955137024168
2.062233185977675
2.0463544329977594
1.8960047669825144
2.039898840012029
1.2579881050041877
2.0801475699990988
2.2360013580182567
1.997722945001442
2.3019253090023994
2.2926603500382043
2.0150585930095986
2.3240006379783154
2.3613178450032137
2.350284533982631
1.4306362950010225
1.8320526190218516
1.9138968409970403
2.3606992510030977
1.9769065050058998
2.3573201699764468
1.5181264989660122
2.0639994610100985
1.5779418519814499
2.012001377006527
2.480001611984335
1.9719991209567524
1.9479991070111282
1.1720014530001208
1.8742353089619428
1.8103374630445614
1.5824623259832151
1.851880292990245
1.8348793840268627
2.0452891340246424
2.1880018700030632
1.8360047570313327
1.6839859750471078
1.8409709700499661
1.57142460194882
2.5982965599978343
1.6678746559773572
1.5264311920036562
1.886595196032431
2.0039985009934753
1.8613055030000396
2.062126649019774
1.280773530015722
1.2640065479790792
1.871311632974539
1.212001985986717
1.9695261680171825
1.8772615320049226
0.5760021989699453
1.7183312389533967
0.5875244379858486
2.6947637599660084
1.6725310750189237
1.345285331015475
1.735997330979444
1.7669780679862015
1.4000380540383048
0.7510114359902218
1.7000695950118825
1.772000663971994
1.693472787970677
0.68968535104068
1.563902345020324
1.4185389220365323
1.627465013996698
1.601269720995333
1.641166222980246
2.7975636739865877
0.8172011200222187
1.618104423978366
1.560001439996995
1.6523292009951547
1.7003636549925432
1.7299293569521978
1.5179109520395286
1.753253652015701
1.6223863839986734
1.4918013390270062
1.8160079710069112
1.6936134030111134
1.4425389699754305
0.7875462980009615
1.7416561049758457
0.9015405860263854
1.6693334259907715
1.633226016012486
1.438945033994969
1.6720040880027227
1.6600099800270982
2.585577960999217
1.827998885011766
1.5519993240013719
1.566028677043505
1.5557783169788308
1.5199264620314352
0.9852825069683604
1.8558813089621253
1.423575883032754
0.9745686570531689
1.320016901998315
1.52693311101757
1.297273608040996
1.6199996229843237
1.600002597027924
2.703999441000633
1.0705245260032825
1.4625190470251255
1.0574793099658564
0.9080119360005483
1.493428164976649
1.3626913789776154
1.1037241669837385
1.4278207650058903
1.496003593027126
1.669380271981936
1.648750021995511
1.6797847019624896
1.1570081780082546
1.3945545949973166
0.9300990409683436
0.8836688160081394
1.0231538970256224
1.4449396220152266
1.3960145930177532
1.5840004369965754
1.1313948190072551
1.584323287999723
1.1805244840215892
0.908006599987857
0.9711180430022068
0.9920016470132396
1.1720026819966733
1.0936697059660219
0.9353342380491085
1.6520070330007002
1.1028180090361275
1.435110243037343
1.4952174139907584
1.1467564459890127
1.076012741017621
1.293866285996046
1.0138779979897663
1.140002359985374
0.8920031340094283
0.9819454189855605
0.944036067056004
1.5513310040114447
1.0852386640035547
1.6214212100021541
1.1037634699605405
0.9240006390027702
0.9585505459690467
0.999878546979744
1.0219620209536515
1.676004129985813
1.741632403980475
1.0071034929715097
1.201630714989733
0.9153305069776252
1.0498057579970919
1.0358845010050572
1.797901867015753
0.9944733380107209
1.856375712028239
1.8568544409936294
1.0240018889890052
1.0717554000439122
1.0238013729685917
1.9337456449866295
1.0556442679953761
1.0611540309619159
1.016230357985478
1.903794130019378
1.976224961981643
1.1010607699863613
1.1069477359997109
1.7620367950294167
1.0481197300250642
1.0520770369912498
1.121645257982891
1.7661852819728665
1.0729496449930593
1.0802482889848761
1.13999811996473
1.0501983319991268
1.003570144996047
0.9987911980133504
1.1160013180342503
1.0080013559781946
1.1480017810245045
1.0187437450513244
1.0151974850450642
0.9934790179831907
1.1000021880026907
0.9920013000373729
1.224003850016743
0.9652369710383937
0.3606751670013182
1.0359993649763055
0.9640085420105606
0.9801357440301217
1.0119040150311776
0.9768499809433706
1.093327000970021
1.0279986640089191
0.9845514010521583
1.0548026720061898
1.0060460150125436
1.0319998990162276
1.112003693007864
1.135380651045125
0.5606262470246293
1.0701803439878859
0.6430672790156677
1.1640052589937113
1.1359013709588908
1.073952485981863
1.1439998659770936
1.1400008130003698
0.7200037389993668
1.0341267850017175
1.169791242980864
1.1695118229836226
0.773251905979123
1.148003512993455
1.1119995629996993
1.1293958510505036
0.9984650319674984
1.052421418018639
1.0517770309816115
1.1320004139561206
1.1660690910066478
1.067998123995494
1.2640048869652674
1.0347955719917081
1.2429543070029467
0.938732153037563
1.1154598600114696
0.9503979159635492
1.1119996599736623
1.2879289269912988
1.1760079420055263
1.2973761670291424
1.0215374389663339
1.0196352089988068
0.8929811969865113
0.9307710289722309
1.0382462189882062
1.0835501999827102
1.2200002929894254
1.085800640983507
1.0572962590376846
1.0386675099725835
0.9972630940028466
1.0379153289832175
1.355866407044232
0.9200087200151756
0.9880055809626356
1.1260692010400817
1.077266797015909
1.0934082349995151
1.1761185890063643
1.0571965869748965
1.3062294870032929
0.9995711409719661
1.0640156170120463
1.0499712810269557
1.2995846249978058
0.8436348480172455
1.068541036976967
1.128855686984025
1.0835838390048593
1.0665605450049043
1.4080079160048626
1.097789271036163
1.0985412310110405
1.0853383659850806
1.0980241679935716
1.1839052840368822
1.0959885600022972
1.1075182220083661
0.9820941420039162
1.0590780490310863
1.1560015119612217
1.1277719009667635
1.1464830350014381
1.098641820019111
1.136442696035374
1.084000709000975
0.9268269300227985
1.1550224630045705
0.9465872659930028
1.2559999109944329
1.1711986209847964
1.1613535529468209
1.0507663610042073
1.1280038839904591
1.2252107089734636
1.1059350189752877
1.1464085800107569
1.0781871029757895
1.0883888929965906
0.9371349670109339
0.9680038479855284
1.2020061570219696
0.9310210379771888
1.1011459739529528
1.0747481539729051
1.149293860013131
0.9715070069651119
1.0759144659969024
1.2239990289672278
1.0697080270037986
1.3000140080112033
1.2240178030333482
1.181913232023362
1.0080002369941212
1.1495292600011453
0.9733739250223152
0.4180629450129345
1.089402998040896
0.9739709060522728
0.9670735169784166
1.1720055440091528
1.0359091089922003
1.125389609951526
1.0939374809968285
1.039848398999311
0.9358468530117534
1.0747983289766125
0.9975988090154715
1.2920083219651133
1.0899915869813412
1.0553420239593834
1.1721625920035876
1.1452818720135838
1.0676718729664572
0.9997330629848875
1.1979333710041828
0.9584282049909234
1.0546492770081386
1.2448514889692888
0.9642998760100454
1.1640258090337738
0.976001187984366
1.1315446880180389
0.9804376940010116
0.9959992360090837
1.273792737047188
1.0025728220352903
1.1917260619811714
1.172001529019326
1.0119985970086418
1.0341191570041701
1.290379167010542
1.043815965007525
0.9652707339846529
0.8599997790297493
1.0267698399838991
1.2863740509492345
1.0485396760050207
0.9760055920341983
0.8987265199539252
1.1065492199850269
1.005240572965704
0.9721630499698222
0.8999802119797096
1.1176954410038888
0.9726797600160353
0.9677094969665632
1.0859081169473939
1.0262602029833943
0.9840468319598585
1.0612689389963634
1.1931795299751684
1.0045775000471622
1.1457550420309417
0.9986803810461424
1.1360001519788057
1.0739186889841221
0.9414227590314113
1.0757052280241624
0.9759973040199839
1.0839705260004848
1.0579977569868788
0.9654586099786684
0.9700179600040428
1.1959976030047983
1.108987036976032
1.139998257975094
0.9807791520142928
1.0716125789913349
1.1080002860398963
0.8680041320039891
1.1281607340206392
1.012943021953106
1.0576953310519457
1.030596485012211
1.0359989340067841
1.0099308550124988
0.9318448859849013
1.0100810320000164
0.9929062300361693
1.0140687450184487
1.0278849200112745
0.9531516330316663
1.020096320018638
0.9286954420385882
1.092694916005712
0.6322638880228624
0.984003407007549
1.0438206020044163
1.0939190239878371
1.0147002619924024
0.7029093779856339
1.042669198999647
1.0763862790190615
0.77174804196693
1.127998948970344
1.1211052290163934
1.158648855984211
0.8863574370043352
1.1963233400019817
1.1960003380081616
1.1666427459567785
1.2828171029686928
1.0106737950118259
1.1821848340332508
1.2779328009928577
1.1984605680336244
1.3239997850032523
1.2880015469854698
1.2550056790350936
1.3757177520310506
1.1389115269994363
1.379220738017466
1.2679436010075733
1.3614087880123407
1.2748544909991324
1.4040014540078118
1.3604254639940336
1.4262279550312087
1.2824276700266637
1.2734989310265519
1.210549410956446
1.4999159090220928
1.4160436390084215
1.4246757910004817
1.2831833470263518
1.2648487080004998
1.5017445139819756
1.5858088040258735
1.2469371570041403
1.3115069380146451
1.2110881939879619
1.2788423669990152
1.3396871170261875
1.3427434170152992
1.3751253370428458
1.3291481799678877
1.3817287790006958
1.3697353670140728
1.4252897239639424
1.3150070660049096
1.438863424002193
1.5059618420200422
1.4639990589930676
1.543996241001878
1.5053578930092044
1.5620157349621877
1.4920140820322558
1.5843687820015475
1.6409303830005229
1.4077341209631413
1.6732311559608206
1.6366864399751648
1.731328665977344
1.6720012220321223
1.662353128020186
1.6199753829860128
1.728527535975445
1.6928729449864477
1.7504664880107157
1.7431508179870434
1.7453677839948796
1.8124098380212672
1.7659411720233038
1.814074300986249
1.856215609004721
1.8760015590232797
1.694223735947162
1.963999285013415
1.9919994629453868
1.7658510470064357
1.8603341410052963
2.0016894880100153
1.7863801009953022
1.4632963820477016
2.0932158040232025
2.0356976549956016
1.9675339550012723
1.8875688419793732
1.8396762480260804
2.065917552972678
1.9225110769621097
2.073679644963704
2.008095022989437
1.883838385983836
1.268068981997203
1.8973326959530823
1.9158083309885114
1.9942181670339778
1.932488108985126
2.1638550720526837
1.9360014959820546
2.1499092979938723
2.199835538980551
1.9519104970386252
1.3691180429887027
2.0813093010219745
1.964080280973576
1.9500266999821179
1.9582788640400395
1.398917663958855
2.267109822947532
2.240654741995968
1.8506442359648645
1.9794872010243125
1.9999756790348329
2.170041861012578
2.3285517080221325
1.4502732990076765
1.4844741020351648
2.353548316983506
1.9412194679607637
1.7487516720429994
1.871165672026109
2.2478571250103414
2.0831562760286033
1.8847494320361875
2.4262142069637775
1.5781145109795034
2.045330111985095
1.8374223919818178
1.6079261439736001
1.5538597120321356
2.316357229021378
1.9649641390424222
1.9588949549943209
2.0080165620311163
2.1943294020020403
0.7399022600147873
1.6573822610080242
1.9577292570029385
1.9066378889838234
1.9585005220142193
2.4052626690245233
1.7308971019810997
1.669026858988218
0.7827213180135004
2.111122993985191
1.95463167905109
2.0869594020186923
1.7469926310004666
2.072155158035457
1.9926228150143288
2.009087015991099
2.273774020955898
2.4808865420054644
1.4326827669865452
1.991576324973721
1.4506779030198231
1.8434455700335093
2.230164611013606
1.7943425470148213
0.915346982947085
2.0320427459664643
0.7806043670279905
1.7744482039706782
2.0786237900028937
2.3360818719957024
1.4617960570030846
1.7175713869510219
1.8526465030154213
1.4812720580375753
1.838515601994004
2.112849691999145
1.7011032609734684
0.8326299330219626
1.8780024150037207
1.5294127209926955
1.0200014369911514
0.7681161139626056
1.9138168370118365
2.3815652779885568
1.9162679230212234
1.9162006039987318
1.9267410580068827
1.8430992029607296
1.9054395140265115
2.2017506069969386
1.7647144809598103
0.8181449029943906
0.9159990589832887
1.6535420150030404
1.7104811670142226
1.1416066930396482
1.8156352870282717
1.8611652349936776
1.981847552000545
2.2723357279901393
1.8949323109700345
1.9036421609926037
1.8372633010149002
1.9625686990329996
0.9005567110143602
1.8170810909941792
1.8803079419885762
1.8346572230220772
0.9118362299632281
2.0693527159746736
1.0249780130106956
2.3594036350259557
1.8432392560061999
1.7762506270082667
1.2034901750157587
1.8707851850194857
0.9832275250228122
1.85807252000086
2.107977529987693
1.201179902011063
1.7305192409548908
1.8666309529799037
1.4566514799953438
2.047757942986209
1.8197930349851958
2.0292756789713167
1.8792200990137644
1.4733136789873242
1.7799974910449237
1.7623733390355483
2.448252745962236
1.8840023259981535
1.4908795889932662
1.1480002810130827
1.0652294030296616
1.4934367319801822
1.7901167369564064
1.898054344987031
1.2898805550066754
1.3245223209960386
1.8231129639898427
1.4995567990117706
1.7963280359981582
1.499439443985466
1.8925981639767997
2.205442807986401
2.5078126310254447
1.545558126992546
1.6416195339988917
1.0357471340103075
1.8872217130265199
1.9106715250527486
1.7835499159991741
1.1280015659867786
1.1323312500026077
1.9010636190068908
0.9881665930151939
1.9433218959602527
1.9520059489877895
0.8839196449844167
1.1157353219459765
1.9385099760256708
1.8700440160464495
0.9365648250095546
1.03690663195448
0.982468496018555
1.2964621650171466
1.8701096580480225
0.9803599170409143
1.1930185299715959
1.2520021459786221
1.2760034080129117
1.0939567440073006
1.336215657996945
0.9758135720039718
1.9920007879845798
0.9490871090092696
1.0374368149787188
0.9669113480485976
1.2701612720265985
0.9761115849833004
1.2689461700501852
0.9088658219552599
1.9675684100366198
1.1708815050078556
0.9600449569988996
1.0716127880150452
0.9939267130102962
1.0271139809628949
1.2265096789924428
0.9420244029606692
1.0398767850128934
0.9880045849713497
1.068290448980406
1.2521576330182143
0.9760027920128778
2.064005487016402
1.1321998120401986
0.9371709749684669
1.125093499023933
0.9930803360184655
1.0161595519748516
0.9565945279900916
0.99666172999423
1.0841272510006092
2.1817555770394392
1.0041252149967477
0.9231372170033865
1.0351108449976891
0.9680003399844281
0.9379538650391623
1.0848183420021087
1.0988118079840206
0.9829596119816415
2.299998840026092
1.0267818510183133
0.9835497069871053
1.0519998560193926
1.0961146670160815
0.9087963899946772
0.9880024969461374
1.2069952370366082
1.0537951110163704
0.9908029419602826
1.015960095974151
1.0853402420179918
0.9816156610031612
1.172564007982146
1.1434857200365514
0.9977544080466032
1.0244786090333946
0.9121422290336341
0.9825492050149478
0.9825701609952375
1.0990956040332094
0.9800664670183323
1.0361099230358377
1.0721702669980004
1.169509453990031
0.9938619639724493
0.9860953579773195
0.9923178569879383
0.9482328200247139
1.0157766269985586
1.1879989260341972
1.0940989080118015
1.1600128480349667
0.9814643340068869
0.9572179130045697
1.0090868229744956
1.055219561967533
0.9780537490150891
1.0658737850026228
0.9807617079932243
1.139358018990606
1.0753944239695556
1.0726257279748097
1.0375503540271893
0.9508666329784319
0.9466075120144524
0.9240076889982447
1.1012382240151055
0.9812878319644369
0.9605417429702356
1.0077874450362287
0.9559983409708366
1.0164907849975862
1.00565716100391
0.9640883909887634
0.9999969759956002
0.9979448239901103
1.0044147979933769
0.889189706009347
0.9170072909910232
1.0363108069868758
0.9172290210262872
1.067020264978055
1.0239992199931294
1.0840046119992621
0.9726213560206816
1.0759992399835028
0.9556397299747914
1.0859820160549134
1.0734359969501384
1.044001863047015
0.8577761690248735
1.0396014890284277
0.9789188700378872
1.0170592700014822
1.0589971320005134
1.1520034869899973
1.0118351809796877
0.9561187860090286
1.026835314987693
1.0919980249600485
0.9800447529996745
1.1289920910494402
1.0529001650284044
0.8560047039645724
1.117577611003071
1.1326121439924464
1.151760242995806
0.9720502559794113
0.9091426440281793
1.0680003309971653
0.9826952290022746
1.124775314994622
0.9560095139895566
1.0560005970182829
1.1039206819841638
1.1250425039906986
0.9040026739821769
0.9263468889985234
1.037920163013041
1.0539348980528302
0.6479999410221353
0.9287934739841148
1.0359993369784206
0.9401210820069537
1.0239923420012929
0.7358738980256021
1.055999595031608
1.0239997889730148
0.9399982400354929
0.9559974140138365
1.095998598029837
