0.1316107099992223
0.12633983697742224
0.2025442390004173
0.15546237298985943
0.25257058400893584
0.31239878095220774
0.4060059590265155
0.4533724730135873
0.5708533219876699
0.6424260149942711
0.7299445620155893
0.8513421249808744
0.8077525660046376
0.6896290580043569
0.7988067950354889
0.8240016929921694
0.874046147975605
0.9439727489952929
0.9802682030131109
0.9973087270045653
1.0903207379742526
1.1708045349805616
1.2255603300291114
0.8460242849541828
0.7040650350390933
0.6791429959703237
0.7432217969908379
0.629341630032286
0.3687568480381742
0.27913668198743835
0.3828661299776286
0.45530050195520744
0.5551032520015724
0.6202966200071387
0.5529539639828727
0.609876572038047
0.6952968499972485
0.8025526969577186
0.9129780969815329
0.865322970028501
0.6869570360286161
0.5925833839573897
0.7176758190034889
0.8118255639565177
0.9220710280351341
0.985160424024798
1.0880686540040188
1.1465935439919122
1.2118054950260557
1.2371947159990668
1.290191222971771
1.3457076540216804
1.4663093780400231
1.305496612971183
1.3751463230000809
1.2961634979583323
1.3825393510051072
1.4983249999932013
1.149845672014635
1.2071696639759466
1.3140932969981804
1.1084971940144897
0.970524875971023
1.084422952029854
0.9086923959548585
1.019962635007687
1.131418353994377
1.2408515220158733
1.1574297769693658
1.1897087389952503
1.2340948180062696
1.2394931719754823
1.3301085529965349
1.4491166549851187
1.5661810309975408
1.6646034669829533
1.7018382149981335
1.8195261899963953
1.940342921006959
2.0431125549948774
2.1674031099537387
2.287041738978587
2.3978174540097825
2.510352846002206
2.5953520640032366
2.5310578860226087
2.546209084975999
2.6708521139808
2.7889763329876587
2.8733182119904086
2.9370350610115565
3.001768357004039
3.0497719059931114
3.0473276599659584
3.0718375479918905
3.1686447170213796
3.262326830998063
2.8895699529675767
2.940801899996586
2.817784614977427
2.6795143169583753
2.638189025048632
2.6650027289870195
0.36048748303437606
2.655463741044514
0.44781082699773833
0.5343010340002365
2.746552257973235
0.8754839149769396
0.6054425910115242
0.961557298025582
2.8488057389622554
0.6905013830401003
1.0419307419797406
2.9246495100087486
0.7672347130137496
1.127768115955405
0.8487375889671966
3.029084055975545
1.2098418569657952
1.2808879949734546
0.9622816010378301
3.134356510010548
1.3673601259943098
1.0840601440286264
3.2478505930048414
1.4478626580093987
1.1345965989748947
1.1683304920443334
1.5244971470092423
3.3537302020122297
1.4362000219989568
1.2237590990262106
1.5881415060139261
3.477428683952894
1.3081579289864749
1.5370586959761567
1.636565953027457
1.3881281819776632
3.588218234013766
1.696381009009201
1.6419522510259412
1.451755624031648
1.7791039279545657
3.5806389909703285
1.5289697760017589
1.755555715993978
1.8627950369846076
1.581154351006262
3.7009312349837273
1.5169660830288194
1.665389364992734
1.577470959047787
3.7033624820178375
1.753777406993322
1.6576704570325091
3.7064272420248017
1.835405111021828
1.7349719169433229
1.8938118640216999
3.813685566012282
1.818402785982471
1.9732439519721083
1.9041092550032772
3.874093917023856
2.038686615996994
1.9791080940049142
2.067849937011488
3.9071279640193097
2.0146485050208867
2.1459945480455644
2.0801747770165093
3.7481113700196147
2.2186030079610646
2.1478782409685664
3.779335589031689
2.2850018619792536
2.234899236995261
2.261699625989422
3.890315354045015
2.313148943998385
2.3025442819925956
2.39597816002788
4.010157270007767
2.3419448990025558
2.477846517052967
2.4079524510307238
4.116596025007311
2.5581983840093017
2.49070267600473
2.5806084600044414
4.227132725005504
2.5655300419894047
2.6474762199795805
4.183484897017479
2.645735763013363
2.699671195994597
2.6867502520326525
4.121856192010455
2.7749457750469446
2.766360879992135
2.8309828030178323
4.236100959999021
2.8562392109888606
2.909049056004733
2.9439231260330416
4.213601793977432
2.9720827160053886
3.032406074984465
3.033915884036105
3.0895076129818335
3.1183849569642916
3.1473199049942195
3.1783579839975573
3.224614330974873
3.1962915980257094
3.284813053032849
3.2270957099972293
3.3558097560307942
3.3052599470247515
3.43880108196754
3.3871772160055116
3.52340759098297
3.441754769999534
3.6032452029758133
3.5210350129636936
3.579917536000721
3.6010513749788515
3.609475802979432
3.688403703039512
3.6704871390247717
3.742192970996257
3.741026352974586
3.8311976839904673
3.816758220025804
3.9142357989912853
3.8413086690125056
4.0030500189750455
3.8917601489811204
4.063357993029058
3.974445365020074
4.117233160999604
4.057721404009499
4.165700529993046
4.140986593032721
4.254089854017366
4.21532733499771
4.236257422948256
4.289397526998073
4.321370298974216
4.374345974007156
4.376141750020906
4.46252362895757
4.4281494520255364
4.55048907501623
4.516488360997755
4.631104794971179
4.585826853988692
4.718642405001447
4.657836004043929
4.793615914997645
4.709544314013328
4.827510035014711
4.790510955965146
4.891909427999053
4.873951907968149
4.9779541210155
4.950777616992127
5.017499947978649
4.996546441980172
4.964886044966988
5.073364148964174
4.9834952800301835
5.123152536980342
5.05742669897154
5.199429359054193
5.137358103995211
5.288293067947961
5.2084412690019235
5.365278793964535
5.2875660239951685
5.393102818983607
5.364407941990066
5.445061445992906
5.444138033024501
5.488039940944873
5.532082077988889
5.530182445014361
5.6208662610151805
5.6180495350272395
5.693518890999258
5.605767376022413
5.776031501998659
5.641242393990979
5.862331540032756
5.723428717989009
5.9298755550407805
5.810843501996715
5.976574018015526
5.8973056329996325
6.045519343984779
5.98300200101221
6.094289247004781
6.06817859102739
6.132478987972718
6.139672985009383
6.216987554973457
6.222918648971245
6.2217875109636225
6.306712331017479
6.25672195199877
6.394220304966439
6.3305375430500135
6.465168726979755
6.400243183015846
6.550866933015641
6.476098977029324
6.612536325992551
6.563906897965353
6.700012154004071
6.6228885789751075
6.767651371017564
6.6878993029822595
6.848480337008368
6.764258337963838
6.883303104958031
6.851585694006644
6.871865438006353
6.9376547210267745
6.864974723022897
7.019170465006027
6.894159728020895
7.063900276960339
6.975529332004953
7.120505705010146
7.040002221998293
7.201321780972648
7.127417896001134
7.286988157022279
7.212009534006938
7.282714752014726
7.2939030160196126
7.329785070964135
7.368534103967249
7.414480792009272
7.448182868014555
7.469120224006474
7.478334809013177
7.498310875962488
7.560528992966283
7.57481945399195
7.631939250975847
7.600407677993644
7.714093743008561
7.669101709034294
7.799205143994186
7.755435161991045
7.875013594981283
7.823055502027273
7.934999596036505
7.902308196993545
8.022054836968891
7.975439838017337
8.072510269994382
8.003067413985264
8.14175707596587
8.05034075002186
8.192083486006595
8.113273752038367
8.263366480008699
8.192356576037128
8.217378555971663
8.250292368000373
8.2605975830229
8.311326370981988
8.334003187017515
8.391051876009442
8.362784902972635
8.46776155702537
8.43615027499618
8.547950563021004
8.494252673001029
8.635064861970022
8.563877628999762
8.662881847005337
8.637098945036996
8.71919237205293
8.717450733005535
8.79868314799387
8.796908873948269
8.811126563989092
8.87483866995899
8.755533755989745
8.946902727999259
8.84315237501869
9.006226182042155
8.907813685014844
9.019052991992794
8.985239471017849
9.101449959038291
9.065877759014256
9.091491997998673
9.150965438981075
9.165786081983242
9.231540428998414
9.239191795990337
9.311780495976564
9.269106151012238
9.35959622100927
9.357547287014313
9.437606143997982
9.397608053986914
9.511111508007161
9.4511199319968
9.59839453897439
9.53234950703336
9.574065689987037
9.61786433600355
9.64184940000996
9.676346288004424
9.691977456968743
9.758905538998079
9.773615877958946
9.827181735017803
9.747284991957713
9.899242966959719
9.804346143035218
9.961985251982696
9.885884609015193
10.039154707978014
9.94183317804709
9.972772165958304
10.017933694005478
9.976447706052568
10.063378366001416
10.064751535013784
10.149556353979278
10.12406069401186
10.218067039037123
10.204785979003645
10.29189526004484
10.251569790998474
10.352026680018753
10.335745048010722
10.435769378033001
10.415663655963726
10.51649898296455
10.466685956984293
10.588568319974001
10.532219404994976
10.676001163024921
10.620281774026807
10.60683403199073
10.692543252022006
10.66495153598953
10.772032514971215
10.713695992017165
10.852296088996809
10.78470344899688
10.88819017901551
10.869994338019751
10.976216345035937
10.947210580983665
11.023455956950784
11.026921355049126
11.109734517987818
11.093375256983563
11.189572753035463
11.175167844048701
11.207877665001433
11.221577805001289
11.289088813005947
11.302128182025626
11.322884740016889
11.3889990929747
11.37716846697731
11.472102086001541
11.359014274028596
11.549659252981655
11.420556503988337
11.540750062034931
11.497120768006425
11.612633452983573
11.577890707994811
11.677152433956508
11.65420437802095
11.70807120500831
11.740039123978931
11.764349126955494
11.818716409034096
11.828544178977609
11.880490089009982
11.906863651005551
11.94551929901354
11.926535752951168
12.01859685400268
12.01221647998318
12.096543741005007
12.003251318994444
12.177790441026445
12.08872496697586
12.26318077702308
12.162143091962207
12.328930672025308
12.243950688978657
12.36763074999908
12.325447062961757
12.30341154296184
12.37189655500697
12.350455432024319
12.458479002001695
12.425632719008718
12.544184989994392
12.458888410998043
12.629943386011291
12.537252532958519
12.67214994301321
12.596646128979046
12.736792071955279
12.671341663983185
12.79936996102333
12.743354755046312
12.80018508899957
12.826205540972296
12.829158742970321
12.912994178012013
12.906656673992984
12.998918415978551
12.948199170990847
13.061008560005575
13.030096091970336
13.141227178974077
13.096713655046187
13.217757117003202
13.149002299003769
13.289188842987642
13.218764520948753
13.344118438020814
13.307160541997291
13.418643007986248
13.393723288027104
13.500326720997691
13.475704127980862
13.569292358995881
13.543389925034717
13.592192359035835
13.629566913994495
13.663433850044385
13.699974460992962
13.637753966031596
13.772501661034767
13.709218588017393
13.847219033981673
13.756547473953106
13.925378796993755
13.828838634013664
13.989381407038309
13.895893495006021
7.863909976033028
14.015942080994137
7.868371343007311
7.899834516982082
13.963764629035722
7.909192687016912
7.925271614978556
13.91327615902992
7.943039725010749
14.027445165032987
8.010132944968063
7.974102109961677
13.969545320025645
7.992309182009194
7.996946934028529
14.092432871984784
8.02681648498401
8.08858613204211
14.054380417976063
8.013842033979017
8.121215844992548
8.033876037981827
14.170730985002592
8.06519534200197
14.138432094012387
8.101651654054876
14.220444104052149
8.149898806004785
8.104185298958328
8.15701149101369
14.221249963040464
8.155539767001756
8.149500575964339
14.301675933005754
8.16672711900901
8.17276630399283
8.25217623799108
14.29003998200642
8.194779690995347
8.182226224977057
14.384102218027692
8.268342875002418
14.361407396034338
8.159730661951471
14.43330455297837
8.24579985102173
8.137847516976763
8.158572143991478
14.444116952014156
8.20593536697561
8.157276246987749
8.1787769869552
14.509947137034032
8.199162935954519
8.35119982197648
14.511239157989621
8.203919596970081
8.223084715020377
14.592479390965309
8.212569812021684
8.28102002601372
8.23487322696019
14.584430126007646
8.235474142013118
14.667517805006355
8.262375193997286
8.282906289037783
14.669948995055165
8.28754674596712
8.325019593990874
8.307068217021879
14.742274786985945
8.317775507981423
14.755741566012148
8.366679983970243
14.747229392000008
8.411098818003666
8.408344800991472
14.841029339993838
8.425624438968953
8.424253978009801
14.822567549010273
8.435110333026387
8.455455999996047
14.897075312037487
8.458059980999678
8.53612753096968
8.479859086044598
14.906356425024569
8.491788227984216
8.480174262018409
14.976583811978344
8.497920016001444
8.517193287028931
14.95204849197762
8.651571687019896
8.522479005972855
15.054846374958288
8.548019160982221
8.561682757979725
15.026087348000146
8.571216315031052
8.644056555000134
15.134285559994169
8.611920852039475
8.627207349985838
15.077535725024063
8.632722450012807
8.646811986982357
15.213973228004761
8.645112521015108
8.663461354037281
15.164777061028872
8.677789277979173
8.752038181992248
8.687643507961184
15.283685989037622
8.682828732999042
15.231656875985209
15.360933026007842
8.753146307019051
8.750151178974193
8.77805335901212
8.771192835993133
15.308103694987949
8.767843194014858
15.424595587013755
8.791323185956571
8.799889470974449
15.394167710968759
8.803281723987311
8.901309299049899
8.816657482995652
15.464408665022347
8.833818671002518
15.471991550992243
8.849278146983124
8.864125592983328
15.523350075993221
8.869624360988382
8.977291699964553
8.88840373896528
15.554514595016371
8.924989397986792
15.610226955031976
8.934468548046425
8.944400348991621
15.643089867022354
9.034329325018916
8.95857082301518
8.975049556000158
15.69016299204668
8.992086531012319
9.01407959999051
15.721393689978868
8.988741286972072
8.998977154958993
9.111753567005508
15.751111597986892
9.014695224002935
9.035644438990857
15.792511861014646
9.051408043014817
9.01796305400785
15.826174828980584
9.03351236594608
9.049333697999828
15.857698578038253
9.058962066017557
9.079698728979565
15.806614937027916
9.088524114980828
9.096609911997803
15.912317257956602
9.097885254013818
9.097426356980577
15.873960076947697
9.11876508401474
15.938832431042101
9.149870405031834
9.136888818000443
15.951454181980807
9.154259484959766
9.175698804028798
15.98553524701856
9.18118366599083
9.196267685038038
16.025589106953703
9.204027239989955
9.274342610966414
9.211985826026648
16.06943237100495
9.242003080958966
16.105534959002398
9.259926404047292
9.27530606801156
16.107363332004752
9.30791995394975
9.286608961992897
9.292042639979627
16.175491053028964
9.307675048999954
9.302603614050895
16.162428085051943
9.32181999302702
9.31819435104262
16.25118239002768
9.336936643987428
9.355044217023533
16.220677075034473
9.36753976700129
9.382533751020674
16.294895722006913
9.401009646011516
9.406926109979395
16.264129032031633
9.426168471982237
9.4334471480106
16.37104725203244
9.432491378043778
9.439605756953824
16.315976537007373
9.44814925204264
9.451997697004117
16.45513849699637
9.456960820010863
9.457110750023276
16.396222609037068
9.475564808992203
9.492906793020666
16.43736063502729
9.502954208990559
16.47641239297809
9.476013234991115
9.507078901981004
9.490713137027342
16.46083616296528
9.5112406219705
16.55194070597645
9.543513225973584
9.552462594001554
16.54157352197217
9.589522356982343
9.540126378007699
9.556620316987392
16.620980773004703
9.57063307298813
9.588319920992944
16.6228189090034
9.607212472008541
9.60461269604275
16.67711936199339
9.606281046988443
9.617751343990676
16.625207416014746
9.627683695987798
9.647731148987077
16.75073206902016
9.647911137028132
9.660040184040554
16.71072313399054
9.680861161963549
9.699440234981012
16.83705023204675
9.70697585499147
9.728905556956306
16.78452127199853
9.740231225965545
16.914646424993407
9.733961655991152
9.744437305023894
9.747579222021159
16.851711179013364
9.768401151988655
16.994922652025707
9.78538978198776
9.798773174989037
9.812308611988556
16.933481912943535
9.82528765097959
17.069695268990472
9.843232111015823
9.839265483024064
9.8611660359893
17.00478357198881
9.882966387027409
17.03289043100085
9.883378944010474
9.889385901973583
9.901367103972007
17.090147273032926
9.919940791034605
17.020769119961187
9.930303883040324
9.917225575016346
9.934790580009576
17.153204683039803
9.94177493097959
9.93765814800281
17.09731754497625
9.950049201026559
9.954447754949797
17.219453979982063
9.973796246980783
9.99014215200441
17.166485827008728
10.00734884099802
10.017262386973016
17.303434573987033
10.035545495979022
10.053580021020025
17.249357359018177
10.072511431004386
10.0855891740066
17.382789372000843
10.065484139020555
10.074513595958706
17.327484004956204
10.11463421001099
10.117631725035608
17.466501052025706
10.13575773005141
10.150588381977286
17.39121743501164
10.142227395961527
10.162495509022847
17.505554228031542
10.154108707036357
10.174173402017914
17.424678269017022
10.16379754699301
10.164861745026428
10.183780726976693
17.539866145991255
10.197671370988246
17.485956393997185
10.181426230003126
10.201281565998215
10.218895388999954
17.627463253971655
10.229594198986888
17.555793234030716
10.251199562975671
10.252919871010818
10.274725841998588
17.511081792996265
10.239327141956892
17.617884725972544
10.256894814956468
10.267764527001418
10.28427379799541
17.52184986998327
10.297406235011294
17.673255432979204
10.318647275969852
10.339612912968732
10.346355404995847
17.60185343201738
10.366526148980483
17.75922167598037
10.373704726982396
10.39416181400884
10.413769649981987
17.68298364803195
10.430509443976916
17.778358611976728
10.405815667996649
10.399301472003572
10.416234624979552
17.743033200036734
10.417544766969513
17.864564430958126
10.434040284017101
10.453539233014453
10.465148068033159
17.828358519996982
10.445276179001667
17.880017978022806
10.46476167300716
10.459059883025475
10.4622344620293
17.89803852199111
10.467951178026851
17.94983348000096
10.454267107998021
10.467726456990931
10.485733341018204
17.972792552027386
10.497750884038396
18.025878863001708
10.504039213003125
10.513616451993585
10.526231523952447
18.05688917695079
10.525194341957103
18.00484005099861
10.538534579973202
10.553435028996319
10.562332652974874
18.093569900025614
10.561241461022291
10.572237140964717
18.08998705999693
10.581448954006191
10.588166556030046
18.1434543649666
10.604322238999885
10.617585205007344
18.134949351020623
10.63923525303835
10.653874581039418
18.159109089989215
10.66094431799138
10.674898985016625
18.14909285196336
10.696126619994175
18.201275038998574
10.70984684600262
10.71040246100165
18.217976325016934
10.725111256004311
10.772871544992086
10.73606208304409
18.2763149329694
10.754028686031234
10.763679239025805
18.285239044984337
10.782980141986627
10.802411944023333
18.32532932102913
10.818232402962167
10.794228317972738
18.330576300038956
10.809441103949212
10.819217387004755
10.837660352990497
18.405142678995617
10.855363137030508
18.41742933297064
10.873588917020243
10.877829239994753
10.895206056011375
18.47666687204037
10.885300728026778
18.488111856975593
10.861796824960038
10.88352681294782
10.894933773030061
18.49612171499757
10.898760305019096
18.56495970103424
10.919818898953963
10.923480689991266
10.928275983023923
18.57778461399721
10.942576178000309
18.64397536101751
10.963089847995434
10.9638428419712
10.978692831005901
18.655677995004226
10.992346337006893
18.72928045602748
10.987124603998382
11.005768236005679
11.025055682985112
18.696877949987538
11.041943824966438
18.77074673899915
11.04289240000071
11.06366798398085
11.06875463097822
18.77590444899397
11.089047052024398
18.85848039499251
11.096256749005988
11.113096493005287
11.126274466980249
18.848924617981538
11.147130626952276
18.932530494988896
11.151104676013347
11.153675470966846
11.174123884004075
18.908651861012913
11.17292316595558
18.99275090097217
11.145425566006452
11.164249146997463
11.185174817976076
18.99217394000152
11.195926674001385
19.020084228017367
11.216005655995104
11.234743463981431
11.228393480996601
19.014248733990826
11.233622146944981
19.06803464499535
11.249460467020981
11.246255005011335
11.264973690034822
19.078163838014007
11.285565503989346
11.29111465200549
19.0994541469845
11.296644262969494
11.312582903017756
19.14215459598927
11.322984522965271
11.338005510973744
19.138520161039196
11.349650082993321
11.359995860024355
19.217811750015244
11.378963456023484
11.40037653199397
19.16822247300297
11.420248499023728
11.438469813962001
19.2786369920359
11.45165778696537
11.443811842997093
19.255394495965447
11.465332966006827
11.44272227899637
19.31120276200818
11.444722538988572
11.450971097976435
19.312055149988737
11.465006718994118
11.481385217048228
19.374048351950478
11.500228167977184
11.509294603951275
19.384258323989343
11.51220206101425
11.526329354033805
11.531321728951298
19.42939921002835
11.547257311991416
19.465917518013157
11.555606537964195
11.557105246989522
11.479130133986473
19.508083172957413
11.499599292990752
19.547538244980387
11.50191084103426
11.521825936040841
11.54002021800261
19.584382100962102
11.555427515006159
19.614748519961722
11.559090361988638
11.562855108000804
11.582938107952941
19.63332653202815
11.596512886986602
19.653564266045578
11.607934517029207
11.6227445579716
11.641454176045954
19.692835842026398
11.662406494957395
19.73984646901954
11.680438843963202
11.664018136973027
11.677612255967688
19.75828285596799
11.690393555967603
19.799903850012925
11.69688463100465
11.704517394013237
11.717642001982313
19.83608705800725
11.732732337026391
19.874868784972932
11.726134105003439
11.743652092991397
11.76247872802196
19.919067060982343
11.769049720023759
19.951827573997434
11.787654986954294
11.799323095008731
11.820956623007078
19.899403062008787
11.82889125298243
20.018111203971785
11.839979258016683
11.85891447897302
11.874917235982139
19.970321661035996
11.887857316003647
20.08099934103666
11.906781400961336
11.907833770965226
11.92495041404618
20.0533779009711
11.944752060982864
20.166757255035918
11.947471199964639
11.944993122015148
11.956755683000665
20.135346746013965
11.970864524017088
11.992382939963136
20.197670639958233
11.987029302981682
12.001141383021604
20.157439984031953
11.981893799034879
11.992138335015625
20.256716593983583
12.00962097896263
12.002499477996025
20.233829392993357
12.02024199499283
11.9910760030034
20.212184401985724
12.012484009959735
12.027833481959533
20.29197700798977
12.048837025009561
12.069762904022355
20.26820781402057
12.082767653046176
12.102594366995618
20.372428540955298
12.121822167013306
12.113062529999297
20.33975687401835
12.133215267036576
12.13932181999553
20.403548957023304
12.149102513038088
12.167681152001023
20.383415557967965
12.186897740000859
12.198921839997638
12.21993386396207
20.46123685594648
12.235509924998041
20.44666071300162
12.234352612984367
12.25573685701238
12.257833680021577
20.52105841896264
12.278723492985591
20.527576597989537
12.291261102014687
12.30347713798983
12.322674557974096
20.529780698998366
12.340275991009548
20.606191711034626
12.357900244009215
12.376874889014289
12.395793158037122
20.617146055970807
12.410358305030968
20.67049255198799
12.428419247968122
12.442635204992257
12.445197635970544
20.63528328103712
12.464268436015118
20.710452573024668
12.462530894030351
12.45025647903094
12.47126477904385
20.712738711037673
12.481456535984762
20.787677988002542
12.481895239965525
12.502548532967921
12.523090970003977
20.781467501015868
12.541718830005266
20.865367697027978
12.54668893798953
12.563328576041386
12.584776638948824
20.858030151983257
12.594254770025145
20.90281497198157
12.615586300962605
12.633263188996352
12.654206757957581
20.91330553498119
12.668588208034635
20.983114877017215
12.679157137987204
12.699982760997955
12.715310533996671
20.987295544997323
12.713905743032228
21.0526581890299
12.723451647965703
12.740954862034414
12.76144547900185
21.061041541048326
12.759892813977785
12.77843803196447
21.078754609974567
12.798869221005589
12.786017219012138
21.148290499055292
12.800904484989587
12.813638694002293
21.149527531990316
12.827439225045964
12.838594158994965
21.2130149169825
12.817168055975344
12.834726030007005
21.232997885963414
12.815741785045248
12.832931343000382
21.298675349040423
12.827964325028006
12.821849625965115
21.31569188501453
12.835638032993302
12.844012115034275
21.37633637204999
12.862808217003476
12.884211566997692
21.324290250020567
12.901904625003226
12.918121637019794
12.936559362977277
21.454663362004794
12.928816677012946
21.40832406003028
12.93839551997371
12.945182869967539
12.958482702961192
21.522720362001564
12.963237403018866
21.49592027597828
12.984647453005891
12.996259177976754
13.009789970004931
21.607222329999786
13.029951650998555
21.560263498977292
13.044581322988961
13.065119066042826
13.084800048032776
21.68516831099987
13.10107810801128
21.64331840298837
13.079254943004344
13.089248843956739
13.109753526980057
21.721404544019606
13.116233406995889
21.720653355994727
13.12713989999611
13.146671352966223
13.163318834966049
21.79716302198358
13.173329278011806
21.780963053985033
13.185212098993361
13.161515607964247
13.178198550012894
21.85792798100738
13.193263520952314
21.867559355974663
13.210265483998228
13.222113614960108
13.237150169967208
21.835019880963955
13.246343606035225
21.93786181800533
13.266606680001132
13.286771414044779
13.276063782977872
21.919100038998295
13.289797785982955
22.008674627984874
13.295463337970432
13.305277602979913
13.306293743022252
21.96101008198457
13.316885360982269
22.07513700198615
13.328339286963455
13.33375188196078
13.34214926394634
22.049485285009723
13.35169759200653
22.163119517965242
13.361870624998119
13.366616877028719
13.371726972050965
22.133173445006832
13.358587160997558
22.23967503500171
13.349130491958931
13.363399917958304
13.374942900030874
22.207939699990675
13.39383870101301
13.405110971012618
22.320899782003835
13.420741748006549
13.412300530995708
22.276841957995202
13.433379850990605
13.454378738999367
22.40616005298216
13.466506302997004
13.487835367966909
22.363527990004513
13.509202198009007
13.51832704199478
22.480632650025655
13.533544199017342
13.554942614980973
13.574379898025654
22.442834342014976
13.595565144962166
22.56567591201747
13.616325702983886
13.630002528021578
13.636370138032362
22.52769445197191
13.64653227897361
22.569940062996466
13.638507196039427
13.64945897803409
13.670948791026603
22.59624032303691
13.687700388021767
22.65202258201316
13.700264560000505
13.716164248005953
13.73357084899908
22.663448811043054
13.743047286989167
22.73367031099042
13.753297294024378
13.77230743895052
13.790389358997345
22.726001420000102
13.80697330494877
22.815061645989772
13.823161367035937
13.843993543996476
13.863721617963165
22.811333273013588
13.87858114700066
22.786120519973338
13.897160788008478
13.907800640037749
13.920013246010058
22.890887981979176
13.941823239030782
22.752073629002552
13.952478488034103
13.97267784900032
13.982098834007047
22.957380251958966
13.998000502993818
22.827764276007656
14.007886159990449
14.024645820027217
14.04395406198455
23.018205915985163
14.056623473006766
22.910219552984927
14.07061844097916
14.064743330003694
14.085493562975898
23.09097813797416
14.105944269977044
22.991277336026542
14.119058215001132
14.136507536983117
14.155499155982397
23.17367894598283
14.176839730003849
23.04243095999118
14.197905656008516
14.218010942044202
14.233941304963082
23.147448708012234
14.25450046802871
23.120805264043156
14.272379306028597
14.281934465980157
14.290282286994625
23.22378125297837
14.299417280009948
23.20518142997753
14.318607069028076
14.339213058992755
14.351802512013819
23.227326660009567
14.366087403031997
14.374747674970422
23.293046328006312
14.371056778007187
14.388062245037872
23.29464401694713
14.403102002979722
14.411139140021987
23.37597527494654
14.42345576302614
14.444184807012789
23.316660278011113
14.45416711102007
14.474613515019882
23.43769123603124
14.496377429983113
14.504445629019756
14.52227061695885
23.378448975039646
14.541627092985436
23.521945452026557
14.553923416009638
14.563218892959412
14.574942273029592
23.43280481500551
14.59572126402054
23.60925226804102
14.609749494993594
14.612349697039463
14.628900875977706
23.513164136966225
14.650139099976514
23.65941463096533
14.647631113009993
14.658907518023625
14.67815656599123
23.564241015003063
14.699781989038456
23.736896654008888
14.713610313017853
14.723684603988659
14.739213521999773
23.646542389993556
14.747219061013311
23.824269314995036
14.764436869998462
14.77718096296303
14.797307011962403
23.720270288991742
14.810295114002656
23.90293705300428
14.813646646973211
14.831547356036026
14.853702267981134
23.79353424103465
14.863366599020083
23.788603136024904
14.868470751971472
14.8846723799943
14.90146119700512
23.873478749010246
14.922445482050534
23.83388043701416
14.935728872020263
14.950572420959361
14.96333393297391
23.946422523993533
14.957297515997197
23.894159846997354
14.969086201977916
14.98677266103914
15.00821902003372
24.017251253011636
15.018021700961981
23.96108932502102
15.036496518005151
15.054117646999657
15.075158191961236
24.098192350007594
15.088107078976464
24.038526964955963
15.10894422099227
15.119370725005865
15.116780609008856
24.182206055964343
15.117023888975382
24.11976189998677
15.128721454006154
15.14691780100111
15.166527869994752
24.244844147004187
15.185685683973134
24.17590080300579
15.202733354992233
15.219744250003714
15.240894978051074
24.293581095989794
15.261668619990814
24.264126772002783
15.28250944201136
15.303935686009936
15.325603361998219
24.369138213980477
15.345173085050192
15.363935091008898
24.343867556017358
15.38460262096487
15.404529885039665
24.45084525004495
15.415463721030392
15.435129350982606
24.41814192000311
15.449236504966393
15.467152366007213
24.39307908900082
15.482257249997929
15.501594511966687
24.492644664016552
15.519983135978691
15.533553049026523
24.45338829199318
15.539738681982271
15.552706408023369
24.581227592017967
15.562232381023932
15.576439932978246
15.594117546977941
24.447064802981913
15.61595499899704
24.648900103988126
15.637734601972625
15.653230126015842
15.638156141969375
24.511501770000905
15.65308219997678
24.724637799023185
15.6623621309991
15.674832658027299
15.691704808967188
24.591075251984876
15.679573320026975
24.794958012993447
15.700667377968784
15.713643657974899
15.72927231702488
24.659327192988712
15.741341155022383
24.879819545021746
15.75643102300819
15.771047312999144
15.786578226019628
24.741821706993505
15.801014700962696
24.93933184200432
15.813465251994785
15.835180412046611
15.856629526009783
24.824656640994363
15.873656399024185
24.74656804604456
15.889162352017593
15.897783468011767
15.898583788017277
24.890518449014053
15.90980874397792
24.805053191026673
15.924158121983055
15.917354935023468
15.93567856901791
24.96995220601093
15.952858289994765
24.87102036498254
15.970931679010391
15.987013697973453
16.004608547023963
25.027498369046953
16.025601134984754
24.95493573299609
16.020774523960426
16.038554325001314
16.053463201969862
25.097334852966014
16.064300943980925
25.03412212303374
16.084108442999423
16.101947416027542
16.121704532008152
25.18163948797155
16.12636597099481
25.110465245030355
16.14775731199188
16.168593007023446
16.188142530969344
25.24245022505056
16.20654102403205
25.192241040989757
16.224590726022143
16.244054634007625
16.262890168989543
25.28047165996395
16.28394544799812
25.241771209985018
16.302942138980143
16.324534768005833
16.335993738961406
25.32262814999558
16.352434176020324
25.304814749979414
16.363767775997985
16.37992417998612
16.397368970967364
25.300981211010367
16.411603310029022
25.37850235303631
16.427106487040874
16.447864299989305
16.460362297017127
25.385136169963516
16.463948142016307
25.451793800049927
16.479474884981755
16.499258563970216
16.519543431000784
25.44788198597962
16.53757535800105
25.52072001801571
16.538306583999656
16.552714540972374
16.56736170098884
25.5191603009589
16.576885949994903
25.599660219973885
16.594958874047734
16.60419844998978
16.61625871103024
25.596214060962666
16.62201426801039
25.683712775993627
16.63473112997599
16.652439942990895
16.671424754022155
25.679014256980736
16.682209676946513
25.752596653997898
16.69181510596536
16.71106805402087
16.72586876299465
25.739265925018117
16.741439460020047
16.7479653970222
25.829539710015524
16.767320811981335
16.788441029028036
25.82501394598512
16.80712815199513
16.82394639198901
25.880440690962132
16.843609088042285
16.86389927699929
25.902766140992753
16.884547031950206
16.89706228103023
25.945059143996332
16.91421924997121
16.923750146990642
25.968558977998327
16.94158210698515
16.954890639986843
26.03306402801536
16.965319092967547
16.985922262014356
26.04747937101638
16.999477083038073
17.02118999301456
26.118440776015632
17.041508266993333
17.061424747982528
17.082337494008243
26.12412657198729
17.100011706002988
26.196181000967044
17.105993976001628
17.114155180985108
17.12484238599427
26.207391203963198
17.14362430694746
26.22966859402368
17.16337681200821
17.185122108028736
17.20281236997107
26.289129365992267
17.211702050990425
26.315951625991147
17.220782181015238
17.241782277007587
26.366648263006937
17.245364724018145
17.26317333901534
26.38752934196964
17.27318166999612
17.29157648299588
17.308134919963777
26.429120939050335
17.327984687988646
26.447949761000928
17.349765410996042
17.33854887599591
17.348238551989198
26.509396594017744
17.36806390300626
26.490653034998104
17.388639334996697
17.38257076899754
17.374589462997392
26.59559481299948
17.38632106303703
26.539142385008745
17.40747342002578
17.40323106001597
17.421764564001933
26.676356537034735
17.42787546000909
26.61330657399958
17.44949034898309
17.465107169002295
17.48019628599286
26.749596740002744
17.50140065100277
26.66122093296144
17.508038177969866
17.52525886503281
17.53193013498094
26.809049820003565
17.553351723996457
26.746510948985815
17.573822821024805
17.582523443968967
17.603124120971188
26.80297195003368
17.621814417943824
26.805739525996614
17.64109967200784
17.64291058399249
17.655373184999917
26.866960154031403
17.67451364803128
26.88331245200243
17.687615562987048
17.68059959198581
17.699165057973005
26.88314365304541
17.71398312097881
26.933985562005546
17.734498136967886
17.747888898011297
17.768016391957644
26.88615070603555
17.784898112004157
27.014289627957623
17.805669644963928
17.822037672973238
17.806080351991113
26.93696258496493
17.822294320969377
27.094273507012986
17.840367855969816
17.850930667016655
17.87233267899137
26.966390274988953
17.887862936011516
27.143751051975414
17.90826808800921
17.928409393993206
17.943396659975406
27.051996016001794
17.961134448996745
27.187517647980712
17.981614835967775
18.001572877983563
18.019894826982636
27.12285103800241
18.038496724970173
27.256352756987326
18.02526292501716
18.031952882010955
18.052228572953027
27.207289747020695
18.068757608009037
27.188267396995798
18.08970178401796
18.108737407019362
18.11887762299739
27.280003601976205
18.139248184976168
27.26208776299609
18.160550503002014
18.181111329002306
18.19238752196543
27.359482636034954
18.21209073497448
27.307377038989216
18.221331425011158
18.24054885195801
18.260625737020746
27.413211773964576
18.26595545298187
18.281609755998943
27.384489086980466
18.303033280011732
18.30212567804847
27.48307023802772
18.318909848982003
18.331471111043356
27.47068018798018
18.348869701032527
18.362284349976107
27.56399341102224
18.377026745001785
18.39604614704149
27.554494774027262
18.41136208100943
18.431368856981862
27.652021158020943
18.444978084007744
18.464855603990145
27.638824278023094
18.484327020007186
18.502373273018748
18.52215050801169
27.731141355005093
18.538808975019492
27.702601097989827
18.55268658604473
18.57325228897389
18.59471608797321
27.78664377203677
18.616411444963887
27.743656063976232
18.634780451015104
18.65642234898405
18.666657223016955
27.84339535498293
18.680121871002484
27.825445439026225
18.69352827500552
18.707734010007698
18.719849008019082
27.926080030971207
18.738050866988488
27.896329725976102
18.740534825017676
18.758941869949922
18.768029555969406
27.989083366002887
18.78766607202124
27.978442094055936
18.805838050029706
18.821909505000804
18.84295508201467
28.039290747023188
18.843396622047294
28.0647746680188
18.862108286994044
18.883407568966504
18.901937733986415
28.125653978961054
18.901545577973593
28.096103838994168
18.922586489992682
18.93179509800393
18.94754899397958
18.967377790948376
28.167701338010374
18.98455821000971
18.98269476398127
18.99168809998082
18.990843638021033
28.25510003598174
19.005712033016607
19.024362694995943
19.040691844013054
19.047137577959802
19.068670915963594
19.082935824990273
19.09132636198774
19.106618676974904
19.119673895009328
19.134865881002042
19.142732790031005
19.15988415904576
19.17306863499107
19.19225308095338
19.208570515038446
19.229156052984763
19.2385840099887
19.234806173015386
19.252293323981576
19.26055249897763
19.23499919002643
19.250994345988147
19.270223923027515
19.283246038015932
19.294896574981976
19.307273097976577
19.323415792023297
19.331942613993306
19.344402829010505
19.360302340006456
19.373837727995124
19.38897917198483
19.406428629008587
19.42251776898047
19.43652771000052
19.449717627023347
19.46500431705499
19.485093056980986
19.506026401999407
19.526185471971985
19.535704858019017
19.554039684997406
19.566877008008305
19.584193098009564
19.603868050966412
19.623371193010826
19.64295485895127
19.65861095901346
19.67671835597139
19.69692507898435
19.714831423014402
19.734846581006423
19.75329441501526
19.76834242499899
19.788325820991304
19.7990803210414
19.816595114010852
19.83538019802654
19.842319878051057
19.85211865301244
19.865542723971885
19.88463501597289
19.89954759302782
19.91503328899853
19.93557262804825
19.955229973013047
19.972074263961986
19.980249662999995
19.998397079005372
20.008480139949825
20.023047738999594
5.818833801022265
20.043139305955265
5.834908518998418
5.834018951980397
20.063562805007678
5.838890178012662
5.846960605995264
20.08394825999858
5.8348153160186484
5.825557283998933
20.09624269598862
5.849859798967373
5.804697131970897
20.11592249799287
5.862821482005529
5.82337987201754
20.129009066033177
5.83837918395875
5.838099250977393
20.14132606104249
5.853720201994292
5.8530238550156355
20.159509780991357
5.864170670975
5.872485669970047
20.180489505000878
5.882537974976003
5.8711201309924945
20.202098739973735
5.885367262002546
5.8829870439949445
20.22331325901905
5.8970622820197605
5.888011010014452
20.242738948029
5.913247511954978
5.880825430969708
20.257208318973426
5.931127967021894
5.894595868012402
20.273420311976224
5.889402060012799
5.894297436985653
20.29512710403651
5.899206260975916
5.885238324000966
20.314800061983988
5.9096530539682135
5.895205790991895
20.329660895979032
5.930586319998838
5.906008343969006
20.350446272001136
5.933313918998465
5.900524354015943
20.364596889005043
5.949053413991351
5.918238095007837
20.382081214978825
5.962165674020071
5.9354115999885835
20.399743148998823
5.955810873012524
5.955913313955534
20.40889227198204
5.970099013997242
5.9650931500364095
20.41899818996899
5.986631917010527
5.978216291987337
20.425718853017315
5.989540813025087
5.9997083760099486
20.446512415015604
6.018802443984896
20.4664867320098
20.484639229951426
20.503523600986227
6.078031261975411
20.524003060010727
20.514815043017734
20.52788725902792
20.53907076100586
20.540726018021815
20.561952885007486
6.1832873949897476
20.57809006399475
20.59891062101815
20.61674700601725
20.633781302021816
20.646570562035777
6.2427560450159945
20.666267746011727
20.675492467009462
20.695821585017256
20.690397190046497
20.706214042031206
20.726565268996637
6.314219343999866
20.73960721801268
20.76118770800531
20.78276959899813
20.792659970989916
20.813416605989914
20.83096877601929
6.369391924003139
20.844115160987712
20.865476731967647
20.84198520804057
20.856990513042547
20.876202300947625
6.472754400980193
20.892032352043316
20.90980700199725
20.930302535998635
20.951884841022547
20.96198343799915
20.97258637804771
6.547636964009143
20.99227815301856
21.000958215037826
21.013642589969095
21.029551650979556
21.04086595395347
21.038477803987917
6.672240546031389
21.0435224819812
21.05269636202138
21.0694870739826
21.084742128034122
21.0875116190291
21.106945551000535
6.771476380992681
21.121282859006897
21.140464184980374
21.16208227199968
21.181418634019792
21.20123094500741
6.886331828020047
21.212422562995926
21.224368422001135
21.243988705042284
21.260124601016287
21.26448775996687
21.268529537017457
6.976252412016038
21.28477454301901
21.305856903025415
21.317491953028366
21.3323644020129
21.34085292497184
21.361403577029705
7.036144306999631
21.38017864699941
21.401668785023503
21.421405757952016
21.442217173986137
21.461715883982833
7.097537928028032
21.481496407999657
21.499584900971968
21.519600400992204
21.53795866703149
21.55777490901528
21.575384436000604
7.17939813999692
21.588995551981498
21.608887762995437
21.628305090009235
21.647161845001392
21.66550903301686
21.68357696896419
7.22233751998283
21.7022059019655
21.723519595048856
21.740698701003566
21.75335478404304
21.7737230299972
21.791608869971242
7.293764383997768
21.8079461150337
21.81645150698023
21.833157243032474
21.8537751249969
21.870545442972798
7.373645365005359
21.890516270999797
21.910377049993258
21.931704098009504
21.937852073984686
21.949513770989142
21.97050689801108
7.450683975010179
21.980283181997947
21.976671647978947
21.99730508896755
22.00370824697893
22.022407301003113
22.039491684001405
7.566429969971068
22.052771592978388
22.06373245100258
22.078537246969063
22.096457399020437
22.10755844594678
22.126777664001565
7.671785824000835
22.14425251801731
22.16460516199004
22.185079312010203
22.20555992500158
22.226250533014536
7.7437992849736474
22.239526254008524
22.258584272989538
22.262331468984485
22.284030146955047
22.302869833016302
22.296098662016448
7.7757540920283645
22.315852734958753
22.330543646996375
22.35128707299009
22.35465740802465
22.366143740015104
22.380399448040407
7.861293628986459
22.40076913603116
22.4203351510223
22.441025657986756
22.460074203030672
22.474792060034815
7.9666346769663505
22.446091456979048
22.448716839018743
22.461017669993453
22.481037457997445
22.487406066968106
22.494558904028963
8.069439270009752
22.48750101600308
22.50348309299443
22.498163583048154
22.518146707036067
22.53125323803397
22.550967364979442
8.151271128968801
22.571340696013067
22.57510286103934
22.596844900981523
22.613903703982942
22.629047644033562
8.275780074007344
22.6407391949906
22.65511020203121
22.67176669597393
22.69244043895742
22.7088765380322
22.72842831502203
8.386269872949924
22.749553016969003
22.767526470008306
22.788066361972596
22.808472841978073
22.8286963889841
22.840667426993605
8.373133079963736
22.858563194051385
22.87848066398874
22.883143261016812
22.900812208943535
22.912910807994194
22.923680429987144
8.428232555044815
22.94248891202733
22.961775746021885
22.96975113003282
22.98345680802595
22.99554322299082
8.515896080003586
23.008882822992746
23.01783767697634
23.039570304041263
23.05452919995878
23.062572807015385
23.0762834319612
8.625603024032898
23.09621970099397
23.116860341047868
23.132730166020337
23.153148162004072
23.174106187012512
23.174835445999634
8.743702631036285
23.189107946003787
23.209169082983863
23.229255860031117
23.218629349023104
23.239911835989915
23.257656709989533
8.835731961007696
23.271598491992336
23.267165502998978
23.288709012034815
23.30590686603682
23.31393331795698
8.900037040002644
23.31149752199417
23.321514244948048
23.330775030015502
23.351175207004417
23.369964193960186
23.39090706501156
8.962236021005083
23.411392882990185
23.43103057902772
23.45006156503223
23.462577814992983
23.482526801992208
23.490903127007186
9.050701425992884
23.50386712094769
23.52238744398346
23.52743431198178
23.542614187987056
23.563114080985542
23.582113024021965
9.080717342963908
23.597535212989897
23.616971529030707
23.63828352303244
23.65129009197699
23.663889270974323
9.201721115037799
23.68126292299712
23.692475518968422
23.710995879024267
23.7314837629674
23.75207677896833
23.773565282986965
9.292619876971003
23.784251759992912
23.800302980991546
23.818342709972057
23.829500346037094
23.84531679499196
23.86374724196503
9.206938453018665
23.8843701609876
23.901236400997732
23.919839685957413
23.936022806039546
23.949597325990908
9.308013661007863
23.970205252000596
0.26171477301977575
23.98950166697614
24.010089789051563
24.029148354020435
24.04418089799583
24.058004110993352
23.58015793800587
9.418686589982826
24.065227870014496
23.595563920971472
24.078316286962945
24.094356440997217
24.11586795403855
24.129920904990286
23.680730624007992
23.643270706990734
24.151336166018154
23.67399347096216
9.478488814027514
24.165304574999027
23.71661496697925
24.171620715002064
24.18418483895948
24.205006948963273
24.21358770696679
23.772270024986938
23.829623224039096
23.703264999960084
23.74149419099558
24.228447649045847
9.595731282024644
23.838135996018536
24.238303482998163
24.246634157956578
24.258286866999697
24.277244711003732
23.858005084039178
24.298202626989223
23.950063525990117
23.82247333502164
23.85261692199856
9.688748996995855
24.311094311007764
23.95009552798001
24.326322478009388
24.341994196001906
0.8509430729900487
24.360208981030155
24.37892531201942
23.976876558968797
24.047605211962946
24.382372843974736
23.890052182017826
23.97116786398692
9.698964847018942
24.3996371650137
24.053205131960567
0.8339112710091285
24.416524932952598
24.433979515975807
24.453904505004175
24.474593342049047
24.09915429499233
24.142744081036653
23.977641414967366
0.918653761036694
24.494088544975966
24.033264332974795
9.775327665032819
24.127372040005866
24.51350319897756
24.52704677201109
24.260079730011057
24.547505867027212
0.8008402980049141
24.555862965993583
24.2126541720354
24.566554296994582
24.194059181027114
24.087406573002227
24.11968938796781
9.869812580989674
24.579521763022058
24.214206312026363
24.59266128099989
0.7725181130226701
24.608506146003492
24.290420070989057
24.61403783899732
24.631339089013636
24.257536861055996
24.650013334001414
24.26277534896508
24.210314529016614
24.227540010993835
9.979202674003318
0.8572281909873709
24.667591926001478
0.6898799449554645
24.326247287041042
24.680482754018158
24.183347272046376
24.698634662956465
24.71694796200609
0.34259541903156787
24.73230826703366
0.9231399279669859
24.356356102973223
24.35203999199439
24.334911457961425
24.735985006031115
24.338735137018375
10.015895209973678
0.7774410099955276
24.757304964994546
24.44412254699273
24.776676544977818
24.255163059046026
24.797813425015192
0.8886411690036766
24.81481639004778
0.40191400598268956
24.823000212956686
24.476114956021775
24.387132761999965
24.438777545001358
24.44470861897571
24.843343558022752
10.101570662984159
24.547092569002416
24.860051642986946
0.8637890329700895
24.876418983039912
24.361968152981717
24.895358124980703
24.91082417004509
0.49226829898543656
24.60042535798857
24.927959506982006
24.485009734984487
24.518826362967957
24.513603056955617
10.225887368957046
24.949486376019195
0.9052063029957935
24.63961291400483
24.966085505962837
24.98425308597507
24.480619136011228
25.002935214957688
25.02105121698696
24.65104262100067
25.03486633801367
24.55349570797989
24.618079422973096
24.600466481002513
10.263459040957969
25.055318614991847
1.0217104579787701
24.690911403042264
25.072641069011297
0.9699461300042458
24.599416890006978
25.083398717979435
25.094293884991203
25.107508182001766
24.73317812703317
24.601013723004144
24.71706859295955
25.12598768103635
24.704923221026547
10.379492987005506
1.0105042640352622
1.124191215960309
25.144710374006536
24.76675890997285
25.150375307013746
24.71114521898562
0.7879722489742562
1.0448409499949776
24.794017534994055
0.7403907459811307
24.713076511980034
24.842121894995216
24.810432371974457
10.490745234012138
1.2307599280029535
24.732285686011892
24.822873892029747
0.8465006650076248
0.8465576010057703
24.869886214029975
24.81699183699675
24.95551239704946
24.8549127500155
10.614938555983827
24.71854423295008
0.8454072159947827
24.899934867979027
24.951098725025076
0.9336888919933699
24.828224063967355
25.05970530200284
24.940370149968658
10.687842847022694
0.7407289989641868
24.833172091050074
24.96291589399334
1.0404489500215277
24.884354081004858
24.921594584011473
25.13253561296733
24.918233188975137
10.782230841985438
0.7895497389836237
24.909454617009033
25.081770332995802
1.1262231470318511
24.98643638601061
25.005679383000825
25.209354388993233
25.01173782296246
10.893895815999713
25.014956016966607
25.1779075890081
0.7216541399830021
1.2296289730002172
25.105789248016663
25.111951785045676
25.03555409098044
25.10026964097051
11.012884664989542
25.090458564984147
25.2846897339914
0.8034731730003841
0.8514209770364687
25.16199215495726
25.200102663016878
25.116553655010648
25.182334062992595
11.132977989967912
0.8455648420494981
25.215282867022324
25.3482107190066
0.816202963993419
25.245907986012753
25.322349725989625
25.216511298029218
25.278221914020833
11.20806321996497
0.8730655870167539
25.334656433027703
25.439568430010695
0.9250973369926214
25.3636368070147
25.426827014016453
25.33065388799878
25.36817443696782
11.295079883013386
0.9900581520050764
25.442249045008793
25.45168191398261
0.9847699420060962
25.488853434973862
25.529543540033046
25.44698461802909
25.46552041301038
11.419984255975578
25.518108825024683
25.54021283297334
1.0586101280059665
1.1032167510129511
25.610760719981045
25.612003131012898
25.51572364801541
25.57934054604266
11.53163910197327
1.0619346259627491
25.588861840951722
25.604202795017045
1.0975641790428199
25.73378968902398
25.701380369020626
25.611237935023382
25.68056319601601
11.645554132002871
1.1259650110150687
25.713765693013556
25.674072817026172
1.152974256023299
25.7628145890194
25.800902245973703
25.702380159986205
25.76420399796916
11.718307235976681
1.2272795949829742
25.832841695053503
25.749703279987443
1.1816047679749317
25.86554342904128
25.887140853039455
25.825388471013866
25.861187856004108
11.824254640028812
1.2396316989907064
25.9247950729914
25.86205894401064
1.2662976530264132
25.985394953982905
25.980615477019455
25.946801559010055
25.976166319975164
11.808751424017828
1.3468869529897347
26.01413229503669
25.95739220903488
1.3766466490342282
26.1017460229923
25.99707554205088
26.07196999702137
26.073053225991316
11.933750775002409
1.403730325982906
26.093240871967282
26.05034334800439
1.3003216900397092
26.17733954801224
25.97215291397879
26.137652036966756
26.124860382988118
11.83757372898981
1.3946968920063227
26.17068408598425
26.12504696601536
1.3734017859678715
26.22477827203693
26.08829080295982
26.227298531972338
26.135322406014893
11.850816458987538
1.3277201229939237
26.25154820102034
26.23476301197661
1.3698812109651044
26.267647529020905
26.189109141007066
26.33496272598859
26.19398647302296
11.972648561990354
1.3941475109895691
26.25478898297297
26.3577591360081
1.4767815319937654
26.308416365995072
26.26451608602656
26.460152973013464
26.266788406996056
12.09039834298892
1.3901277940021828
26.30736011400586
26.417415983974934
1.2874164109816775
26.416464951995295
26.363243380968925
26.509475910977926
26.370253117987886
12.202582207042724
1.3920328830135986
26.39240069600055
26.516065970994532
1.3191042940015905
26.489736224990338
26.45517342002131
26.60396496305475
26.45772994001163
12.291734489030205
1.460906662978232
26.46537312597502
26.61702001397498
1.3889073979808018
26.60676335496828
26.578041667002253
26.651258849946316
26.55490160296904
12.362252319988329
1.579536287987139
26.568614194053225
26.72874251601752
1.5036205350188538
26.645899631956127
26.697679696022533
26.744238009967376
26.66763667500345
12.45225427299738
1.605482877988834
26.65897109999787
26.847725761006586
1.6099991740193218
26.73796234600013
26.785553455003537
26.64071031997446
26.73755259695463
12.562031389970798
1.6769863200024702
26.695029849011917
26.94257358298637
1.7199703880469315
26.861336730013136
26.85538943798747
26.713232879003044
26.848422036971897
12.594644290977158
1.7241054159821942
26.81873572600307
27.04565853404347
1.7634651560219936
26.939068635052536
26.969543480023276
26.83190781500889
26.965919078968
12.713712779979687
1.8334832529653795
26.9373913659947
27.013245986017864
1.8391447209869511
27.012715750955977
27.086785516003147
26.920969886996318
27.039840111043304
12.815690413000993
1.8471368630416691
27.047642517019995
26.960129168990534
1.9353860139963217
27.102862619969528
27.158209758985322
26.99647636601003
27.10315358801745
12.912423585017677
1.9017364109749906
27.08108201099094
27.036758678033948
1.9827858980279416
27.219631779007614
27.157505501993
27.09554988797754
27.15931883198209
13.023310057003982
2.0106079790275544
27.20062593300827
27.11614112299867
2.0928531929966994
27.316355255956296
27.233952774025965
27.214970607019495
27.232213797047734
13.114340338041075
2.107472449017223
27.322001567983534
27.24098561098799
2.1444911870057695
27.386141878028866
27.274546112981625
27.324782854993828
27.267610911047086
13.21441712899832
2.225925159989856
27.41824185504811
27.36538707301952
2.1363614419824444
27.489100921957288
27.372892489947844
27.443363194004633
27.37217879598029
13.233494271000382
2.335624589002691
27.470827932003886
27.448401231027674
2.080855812993832
27.588458942016587
27.471878665033728
27.550100085965823
27.48548686201684
13.335488550015725
2.428020193998236
27.59273369802395
27.544505517988
2.172270827984903
27.623452473024372
27.49610493896762
27.631801675946917
27.52486422599759
13.419097674952354
2.405840571038425
27.662901094008703
27.60814752499573
2.2785001280135475
27.62203073099954
27.595347068971023
27.709691960015334
27.62215477298014
13.509866098000202
2.515368180000223
27.660895525012165
27.728113988006953
2.288104993989691
27.63651831302559
27.65653529105475
27.712926406005863
27.820868125010747
13.572372891998384
2.4449855140410364
27.67589647899149
27.843134422029834
2.285699450003449
27.742902870988473
27.757106063014362
27.943539439002052
27.78772374399705
13.700052344996948
2.1317669650306925
27.75902529800078
27.95032976998482
2.1306647060555406
27.851391104981303
27.838532124005724
28.008848571043927
27.880321945995092
13.713412660988979
2.1002870940137655
27.84024138696259
28.05011121800635
2.0742611599853262
27.93645864899736
27.961042828974314
28.023584980983287
27.983763053023722
13.825881216034759
2.2047033769777045
27.94767232297454
28.101257006986998
2.076178880990483
28.0149983750307
28.079789493989665
27.959489796950947
28.086291902000085
13.91683365899371
2.327865049999673
28.071538322023116
28.21722214500187
1.8718853030004539
28.11726170196198
28.165737771021668
28.022940000984818
28.173858283960726
13.892742880037986
2.400618983025197
28.118251445004717
28.302812320995145
1.991313739970792
28.235173769993708
28.21766938699875
28.09714241104666
28.23447704699356
13.970884049020242
2.4719878840260208
28.218606967944652
28.39245183201274
2.0215719350380823
28.356529567041434
28.33936232601991
28.216115314979106
28.294904840004165
14.078242529998533
2.076783486001659
28.326479559007566
28.470236419001594
2.0864765649894252
28.474554698041175
28.419449054985307
28.337979868985713
28.360374576004688
14.20144952199189
1.8802183250081725
28.44990105595207
28.329593766015023
1.5827892210218124
28.52246628998546
28.48134298605146
28.43372359999921
28.41369710402796
14.284313366981223
1.9936171040171757
28.55926285899477
28.361836287018377
1.6230747450026684
28.619257706974167
28.58061293204082
28.49651491799159
28.487091429007705
14.386247249029111
2.0106077829841524
28.606061847007368
28.47894439997617
1.4775962539715692
28.73010234499816
28.66737982700579
28.59790456603514
28.540116561984178
14.487263982999139
1.3802150809788145
28.72147088800557
28.59500700898934
1.5134585620253347
28.841433201974723
28.739411323040258
28.717347225989215
28.648170939006377
14.567836743954103
1.5024069770006463
28.83834948000731
28.698164422996342
1.4249762339750305
28.765034211042803
28.770721059991047
28.827393224986736
28.754124263999984
14.58197337796446
1.4943744390038773
28.90119072399102
28.805326350033283
1.4549064330058172
28.853317664994393
28.874380649998784
28.948232704016846
28.861897038004827
14.702516866964288
1.6050595649867319
28.911164542019833
28.87472164700739
1.5765802669920959
28.865625763020944
28.952591428009328
29.029471685993485
28.982443021028303
14.608603255008347
1.6721150350058451
28.990994457970373
28.977681522024795
1.6302034510299563
28.937745217990596
28.942034134001005
29.130928201018833
29.10744520300068
14.586460320046172
1.7464902420178987
28.93203618202824
29.09829188598087
1.5957379859755747
29.018735181016382
29.019426801009104
29.22778495005332
29.204566666972823
14.668789502989966
1.8521340240258723
28.964077378972434
29.219840321980882
1.6019033349584788
29.11930174799636
29.09821651998209
29.34255685302196
29.21442495699739
14.732449841976631
1.8505297580268234
29.088016798021272
29.343971088004764
1.7231614769552834
29.23840635101078
29.212319526995998
29.460584345040843
29.317396017024294
14.8569164799992
1.7593440529890358
29.204332572990097
29.457505012047477
1.8187417840235867
29.348863726016134
29.298087479022797
29.11045707698213
29.300094678997993
14.825233334035147
1.8106459960108623
29.310170371027198
29.552474180003628
1.886195952014532
29.440015296975616
29.394675234041642
29.22202131297672
29.402680864033755
14.92105027101934
1.8682632580166683
29.34430809901096
29.61215988197364
1.9924166980199516
29.525278342014644
29.463149233022705
29.342022379976697
29.29075580002973
15.026723310991656
1.9884367309859954
29.439117068017367
29.733189925027546
2.1096140470472164
29.634148308017757
29.587745669006836
29.466893288015854
29.39496634603711
15.096075717010535
2.0934321180102415
29.551130047009792
29.76842081703944
2.2326646440196782
29.744904090010095
29.60475871496601
29.534539585001767
29.494691193976905
15.161831638950389
2.184881421038881
29.66834208299406
29.569755087024532
2.295587146014441
29.86282926099375
29.70026983396383
29.629789486993104
29.613448291027453
15.247694531048182
2.252113524999004
29.75669899600325
29.62098835001234
2.373075852985494
29.952138418972027
29.76699718099553
29.69663862802554
29.6916759609594
15.316054944996722
2.3568086170125753
29.844340146984905
29.72777135198703
2.4296167900320143
29.742204223992303
29.872575089975726
29.81913766101934
29.797202093002852
15.433519343961962
2.4769233979750425
29.946363701019436
29.822627210989594
2.5464284750050865
29.80206473398721
29.897136949992273
29.937942688993644
29.90632430400001
15.503297154966276
2.5966670619673096
30.063885228999425
29.879592783981934
2.6557674119831063
29.86839392501861
29.89399934600806
30.05893980700057
29.974860391987022
15.457521189004183
2.7081146049895324
30.157711200008634
29.998286093992647
2.7622997330036014
29.99308192799799
29.974924793001264
30.154843010997865
30.09575409203535
15.568233307974879
2.800982019980438
30.155917897005565
30.11741167504806
2.884144948038738
30.112898726016283
30.078828049998265
30.253009844978806
30.20594285201514
15.684403049002867
2.9163893470540643
30.091180278977845
30.221925066027325
2.9402796259964816
30.197686698986217
30.16140689403983
30.34420108102495
30.230458192992955
15.624262559984345
3.0276307979947887
30.10482825798681
30.336281844007317
3.053961861995049
30.304620670969598
30.218386458000168
30.453581615991425
30.333660500997212
15.703776089008898
3.139343303977512
30.217733819969
30.410255231021438
3.123833000950981
30.384118601039518
30.318575097015128
30.56476159300655
30.41666281799553
15.773416522017214
3.2536258649779484
30.294911169970874
30.512073469988536
3.2364097249810584
30.48896153399255
30.424029784975573
30.33642794401385
30.41110013105208
15.87088240601588
3.356609803973697
30.392424522025976
30.620487633976154
3.353893888008315
30.60926344298059
30.514764780993573
30.417196523048915
30.511509153002407
15.96441140898969
3.4499121439876035
30.47829116304638
30.733550200995523
3.4451143229962327
30.722928354982287
30.60443721798947
30.52303101599682
30.561932659999
15.997629296965897
3.5300414899829775
30.59812352800509
30.85671950597316
3.5334548539831303
30.80711233301554
30.714930261019617
30.61468252702616
30.670520439045504
15.937168010044843
3.654177074029576
30.72256905102404
30.965569812979084
3.6283095580292866
30.88885508000385
30.83602983498713
30.728484127961565
30.75444079801673
15.993857585999649
3.7661822930094786
30.842621935007628
30.744421474984847
3.751535316987429
30.98453402100131
30.95328297902597
30.851054743980058
30.848850533016957
16.06022840400692
3.862283224996645
30.945046657987405
30.852531513024587
3.8477410299819894
31.03764961095294
31.03698389400961
30.96800004900433
30.946894395980053
16.05247336201137
3.886778638989199
31.056471383024473
30.844707853975706
3.966285888978746
31.150436074996833
31.128884431964252
31.08876362699084
31.053592176991515
16.157917140983045
31.142371624009684
3.9758109120302834
30.959699940984137
4.04947461996926
31.14858593599638
31.204767510993406
31.177289224986453
31.152489985979628
16.252743196033407
31.230400000989903
4.0900076479883865
31.079097218986135
4.163859830994625
31.106374080991372
31.293788263981696
31.276418934983667
31.244123039999977
16.364113918039948
31.344951914041303
4.195908622001298
31.194147684960626
4.268368360993918
31.206075132009573
31.39100599003723
31.354274862038437
31.27454181603389
16.479236278973985
31.469824586994946
4.300279558985494
31.31165124400286
4.387994732009247
31.31554411200341
31.23713336297078
31.455693445983343
31.390706170990597
16.591694417991675
31.585837999999058
4.4120007090386935
31.41765762603609
4.510006317985244
31.374712653981987
31.33315323397983
31.570089478977025
31.491910093987826
16.71185640897602
31.679217971977778
4.522911673004273
31.524344260978978
4.632370065024588
31.49056164501235
31.45787385100266
31.63269030099036
31.59916067495942
16.812689487996977
31.64433854498202
4.637898555025458
31.620967973023653
4.742413858999498
31.615378340997268
31.573637083987705
31.717642842966598
31.625812420039438
16.83454761299072
31.745310241996776
4.760066862043459
31.737843331997283
4.8278521170141175
31.731532804958988
31.654185837018304
31.83046063699294
31.747465153981466
16.92537061701296
31.59468973398907
4.87807207100559
31.85187221399974
4.8986768029863015
31.817757954995614
31.70717287901789
31.797977332025766
31.837469501013402
17.022879091033246
31.701878554013092
4.966461672971491
31.976674776000436
5.018988900992554
31.92930045601679
31.829206780006643
31.80804348102538
31.918538571044337
17.138141033996362
31.809247391996905
5.052509960019961
32.09038973605493
5.143284680962097
31.99406066798838
31.951531405968126
31.90059710299829
31.947165397985373
17.13909126096405
31.901887519983575
5.169209235988092
32.21386572101619
5.259564373001922
32.11613097798545
32.0656591100269
32.00227300700499
32.05814753501909
17.257218599959742
31.98135486902902
5.277865590993315
32.27502194105182
5.365651898027863
32.238504018983804
32.16900566103868
32.10961404000409
32.138415851979516
17.36818608705653
32.10501989396289
5.390464685973711
32.3876212760224
5.48038749495754
32.36116731300717
32.25493891304359
32.17277496797033
32.25070968398359
17.48448542598635
32.22312872100156
5.5000725539866835
32.49959124397719
5.588720015948638
32.4158255700022
32.35209289798513
32.29345718899276
32.27674535801634
17.598320789984427
32.31681229901733
5.6227028730208986
32.61986952397274
0.7264352420461364
5.706017263000831
32.5241401430103
32.43234251800459
32.36165915802121
32.30660419398919
17.688767988001928
32.43650581600377
5.647370511025656
0.8089680330012925
32.717493825010024
0.8852712690131739
0.77671091404045
5.805534523969982
32.632061668962706
0.8988066629972309
32.53460094699403
0.8934165780083276
32.47770563396625
32.37810122099472
17.791327782033477
32.53816116496455
5.766327204997651
0.8783287119586021
0.8191707609803416
32.36834337899927
0.9827262720209546
0.8968250899924897
0.9727817649836652
5.869424670992885
32.74111280305078
0.9621259520063177
32.64038816600805
32.52453388803406
32.46872715197969
17.8634009520174
32.60982099297689
0.3872154119890183
5.87226669001393
1.0612390089663677
32.48354008595925
0.9824206299963407
0.8213198829907924
5.991458440956194
32.50743759499164
32.61681751604192
32.59518427797593
32.55829623201862
17.91921929101227
1.139520859986078
32.7236552820541
5.970288250013255
0.9787431069999002
1.051634129951708
32.555591195996385
0.6089407799881883
0.8531709350063466
1.1575888009974733
6.077663405972999
32.59515719499905
1.1161568100214936
32.58031445898814
32.707243968965486
32.636151554004755
18.034840454987716
0.9482582729542628
32.8460903299856
6.057808381970972
0.9105739750084467
1.1005783709697425
0.9458577440236695
32.64099858904956
6.1574727420229465
1.0308454239857383
32.6873889779672
1.2317216949886642
32.654721524973866
32.77112120698439
32.7524424319854
18.02825912204571
1.0286017729667947
32.936812233005185
6.176701765041798
1.0601431629620492
0.9971651149680838
1.2052447519963607
32.74465789698297
0.855924678966403
0.8898575480561703
6.1939159510075115
32.745232218003366
1.3422426139586605
32.725466699979734
0.8914953219937161
0.942788920016028
32.86902790295426
32.87649973499356
18.1381779180374
32.94080335099716
0.9384897170239128
6.285876188019756
0.8840989979798906
1.0866100760176778
1.3142121430137195
32.86949662200641
0.960718585003633
0.9636364500038326
6.236266769003123
32.86964166199323
0.9731182639952749
1.4580802459968254
32.833463768009096
0.9548044269904494
32.973364217963535
32.9717043179553
18.257092964020558
32.99048060900532
0.9786939109908417
6.40730549901491
0.887629578995984
1.0486840469529852
1.2052982629975304
1.4283159170299768
1.0432572109857574
32.992550916969776
1.059008135984186
1.0122744879918173
0.9725546150002629
6.328749124950264
32.991730833018664
1.5713926250464283
32.87794080196181
0.9621484089875594
1.0642737319576554
33.080979229998775
32.942312807019334
0.9581695650122128
18.352320681035053
32.84522910101805
0.9228047670330852
6.517684149031993
1.3064099599723704
1.5423812920344062
1.0563607619842514
33.112716911011375
1.135241854004562
0.8849951000302099
1.040595832047984
6.399264745996334
33.10659396700794
1.6961506319930777
32.97399497398874
33.05929601599928
33.00399579497753
18.391432909003925
32.95935160800582
1.0463104619993828
6.63979740999639
1.4129178010043688
1.6674555349745788
33.23039336100919
1.2543359689880162
0.9909338949946687
6.511038011987694
33.12538653402589
1.7861916269757785
33.09717553097289
33.060093396983575
33.07546253199689
1.0498686620267108
18.48520075000124
32.99696468398906
1.1619782589841634
6.752801443974022
1.5368725479929708
1.755045518046245
33.24884860997554
1.3722391690243967
1.0739030209952034
6.596115221967921
33.25000699504744
1.0991631299839355
33.185765578004066
33.1114414500189
33.14967909199186
18.56549924297724
33.11108724900987
1.2836148500209674
6.837563740031328
1.6407021610066295
1.123509796045255
33.368534661014564
1.4886887570028193
1.1503096139640547
6.712509659992065
33.33902123803273
1.1740604509832337
33.27931424701819
33.207562217023224
33.25114945799578
18.65983917802805
33.234198138990905
1.397345521952957
6.933974899002351
1.7549544729990885
1.1310043929843232
33.43097518698778
1.608825927018188
1.2380486309994012
6.82783472497249
33.424048513988964
1.247423371009063
33.3581859030528
33.28732415300328
33.304177541984245
18.7160578930052
33.357391670986544
1.5067609450197779
7.036494663043413
1.2390310319606215
1.2533623569761403
33.446518795972224
1.7306925839511678
1.3626275680144317
6.9481169279897586
33.50295599998208
1.3677383419708349
33.47413126996253
33.367915123992134
33.3999610710307
18.767413101973943
33.47687993600266
1.61385128099937
7.110589858028106
1.2175092730321921
1.374507280997932
33.32731767598307
1.7491775539820082
1.4832560089998879
7.05620617599925
33.62005413102452
1.4679920869530179
33.56738267902983
33.48042227001861
33.501290907966904
18.84202209796058
33.556405120005365
1.6456930399872363
7.0970833180472255
1.3261501739616506
1.3730567019665614
33.39480062102666
1.3161996279959567
1.6064048029948026
7.162850877968594
33.65502149797976
1.5437862449907698
33.64649137901142
33.604642972990405
33.54310982202878
18.944072742015123
33.60603930504294
1.3409624370397069
7.203861666028388
1.4250575799960643
1.4804878199938685
33.51734359795228
1.377399371995125
1.6487255480024032
7.275456407980528
33.50965526403161
1.6315833689877763
33.7157998480252
33.63747459399747
33.63098023500061
19.064009828027338
33.729507279989775
1.3124732919968665
7.1993553530192
1.4969505129847676
1.5818805189919658
33.62951930501731
1.4477616779622622
1.7012485819868743
7.392484130978119
33.62684253900079
1.7255218349746428
33.748524599999655
33.7216497589834
33.721902496006805
19.14332708105212
33.81055011902936
1.4159995520021766
7.321527749008965
1.6117993969819508
1.6882198940147646
33.75344032602152
1.4960577150341123
1.8099238389986567
7.513456027023494
33.7100872300216
1.681250308000017
33.74824755801819
33.846018263022415
33.84222268598387
19.260385455039795
33.90661397197982
1.5274999490357004
7.42499776603654
1.7363203259883448
1.7522568859858438
33.84600629500346
1.5969285200117156
1.46707662998233
7.610405471001286
33.78043526696274
1.6152305810246617
33.822893730015494
33.96610657603014
33.88223193597514
19.37963330699131
33.984373737999704
1.6360083619947545
7.534409362997394
1.7041770050418563
1.8664737570215948
33.955100835999474
1.7149872049922124
1.531615312967915
7.681701837980654
33.891676963015925
1.6262689920258708
33.86164505203487
34.01284311700147
34.002883337961975
19.441761412948836
34.034078472992405
1.7522284159786068
7.641084483009763
1.8056630120263435
1.7681663089897484
34.04857098002685
1.785000164003577
1.6181067489669658
7.8028687729965895
34.0145231190254
1.7488897389848717
33.982677999010775
34.12199051096104
34.07232587301405
19.56137003202457
34.114764102967456
1.8748170930193737
7.733210371981841
1.8884616540162824
1.732911092985887
34.13240444997791
1.8611848109867424
1.7374953749822453
7.883768737025093
34.13626401301008
1.8119912649854086
34.06786917097634
34.21254547400167
34.110816167027224
19.532519094995223
34.1903796280385
1.9669811869971454
7.845766810991336
2.0062038929900154
1.7470609140000306
34.25585236103507
1.9800993749522604
1.855039005051367
7.957721677958034
34.24407739599701
1.8541140559827909
34.118779038020875
34.288124569982756
34.2061506069731
19.62346393300686
34.205281816015486
1.993944178975653
7.945787134987768
1.7680703660007566
1.8557527639786713
34.37516631395556
2.0701394640491344
1.9310136080021039
8.061676741985139
34.36674562096596
1.9657604540116154
34.219579824013636
34.33501450304175
34.259277315984946
19.426412166969385
34.235339179984294
2.1162907280377112
8.049693986016791
1.803159800998401
1.8441951539716683
34.48618416098179
2.137279179994948
1.9712318669771776
8.129401968966704
34.450742970977444
2.089947326981928
34.339710184023716
34.41912933700951
34.38095462700585
19.414861653989647
34.3200679619913
1.8888977490132675
8.16661820502486
1.8945124910096638
1.96727662300691
34.53754725900944
2.2575290160020813
2.080222571035847
8.152079286053777
34.557390150032006
2.1080078189843334
34.46198883303441
34.42563401302323
34.5053726650076
19.46548565500416
34.425554343964905
1.9036958619835787
8.27753742004279
2.0071513850125484
2.0838989640469663
34.63546470599249
1.9581057039904408
2.185449097014498
8.257448629010469
34.638631405017804
2.211622472968884
34.55885784199927
34.51064978999784
34.546297770983074
19.571413601981476
34.48107783700107
1.9949920710059814
8.370832855056506
2.0958999440190382
2.169477617018856
34.759165595984086
2.0120836519636214
2.2154344799928367
8.375202654977329
34.75828739401186
2.2452567929867655
34.65829387900885
34.58177770796465
34.63574365701061
19.6949431640096
34.605288696999196
2.118212234985549
8.484930564009119
2.2014656680403277
2.2530987989739515
34.58841854298953
2.131545066018589
2.002120274992194
8.495410014991648
34.88256046600873
2.1772914069588296
34.745873858977575
34.68463232903741
34.72836709697731
19.638218759035226
34.727045137027744
2.2272547489847057
8.609376281034201
2.3037669300101697
2.33783927798504
34.666551236994565
2.1392980630043894
2.1173354370403104
8.579917635011952
35.00431359099457
2.1776426669675857
34.84920041495934
34.758844426018186
34.826325687987264
19.762689451978076
34.827696688997094
2.2508389730355702
8.71139786299318
2.3795188850490376
2.4428809719975106
34.757165980001446
2.251601211959496
2.1680618739919737
8.690841395989992
35.046060341002885
2.273051167023368
34.9725662440178
34.87514641700545
34.91405504400609
19.722197803959716
34.91964262002148
2.348595560004469
8.829995655978564
2.4965239299926907
2.451703251048457
34.869157615990844
2.3738098649773747
2.2636668670456856
8.796456284006126
35.15222540998366
2.376094673993066
35.064681718009524
34.996346360014286
34.99137328600045
19.839047629968263
35.00329884001985
2.460286873043515
8.935412582999561
2.4158188810106367
2.378223895037081
34.98377981199883
2.487765862955712
2.376197906967718
8.910196043958422
35.17452493397286
2.445922057959251
35.16876171302283
35.11045263701817
35.10363818501355
19.95784814597573
35.11271879199194
2.513133142958395
9.049697340989951
2.4922518969979137
2.374596531968564
35.10394916200312
2.575160980981309
2.4883490570355207
9.032721030001994
35.0153774410137
2.492336376977619
35.24622681696201
35.164932615996804
35.110391166992486
20.07817807997344
35.23661331599578
2.627771286992356
9.169591862009838
2.4785001460113563
2.4935016040108167
35.15725449100137
2.6528079570271075
2.573157323000487
9.151444274000823
35.08666028099833
2.6122433409909718
35.33832209504908
35.23594272398623
35.14126615202986
20.140166973986197
35.35669023403898
2.737933418015018
9.286845778988209
2.4852924779988825
2.5575736550381407
35.24506836599903
2.744694178982172
2.636220387998037
9.262276851048227
35.16047066502506
2.6849037900101393
35.39478256896837
35.36108369700378
35.255856650997885
20.240995633997954
35.44686951203039
2.5450488710193895
9.398804580036085
2.608339430997148
2.6425052199629135
35.35959140799241
2.8243492370238528
2.7506482140161097
9.374612604035065
35.260091143951286
35.22298601997318
2.7704579820274375
35.40207138401456
35.34591130603803
20.294488755054772
35.566604487015866
2.6344568169442937
9.514453486015555
2.6951202580239624
2.7622607499943115
35.4689003219828
2.700402910995763
2.8558985259733163
9.483910606999416
35.38438557495829
2.887628998956643
35.31198975699954
35.473486294038594
35.366796754999086
20.391098888998386
35.61007290997077
2.6876546209678054
9.638728337013163
2.793564658961259
2.8725267829722725
35.59387743100524
2.740280708007049
2.899782886961475
9.601566623023245
35.4827723930357
2.9124729559989646
35.354852479998954
35.547257530037314
35.49013185995864
20.509504052984994
35.621038323035464
2.79053359903628
9.754350910021458
2.8830837120185606
2.9634187660412863
35.677763514977414
2.8495798859512433
3.0095214549801312
9.72182050801348
35.59616224997444
3.008016371051781
35.47611373098334
35.5806453860132
35.56452747498406
20.587392762943637
35.46079592005117
2.871843989007175
9.865841800987255
2.9634586769971065
3.0588547689840198
35.771335483004805
2.8553938179975376
3.09835737204412
9.841360359976534
35.71280510397628
35.57761316001415
3.1231503220042214
35.66549138398841
35.60762828803854
20.6330190479639
35.555653774004895
2.96423964103451
9.965790371992625
3.083331396977883
3.1130161519977264
35.8867247349699
2.938421765982639
2.868425232009031
9.948593899025582
35.78748924197862
35.672988042992074
3.1199795930297114
35.68752071500057
35.7153436029912
20.732516613032203
35.60878455499187
2.988687441975344
9.987758314004168
3.1967374500236474
3.224571429018397
36.00809332501376
3.0167268500081263
2.8954991289647296
10.061299547029193
35.765276318008546
3.0224698340171017
35.90320177801186
35.7797988789971
35.807288286974654
20.77382611099165
35.732066030032
3.0690202160039917
10.10378706100164
3.192250285006594
3.333985371980816
36.03709910000907
3.1356085449806415
2.9950089399935678
10.16249976598192
35.861978301021736
3.123624285974074
36.014597448986024
35.81036194198532
35.905657920986414
20.80260495201219
35.8287307349965
3.1450047329999506
10.19921081699431
2.9715947319637053
3.014187434979249
35.80808025598526
3.2508591469959356
3.1160822109668516
10.286641490994953
35.97833955398528
3.1713804969913326
36.086211442016065
35.90777630597586
36.01031302398769
20.923431486997288
35.92515148001257
3.2577427349751815
10.205666436988395
2.980584420962259
3.010922198998742
35.87640657299198
3.3573171869502403
3.137888603960164
10.407529446994886
36.07263230200624
3.2103514120099135
36.19590951601276
35.995155395998154
36.04526162502589
20.901602520956658
36.01163845998235
10.3269413629896
3.38244257500628
3.0802936559775844
3.1156829039682634
35.970327709044795
3.3841842919937335
3.2491170399589464
10.531205149949528
36.15400828397833
3.1160507739987224
36.29620965704089
36.11153086001286
36.1550662520458
20.947218455024995
36.117585898027755
10.444291246996727
3.135708538000472
3.153092688997276
3.171179362980183
36.093007966002915
2.974028646014631
3.335369073029142
10.588818551972508
36.26765942102065
3.114091199997347
36.38283214799594
36.16093895002268
36.16708894900512
20.984189763956238
36.238696667947806
10.538766465033405
3.1303563819965348
3.243477472977247
3.266599188966211
36.212293031974696
3.0347013809951022
3.3150404670159332
10.652916353021283
36.36672063701553
3.2340710949501954
36.20956846897025
36.271594018966425
36.28652331704507
21.074491962965112
36.36225365794962
10.650301821005996
3.1341795829939656
3.327352758962661
3.3464604119653814
36.27777980302926
3.1343322499888018
3.0838639449793845
10.765496379986871
36.47005514596822
3.2300758810015395
36.28227343095932
36.3752851060126
36.393131816003006
21.179087616037577
36.48274335300084
10.742675730027258
3.1759179049986415
3.450136489002034
3.4615985289565288
36.38802230998408
3.2520736570004374
3.1338957709958777
10.841008075978607
36.52130007802043
3.32849239197094
36.39900445798412
36.497519525000826
36.509694701002445
21.29215801798273
36.55487588595133
10.83731330797309
3.237109309004154
3.492764004971832
3.523059227038175
36.51856437296374
3.3515307439956814
3.2284491779864766
10.922304266015999
36.63294396002311
3.3868125959997997
36.52280967502156
36.615849041962065
36.55609531496884
21.389707627007738
36.66551303298911
10.920308698026929
3.305354484997224
3.2508280929760076
3.2714431839995086
36.6278388290084
3.3839661779929884
3.2547857629833743
11.030846067995299
36.69966977601871
3.4813155729789287
36.64346917299554
36.71618007402867
36.627560177992564
21.51021190098254
36.74267000000691
11.016926795011386
3.402854217973072
3.236232528986875
3.2806077859713696
36.751614013977814
3.489548211975489
3.373982231016271
11.066196997999214
36.74740985495737
3.4983535790233873
36.72927594400244
36.76331165898591
36.72193488199264
21.562247205001768
36.866493251989596
11.13574899599189
3.5131586819770746
3.358554654987529
3.3850951999775134
36.87394547101576
3.58075079403352
3.4509091220097616
11.180313405988272
36.7096813590033
3.4847288700402714
36.775199513009284
36.88106869999319
36.75480635097483
21.642835595994256
36.9851718210266
11.250340221973602
3.630654435022734
3.48038883699337
3.496858538943343
36.989170580985956
3.6179630709812045
3.4578589150332846
11.287505980988499
36.795742043002974
3.4567910530022345
36.893407261988614
37.00555262196576
36.871190220990684
21.700342056981754
37.03293810097966
11.363989256962668
3.586826407990884
3.5157918040058576
3.617783566995058
37.06074653600808
3.3736611969652586
3.558596602990292
11.399474524019752
36.86355278198607
3.50772615900496
37.01662618201226
37.111281556019094
36.976960035040975
21.761720547976438
37.12968409899622
11.466338382975664
3.4364270030055195
3.635740634985268
3.6327364489552565
37.155873520008754
3.4968814509920776
3.621086266997736
11.5047073859605
36.98362192098284
3.6308233909658156
37.14169601700269
37.144306499976665
37.00402741797734
21.858456849993672
37.16045242798282
11.576222489995416
3.499346457014326
3.7352438919479027
3.7489672730444
37.262872390972916
3.523404112958815
3.587419003015384
11.577857152034994
37.105279032024555
3.6416529020061716
37.21863915899303
37.22918218100676
37.12554325599922
21.92308157798834
37.08076542703202
11.6976693450124
3.6227335309959017
3.7843701090314426
3.8121419069939293
37.38301248900825
3.636575999960769
3.5716003839625046
11.684819535992574
37.212805130984634
3.7616651720018126
37.30937846004963
37.31623858300736
37.24714881501859
22.01081836898811
37.17017246800242
11.790201293013524
3.72253654996166
3.872789453016594
3.873163963027764
37.50524837797275
3.758618714986369
3.6358347379718907
11.80131391301984
37.28375690401299
3.85994929500157
37.38785060797818
37.301722366013564
37.35562923696125
22.09821892401669
37.23328479798511
11.889964921982028
3.764588276972063
3.988788926973939
3.6859585330239497
37.617837103956845
3.8325125979608856
3.7270866080070846
11.914352590974886
37.36991357000079
3.8848313390044495
37.50877847295487
37.366940653009806
37.420665359997656
22.2219655890367
37.34644012898207
12.003610068000853
3.8867335880058818
3.630054077017121
3.7482868800288998
37.675771395035554
3.897197281999979
3.686797996982932
12.038494364998769
37.49420200497843
37.62976626603631
3.9538124249666
37.40441865398316
37.51532310701441
22.33839807100594
37.471500344981905
12.12887596001383
3.930323062988464
3.741262414958328
3.870414809032809
37.77974149398506
4.008923218993004
3.80700191098731
12.15643385000294
37.61572580598295
37.73144158697687
4.010916450002696
37.50946484901942
37.63288001297042
22.44874558504671
37.54543946601916
12.24981057801051
4.010953113960568
3.781018011039123
3.8926478389767
37.792218554008286
4.115912028995808
3.887668785988353
12.277165561041329
37.738861873047426
37.836246210034005
3.904501390992664
37.62549845199101
37.74776641203789
22.526454248989467
37.61718528397614
12.35696101502981
3.844004781974945
3.8949865809991024
4.006867245014291
37.5855606260011
4.178371826012153
3.9944453890202567
12.402009634999558
37.85126709297765
37.90959258796647
4.020605636993423
37.703561311005615
37.81165928900009
22.576001885987353
37.73171894700499
12.474152971990407
3.8896066260058433
4.014419896993786
4.054683834023308
37.659715890011285
3.944644903007429
4.021886979986448
12.508071099990048
37.8835928059998
38.02843420597492
4.012282120005693
37.766799800039735
37.86499401903711
22.695594223972876
37.85679726296803
12.556186161004007
4.003599486022722
4.127306317037437
4.151243280037306
37.761562998988666
3.995116470963694
4.130741115019191
12.559652561030816
37.9857449089759
38.02961173502263
4.136361570970621
37.87579500803258
37.90206028503599
22.815991417039186
37.97643389500445
12.636711514031049
4.024763934023213
4.177072520018555
4.275257904955652
37.88252010999713
4.082880443951581
4.247588200960308
12.678809342964087
38.10311865102267
37.898229970014654
4.143441574007738
37.99283873301465
37.93580977799138
22.905077961971983
38.03264412400313
12.745303395960946
4.1295901269768365
4.2663053730502725
4.32489256397821
38.004113516013604
4.135868716984987
4.198267883970402
12.791034790978301
38.185829848982394
38.012351331009995
4.263682708959095
38.105483188002836
38.033981377026066
22.90048506599851
38.12326016498264
12.859947239980102
4.227592897019349
4.363045911013614
4.345748552004807
38.11732581304386
4.253395472012926
4.134111439983826
12.905694465967827
38.154688799986616
38.014214074006304
4.283562566968612
38.189570648013614
38.11330511700362
23.003568068961613
38.24719164299313
12.97844694799278
4.343617003993131
4.474556686007418
4.1931630820035934
38.21546971000498
4.263604413019493
4.143808933964465
13.015008154034149
38.056950095051434
38.13917625695467
4.396931311988737
38.299889379006345
38.22578017500928
12.84913944103755
38.36301138997078
13.058120823989157
4.365233813005034
4.563114820979536
4.2559084079694
38.283398617990315
4.385419088008348
4.2446792520349845
13.115397506044246
38.14964667405002
38.263801659981254
4.520118208951317
38.36885844101198
38.253322642005514
12.9362042779685
38.444435107987374
13.117928714025766
4.459327696997207
4.540789844992105
4.379858970001806
38.38444543199148
4.424118746013846
4.289996888954192
13.237568487005774
38.242190435004886
38.34981661202619
4.537690185999963
38.48951667000074
38.32086190098198
13.044834800006356
38.49493942497065
13.229416764981579
4.415263495000545
4.368796227965504
4.404517012008
38.498298905964475
4.493741798039991
4.385035234969109
13.361941061040852
38.340438695042394
38.43185775796883
4.636401406023651
38.60491291596554
38.41857226297725
13.163592006952967
38.281242953962646
13.31643567001447
4.469726268027443
4.432516534056049
4.523013169993646
38.619487149990164
4.613082869036589
4.499973113997839
13.435462025983725
38.413157181988936
38.5268011019798
4.517750667990185
38.54429442604305
38.47781700704945
13.28682093997486
38.38122017704882
13.255293325986713
4.529723346000537
4.4852271899580956
4.644851570017636
38.73403703200165
4.649203832028434
4.624380271008704
13.556160867970902
38.50027462100843
38.64791588700609
4.523617160972208
38.46919843798969
38.54861263802741
13.410373480000999
38.498138913011644
13.32494482101174
4.639073890983127
4.560676651017275
4.704619271040428
38.80090382200433
4.7379849220160395
4.742627206025645
13.671889920020476
38.62003629998071
38.74683435901534
4.6089057580102235
38.57809670601273
38.629768049984705
13.491107098001521
38.61855369398836
13.4116460380028
4.619133290019818
4.657651323010214
4.769476514949929
38.881740166048985
4.8381248689838685
4.744284887041431
13.724825511977542
38.744847834983375
38.838599023991264
4.709996976016555
38.683319534990005
38.712627426953986
13.562285156047437
38.742152585007716
13.531758619996253
4.68874999997206
4.774649642989971
4.8479580149869435
38.97926701599499
4.638894097006414
4.835719928028993
13.810951694962569
38.86983645596774
38.893602223019116
4.771236963977572
38.75582568102982
38.81908330600709
13.676428327977192
38.84369055501884
4.74919345905073
13.64032812800724
4.893165173009038
4.924056344025303
38.83369162795134
4.702853109978605
4.923439986014273
13.664126170042437
38.95207826496335
38.9902739499812
4.884254644042812
38.87978638295317
38.89912101300433
13.80148595198989
38.948330989980604
4.848846227978356
13.73652255302295
4.965889138984494
4.986818904988468
38.883959438011516
4.770842281985097
4.993984514963813
13.66398792900145
39.05705537996255
39.07188626198331
5.003281061013695
38.96060193201993
39.01816559303552
13.923289476020727
38.99841091997223
4.892681768978946
13.846350975974929
5.004712485999335
4.898405485961121
38.95343837101245
4.884169346012641
4.833892263995949
13.786970154964365
39.161958424025215
39.18059242499294
5.118542893033009
39.028589937021025
39.07472740998492
14.046394645003602
39.117938714975026
4.999693448015023
13.917561382986605
5.093607791000977
4.892885263019707
39.03328885498922
5.000860720989294
4.883181965036783
13.898477376962546
39.249187131994404
39.27060590998735
5.140081021992955
39.13861815800192
39.12311581801623
14.154351387987845
39.24101060500834
5.0461418780032545
14.040056685975287
5.132567017979454
4.974256771034561
39.15123236499494
5.119322739017662
4.980596242996398
13.994026542990468
39.312161905982066
39.1677861000062
5.255820813996252
39.2624643209856
39.20092820900027
14.260025447991211
39.33200205001049
5.145189586037304
14.155227452982217
4.986870971042663
5.0425109040224925
39.267261683999095
5.231001809006557
5.016921584028751
14.056560812983662
39.38031844998477
39.2657794120023
5.340166830050293
39.3744348930195
39.27352873998461
39.39629269303987
14.354746697004884
5.258345882000867
14.203141587029677
5.036565747985151
5.140678839990869
39.38918779697269
5.259605086001102
5.141084429982584
14.133871275000274
39.407697321032174
39.34364535100758
5.136043225007597
39.45051907602465
39.37388946599094
39.498945404950064
14.466343220963608
5.211347937001847
14.31122458097525
5.150919422972947
5.254165953956544
39.502406057028566
5.353811840992421
5.263363655016292
14.2466239919886
39.35584865399869
39.414555451017804
5.137244114011992
39.5523153609829
39.48694965598406
39.58966805000091
14.526523039035965
5.136603368038777
14.377279321022797
5.238024301012047
5.378763184999116
39.58240351598943
5.3133730689878576
5.259203398949467
14.349090608011466
39.4442674270249
39.526176557003055
5.25425738299964
39.638006791006774
39.604664838989265
39.69280312099727
14.278913740010466
5.147612583998125
14.368304534000345
5.297804053989239
5.436641621985473
39.665066134009976
5.197169021004811
5.365611997025553
14.45747482101433
39.49431265401654
39.64496759301983
5.284641636011656
39.741094053024426
39.645328729005996
39.64866003498901
14.366792530985549
5.249155388970394
14.460588223999366
5.39597022900125
5.512590242025908
39.77607360196998
5.267235612962395
5.389558548049536
14.565827091049869
39.61954571300885
39.770174529985525
5.398070460010786
39.85338930803118
39.748852020013146
39.69926468800986
14.466609809023794
5.374280948017258
14.533587563957553
5.484262432961259
5.595749729021918
39.887735950003844
5.377467265992891
5.452221168961842
14.674362507008482
39.72974390699528
39.84797071997309
5.517710232990794
39.842867794970516
39.838667581032496
39.74417632096447
14.572232873993926
5.4737083640065975
14.624142174026929
5.554615141998511
5.382611035020091
40.01281782396836
5.393046515004244
5.5022519789636135
14.750050805974752
39.83921990200179
39.92701984895393
5.634757174993865
39.89681184198707
39.868653237994295
39.82139333302621
14.674002388026565
5.518415577011183
14.725611023022793
5.6282060780213214
5.427476130018476
40.12450524704764
5.5064732899772935
5.478946858958807
14.829930590000004
39.89002531499136
40.02715335495304
5.587786561984103
39.92367673502304
39.98279434000142
39.87268392799888
14.776498258986976
5.6005484240013175
14.720167746010702
5.533104859001469
5.5123314810334705
40.185658833011985
5.615471288037952
5.487594194011763
14.931186485977378
40.00073245196836
40.14295027003391
5.694981940963771
39.94140430499101
40.029418232967146
39.97312386898557
14.879522841016296
5.686115769029129
14.81153498601634
5.550504854996689
5.6228211669949815
40.27397685300093
5.639072220015805
5.557307114009745
15.047912964015268
40.101918625994585
40.26784065400716
5.745805095008109
40.03126386500662
40.08054524398176
40.09084490704117
14.95635992201278
5.770131774013862
14.911390413006302
5.575350362982135
5.699689920002129
40.05905513302423
5.743533483997453
5.626588348008227
14.93646728695603
40.20809764001751
40.308979953988455
5.61241434601834
40.140654016053304
40.17507597600343
40.17133886902593
15.065472843998577
5.581226312962826
15.01099516596878
5.645144387031905
5.766715176985599
40.15378332696855
5.816141900024377
5.696328626014292
15.033114202029537
40.312886692991015
40.38731428398751
5.6451518459944054
40.26359499595128
40.24937667802442
40.25762484205188
15.177762628009077
5.630716207029764
15.055859639018308
5.765779226960149
5.887779170006979
40.278368455998134
5.837280172971077
5.769050488015637
15.100472030986566
40.42267293803161
40.294430271023884
5.749011142994277
40.36873567599105
40.332427669956814
40.37215471401578
15.288454000023194
5.725526933965739
15.175479753990658
5.773467616003472
5.915456393966451
40.37883919494925
5.897691307007335
5.831147070042789
15.19670227903407
40.508204308047425
40.396367506007664
5.869518690975383
40.38816031400347
40.383807620964944
40.49387595400913
15.37890197802335
5.767786693992093
15.289372471976094
5.881107677007094
6.015121086034924
40.43571000103839
5.737225954013411
5.875418424024247
15.312267581000924
40.624144262983464
40.48659458698239
5.889491621986963
40.50692457304103
40.50341787101934
40.616155299998354
15.433357738016639
5.891363069997169
15.414467507973313
5.888189091987442
6.058763222012203
40.52941182802897
5.769181589013897
5.800832926004659
15.40496010897914
40.737313674006145
40.52520733198617
6.0046495830174536
40.62784984300379
40.521763772005215
40.725063925026916
15.554609577986412
5.884849670983385
15.503312892979011
5.966102721984498
5.867376416979823
40.64168907399289
5.8917199519928545
5.887271755957045
15.479068638989702
40.818815067992546
40.621595073025674
6.118978043028619
40.63832947402261
40.62096277397359
40.794362018001266
15.62753277795855
6.007403815980069
15.619014095980674
6.021886050002649
5.889274340996053
40.76154665101785
5.953247249999549
5.822397893993184
15.585414188040886
40.57829341600882
40.72925313399173
6.139693441975396
40.75491807598155
40.73562070901971
40.87511278997408
15.732287223974708
6.020060228998773
15.67971368599683
6.096521722036414
6.013625081046484
40.82240281696431
6.006302422028966
5.891200683021452
15.683595711016096
40.692448117013555
40.83118976402329
6.211890164006036
40.861759627005085
40.823698752967175
40.99415584700182
15.74263658595737
6.098055793961976
15.799024443957023
6.143132473982405
6.012241624004673
40.931207667978015
6.086707056965679
5.959898775967304
15.772456861974206
40.80638989305589
40.922762489004526
40.95499993104022
5.984304148005322
40.89164324599551
40.93945365800755
15.847289772005752
6.054574076028075
15.903936874994542
5.967614749039058
6.121164781972766
41.04019290499855
6.168854048999492
6.0184222210082226
15.891105436021462
40.87524483399466
41.031814179965295
41.00383427401539
6.025783748016693
41.00697497301735
40.966089990979526
15.910685838025529
6.062505620007869
16.003847624990158
6.015029689995572
6.1544344229623675
41.16297093400499
6.255013608024456
6.13677128002746
15.997078226995654
40.99484441295499
41.15594089298975
41.10431589296786
6.14543535199482
41.09579025302082
40.99659489700571
16.000334465003107
6.145747557049617
16.0725924980361
6.12547753500985
6.2597275379812345
41.28644919896033
6.050862008007243
6.2165303329820745
16.099710756039713
41.09958494803868
41.26299743895652
41.211654972983524
6.232285849982873
41.211923908034805
41.09713776700664
16.037723772984464
6.138821478991304
16.176201626018155
6.208582982013468
6.380203409004025
41.41045631200541
6.12334001401905
6.260991029033903
16.200372474035248
41.214486222015694
41.32902467501117
41.32625453401124
6.279112513992004
41.304268950014375
41.191211403987836
16.154632484016474
6.158814658003394
16.280429477978032
6.2674710570136085
6.4157068760250695
41.5073106510099
6.240640985954087
6.380252805014607
16.278679787006695
41.31568962102756
41.44680896401405
41.358752408996224
6.392388153995853
41.36669792397879
41.25934927997878
16.269516761996783
6.2727164850221016
16.378573022957426
6.388519539032131
6.506354740005918
41.46580102597363
6.263246610003989
6.30989137297729
16.366863653995097
41.379984735976905
41.53629792196443
41.45960527099669
6.508340148022398
41.47553151496686
41.37122973904479
16.362260324007366
6.382644964964129
16.391106786963064
6.4958429770194925
6.271661131002475
41.367125165008474
6.375544521026313
6.18460810900433
16.485174158005975
41.49768225901062
41.58295145700686
41.541591502027586
6.512373376986943
41.56886930402834
41.495917754014954
16.471215688972734
6.369072931993287
16.493114620971028
6.519711357017513
6.284433987981174
41.42868552997243
6.407053612987511
6.266523819009308
16.580851148988586
41.6209499380202
41.68090401799418
41.577523412008304
6.593947974033654
41.567788569955155
41.60400294000283
16.55439743999159
6.446983248053584
16.585720781993587
6.227426013967488
6.390239843982272
41.53553283197107
6.5172148940037005
6.34275847900426
16.690076357976068
41.738783105043694
41.56772386201192
41.66665430000285
6.368392376985867
41.65498756500892
41.71932948799804
16.673829969018698
6.518125316011719
16.6487872779835
6.301308820024133
6.513290292001329
41.65813120902749
6.633168260043021
6.396315052988939
16.803389095992316
41.86372318700887
41.65904345002491
41.73394751502201
6.3908243459882215
41.71105989796342
41.805683423008304
16.798928425007034
6.400259616959374
16.74293840501923
6.394661448022816
6.495794157963246
41.78311729297275
6.24210110300919
6.510680708975997
16.906811309978366
41.933438642998226
41.772866246989
41.82366382802138
6.512695387005806
41.825953376013786
41.88392609998118
16.894913438009098
6.317864621989429
16.851033493003342
6.519523552036844
6.598823836015072
41.892447161022574
6.338549014995806
6.503926724020857
16.93664595298469
42.02059280197136
41.87329001101898
41.88337883801432
6.431341953051742
41.90123392600799
42.00903388200095
17.009377401031088
6.408340906957164
16.938388883019798
6.585579148028046
6.638669214036781
42.002302990993485
6.380839358025696
6.4605391069781035
16.858755759021733
42.112229169986676
41.97415198903764
42.007810207025614
6.541778705024626
42.00423911400139
42.123721203999594
17.09329330001492
6.48808374296641
17.004222414980177
6.599354644014966
6.448540582030546
42.04886001802515
6.502231695048977
6.489230722014327
16.98029207001673
42.214670772023965
42.050287482969
42.06625647901092
6.657779329980258
42.06789070996456
42.21742618997814
17.212056225980632
6.601423281012103
17.056397948006634
6.706007179047447
6.509032189031132
42.15939808101393
6.624561005039141
6.47313810599735
17.061436099000275
42.30823776201578
42.1636493409751
42.14721011399524
6.641933489008807
42.14229580294341
42.27216848701937
17.31176559603773
6.646241316979285
17.162392382044345
6.681531512993388
6.550111348973587
42.26934705697931
6.640252696990501
6.514465675980318
17.186405591026414
42.10005618399009
42.276544691005256
42.25380086596124
6.631356833036989
42.25111269397894
42.377210320031736
17.43300622497918
6.600272358045913
17.283823067962658
6.574167457001749
6.647116537031252
42.38984802097548
6.734022154996637
6.6341465979930945
17.303370067034848
42.169647722970694
42.39922068500891
42.330836683977395
6.679030571016483
42.33022204000736
42.49397544597741
17.526069312996697
6.653135614993516
17.402659533021506
6.660180402977858
6.764634619001299
42.50770473299781
6.776326472987421
6.670358813949861
17.420804983994458
42.267519501037896
42.51732881000498
42.40331611200236
6.768403661029879
42.38553696201416
42.31804307398852
17.591622369014658
6.770242478
17.45113078597933
6.772299511008896
42.632041959965136
6.855953077028971
6.830747984000482
6.7539875159855
17.523797516943887
42.37720754795009
42.58033549803076
42.510726184991654
6.889816178998444
42.48870853398694
42.38219891197514
17.645738952967804
6.871489039971493
17.554003780998755
6.759870264038909
6.89832141000079
42.75416090001818
6.895939384994563
6.853198952972889
17.54910538700642
42.50200472702272
42.66428365104366
42.62986021902179
6.896764028002508
42.56406030902872
42.477004705986474
17.529292129038367
6.898814879008569
17.653014349984005
6.863750842981972
7.013066937041003
42.779544799996074
6.83738512796117
6.944814730028156
17.665676304954104
42.60133863601368
