0.4858613437972963
0.49437585612758994
0.4525206950493157
0.4548714770935476
0.5551325823180377
0.5203675949014723
0.5101004368625581
0.28195768874138594
0.12629850208759308
0.14840896613895893
0.12586836190894246
0.12599684903398156
0.21499465592205524
0.12591075105592608
0.13118214206770062
0.12599277729168534
0.24728781590238214
0.17568417498841882
0.156570581253618
0.24384939391165972
0.17753632273525
0.22302015917375684
0.18931123428046703
0.24743038322776556
0.12632169714197516
0.23397997068241239
0.24495197972282767
0.21849058521911502
0.15678100613877177
0.1987663130275905
0.14075885899364948
0.20509331114590168
0.20224531088024378
0.12603988638147712
0.22950166603550315
0.16525738406926394
0.2012167191132903
0.1645514527335763
0.14811420207843184
0.1534971627406776
0.21329541224986315
0.17859916109591722
0.2409425750374794
0.17361093778163195
0.1640427759848535
0.22994854766875505
0.17762730782851577
0.24213024089112878
0.12602973403409123
0.20299833500757813
0.1778748999349773
0.1299142218194902
0.12582529988139868
0.12587941298261285
0.1261992361396551
0.1258308649994433
0.1467876979149878
0.1257577957585454
0.12687103170901537
0.12603763164952397
0.24387759808450937
0.16097251884639263
0.169295618776232
0.24612407013773918
0.12590689584612846
0.12593722762539983
0.12623868277296424
0.2464859690517187
0.15378988720476627
0.12571654003113508
0.22787400567904115
0.14928624499589205
0.24521728698164225
0.1261501689441502
0.1260660900734365
0.2111712140031159
0.16405379818752408
0.20056306198239326
0.22270526830106974
0.12586537888273597
0.12583976425230503
0.25075705582275987
0.22121343901380897
0.12678497284650803
0.20022209361195564
0.126227549277246
0.21900329878553748
0.24947120994329453
0.23025504825636744
0.24983554100617766
0.17407764215022326
0.1394150829873979
0.24913304345682263
0.23860508110374212
0.20233767805621028
0.12589996494352818
0.23814515629783273
0.24260424682870507
0.2134633152745664
0.21912673208862543
0.24806887190788984
0.19711312698200345
0.2456380412913859
0.229938677046448
0.21971564833074808
0.17778205685317516
0.17786888079717755
0.2260500369593501
0.22826722310855985
0.20786089915782213
0.24094318505376577
0.2207768759690225
0.1644377689808607
0.2297327951528132
0.17713971389457583
0.244833969976753
0.2339682476595044
0.24288925575092435
0.17183128092437983
0.17497499706223607
0.12586202006787062
0.2500822530128062
0.16121351905167103
0.16964280512183905
0.24287591222673655
0.14743706537410617
0.25078963302075863
0.16426370991393924
0.22164662228897214
0.12589258886873722
0.2062487998045981
0.12589551182463765
0.12601050734519958
0.2373593640513718
0.21010085474699736
0.19324052892625332
0.1983477557078004
0.1258210251107812
0.12580021703615785
0.1263853539712727
0.23697964008897543
0.1544081261381507
0.20324979722499847
0.12590050930157304
0.1996318637393415
0.12582472013309598
0.22341251093894243
0.12582096504047513
0.12603048840537667
0.12643400486558676
0.22504831617698073
0.17449051328003407
0.17627574503421783
0.23848748579621315
0.21320987399667501
0.2325183628126979
0.17641335912048817
0.2465224820189178
0.19008306181058288
0.23496795492246747
0.17097692098468542
0.16568550700321794
0.21309140883386135
0.15892263082787395
0.23708404507488012
0.15870152181014419
0.18544271867722273
0.22640404105186462
0.15111269801855087
0.18458957970142365
0.17745567206293344
0.23631050484254956
0.243611304089427
0.15978960413485765
0.2429593913257122
0.19042196217924356
0.24694573367014527
0.21418694499880075
0.15661282883957028
0.20334753626957536
0.21208669431507587
0.2149358382448554
0.19237423967570066
0.22346050571650267
0.23728050477802753
0.1923337997868657
0.2504483009688556
0.2310279351659119
0.2256896337494254
0.14677202608436346
0.2290198290720582
0.24578572809696198
0.12586515676230192
0.23610412888228893
0.2231541550718248
0.2236688882112503
0.1740915458649397
0.17055913712829351
0.16007714299485087
0.15337560791522264
0.2016698122024536
0.13946738000959158
0.1944921649992466
0.23345093661919236
0.2484443266876042
0.233495875261724
0.1558641018345952
0.14553795522078872
0.20446937531232834
0.1259225308895111
0.24784877290949225
0.17443169839680195
0.12606606259942055
0.20926541090011597
0.17544134426862001
0.12599857430905104
0.23348170705139637
0.21155832102522254
0.12613355787470937
0.125939198769629
0.16937819588929415
0.23009751178324223
0.14649239694699645
0.21292781084775925
0.12596253491938114
0.15161484479904175
0.1943392069078982
0.23592031374573708
0.21613015793263912
0.2440126589499414
0.20536630880087614
0.1465954938903451
0.14927953574806452
0.2415313571691513
0.24218920897692442
0.12846021680161357
0.16180497920140624
0.23722974536940455
0.22985306289047003
0.12629543617367744
0.18492029374465346
0.24767857417464256
0.15130156511440873
0.23448463808745146
0.2462211619131267
0.14149560499936342
0.18233580375090241
0.18713175831362605
0.2471868982538581
0.24672167794778943
0.13184907706454396
0.22747786110267043
0.12589054740965366
0.1701957448385656
0.24588036304339767
0.17284212308004498
0.21603790996596217
0.24308525724336505
0.24503089487552643
0.2487108837813139
0.14483873220160604
0.1259457408450544
0.22995563922449946
0.1259362567216158
0.13988376734778285
0.21370885102078319
0.17612251499667764
0.25058390805497766
0.2178110620006919
0.15890481183305383
0.2470169821754098
0.24866335419937968
0.23434832599014044
0.24158633407205343
0.16222551092505455
0.2358018523082137
0.12593191023916006
0.1262448076158762
0.24745118198916316
0.1502401097677648
0.24876861972734332
0.24078064505010843
0.2441597837023437
0.17733145086094737
0.2473540911450982
0.24126740032806993
0.24991478584706783
0.247522774618119
0.22329139104112983
0.1425491259433329
0.19277215003967285
0.2279721749946475
0.17280028387904167
0.23125207889825106
0.2372094220481813
0.24723473191261292
0.2227265750989318
0.12783152610063553
0.19613080006092787
0.16695758514106274
0.1774757937528193
0.218787990976125
0.1724358219653368
0.22202863497659564
0.23859404399991035
0.24298857571557164
0.1262140991166234
0.23184030270203948
0.141954543069005
0.22312509641051292
0.2589347520843148
0.23769805720075965
0.1765685579739511
0.23397698299959302
0.24117921385914087
0.22385259624570608
0.2556617180816829
0.241055715829134
0.23049681121483445
0.20659211790189147
0.17385901929810643
0.22987979603931308
0.24416591506451368
0.24529161397367716
0.24858972104266286
0.23984108585864305
0.19639134500175714
0.24786497140303254
0.1666439645923674
0.22636866010725498
0.22730529122054577
0.1596277472563088
0.21585286175832152
0.23240736685693264
0.2447873200289905
0.1839959337376058
0.15344485687091947
0.19697003113105893
0.16874745674431324
0.17639515595510602
0.17909267311915755
0.12618698831647635
0.24335376406088471
0.24957998702302575
0.18556453799828887
0.24994932487607002
0.24541388684883714
0.2504596570506692
0.23943563923239708
0.22519487189128995
0.2371020559221506
0.15818795189261436
0.2084105759859085
0.19211091101169586
0.2426575510762632
0.17637308593839407
0.2506463071331382
0.1751265530474484
0.23121780110523105
0.2375084669329226
0.2503596660681069
0.2505384599789977
0.1507068881765008
0.22610718058422208
0.23867381922900677
0.23333694925531745
0.24405096005648375
0.21466003404930234
0.21866456419229507
0.20014730794355273
0.24976737285032868
0.24375441763550043
0.21602764818817377
0.22886241972446442
0.24897423619404435
0.1705461530946195
0.15934073040261865
0.2270580162294209
0.17568957526236773
0.23118163039907813
0.2301523149944842
0.23787851724773645
0.22699883300811052
0.18311443598940969
0.19752798601984978
0.24297145521268249
0.2368261688388884
0.23905513202771544
0.2208288968540728
0.22218133695423603
0.2077486547641456
0.2188956649042666
0.23945085192099214
0.23201729264110327
0.1390083353035152
0.15000050282105803
0.21999021898955107
0.2120146551169455
0.2511690380051732
0.23157834634184837
0.23383835889399052
0.22652790509164333
0.17715492472052574
0.21222843509167433
0.24319188529625535
0.22792813926935196
0.1260278751142323
0.1260885689407587
0.18071777187287807
0.24527064710855484
0.2504527857527137
0.1674714027903974
0.24646317632868886
0.25053369626402855
0.2472371719777584
0.23906582221388817
0.2438437370583415
0.20146290864795446
0.24065625201910734
0.21705881785601377
0.1746920756995678
0.21658561704680324
0.17775512393563986
0.1598375029861927
0.23297094507142901
0.12596044410020113
0.2298527811653912
0.24125153804197907
0.23365511884912848
0.23110008891671896
0.23630653601139784
0.2233340609818697
0.23747078189626336
0.21718398900702596
0.16553453681990504
0.24306026985868812
0.2215638691559434
0.1644161711446941
0.22395156370475888
0.24124788166955113
0.2365982080809772
0.24942711414769292
0.24483787408098578
0.24976187478750944
0.22559924004599452
0.1908362740650773
0.14591498114168644
0.16082094330340624
0.22602957393974066
0.1733981273137033
0.22888723481446505
0.250095484778285
0.22638416709378362
0.24943249812349677
0.12607603101059794
0.18434302508831024
0.19589526113122702
0.21731584426015615
0.2276997808367014
0.16892911866307259
0.22859765170142055
0.24657804798334837
0.23539907159283757
0.19315633783116937
0.2474748222157359
0.21998556703329086
0.23172918101772666
0.2469813358038664
0.23891703132539988
0.13796670315787196
0.2500486630015075
0.1995285120792687
0.12622434785589576
0.1585499639622867
0.12620705226436257
0.21739872731268406
0.22553788078948855
0.24532249802723527
0.2485744720324874
0.24978836067020893
0.24114936497062445
0.19604714633896947
0.23875784501433372
0.16424082731828094
0.23555634589865804
0.2488081082701683
0.25038124481216073
0.22613200498744845
0.12600585399195552
0.16157833207398653
0.17756397742778063
0.2351007740944624
0.19526014802977443
0.23794473987072706
0.1374626257456839
0.2182798241265118
0.2178872092626989
0.24749328987672925
0.23849750496447086
0.17521668784320354
0.22457358613610268
0.22851593419909477
0.2331817070953548
0.22168563632294536
0.24561138078570366
0.20339055685326457
0.1265279920771718
0.2486346852965653
0.24088572431355715
0.23909489205107093
0.15767787024378777
0.16410404071211815
0.24555970495566726
0.25003942381590605
0.16171851567924023
0.16950673796236515
0.17153702164068818
0.25113920914009213
0.2469104342162609
0.2084391820244491
0.21131376270204782
0.22713841265067458
0.24036193080246449
0.12596544483676553
0.17752228118479252
0.20994750084355474
0.2179607399739325
0.17542674904689193
0.2486076969653368
0.21603300096467137
0.2508282386697829
0.19544696295633912
0.12591239111497998
0.24494706001132727
0.25000653602182865
0.13832324696704745
0.1261020260863006
0.20650724787265062
0.12600591406226158
0.19968011230230331
0.20598400570452213
0.12598478887230158
0.12728317501023412
0.21231420757248998
0.1772164790891111
0.2186735961586237
0.2237247978337109
0.24490954400971532
0.24430204229429364
0.22013544384390116
0.125809155870229
0.12979218503460288
0.15582220582291484
0.16699476074427366
0.22346929041668773
0.2133154682815075
0.12614870071411133
0.24606728181242943
0.15138760581612587
0.18013097904622555
0.1881501618772745
0.24034441728144884
0.23251854488626122
0.15286495676264167
0.19143083691596985
0.14727602479979396
0.24404565105214715
0.2431093230843544
0.2113714669831097
0.12611529929563403
0.1732121999375522
0.1259120893664658
0.1258908547461033
0.12584745977073908
0.1263185297138989
0.12665264774113894
0.23262443905696273
0.149159527849406
0.12661910615861416
0.24712534714490175
0.24053351441398263
0.16846309695392847
0.2514240201562643
0.23598989378660917
0.1306534488685429
0.2508452218025923
0.23997340304777026
0.2483647377230227
0.24503333400934935
0.2221585251390934
0.22326928470283747
0.17124393489211798
0.2354075931943953
0.2412206567823887
0.24536729184910655
0.24970024079084396
0.25583347491919994
0.26685299538075924
0.24572998518124223
0.24098684499040246
0.17597687290981412
0.19088395778089762
0.149279213976115
0.2435980369336903
0.1359018818475306
0.16184484120458364
0.2331465957686305
0.21081106876954436
0.17279299395158887
0.1749329618178308
0.24224025197327137
0.24022213788703084
0.15490092523396015
0.24712673388421535
0.24886269867420197
0.24577609403058887
0.25745196314528584
0.24993868684396148
0.23779748333618045
0.21418468980118632
0.2146835858002305
0.2365661202929914
0.2354961521923542
0.24804972391575575
0.2480148719623685
0.2062787632457912
0.2078539659269154
0.20822289027273655
0.23428232176229358
0.23437510803341866
0.25096610793843865
0.24045031471177936
0.13718251790851355
0.25065409764647484
0.2368456399999559
0.236579401884228
0.21877299901098013
0.20738859986886382
0.24741294281557202
0.23615936003625393
0.1505331047810614
0.2339656692929566
0.2407453409396112
0.24393503786996007
0.233169618062675
0.2399609792046249
0.1767077767290175
0.24578829109668732
0.24953722814098
0.22427995689213276
0.2521700649522245
0.25112721882760525
0.2277418510057032
0.24604887422174215
0.2497795019298792
0.22309421701356769
0.24741337541490793
0.2430208269506693
0.19942191196605563
0.20704174507409334
0.20561647461727262
0.24261987907812
0.23196183610707521
0.21765879215672612
0.24587279791012406
0.2156270337291062
0.23827806301414967
0.17643044842407107
0.24988743010908365
0.19546481128782034
0.20653492910787463
0.21196325588971376
0.22028234787285328
0.22549850912764668
0.25229465402662754
0.23863939009606838
0.22601697267964482
0.23067832365632057
0.23440656019374728
0.12611415097489953
0.20399887580424547
0.16996509116142988
0.22956487629562616
0.22226482862606645
0.22594965901225805
0.22747776098549366
0.22770824329927564
0.2496663210913539
0.24635786889120936
0.1725856359116733
0.24873600574210286
0.18282069079577923
0.17322113318368793
0.2508172639645636
0.22471840074285865
0.24699571495875716
0.2417127937078476
0.250444452278316
0.21427935315296054
0.22743863705545664
0.14121362706646323
0.21710149804130197
0.21057631820440292
0.2223971770144999
0.2170365760102868
0.2464704061858356
0.24928437639027834
0.1789410561323166
0.18344094511121511
0.24513212405145168
0.2371205580420792
0.25077549181878567
0.1982515761628747
0.18425374710932374
0.23889106418937445
0.24755539000034332
0.25003423308953643
0.2546528070233762
0.2576862829737365
0.24517188128083944
0.2594438958913088
0.2573884017765522
0.2398585989139974
0.14380891108885407
0.2614689148031175
0.17706288816407323
0.25071093160659075
0.2677529454231262
0.26780611416324973
0.20998034300282598
0.26777549320831895
0.27363188099116087
0.2734350338578224
0.2749518472701311
0.2828549179248512
0.2535548177547753
0.23401611484587193
0.20087446831166744
0.2517628911882639
0.17685440322384238
0.236570134293288
0.23750234209001064
0.17465634364634752
0.2514189020730555
0.17451707506552339
0.23304915707558393
0.24817671813070774
0.24141350900754333
0.250870062969625
0.24837522581219673
0.24372363183647394
0.23708526184782386
0.18965962063521147
0.18984693801030517
0.2166570289991796
0.23715997068211436
0.19314379198476672
0.24973759800195694
0.23074871441349387
0.12606533709913492
0.2334783892147243
0.20270611764863133
0.12603358970955014
0.16915003629401326
0.23387902695685625
0.2523646899498999
0.24334474373608828
0.13503793999552727
0.2451364053413272
0.24396116472780704
0.24618388013914227
0.2236057035624981
0.17610624199733138
0.2506215530447662
0.2367451530881226
0.1258739521726966
0.20958266081288457
0.12593908701092005
0.23669804586097598
0.24288986576721072
0.24588218005374074
0.2486178269609809
0.1872571730054915
0.22940044989809394
0.21105249226093292
0.23757222015410662
0.25197974033653736
0.24259994318708777
0.24746177718043327
0.2436890839599073
0.2472642259672284
0.22509211814031005
0.24893818981945515
0.20818225806578994
0.2175128273665905
0.2134991423226893
0.2402146956883371
0.23439218709245324
0.2391513753682375
0.2436191369779408
0.13635818380862474
0.1260044132359326
0.21869164006784558
0.24424658808857203
0.19041450507938862
0.24557890882715583
0.21883212495595217
0.23325369087979198
0.24429215723648667
0.2431113631464541
0.24338849214836955
0.1956197051331401
0.17554076481610537
0.21564329508692026
0.21124828280881047
0.24944348819553852
0.24664348736405373
0.15910510532557964
0.24943793937563896
0.23729881504550576
0.23810039088129997
0.1961692119948566
0.17376909591257572
0.17241195170208812
0.23856910783797503
0.24259332101792097
0.24803698295727372
0.24986376706510782
0.2377648251131177
0.24307811493054032
0.19085924699902534
0.23668557219207287
0.23128597810864449
0.14776602014899254
0.17424155585467815
0.19410836603492498
0.2378484969958663
0.1774081843905151
0.24610708002001047
0.24513747030869126
0.25101829320192337
0.23823541402816772
0.2466603647917509
0.24870287301018834
0.21492320904508233
0.18638703180477023
0.21870307391509414
0.16983220912516117
0.24491724511608481
0.19681735010817647
0.17664053291082382
0.2511847740970552
0.24920340860262513
0.1686308430507779
0.2487961482256651
0.2434006412513554
0.24251263588666916
0.15278370678424835
0.1770316492766142
0.20023658405989408
0.22958348598331213
0.23930936818942428
0.24787619663402438
0.24157640896737576
0.2461323388852179
0.2509676469489932
0.20607269182801247
0.2306043072603643
0.23143358621746302
0.1729186400771141
0.17103223595768213
0.2510099462233484
0.24188745766878128
0.24746207566931844
0.24561846675351262
0.23795079998672009
0.21390876779332757
0.2302428656257689
0.2296516769565642
0.2363502993248403
0.25090391794219613
0.22713052295148373
0.18823329079896212
0.22644405392929912
0.2270445548929274
0.17784811602905393
0.22662165760993958
0.24223615927621722
0.24473597295582294
0.24696011282503605
0.22157992515712976
0.24358920194208622
0.17355526611208916
0.20512139378115535
0.24929780792444944
0.24699169909581542
0.24267688998952508
0.2375706760212779
0.1512980409897864
0.2175661982037127
0.1743063791655004
0.23996957810595632
0.23307878198102117
0.21999424416571856
0.21993395499885082
0.1828569769859314
0.24043329386040568
0.23855186626315117
0.1779878307133913
0.23591744806617498
0.24834451684728265
0.24905826104804873
0.25427784863859415
0.2386807599104941
0.2316679428331554
0.2265454879961908
0.16761065321043134
0.17736150277778506
0.23528380785137415
0.24336110893636942
0.20647588605061173
0.24368102103471756
0.23822317831218243
0.12736482312902808
0.2165193143300712
0.23543252889066935
0.23933510901406407
0.2173952437005937
0.12641400704160333
0.15230011707171798
0.23390121292322874
0.24440174782648683
0.12656457489356399
0.2295712949708104
0.17443067021667957
0.23604816710576415
0.23301251558586955
0.17242001416161656
0.2491190331056714
0.14505439437925816
0.2437487761490047
0.25011335127055645
0.24965710984542966
0.24254410387948155
0.24524016678333282
0.24936059582978487
0.2521156701259315
0.2558510033413768
0.2484070621430874
0.24913075286895037
0.2364782216027379
0.2598981983028352
0.24368679989129305
0.24129816936329007
0.20293127978220582
0.12603851919993758
0.2295094197615981
0.24440890783444047
0.21993333473801613
0.24279768392443657
0.17503355583176017
0.21674229390919209
0.24942812090739608
0.20051248976960778
0.17226582299917936
0.24432459101080894
0.2503320542164147
0.20983298495411873
0.21768986014649272
0.22817326104268432
0.25044705206528306
0.2507188208401203
0.24836737615987659
0.25109261414036155
0.2467051320709288
0.16388834500685334
0.22761556087061763
0.24497595941647887
0.24682454811409116
0.20205510314553976
0.20657546306028962
0.22390135284513235
0.21315948013216257
0.2494850172661245
0.24806636618450284
0.22186100389808416
0.22997276904061437
0.2504641287960112
0.2355205570347607
0.2312256619334221
0.20931777311488986
0.24126370530575514
0.15296398662030697
0.23935736482962966
0.24330374086275697
0.2441115309484303
0.24824561877176166
0.24075910821557045
0.24280280014500022
0.16819023108109832
0.22513074707239866
0.23624248802661896
0.2467392673715949
0.2145901801995933
0.2245673588477075
0.2349158669821918
0.24772011302411556
0.23787328228354454
0.24804821098223329
0.2496374067850411
0.22322933608666062
0.24791614199057221
0.2396183731034398
0.20666030514985323
0.20744521310552955
0.2275350340642035
0.20924067590385675
0.2488565370440483
0.24884276930242777
0.18109638197347522
0.19027713406831026
0.25002479599788785
0.2428501290269196
0.2258803639560938
0.24314185185357928
0.16021512169390917
0.2443126244470477
0.25003329990431666
0.25055219512432814
0.24418903794139624
0.17722951294854283
0.24281428288668394
0.24648285703733563
0.17627008305862546
0.24532059533521533
0.23459068220108747
0.24877087026834488
0.2313059656880796
0.24820241099223495
0.23861694568768144
0.24713049503043294
0.23796347714960575
0.2352587659843266
0.2510521407239139
0.21221826178953052
0.23419594392180443
0.22542628226801753
0.19907238287851214
0.19815300218760967
0.22115170303732157
0.24073213106021285
0.24617488030344248
0.23852823860943317
0.12954752426594496
0.24540714407339692
0.2282556528225541
0.24732977990061045
0.1816392820328474
0.1829156638123095
0.2353613288141787
0.2491303919814527
0.22074546199291945
0.2500983402132988
0.1274797199293971
0.15967294108122587
0.21041110297665
0.24811843410134315
0.23566069127991796
0.24128368543460965
0.24782510474324226
0.2203233689069748
0.2544003170914948
0.25117411417886615
0.2398840170353651
0.23986224783584476
0.23197453562170267
0.24945045029744506
0.21968220500275493
0.24492835300043225
0.18203349690884352
0.24588579405099154
0.19564572628587484
0.2059291871264577
0.23873157892376184
0.25091312173753977
0.2456065476872027
0.20029111625626683
0.17756972182542086
0.1993895350024104
0.24915675772354007
0.2380277831107378
0.1770010143518448
0.20632032817229629
0.24376206286251545
0.17450923519209027
0.2472830698825419
0.2508929381147027
0.2507847943343222
0.24426692677661777
0.2510653049685061
0.16444288473576307
0.2407726482488215
0.24372128257527947
0.2472475590184331
0.24703996581956744
0.2495983769185841
0.24174459371715784
0.25228518014773726
0.21938939718529582
0.2209668722935021
0.2486438611522317
0.24197333306074142
0.24760186299681664
0.2487808563746512
0.24428073409944773
0.2502346853725612
0.24747890187427402
0.21402764972299337
0.2453567748889327
0.2599002760834992
0.25388883892446756
0.248271229211241
0.24588233092799783
0.1694301520474255
0.24081240966916084
0.24851151136681437
0.21937127597630024
0.24103765096515417
0.24868643330410123
0.24392422894015908
0.2299692528322339
0.23491328721866012
0.2439912068657577
0.24866908555850387
0.2403411390259862
0.23935964610427618
0.24082603491842747
0.2502444270066917
0.2350005959160626
0.24422894325107336
0.24886111496016383
0.24153515323996544
0.15885818796232343
0.23952969582751393
0.22732824692502618
0.2107190270908177
0.21638626791536808
0.1779457381926477
0.2383426260203123
0.2511870595626533
0.17725012497976422
0.25117280380800366
0.24207954807206988
0.23772765882313251
0.24838739028200507
0.17044444289058447
0.25012776581570506
0.23596790805459023
0.24586538691073656
0.17461086018010974
0.24736319901421666
0.24515926465392113
0.2477213591337204
0.23199432622641325
0.243328255135566
0.24130242271348834
0.24925903277471662
0.25041412468999624
0.24827492702752352
0.23691997537389398
0.2426774171181023
0.24528393568471074
0.24267655797302723
0.24940372118726373
0.21897390065714717
0.1588321588933468
0.24599376320838928
0.17664922587573528
0.2506755772046745
0.24007743829861283
0.21926738694310188
0.25055507756769657
0.22512431629002094
0.21671510161831975
0.2498000292107463
0.24976606713607907
0.24958319822326303
0.25004715798422694
0.2502930201590061
0.22005525883287191
0.24047213280573487
0.2357849427498877
0.22062846878543496
0.2402550638653338
0.17738981125876307
0.21665354305878282
0.2485742918215692
0.22639168705791235
0.20627053128555417
0.20403878530487418
0.2057956513017416
0.20870973588898778
0.24866500589996576
0.23553128819912672
0.23343443172052503
0.2495802966877818
0.18402411695569754
0.2348678088746965
0.2460244270041585
0.24573805695399642
0.23572738422080874
0.21706020599231124
0.24580849381163716
0.17664071405306458
0.2390121896751225
0.24608916603028774
0.24469223618507385
0.24498565401881933
0.2514237817376852
0.2472625426016748
0.24912046594545245
0.24731411458924413
0.23954386869445443
0.24570933915674686
0.2500374838709831
0.17191458167508245
0.24529070500284433
0.17518039187416434
0.2174495360814035
0.2484454638324678
0.2428446658886969
0.2202708749100566
0.21113974507898092
0.2396532380953431
0.24193037766963243
0.24840549007058144
0.2491655219346285
0.21931773098185658
0.24983183108270168
0.2235430469736457
0.17737670615315437
0.21283708279952407
0.24117494141682982
0.24114361125975847
0.18661446729674935
0.2491180719807744
0.24460383597761393
0.23833847185596824
0.24430932197719812
0.25006756791844964
0.17783639812842011
0.247718155849725
0.24941249890252948
0.24355236999690533
0.24757187813520432
0.25426734099164605
0.23151093581691384
0.24600849393755198
0.23481882363557816
0.24875018605962396
0.24714531423524022
0.2500790171325207
0.2507192031480372
0.2514456119388342
0.2484765462577343
0.2601865236647427
0.256684101652354
0.22910694312304258
0.23792157275602221
0.17990377685055137
0.20687082968652248
0.23323624394834042
0.24258855311200023
0.24296014104038477
0.23886213917285204
0.24024353781715035
0.24917687708511949
0.2354865181259811
0.24644659599289298
0.21723418263718486
0.22203655261546373
0.22428820794448256
0.22480964288115501
0.20618670899420977
0.25006713066250086
0.2462656577117741
0.23470457317307591
0.23982674162834883
0.16024737292900681
0.21623825607821345
0.2236751331947744
0.2494915397837758
0.23828073171898723
0.24335303995758295
0.24311275267973542
0.2395957252010703
0.24979302007704973
0.2484293170273304
0.24418364139273763
0.24564753007143736
0.1774599701166153
0.24746700283139944
0.24795196810737252
0.2508784611709416
0.239074292127043
0.20722355088219047
0.22881127381697297
0.24325423687696457
0.24951736815273762
0.2428280641324818
0.22577017080038786
0.23193230293691158
0.24988137325271964
0.24954779539257288
0.2509997100569308
0.24928607232868671
0.17946334509178996
0.1670790552161634
0.2233969708904624
0.24149685027077794
0.23790420591831207
0.2021712139248848
0.20144711481407285
0.24730133963748813
0.24108389066532254
0.250280458945781
0.12617051089182496
0.22742609307169914
0.12649541767314076
0.23428983008489013
0.2373549989424646
0.22457354189828038
0.21522688679397106
0.24780125683173537
0.17331846104934812
0.234180327039212
0.23978556413203478
0.22949056467041373
0.21992604015395045
0.21348132099956274
0.2409414849244058
0.24283688515424728
0.1260179141536355
0.12619992578402162
0.2488430398516357
0.24900765623897314
0.16183363879099488
0.24905495112761855
0.2507831249386072
0.23196167964488268
0.2496515130624175
0.24674909003078938
0.243251483887434
0.20889290608465672
0.23592980112880468
0.23336695972830057
0.24375214101746678
0.2508317669853568
0.12661259807646275
0.24334467900916934
0.2429336658678949
0.24558374099433422
0.2447918369434774
0.24360392056405544
0.24771552486345172
0.2369344816543162
0.16918331012129784
0.20244869869202375
0.21355292899534106
0.23469089809805155
0.21287804702296853
0.25030378298833966
0.23500648885965347
0.2489516860805452
0.2500998959876597
0.24408344132825732
0.23028401099145412
0.23424568912014365
0.24625537218526006
0.25040235091000795
0.23924022261053324
0.24165706103667617
0.24897471396252513
0.2482844670303166
0.2461241721175611
0.17670018272474408
0.15891286870464683
0.2460371940396726
0.2338284202851355
0.2509985421784222
0.24952736822888255
0.21200916124507785
0.24923658510670066
0.21639558719471097
0.23883797600865364
0.2339592888019979
0.22667622566223145
0.2408805056475103
0.24798077624291182
0.2503080666065216
0.23679735092446208
0.24578119907528162
0.2385692037642002
0.21612371411174536
0.2388668479397893
0.2398770907893777
0.24760894384235144
0.24698970280587673
0.2372331116348505
0.24526234809309244
0.2470443146303296
0.17033904790878296
0.22115644300356507
0.217452818993479
0.21270857891067863
0.24532674811780453
0.21430690912529826
0.24881666293367743
0.24818015564233065
0.24265425885096192
0.2504471759311855
0.24342640582472086
0.2499673063866794
0.2489823498763144
0.2465622560121119
0.24939384497702122
0.20700727915391326
0.24476330261677504
0.2414530897513032
0.20866201119497418
0.24398017302155495
0.2352745272219181
0.23456844314932823
0.24280786886811256
0.24573163501918316
0.2493013651110232
0.24853171920403838
0.2137315128929913
0.2321743811480701
0.21882168715819716
0.24481556518003345
0.23888076609000564
0.24654098600149155
0.2501767510548234
0.24562575994059443
0.22495162207633257
0.25109270913526416
0.25145701970905066
0.2465464137494564
0.2445877636782825
0.239923523273319
0.2455425369553268
0.2439252487383783
0.24971665302291512
0.24584265798330307
0.24525869032368064
0.22744085686281323
0.1861834810115397
0.24369696388021111
0.24746793415397406
0.2504186760634184
0.23011471703648567
0.217617844697088
0.24215426808223128
0.23846769100055099
0.23485423671081662
0.24365083081647754
0.2503672782331705
0.23686160892248154
0.2202455187216401
0.25072634499520063
0.24715384375303984
0.24857566319406033
0.24379295110702515
0.2472874689847231
0.17820126004517078
0.24204115057364106
0.23806479014456272
0.22988965921103954
0.2432659505866468
0.24820666993036866
0.2472248668782413
0.24934348091483116
0.2269112765789032
0.23716455791145563
0.23939674301072955
0.24217411177232862
0.23107554716989398
0.23562860675156116
0.24748962372541428
0.24495351687073708
0.2054980220273137
0.2511224807240069
0.24989521317183971
0.2503190478309989
0.2412237930111587
0.24726992333307862
0.24491430027410388
0.23593611968681216
0.24175248574465513
0.23529788991436362
0.250486649107188
0.2415880267508328
0.23719682916998863
0.17622391786426306
0.20593390800058842
0.5602177609689534
0.2254764111712575
0.2435411550104618
0.1267074509523809
0.24029055004939437
0.13937088195234537
0.24444396188482642
0.23965900717303157
0.5251794038340449
0.126112409401685
0.24018937116488814
0.16906846780329943
0.25094047794118524
0.24420583993196487
0.20463355677202344
0.24294242588803172
0.17582692671567202
0.24374648788943887
0.25060150399804115
0.24372926214709878
0.17700101900845766
0.24350765673443675
0.2473159939981997
0.2459288388490677
0.24599772412329912
0.24790793610736728
0.24592180270701647
0.2505346960388124
0.23835657304152846
0.2459590481594205
0.23111250111833215
0.2444249428808689
0.24534116685390472
0.1759338122792542
0.24419287405908108
0.12915822956711054
0.22226703399792314
0.24505790509283543
0.20518524618819356
0.2057555429637432
0.20247994922101498
0.21453953487798572
0.12718913797289133
0.2501513329334557
0.24850733019411564
0.17662085685878992
0.1949848709627986
0.1995731364004314
0.24901321157813072
0.12746853986755013
0.2344147521071136
0.23880965914577246
0.23515122663229704
0.24330235412344337
0.2486895532347262
0.2504451689310372
0.1750930929556489
0.2360006971284747
0.2409968632273376
0.2483477769419551
0.17684736708179116
0.22897787112742662
0.23643081076443195
0.24198960373178124
0.24257910577580333
0.2498407494276762
0.24678065767511725
0.23128201998770237
0.2409207159653306
0.2435219190083444
0.24976810114458203
0.25105205131694674
0.24610668933019042
0.19494542479515076
0.23728769691661
0.22531560668721795
0.17734800186008215
0.219428023789078
0.13965787086635828
0.24992129718884826
0.24527115281671286
0.1948415101505816
0.2506889742799103
0.9097618348896503
0.2067648582160473
0.20012130495160818
0.17502421932294965
0.1776167256757617
0.24608746962621808
0.24028562009334564
0.22734477976337075
0.17346453992649913
0.21237244876101613
0.24507804214954376
0.9593719891272485
0.19124487694352865
0.18613252509385347
0.24977544834837317
0.2445038678124547
0.24209310207515955
0.2473062272183597
0.2493263720534742
0.25107413809746504
0.2411417467519641
0.24553491035476327
0.2492475202307105
0.22939157206565142
0.236405567266047
0.24428866570815444
0.24848259333521128
0.24796398216858506
0.23865776136517525
0.24783346289768815
0.25020313588902354
0.24707699287682772
0.22772242268547416
0.2130024889484048
0.2430087560787797
0.21606077812612057
0.21212477330118418
0.24971003085374832
0.25084182200953364
0.24108386086300015
0.24974661599844694
0.2499003461562097
0.23766743578016758
0.2220232067629695
0.25364753883332014
0.25973119819536805
0.2414875328540802
0.25071993190795183
0.2504219259135425
0.2594081130810082
0.25687960209324956
0.26066971803084016
0.26148610515519977
0.24431294295936823
0.24791466817259789
0.261456951033324
0.2566160960122943
0.25579965487122536
0.2581732361577451
0.25893476512283087
0.2667159428820014
0.27551404805853963
0.27271944796666503
0.2836055001243949
0.2914611240848899
0.23957084212452173
0.24274319130927324
0.25080122612416744
0.26482410728931427
0.24478617496788502
0.19326333422213793
0.23015770502388477
0.28329724073410034
0.19699460500851274
0.22593299625441432
0.21771884616464376
0.22487453138455749
0.223225352820009
0.524048974737525
0.2651292821392417
0.2506977398879826
0.2506097392179072
0.25125020556151867
0.25073862774297595
0.24774930998682976
0.24806633312255144
0.23586755990982056
0.2505446132272482
0.38744254503399134
0.2433392647653818
0.24453270388767123
0.24864005483686924
0.2504384513013065
0.24386968230828643
0.371316647157073
0.2612879569642246
0.5623718542046845
0.5263600288890302
0.2225842592306435
0.22636696696281433
0.23799747182056308
0.2657255260273814
0.6411241940222681
0.20647965697571635
0.2084986618719995
0.250264726113528
0.30165698286145926
0.5305610932409763
0.2505718031898141
0.2638985151425004
0.26446614507585764
0.2479434791021049
0.1940581607632339
0.2348339669406414
0.37623764015734196
0.35531067103147507
0.24573427392169833
0.24931412190198898
0.24751932499930263
0.24085029726848006
0.5826097698882222
0.19232180202379823
0.40606328984722495
0.3747828765772283
0.5913954479619861
0.19454709812998772
0.2375383209437132
0.23324147798120975
0.25023507000878453
0.22143011027947068
0.22252109507098794
0.247875795699656
0.37660867581143975
0.24529753904789686
0.24692242732271552
0.24798857513815165
0.4920646110549569
0.2631694972515106
0.2616676208563149
0.21068115113303065
0.2306146640330553
0.253890591673553
0.24291926296427846
0.2426221426576376
0.48927591228857636
0.42726687202230096
0.2551878937520087
0.23785424884408712
0.24875929998233914
0.2503281361423433
0.23468580329790711
0.24760663323104382
0.3478933358564973
0.2365415790118277
0.35130386566743255
0.3490508929826319
0.23981772270053625
0.24873552890494466
0.2383637810125947
0.37284772377461195
0.3977125370875001
0.359434321988374
0.24853584310039878
0.24576235096901655
0.2513366127386689
0.23947252286598086
0.4376877439208329
0.24993845401331782
0.25139964930713177
0.23413575068116188
0.24169432604685426
0.24176663113757968
0.2923195515759289
0.9365799939259887
0.32504559122025967
0.24434618931263685
0.3689568070694804
0.25988274486735463
0.24550684308633208
0.49626088002696633
0.24958632420748472
0.2654901957139373
0.243677350692451
0.35154237784445286
0.2595156761817634
0.22694538673385978
0.2127760061994195
0.24366712383925915
1.008104695007205
0.23681056313216686
0.3048067670315504
0.20510129583999515
0.1955870632082224
0.1780113922432065
0.34212936786934733
0.3765833140350878
0.3562671346589923
0.45309717394411564
0.3142252149991691
1.0510319573804736
0.2721158410422504
1.0688205207698047
1.006513613741845
0.3506652219220996
0.2502544387243688
0.2446258501149714
0.2503184978850186
0.48041677894070745
0.24494158942252398
0.24933479400351644
0.36677749594673514
0.23205972788855433
1.087568823248148
0.24526540515944362
0.2382488283328712
0.24898897064849734
0.34267611894756556
0.24996186792850494
0.24657951015979052
0.2497513396665454
0.2505358629859984
0.37620963156223297
0.24581063026562333
0.24744843132793903
0.2635301882401109
1.093788892030716
0.2718632039614022
0.46731977304443717
1.085257440339774
0.36756207793951035
0.4780557071790099
0.3692368767224252
0.23799018282443285
0.2350467201322317
0.32693205727264285
0.2424518377520144
0.2786121419630945
0.31239602295681834
0.2878472409211099
0.2504949481226504
0.3658059760928154
0.3663558759726584
0.176522480789572
0.2389655583538115
0.24222674267366529
0.34133694041520357
0.24505668180063367
0.36904545221477747
0.36271006613969803
0.4023649636656046
0.2482677293010056
0.21654636412858963
0.15147680090740323
0.3718365109525621
0.23188391793519258
0.23312690993770957
0.17396108992397785
0.37482666131109
0.3709130412898958
0.36728770984336734
0.24648305028676987
0.3684251308441162
0.35669269412755966
0.2514473763294518
0.25127699924632907
0.14549083076417446
0.24915874376893044
0.24702442483976483
0.3499004072509706
0.24035118613392115
0.9888994982466102
0.24706660397350788
0.21275066072121263
0.5021320572122931
0.12629322102293372
0.25049818959087133
0.24707563407719135
0.49034225894138217
0.23978989105671644
0.26622909121215343
0.12624981300905347
0.24954026890918612
0.4449859131127596
0.436586847063154
0.24638912081718445
1.004219579976052
0.250910272821784
0.2414624560624361
0.1691381949931383
0.23910832777619362
0.24113515811040998
0.9922897862270474
0.3422112609259784
0.30403742007911205
0.33899599919095635
0.17789398413151503
0.9744037250056863
0.24547204561531544
0.34215527726337314
0.24757670611143112
0.3723231670446694
1.0007491656579077
0.21354161715134978
0.3591283317655325
1.0788507368415594
0.17269893968477845
0.25056692212820053
0.24862092500552535
0.2396662482060492
0.24260008614510298
0.49706048471853137
0.23298742109909654
0.9879446839913726
0.4385784072801471
0.1405529659241438
0.23104608664289117
0.22834936901926994
0.24746316391974688
1.0625022202730179
0.2343474579975009
0.22734546987339854
0.15655338671058416
0.3547427849844098
0.3629482868127525
0.18226054077968
0.2228747559711337
1.0842817900702357
0.2214073073118925
0.2190514369867742
0.2373256627470255
0.2022299226373434
0.36563711473718286
1.0848086779005826
0.23643577378243208
0.37015633983537555
0.2482242831028998
0.24245054414495826
0.24508759193122387
0.24886455573141575
0.24005266837775707
0.24238316109403968
0.2467462169006467
0.24939123634248972
0.2500507030636072
0.2476170090958476
0.2505906098522246
0.2835958111099899
0.23956770496442914
0.24725453788414598
0.24541998794302344
0.2471874998882413
0.23947660811245441
0.1581882070749998
0.24279752001166344
0.25007150415331125
0.31142596201971173
0.24465031130239367
0.24354969011619687
0.24692131206393242
0.25073534017428756
0.23571839090436697
0.24263506196439266
0.24472893495112658
0.24779380904510617
0.20326114306226373
0.2449224591255188
0.17413095012307167
0.2112496211193502
0.20884279301390052
0.34273436898365617
0.23609955003485084
0.9823210500180721
0.2477359939366579
0.2354947072453797
0.23404294392094016
0.25073875579982996
0.24509429326280951
0.12612824980169535
0.1609736829996109
0.23745111282914877
0.24828871106728911
0.24946041172370315
0.2455712049268186
0.2043685200624168
0.2210417059250176
0.2304668016731739
0.23069021198898554
0.23474671225994825
0.23360819788649678
0.24784018099308014
0.9869748600758612
1.0126435812562704
0.3764008260332048
0.22293142694979906
0.12674238299950957
0.2411958477459848
0.2406045780517161
0.25073829013854265
0.17008117213845253
0.2485946170054376
0.9605206497944891
0.17190132895484567
0.2466022721491754
0.9592284811660647
0.24836791073903441
0.2446188312023878
0.24382295412942767
0.2507282621227205
0.20344732096418738
0.24414520105347037
1.0814636331051588
0.22594597190618515
1.0778522873297334
0.23988404590636492
0.24975096387788653
0.2416860731318593
0.24865013919770718
0.24703430710360408
0.2398819588124752
1.079444944858551
0.23639375483617187
0.19630499184131622
0.23677379777655005
0.2319892030209303
0.1763031678274274
0.20478848507627845
0.23495929967612028
0.20988748781383038
1.0579191441647708
0.2503974689170718
0.2504256381653249
1.0651122583076358
0.2505650119856
0.24587535299360752
0.24230570485815406
0.22959012631326914
0.2442283690907061
0.13169871736317873
0.1293446021154523
0.24238557601347566
0.2390227820724249
0.24430178105831146
0.14101556316018105
0.2144924784079194
0.22688469290733337
0.16578199993818998
0.2115169488824904
0.25655286898836493
0.2475643241778016
0.24376335926353931
0.24683486903086305
0.2564205899834633
0.25356791028752923
0.2663726438768208
0.2639375049620867
0.2493392350152135
0.24066917598247528
0.2453940100967884
0.24913704581558704
0.23747723503038287
0.2388647641055286
0.2400567107833922
0.19633428007364273
0.12614413490518928
0.23573125805705786
0.2134496932849288
0.2297118497081101
0.19092972110956907
0.17697208421304822
0.24335314380005002
0.22791593289002776
0.2486035809852183
0.17716284422203898
0.24463174026459455
0.17544415406882763
0.2310275728814304
0.22629833314567804
0.24338951520621777
0.2501743691973388
0.24898802815005183
0.17692028498277068
0.2572240070439875
0.2589771691709757
0.24786666268482804
0.24975602375343442
0.24946114514023066
0.2448287531733513
0.24756051786243916
0.24385864799842238
0.2509744372218847
0.23181026941165328
0.25083241797983646
0.25145411072298884
1.077503816690296
0.24978884914889932
0.2282500583678484
0.24387031607329845
1.0810536877252162
0.245918161701411
0.16763816680759192
0.23055655602365732
0.19415776384994388
0.24949690932407975
0.24590672459453344
0.17721905931830406
0.24866274511441588
0.24333268962800503
0.24498113989830017
0.22761027002707124
0.24594213487580419
0.2307921783067286
0.24953566724434495
0.25105024268850684
0.24647758016362786
0.2511175940744579
0.24702167185023427
0.21732751931995153
0.18320173397660255
0.2475879001431167
0.24802420521155
0.20863240910694003
0.2507247612811625
0.24680254701524973
0.25034515280276537
0.24298989214003086
0.24950082506984472
0.2498817779123783
0.24663646891713142
0.2369066970422864
0.24411604180932045
0.24709449289366603
0.2015155958943069
0.24380487576127052
0.2041688091121614
0.23550340114161372
0.23262118361890316
0.1887511252425611
0.2368437210097909
0.20385623490437865
0.24903560802340508
0.24808729393407702
0.24118822906166315
0.22942898515611887
0.24151041824370623
0.24974597804248333
0.25122352596372366
0.19229323975741863
0.2500847717747092
0.2510528168641031
0.23284703027457
0.24497868726029992
0.24862785870209336
0.2265891539864242
0.24988872511312366
0.23058049380779266
0.24710713513195515
0.24546326231211424
0.17667981935665011
0.23887541890144348
0.24984779488295317
0.17370572593063116
0.24527971493080258
0.25134775089100003
0.24956199992448092
0.24191310536116362
0.24481731513515115
0.25084057869389653
0.24265699461102486
0.2496347799897194
0.24873390886932611
0.24822102766484022
0.25069015100598335
0.24450018489733338
0.24266159674152732
0.2453137980774045
0.2466605631634593
0.25022249994799495
0.2500781691633165
0.2474124669097364
0.2479327511973679
0.2439838843420148
0.23859891016036272
0.244648071937263
0.24929460790008307
0.24999040085822344
0.2458905321545899
0.22788401786237955
0.24519613711163402
0.24458785401657224
0.23574143880978227
0.250321616884321
0.23519762000069022
0.2510546459816396
0.23716468177735806
0.24083770671859384
0.2475116290152073
0.20838794205337763
0.21472211135551333
0.23602484399452806
0.23612250806763768
0.2240285170264542
0.21051059430465102
0.2446453282609582
0.24966524075716734
0.2372926129028201
0.23588107293471694
0.21788703510537744
0.23662539897486567
0.1888575442135334
0.17565020499750972
0.2147219367325306
0.24803505092859268
0.2499431660398841
0.2125602876767516
0.24541326286271214
0.21728608990088105
0.5078309820964932
0.2469981568865478
0.24518107110634446
0.24993399623781443
0.5432335631921887
0.2509190868586302
0.24848228180781007
0.2332364651374519
0.25064846919849515
0.24697777163237333
0.16489095706492662
0.2234973101876676
0.2493084711022675
0.5427159098908305
0.2496861177496612
0.24104506894946098
0.5068499152548611
0.2419762210920453
0.24579200614243746
0.24693759996443987
0.2491179220378399
0.24463437544181943
0.5434453878551722
0.12648147391155362
0.24902000604197383
0.24933095509186387
0.24026802089065313
0.2403194853104651
0.22668802505359054
0.16561213601380587
0.24330318672582507
0.12657268717885017
0.23298514168709517
0.25151388021185994
0.22607991006225348
0.2582695069722831
0.2175981281325221
0.2721838392317295
0.24926267424598336
0.16786248283460736
0.24787526484578848
0.24900817265734076
0.2455927669070661
0.21398085821419954
0.2497108168900013
0.24687443301081657
0.24510208098217845
0.2470787870697677
0.24949300615116954
0.24168343795463443
0.23458171682432294
0.24810035387054086
0.23567721992731094
0.24238646868616343
0.2507976470515132
0.2510241032578051
0.13228596560657024
0.2485087481327355
0.24194287601858377
0.24657103000208735
0.24627071898430586
0.24685266567394137
0.23667338164523244
0.1848732470534742
0.2204386880621314
0.21138550294563174
0.24647452356293797
0.22152732405811548
1.0105281746946275
0.18982075527310371
0.19629412796348333
1.0457366947084665
0.1760950032621622
0.14444745890796185
0.229818532243371
0.15286573255434632
1.0850363317877054
0.23826073901727796
0.24614816484972835
0.21124089881777763
0.22231978503987193
0.2783915619365871
0.2866984158754349
0.2678415081463754
0.20254630967974663
0.18835297413170338
0.24525342509150505
0.2508014761842787
0.330692398827523
0.370228863786906
0.19394869124516845
0.4044889626093209
0.4469007379375398
0.4864316410385072
0.48879682924598455
0.46102186711505055
0.3310466152615845
0.42294319812208414
0.33348982594907284
0.3206405509263277
0.22375718038529158
0.19389152992516756
0.2044037119485438
0.1969681796617806
0.4969106097705662
0.5278751300647855
0.4997708206064999
0.43507796386256814
0.3869952820241451
0.5665787342004478
0.24997615721076727
0.27365595009177923
0.4535357072018087
0.21317193005234003
0.24925844511017203
0.31553325010463595
0.3370161089114845
0.44393562711775303
0.40848593320697546
0.2471931749023497
0.3501189430244267
0.2797160670161247
0.4442117172293365
0.47865247214213014
0.2444236776791513
0.5827183672226965
0.23268522694706917
0.15859532495960593
0.45377852488309145
0.5389636778272688
0.2484194152057171
0.5106640383601189
0.17038088105618954
0.16208152985200286
0.1597303580492735
0.20319198118522763
0.17950373282656074
0.1852823169901967
0.1799528542906046
0.1640085307881236
0.25081955501809716
0.2881553051993251
0.19383810134604573
0.25892906822264194
0.26476907078176737
0.18013362679630518
0.176895537879318
0.5069483872503042
0.23462258791550994
0.1586164920590818
0.23506018612533808
0.17868289817124605
0.23664988903328776
0.2284851549193263
0.1829240289516747
0.2494045766070485
0.28554687974974513
0.506889346987009
0.191511700861156
0.1906895157881081
0.16841833014041185
0.17335184710100293
0.23232374899089336
0.17442796006798744
0.16731341183185577
0.2474330449476838
0.1721185939386487
0.236173699144274
0.24386070715263486
0.25553361512720585
0.2556670210324228
0.18363940389826894
0.18261892534792423
0.20829666685312986
0.1395584479905665
0.22128152986988425
0.2450848394073546
0.21510428888723254
0.20034330384805799
0.21343538723886013
0.19970725430175662
0.2755196411162615
0.24808518029749393
0.309993589296937
0.21827492490410805
0.2179270456545055
0.23347005294635892
0.23852421389892697
0.2227428201586008
0.2064706441015005
0.23174019111320376
0.2504685567691922
0.24486117716878653
0.25297329807654023
0.1687054098583758
1.0093033341690898
1.0095789483748376
0.1979946969076991
0.2744040247052908
0.25829811999574304
0.2966778827831149
0.3061225777491927
0.2923833108507097
0.24276501825079322
0.2357902410440147
0.242179858032614
0.2798376311548054
0.15093693602830172
0.2615159791894257
0.25331157678738236
0.28709855396300554
0.26212809095159173
0.2252844418399036
0.14369296003133059
0.2177523821592331
0.22773425932973623
0.2816129820421338
0.2891476838849485
0.2252123113721609
0.2960639838129282
0.25456997100263834
0.23451584670692682
0.24490623222663999
0.239822241012007
0.2071243287064135
0.19372222432866693
0.15564080188050866
0.23805979592725635
0.2479979950003326
0.1774743846617639
0.25519804283976555
0.22373248729854822
0.1777861099690199
0.23447393998503685
0.23645776975899935
0.1657556458376348
0.16292813699692488
0.2359600281342864
0.25324537279084325
0.2439246871508658
0.1782737043686211
0.23203511582687497
0.2808179082348943
0.2813209150917828
0.2836164180189371
0.2611355287954211
0.3545547602698207
0.31653128238394856
0.3867648239247501
0.27545257890596986
0.268944603856653
0.23098766896873713
0.2443703250028193
0.21505147079005837
0.20882734702900052
0.2457588165998459
0.21397288190200925
0.14556611701846123
0.2118643349967897
0.32492258306592703
0.275018576066941
0.34577267011627555
0.17461744090542197
0.31419759802520275
0.24398998310789466
0.21471087634563446
0.19267101678997278
0.15358563791960478
0.16035595396533608
0.2736178399063647
0.2360218157991767
0.23857635306194425
0.17074044793844223
0.20692756492644548
0.22929207608103752
0.1918679540976882
0.1619428638368845
0.21362833632156253
0.18120876885950565
0.27986450074240565
0.25119931204244494
0.21356096304953098
0.24610893614590168
0.23544302210211754
0.2869335450232029
0.2865138817578554
0.31739671621471643
0.2804542421363294
0.30773147800937295
0.1752990446984768
0.22579542128369212
0.3248610710725188
0.28371000615879893
0.3566248957067728
0.38594205398112535
0.39543124195188284
0.29263900499790907
0.18311002384871244
0.17535848077386618
0.2700360333546996
0.15468078898265958
0.25161995785310864
0.2613981910981238
0.16808270616456866
0.17944000009447336
0.25174996303394437
0.2391375913284719
0.22971889609470963
0.23292934289202094
0.2535492670722306
0.23275649221614003
0.20154812978580594
0.24062087619677186
0.13673548493534327
0.19834108278155327
0.2467065122909844
0.21475003706291318
0.21826003910973668
0.21444339817389846
0.23432964738458395
0.23741338402032852
0.23086207918822765
0.1304977871477604
0.26014319667592645
0.264503323007375
0.21962589118629694
0.26780696073547006
0.1652186131104827
0.3135024611838162
0.3168080672621727
0.22954479698091745
0.2174165560863912
0.2825194098986685
0.30827452475205064
0.31482590502128005
0.29842733964324
0.3989574462175369
0.40881642466410995
0.4108205968514085
0.45808826899155974
0.4380847350694239
0.33058401569724083
0.329378095921129
0.3953374638222158
0.14816162874922156
0.17612106911838055
0.5112191629596055
0.5256290477700531
0.36697111977264285
0.28415202209725976
0.25997500121593475
0.40399831579998136
0.3420020788908005
0.394574161618948
0.505720048211515
0.2759955758228898
0.33024020912125707
0.4927282012067735
0.2609531912021339
0.2425733832642436
0.37420816998928785
0.2942018243484199
0.24089394928887486
0.18295725900679827
0.19884959608316422
0.3743317569606006
0.17659085290506482
0.23649777378886938
0.17517268098890781
0.1964901890605688
0.2703227708116174
0.2774667548947036
0.2831898685544729
0.15443539060652256
0.18096749996766448
0.249656081199646
0.25270131416618824
0.2604134539142251
0.27453394467011094
0.17742957826703787
0.23595138173550367
0.16818922804668546
0.2017976613715291
0.1488511497154832
0.24649870907887816
0.2616491299122572
0.252577715087682
0.2482131188735366
0.23908941773697734
0.2571116080507636
0.2498823730275035
0.251590833067894
0.18100519198924303
0.24570619221776724
0.25267637288197875
0.22487281123176217
0.18125940579921007
0.28417256521061063
0.30158137902617455
0.32909909868612885
0.332071122713387
0.3763168049044907
0.37361228885129094
0.36920945486053824
0.28904475225135684
0.28499136585742235
0.2144282152876258
0.13876383798196912
0.4622350363060832
0.1286194180138409
0.23107900703325868
0.145544093567878
0.5002120649442077
0.3231589552015066
0.3571620611473918
0.20633166888728738
0.4764504311606288
0.43359162705019116
0.46947131399065256
0.3863135641440749
0.34010761603713036
0.2832234730012715
0.19498417107388377
0.23279116302728653
0.24710545595735312
0.1853378228843212
0.22607762971892953
0.2513568759895861
0.24359024688601494
0.19738397561013699
0.21349623193964362
0.18150920420885086
0.17236059810966253
0.21344033489003778
0.17497232975438237
0.28552609076723456
0.2234142068773508
0.22794108325615525
0.24337601708248258
0.14131962601095438
0.21926057199016213
0.24041047086939216
0.14189576217904687
0.21225913241505623
0.26102073723450303
0.2766557680442929
0.29146479209885
0.161172600928694
0.2637372789904475
0.15521457698196173
0.22126991767436266
0.25032394006848335
0.24979884084314108
0.19873338099569082
0.21870236191898584
0.2643039240501821
0.22033599810674787
0.23431671364232898
0.24381660483777523
0.2970002428628504
0.3056780630722642
0.2331192116253078
0.22953269770368934
0.24117463966831565
0.1320011168718338
0.3544675470329821
0.16093108290806413
0.2001898200251162
0.15550467604771256
0.19210952008143067
0.20462657092139125
0.23276512883603573
0.29165154602378607
0.3731345273554325
0.3259202912449837
0.3001300459727645
0.2559251897037029
0.24743895512074232
0.26169537799432874
0.28307554917410016
0.25701675517484546
0.25913411285728216
0.4091297369450331
0.20020890003070235
0.2601144569925964
0.3000191180035472
0.20685889618471265
0.24112085811793804
0.26867702370509505
0.21848021494224668
0.20742239896208048
0.17025172198191285
0.13407333567738533
0.27215067064389586
0.30675865709781647
0.1996176573447883
0.2167627401649952
0.22558187693357468
0.21119318390265107
0.23047167668119073
0.24292976967990398
0.2567357118241489
0.19578663306310773
0.17374556697905064
0.1392073342576623
0.26449873205274343
0.15497346268966794
0.2551503870636225
0.28293310571461916
0.2569168470799923
0.24860534258186817
0.24791812989860773
0.23645834298804402
0.18235926097258925
0.17603351827710867
0.2566748932003975
0.2782340790145099
0.25638984702527523
0.26378136221319437
0.3500598529353738
0.272410221863538
0.14404562301933765
0.24943858105689287
0.25215492071583867
0.25110397208482027
0.23730688728392124
0.23926081461831927
0.2438973980024457
0.2507738652639091
0.22910969564691186
0.25211183400824666
0.23656584322452545
0.2497979961335659
0.30956434877589345
0.22634563175961375
0.27882619528099895
0.3214505910873413
0.2739454871043563
0.1521905269473791
0.24194765277206898
0.2009053910151124
0.3719051070511341
0.3154803076758981
0.23464560834690928
0.21594286896288395
0.2305238600820303
0.3337886710651219
0.3170074080117047
0.3160992879420519
0.13173559261485934
0.13970120390877128
0.16945462161675096
0.3795609436929226
0.4306858219206333
0.19123044004663825
0.259273330681026
0.19649770110845566
0.20064418483525515
0.19319361075758934
0.13214007206261158
0.24633134389296174
0.22167123714461923
0.13859214587137103
0.1845921496860683
0.24865541234612465
0.24304508790373802
0.1657005357556045
0.1560210259631276
0.18781787296757102
0.21839172020554543
0.17138329427689314
0.19165729405358434
0.1561681078746915
0.26235951809212565
0.21666021598502994
0.2122397837229073
0.20162489917129278
0.16509740194305778
0.2962051499634981
0.2965781409293413
0.19077241187915206
0.20491297310218215
0.19443414406850934
0.1953378082253039
0.20087592909112573
0.1536888931877911
0.17586509976536036
0.24338945979252458
0.28092062612995505
0.13477049209177494
0.19751422898843884
0.1287676482461393
0.2966321841813624
0.277820975985378
0.217090274207294
0.34358767373487353
0.22420240798965096
0.2470973520539701
0.265045705717057
0.17566268611699343
0.1768645951524377
0.19800744159147143
0.164016243070364
0.15231796307489276
0.13126389402896166
0.14015777921304107
0.1488786987029016
0.23682526592165232
0.22369568422436714
0.2234127502888441
0.1314140879549086
0.2007649429142475
0.18519522110000253
0.1380172362551093
0.17026131320744753
0.3144976128824055
0.24015360279008746
0.2495890147984028
0.16981180803850293
0.24034385802224278
0.19936798326671124
0.19610277004539967
0.14745394233614206
0.1681690188124776
0.27285923017188907
0.23691671015694737
0.21921609109267592
0.27252251701429486
0.16285734623670578
0.3141991989687085
0.17733156494796276
0.2653381284326315
0.22739198431372643
0.24244984611868858
0.2665342162363231
0.30310946283861995
0.1306964000687003
0.165975843090564
0.28482333989813924
0.3030222738161683
0.24843599693849683
0.24304130673408508
0.24447250412777066
0.3270019800402224
0.333370469044894
0.41668601613491774
0.4334691702388227
0.3337235781364143
0.4444667110219598
0.33596425503492355
0.2057284228503704
0.26060465909540653
0.21450109919533134
0.5169988782145083
0.5426623718813062
0.3640012596733868
0.3451446141116321
0.4476487790234387
0.3131326651200652
0.23751393100246787
0.23534146696329117
0.22607959434390068
0.25801356974989176
0.25690206978470087
0.1931283101439476
0.26218693563714623
0.2334421700797975
0.2583078593015671
0.1891151643358171
0.18100877292454243
0.23582417098805308
0.33150823693722486
0.344310418702662
0.3735380917787552
0.27679331973195076
0.3837718041613698
0.24059250857681036
0.19884971203282475
0.22415477829053998
0.18451861757785082
0.21149464463815093
0.3776580449193716
0.34956115996465087
0.3832178353331983
0.26204404002055526
0.24651759723201394
0.3076195912435651
0.2302198833785951
0.24053360521793365
0.33211934100836515
0.40596158197149634
0.4309883676469326
0.4827224281616509
0.5302995080128312
0.5831939969211817
0.6424504411406815
0.7039348380640149
0.7341557298786938
0.6963893193751574
0.7549977460876107
0.7964680530130863
0.7186607322655618
0.7262446363456547
0.7114487192593515
0.683318022172898
0.7178997071459889
0.6857323809526861
0.8113184762187302
0.8225345970131457
0.5540423700585961
0.4752211347222328
0.4243034007959068
0.8647694941610098
0.5701790913008153
0.7223244928754866
0.7179244901053607
0.6563740498386323
0.7131080091930926
0.6449130941182375
0.671098820399493
0.6495063276961446
0.14057243196293712
0.8311900137923658
0.3516104072332382
0.5119427987374365
0.8333131368272007
0.17363243969157338
0.14915785612538457
0.6638506897725165
0.7123716091737151
0.4169957838021219
0.5561038092710078
0.2431881190277636
0.23007003916427493
0.2401479547843337
0.4134772992692888
0.3561325059272349
0.2189159649424255
0.342586281709373
0.35492334980517626
0.2455466310493648
0.24029097193852067
0.22472151601687074
0.23124053375795484
0.2291898070834577
0.23537918459624052
0.2666584770195186
0.21398691274225712
0.2876397748477757
0.23504494782537222
0.16210180008783937
0.26048603281378746
0.2694641877897084
0.12731974897906184
0.15985551895573735
0.2640651850961149
0.25123915914446115
0.20941033633425832
0.24277463369071484
0.22901476826518774
0.43845359375700355
0.17394285835325718
0.24843218363821507
0.2372292708605528
0.20724666770547628
0.24896818213164806
0.23310961574316025
0.12725948309525847
0.136689773760736
0.23123319121077657
0.253581112716347
0.23321718303486705
0.2644709590822458
0.24318715604022145
0.2631474109366536
0.19662865391001105
0.2699508988298476
0.3589790207333863
0.28542777290567756
0.24134359508752823
0.16956823645159602
0.17923943977802992
0.2362394160591066
0.25608914298936725
0.1576869860291481
0.31751261511817575
0.3173989523202181
0.3059759163297713
0.2798408563248813
0.28801902616396546
0.22908300533890724
0.2646203148178756
0.1847152467817068
0.2905155490152538
0.1642633923329413
0.26524809282273054
0.2616240778006613
0.25072098430246115
0.23187552904710174
0.25002266373485327
0.24160336004570127
0.2360941469669342
0.14596176706254482
0.15370800904929638
0.24709190614521503
0.22192962002009153
0.27136131189763546
0.2994980891235173
0.245542598888278
0.2483896198682487
0.24634451512247324
0.2209305870346725
0.2428436679765582
0.31486825505271554
0.30366329196840525
0.2972579998895526
0.3975383290089667
0.3521240008994937
0.24761506216600537
0.28024278581142426
0.3399466872215271
0.28152854088693857
0.40205913595855236
0.39916841918602586
0.1581946797668934
0.24860654305666685
0.18750825989991426
0.32312756683677435
0.32723364466801286
0.27249192725867033
0.30414718901738524
0.16258843708783388
0.27615936705842614
0.24831484910100698
0.14312099991366267
0.346505562774837
0.2261288659647107
0.16398997325450182
0.2567719668149948
0.17424837406724691
0.25905057694762945
0.27288875356316566
0.3302767942659557
0.3239571969024837
0.18901802506297827
0.20844515319913626
0.41820380790159106
0.24497633008286357
0.21386097883805633
0.17284279223531485
0.26404516072943807
0.30092019587755203
0.3430792191065848
0.17234774818643928
0.1789576099254191
0.1402235277928412
0.21791040105745196
0.25785201601684093
0.24256987683475018
0.26021403819322586
0.24094575690105557
0.2822146690450609
0.2744534402154386
0.2257220121100545
0.1865793913602829
0.264814717695117
0.3042675289325416
0.25450457399711013
0.21434284187853336
0.3271156968548894
0.22644809912890196
0.257627759128809
0.25095000118017197
0.24869549181312323
0.15844398085027933
0.2507164319977164
0.2860948662273586
0.2530474588274956
0.3429980371147394
0.32076352974399924
0.2313035619445145
0.2828761120326817
0.2978884959593415
0.24865533597767353
0.2399423709139228
0.173631074372679
0.19299702486023307
0.17422541789710522
0.24562832806259394
0.17837440688163042
0.25159561401233077
0.2502193320542574
0.16342889424413443
0.26484032487496734
0.2504312191158533
0.24598055891692638
0.19980609184131026
0.2786665428429842
0.21376176504418254
0.19718609703704715
0.2546927151270211
0.1747500840574503
0.2391482600942254
0.24906860990449786
0.21881899097934365
0.2460977779701352
0.2512767007574439
0.2085568020120263
0.20299802999943495
0.24191573588177562
0.2650245940312743
0.20550319598987699
0.16326070297509432
0.3052335907705128
0.25205636816099286
0.2558137117885053
0.2512811622582376
0.1833585728891194
0.26258191373199224
0.2086096010170877
0.27890638215467334
0.22012755507603288
0.23172255884855986
0.24794601509347558
0.23128042789176106
0.3403797512874007
0.315012414008379
0.3113797619007528
0.28745600720867515
0.30310751777142286
0.2952263471670449
0.2852576239965856
0.26740005472674966
0.24686416471377015
0.2794661382213235
0.24849913129583
0.16120411595329642
0.18225596332922578
0.3189389919862151
0.2106366311199963
0.20999070536345243
0.2743818578310311
0.339357890188694
0.2742377817630768
0.16757457982748747
0.2560476791113615
0.375976815354079
0.36936990777030587
0.27933450089767575
0.2604441992007196
0.2485585380345583
0.24435845436528325
0.2487112171947956
0.24085542978718877
0.22484381636604667
0.16798915481194854
0.23506503412500024
0.2266036979854107
0.21318909293040633
0.16380311083048582
0.2513432274572551
0.2491379790008068
0.24710122030228376
0.2451489712111652
0.21393417660146952
0.23340905597433448
0.27338635735213757
0.23732037283480167
0.28938735416159034
0.2200859929434955
0.22983185201883316
0.26030295761302114
0.21037421422079206
0.18699231510981917
0.287255943287164
0.2138517601415515
0.34804173884913325
0.3021242683753371
0.3656801786273718
0.28833479015156627
0.2124543460085988
0.3074538824148476
0.14732505986467004
0.23285416001453996
0.1837691138498485
0.2409391296096146
0.1719581331126392
0.199718511197716
0.217140126042068
0.22145883180201054
0.13330369489267468
0.1809753617271781
0.18963933875784278
0.18839105498045683
0.24549272703006864
0.29555930430069566
0.24238138925284147
0.25884338887408376
0.22980947885662317
0.20978820184245706
0.24554208293557167
0.24185279430821538
0.24133142828941345
0.24305797973647714
0.23779256362468004
0.2019738368690014
0.2521961769089103
0.30179818719625473
0.28535004425793886
0.34659325098618865
0.31704591820016503
0.4632750963792205
0.465782324783504
0.48275054804980755
0.48777599073946476
0.4840725311078131
0.482272173743695
0.4825587780214846
0.4887781557627022
0.48105326388031244
0.27985043125227094
0.286846857983619
0.5855048689991236
0.59038514085114
0.31356512382626534
0.3478818777948618
0.2800877611152828
0.23544380813837051
0.196784651838243
0.5151181598193944
0.5225593028590083
0.5169605850242078
0.4969939519651234
0.45499436231330037
0.3682386321015656
0.35561133408918977
0.3674419829621911
0.37847027042880654
0.3358727600425482
0.3123703063465655
0.28241543704643846
0.24563048593699932
0.24822260765358806
0.3091937699355185
0.19561274675652385
0.5524352756328881
0.4333052597939968
0.21826776815578341
0.233873737975955
0.2212356668896973
0.21216537291184068
0.21270731976255774
0.2075498797930777
0.22703947499394417
0.207451235037297
0.2115218169055879
0.1974649140611291
0.19909124029800296
0.19582757586613297
0.18053968716412783
0.24896220723167062
0.22090997360646725
0.22881124913692474
0.20983595633879304
0.15079528791829944
0.24936252273619175
0.18243625992909074
0.18648472195491195
0.16615862771868706
0.16981801111251116
0.1672820127569139
0.22578403912484646
0.24523149197921157
0.2431886661797762
0.23137472197413445
0.21687625208869576
0.1805941821075976
0.20785138988867402
0.15873155184090137
0.16110026417300105
0.24337552580982447
0.15579961379989982
0.17431976785883307
0.13014920009300113
0.24099003011360765
0.23855854384601116
0.13686789898201823
0.22904044296592474
0.25629863515496254
0.23508923221379519
0.24603890208527446
0.23121401201933622
0.22516957530751824
0.20610459614545107
0.23857684107497334
0.23152353009209037
0.22195776225998998
0.19190849596634507
0.2150220200419426
0.1562695479951799
0.25148305017501116
0.25188664020970464
0.2515996531583369
0.2568395952694118
0.208504690323025
0.22397077176719904
0.2083354815840721
0.1988845868036151
0.23559414595365524
0.1511300979182124
0.2657249588519335
0.23065866203978658
0.23005571821704507
0.2286010547541082
0.2531222100369632
0.2769392211921513
0.3269811850041151
0.27784790797159076
0.370620699133724
0.39100172696635127
0.47470076382160187
0.42187753692269325
0.4078755732625723
0.28578436793759465
0.17945336177945137
0.407178970053792
0.355980459600687
0.534645106177777
0.3365400438196957
0.4235738469287753
0.3057366763241589
0.1598953907378018
0.26199770206585526
0.1843886198475957
0.2512852312065661
0.22416279232129455
0.40946689108386636
0.2664560549892485
0.3676801952533424
0.35834475001320243
0.24309939704835415
0.18428842816501856
0.4469821536913514
0.19248156202957034
0.5004846206866205
0.2539595137350261
0.297980931121856
0.22900492465123534
0.3909278600476682
0.16563835786655545
0.5613853330723941
0.2613250338472426
0.24153350805863738
0.22486024629324675
0.26810512971132994
0.2578698918223381
0.3539819619618356
0.17244220059365034
0.2727810088545084
0.13045317400246859
0.2825258690863848
0.2768406211398542
0.28101755399256945
0.2422500802204013
0.27234204299747944
0.24317260598763824
0.26013941783457994
0.1776460618712008
0.32852307707071304
0.33355220314115286
0.14548367308452725
0.263753704726696
0.22343899635598063
0.24351247400045395
0.19738701405003667
0.18446994200348854
0.21780766127631068
0.21195765072479844
0.14440109068527818
0.1966474368236959
0.24969249870628119
0.23171337880194187
0.2081193933263421
0.1674759741872549
0.19430199172347784
0.20550454501062632
0.24334864830598235
0.22369049722328782
0.21203768299892545
0.22380382614210248
0.16338590998202562
0.19170027086511254
0.2271057884208858
0.26892479369416833
0.3114075129851699
0.29354350082576275
0.29155123699456453
0.2954427469521761
0.27934107976034284
0.25239676190540195
0.23700999096035957
0.27853791788220406
0.2898742859251797
0.3020217209123075
0.30815716413781047
0.2950003622099757
0.29541577165946364
0.2831855728290975
0.3083489672280848
0.25654655508697033
0.18446205696091056
0.16666512889787555
0.2977936938405037
0.250003295019269
0.26184784807264805
0.24700108030810952
0.2744472390040755
0.28030192805454135
0.1781041817739606
0.30175834288820624
0.24979469599202275
0.1353010069578886
0.29885251075029373
0.24115811474621296
0.2642729771323502
0.15573569014668465
0.25187301682308316
0.23842012509703636
0.3306217840872705
0.22241361578926444
0.1999293533153832
0.19535862281918526
0.1864472981542349
0.18257675785571337
0.19023208692669868
0.1699933880008757
0.19796238001435995
0.3420010479167104
0.2348295752890408
0.3968367357738316
0.38635417027398944
0.30186759727075696
0.2610530871897936
0.28548752795904875
0.22777876118198037
0.24814856192097068
0.17722164513543248
0.22720820177346468
0.2999185877852142
0.39452672423794866
0.28755446802824736
0.2433665208518505
0.2715636040084064
0.1901681860908866
0.23448914242908359
0.26448104390874505
0.2576339798979461
0.2535170530900359
0.24480278883129358
0.2256206702440977
0.21781887207180262
0.20546040497720242
0.25309270480647683
0.2464080909267068
0.25001088064163923
0.2385007729753852
0.2519738031551242
0.23836875008419156
0.23847610410302877
0.24712948873639107
0.2907682857476175
0.2957044620998204
0.27369660697877407
0.25897194584831595
0.24249519500881433
0.23088992480188608
0.2048954269848764
0.13184145092964172
0.136368696577847
0.2967960690148175
0.2639930029399693
0.3815227532759309
0.2426453847438097
0.23115878971293569
0.22145291790366173
0.23494214285165071
0.19542253017425537
0.17103033605962992
0.17759528197348118
0.18115148600190878
0.26009332528337836
0.25691553577780724
0.2703706622123718
0.23003178974613547
0.18751906417310238
0.16967686032876372
0.2931282641366124
0.20064793713390827
0.2586871450766921
0.20779140014201403
0.20994368521496654
0.17102598305791616
0.15055007115006447
0.13694823207333684
0.18779918877407908
0.2155759478919208
0.1409161272458732
0.23405399359762669
0.13478316506370902
0.24489538883790374
0.2310524871572852
0.23856829898431897
0.17899972386658192
0.17801278783008456
0.13868454610928893
0.24515328090637922
0.22454835893586278
0.2067679869942367
0.2272601411677897
0.21739505184814334
0.18501681834459305
0.19515949673950672
0.1914088288322091
0.26790236309170723
0.19068464124575257
0.2378428690135479
0.1830828241072595
0.17408622708171606
0.231462431140244
0.23863934678956866
0.20524051506072283
0.24126009410247207
0.17330131912603974
0.20697485888376832
0.26220931205898523
0.144004771951586
0.18951795203611255
0.30504031013697386
0.24165486777201295
0.251459376886487
0.20603090105578303
0.25653226859867573
0.16941087320446968
0.20587007841095328
0.17125740833580494
0.18851617211475968
0.2411431702785194
0.1813413300551474
0.17069054720923305
0.12634764378890395
0.17937834886834025
0.18624150566756725
0.1855910480953753
0.1929076281376183
0.17365929996594787
0.1844411282800138
0.15234254021197557
0.167831689119339
0.1882322607561946
0.22878437209874392
0.15325151197612286
0.25076140323653817
0.2478076908737421
0.22076065372675657
0.12648171884939075
0.2385009010322392
0.13817225117236376
0.22274396428838372
0.19324035244062543
0.1717828121036291
0.26692117284983397
0.31096601113677025
0.18033517291769385
0.17550690425559878
0.25557882990688086
0.15444163978099823
0.13347218837589025
0.25524941086769104
0.20803671795874834
0.23932130401954055
0.23770071705803275
0.18894917191937566
0.2734294752590358
0.3117426820099354
0.18615349009633064
0.24420991027727723
0.21123308222740889
0.2509636036120355
0.1816144841723144
0.2566132969222963
0.2812425261363387
0.25297125801444054
0.21766447508707643
0.20621986407786608
0.18266218109056354
0.17819204460829496
0.22833310393616557
0.2800015229731798
0.30332866683602333
0.17268835240975022
0.3253329028375447
0.19961712788790464
0.21665485994890332
0.26408068696036935
0.2846247712150216
0.1857307436875999
0.16877366369590163
0.234636259265244
0.21989616518840194
0.25439451914280653
0.3011352252215147
0.3615072122775018
0.3053651540540159
0.3789949556812644
0.3818142516538501
0.22310967091470957
0.1289710639975965
0.16843521129339933
0.21299282973632216
0.4376802328042686
0.2678278163075447
0.2481009028851986
0.17811269406229258
0.2790517578832805
0.3540987418964505
0.38816255517303944
0.14408927783370018
0.13997003016993403
0.2600879417732358
0.2671239450573921
0.4420285657979548
0.3306430336087942
0.24939302681013942
0.2527936827391386
0.2562752440571785
0.2681999206542969
0.3037217101082206
0.23127604508772492
0.25076519697904587
0.21427674312144518
0.1869704620912671
0.23546677827835083
0.2587388348765671
0.214167520403862
0.1267707571387291
0.1863778242841363
0.15624242508783937
0.27220311714336276
0.1929176989942789
0.3048995011486113
0.2513174209743738
0.25064263539388776
0.19718916807323694
0.2522643990814686
0.22233497817069292
0.15901875076815486
0.2806302630342543
0.25776824820786715
0.2655008602887392
0.25018214900046587
0.22496822383254766
0.2686297190375626
0.2595097008161247
0.2394818039610982
0.14541142899543047
0.19736047321930528
0.17621110612526536
0.25239734211936593
0.32214936008676887
0.1654590480029583
0.12644100189208984
0.12618567096069455
0.24859147099778056
0.15742085687816143
0.14071081904694438
0.16650269087404013
0.2006409289315343
0.15163508104160428
0.20140439691022038
0.27307573799043894
0.17121424293145537
0.20544198201969266
0.16313014179468155
0.2271000798791647
0.2208417570218444
0.15289232088252902
0.137767368927598
0.2373827788978815
0.18706785887479782
0.24956171913072467
0.2331203566864133
0.14016948826611042
0.24127032607793808
0.1351898843422532
0.1657449919730425
0.2308377199806273
0.2891917140223086
0.19174183206632733
0.23659277893602848
0.17453354271128774
0.26464466378092766
0.16526341391727328
0.23131144605576992
0.28206196101382375
0.12769235111773014
0.1427737190388143
0.24651047494262457
0.15206903126090765
0.17336143786087632
0.20218449365347624
0.22464262414723635
0.1423190888017416
0.13208584068343043
0.26060236198827624
0.17705672280862927
0.2437726091593504
0.19657457899302244
0.22234221873804927
0.21804438205435872
0.1465625581331551
0.173788920044899
0.16237690765410662
0.1742358710616827
0.17247895617038012
0.1640644590370357
0.14476694399490952
0.161258599255234
0.1309963148087263
0.20116679789498448
0.16753108287230134
0.24954956397414207
0.2117516240105033
0.15499608078971505
0.2196375080384314
0.1392555539496243
0.26253880513831973
0.18583417311310768
0.22470568073913455
0.1838368447497487
0.12974800495430827
0.1933312159962952
0.17118200985714793
0.23162224795669317
0.20658630086109042
0.15712704323232174
0.26190163008868694
0.15517764212563634
0.23767121089622378
0.22135597001761198
0.2596424329094589
0.16826717602089047
0.23364763986319304
0.16843272792175412
0.15941423317417502
0.2318200129084289
0.15758795384317636
0.21711899992078543
0.1444076201878488
0.25007383385673165
0.2355257347226143
0.17431620322167873
0.20319049106910825
0.17781074671074748
0.1525871087796986
0.1519792233593762
0.13151930319145322
0.13121340796351433
0.23109572380781174
0.21491432609036565
0.1653246060013771
0.17750188475474715
0.145242964848876
0.18860049499198794
0.15114481002092361
0.25859174225479364
0.14951495360583067
0.12782768020406365
0.25056274700909853
0.13122081104665995
0.1382085718214512
0.19200984900817275
0.1260039359331131
0.20555925415828824
0.16256575472652912
0.12737904535606503
0.17163668340072036
0.14097733609378338
0.12589980894699693
0.17859123088419437
0.17812328785657883
0.17200142983347178
0.14899621298536658
0.17748911026865244
0.2268045931123197
0.24212447507306933
0.21588130900636315
0.15136403497308493
0.23939671413972974
0.263084021396935
0.18713588267564774
0.22848665295168757
0.2125342320650816
0.1708561908453703
0.1259338390082121
0.20051955478265882
0.17857220908626914
0.23166081635281444
0.24024466797709465
0.16194029105827212
0.14955746429041028
0.2130658570677042
0.12603421229869127
0.12608375307172537
0.22524283779785037
0.12817900674417615
0.24709913227707148
0.1464557396247983
0.24132310412824154
0.15140805998817086
0.24916167370975018
0.12594805005937815
0.22701456304639578
0.17228043312206864
0.21976470295339823
0.21176908677443862
0.1658187760040164
0.1259955670684576
0.2035148567520082
0.12594186328351498
0.12612549168989062
0.12607317045331
0.23461627028882504
0.15098283486440778
0.2318031140603125
0.19920796668156981
0.21291984897106886
0.15658429265022278
0.13685594405978918
0.25057957088574767
0.12627218011766672
0.1258837222121656
0.1981247691437602
0.2000697599723935
0.17346402304247022
0.24813933996483684
0.2342478227801621
0.19214135920628905
0.24367618979886174
0.2382366037927568
0.15392727497965097
0.19545124424621463
0.19323153421282768
0.2011484457179904
0.12593795219436288
0.24198922468349338
0.20954856323078275
0.1639994098804891
0.12849913304671645
0.17589260591194034
0.12597085488960147
0.24336159974336624
0.16882929485291243
0.22493255091831088
0.195216148160398
0.16683764616027474
0.12641958985477686
0.1797074731439352
0.24412352172657847
0.2111322502605617
0.23393313493579626
0.23234514705836773
0.20378407603129745
0.17672278778627515
0.18761429097503424
0.23244725307449698
0.12591110728681087
0.12594241881743073
0.1790709886699915
0.1747545599937439
0.15608070883899927
0.22143647214397788
0.24377041682600975
0.22586672799661756
0.17926402110606432
0.17669026413932443
0.22676969692111015
0.22083344357088208
0.12606207840144634
0.1384693649597466
0.12594701489433646
0.23703068494796753
0.21085463324561715
0.24577620485797524
0.1259292159229517
0.12601466104388237
0.15847089095041156
0.23719020886346698
0.24328309670090675
0.14383385004475713
0.21541138691827655
0.19939862377941608
0.12595368409529328
0.22478640219196677
0.12599157495424151
0.24817214906215668
0.2105714986100793
0.22236050385981798
0.15897442726418376
0.17604122124612331
0.13017044868320227
0.1259491597302258
0.21327694598585367
0.12595163797959685
0.12923508323729038
0.22302699415013194
0.1878873249515891
0.2215109271928668
0.21405275026336312
0.14799104304984212
0.2466469630599022
0.23612200422212481
0.14784609666094184
0.23956174682825804
0.21836800267919898
0.14776328764855862
0.2037877938710153
0.24948052503168583
0.22327181790024042
0.24361205380409956
0.23918521590530872
0.14535409025847912
0.1726909540593624
0.12582053197547793
0.23223484819754958
0.2074718913063407
0.20384935662150383
0.23822011100128293
0.24958785064518452
0.2359498622827232
0.2172728730365634
0.2486654007807374
0.22594819404184818
0.20774495974183083
0.13020402286201715
0.12585439812391996
0.12586369970813394
0.12586832884699106
0.2441992498934269
0.2507416261360049
0.1258720769546926
0.15256304293870926
0.1258658543229103
0.20393018890172243
0.23273281985893846
0.15822417102754116
0.21522586699575186
0.19222275400534272
0.19662338588386774
0.22566694812849164
0.21862825006246567
0.2036259570159018
0.22964272601529956
0.14707835298031569
0.18893602676689625
0.24558657174929976
0.18744743196293712
0.22403011517599225
0.12599511770531535
0.22076409636065364
