0.8537233453243971
0.6720808832906187
1.1926132747903466
0.8677578177303076
0.9834449458867311
0.5071127898991108
0.7818281948566437
0.8381361779756844
0.7952430411241949
0.9372110920958221
0.8659031768329442
0.506908135022968
1.0101722199469805
0.9809493380598724
0.8956861132755876
0.7650868883356452
0.507710610050708
0.8952706269919872
0.5067287972196937
0.5073528499342501
0.8612843891605735
0.5189379076473415
0.514108335133642
0.9306672993116081
0.9782312540337443
0.9599168631248176
0.5595718631520867
0.5067135686986148
0.5169538492336869
0.5192193211987615
1.0066225631162524
0.8747191787697375
1.0059251952916384
0.9932485120370984
0.9980655941180885
0.5344714601524174
0.9073910652659833
0.962421698961407
0.9282902758568525
0.9448704440146685
0.9605229287408292
0.8322389689274132
0.5067018917761743
0.8213802357204258
0.9373402120545506
0.5066082240082324
0.7774736438877881
0.9451574068516493
0.8624854912050068
0.506506783887744
0.953486445825547
0.5065349200740457
0.9624676750972867
0.8735300432890654
0.5748153361491859
0.7736622779630125
1.0063890619203448
1.0089097749441862
0.5069807940162718
0.8545471290126443
0.5862483219243586
0.7070406847633421
0.7568669356405735
0.5068118241615593
0.9609462693333626
0.9944295547902584
0.5069969338364899
0.8122526970691979
0.9319919771514833
0.8013923089019954
0.9720518589019775
0.5066902516409755
0.506632053758949
0.9034658796153963
0.5071629150770605
0.8763230638578534
0.5072795650921762
0.8945177979767323
0.9616905283182859
0.9013326480053365
0.9759763791225851
0.9966338318772614
0.7717854510992765
0.9824870559386909
0.515477551613003
0.5071949069388211
0.9705031081102788
0.6916282773017883
1.0103795332834125
0.9986934899352491
0.9907871289178729
0.9900437737815082
0.8025824669748545
0.5067131565883756
0.8545786710456014
0.9663270772434771
0.7268731906078756
0.5245752180926502
0.5483088800683618
0.5133417299948633
0.7797966413199902
0.9896403639577329
0.9771370990201831
0.9955165139399469
0.9012798028998077
0.9877592260017991
0.9987276871688664
1.0104138548485935
1.0036986730992794
0.6222050809301436
0.518725476693362
0.9313145480118692
0.7693448509089649
0.9742593779228628
0.9717534091323614
0.5158467330038548
0.5178928980603814
0.9908971898257732
0.5201898477971554
0.986159410327673
0.974755416624248
0.9950340026989579
0.9884896827861667
0.792282905895263
0.8790619750507176
0.9713009297847748
0.958508821669966
0.9921961980871856
1.006383896805346
0.9967642780393362
0.9748178557492793
0.8862864328548312
0.9802180617116392
0.979989041108638
1.0010514599271119
1.0081487749703228
0.9536115289665759
0.9365042317658663
0.9762434880249202
0.826061715837568
0.981256416067481
0.9563834210857749
0.9346368899568915
0.9574305200949311
1.004812135361135
0.8966162418946624
0.9647155310958624
0.7759883780963719
0.9561853976920247
0.866237455047667
0.7211850457824767
0.8478413675911725
0.948882486205548
1.0121151758357882
0.5067282747477293
0.7647400903515518
0.8885324629954994
0.8492307104170322
0.8434595647267997
0.9502438032068312
1.0087776258587837
1.0107648060657084
0.9533520950935781
0.5075812391005456
0.8424451779574156
0.936396973207593
0.8534162268042564
0.8124686670489609
0.9973047426901758
0.9932468729093671
0.9805674203671515
0.9718309128656983
1.0103074070066214
0.905162547249347
0.9646851611323655
1.0074673700146377
0.9797901287674904
0.9904904887080193
0.9327201549895108
0.9524557678960264
0.8942358470521867
1.0078391372226179
0.9600568292662501
0.874122491106391
1.003213802818209
0.9167582062073052
0.995782389305532
0.8913094340823591
0.9760036398656666
0.8884922540746629
0.8162917369045317
0.9208389418199658
0.983982055913657
0.6897846250794828
0.5064529799856246
0.8636182229965925
0.6902726679109037
0.8137684939429164
0.9799043177627027
0.9779864219017327
1.011345786973834
0.9664668864570558
0.8554122061468661
0.8051549876108766
0.9356586001813412
1.0087619577534497
0.887064304202795
0.910514579154551
0.6668264861218631
0.5067351558245718
0.9103944413363934
0.5073349233716726
0.8728454811498523
0.9660415048711002
0.9316917648538947
0.5068429969251156
0.5066336342133582
0.5065556699410081
0.506587378680706
0.5069260420277715
0.508259691298008
0.506683737039566
0.507675610948354
0.5069776829332113
0.5069418712519109
0.9974279431626201
0.9697824819013476
0.5084051829762757
0.9943445748649538
1.000885576941073
0.9345192788168788
0.985648529138416
1.0084220222197473
0.9607191169634461
0.9895435641519725
1.001415719743818
0.9958318718709052
1.0084499418735504
0.9055797113105655
0.564397064037621
0.8268526252359152
1.0847849329002202
0.8642421117983758
0.7872594608925283
0.864370449911803
0.884962840937078
0.5070728291757405
0.520027520135045
0.9479101411998272
0.9945279452949762
0.5210090479813516
1.003060792107135
0.966536536347121
0.9510443289764225
0.9790352028794587
1.0044175209477544
1.0517384130507708
0.9329808210022748
0.8959353300742805
0.7331057218834758
0.9707891480065882
0.994122289121151
1.0094893230125308
0.9531903960742056
0.983778896741569
0.7476700348779559
0.6098668361082673
0.9991151387803257
0.6047244668006897
0.9135079281404614
0.5927152237854898
0.9519330891780555
1.0038391542620957
0.9953698581084609
1.0069514042697847
0.9720338792540133
0.9920591940172017
0.5065715992823243
0.8386334902606905
0.7489723637700081
1.000909373164177
0.5429187347181141
0.6526736710220575
0.14505730383098125
0.983454056084156
0.6535100489854813
0.999003313947469
0.16703516384586692
0.9782986757345498
0.5066514411009848
0.963405610062182
0.2558553512208164
1.0081577920354903
0.9750115470960736
0.9770177030004561
1.0004319739528
1.0059575419873
0.8287737583741546
0.9391843630000949
0.9925954309292138
0.9576410069130361
0.9964750278741121
0.9758290988393128
0.9913175897672772
1.0104246493428946
0.9606178589165211
0.9456283431500196
1.0018114619888365
0.9462245428003371
0.9583561713807285
0.9834764418192208
1.012510214932263
1.0028405277989805
0.7610874380916357
0.9627970932051539
0.6696455162018538
0.9890507413074374
0.9515212727710605
0.9575127749703825
0.9717973149381578
0.9501081709749997
0.9761900389567018
0.9486990836448967
0.5151665629819036
0.5388111690990627
0.9945476469583809
0.9669563961215317
0.942029045894742
0.924336145631969
0.8191154599189758
0.8769916370511055
0.9003995340317488
0.5067352852784097
0.9641175540164113
0.2399538359604776
0.2497446839697659
0.9214995913207531
0.5068732569925487
0.8278234340250492
0.26370959309861064
0.9746044399216771
0.5066663110628724
1.0062262928113341
0.9479165021330118
0.19730045227333903
1.0060930321924388
0.5067429882474244
0.9644852648489177
0.9506314909085631
0.5580128692090511
1.0036416230723262
0.5554009089246392
0.9085111538879573
0.9877981287427247
1.0123766302131116
0.9876596098765731
0.2417877521365881
1.006929699331522
0.5573834269307554
1.0122073167003691
0.8972414918243885
0.23824568092823029
1.0372226238250732
0.2477984121069312
0.9970307447947562
1.0111341471783817
1.0034880200400949
1.0047693150117993
0.2545369267463684
1.0776993758045137
1.005884998012334
1.0746953352354467
1.0903520709834993
0.9234604090452194
0.9511823239736259
0.24486299278214574
1.091774309054017
0.9936179001815617
0.9794530961662531
0.7928740186616778
0.23903555003926158
0.9285925929434597
0.5793785811401904
0.24544492829591036
0.9751699822954834
0.6622595302760601
0.9971523890271783
0.9949019085615873
0.5232060849666595
0.21893614530563354
0.5525403576903045
0.9270486501045525
0.5616374178789556
1.0086367530748248
0.9629490678198636
0.9520150129683316
1.0026378990150988
0.24225820181891322
0.9733726768754423
0.9777620718814433
1.0126510611735284
0.3566141170449555
1.0095875323750079
0.9982183561660349
1.0068865967914462
1.0549483778886497
1.0127771263942122
1.0110891959629953
0.2444699639454484
0.989817694760859
0.9917629794217646
0.5586053458973765
1.0634438707493246
1.007538293953985
1.041721738409251
0.9975939346477389
0.9661734490655363
1.0848856908269227
1.081704055890441
1.0065669626928866
1.0422654822468758
0.9730300479568541
0.9889363832771778
0.20893143583089113
0.958126743324101
0.9913206268101931
0.9049399988725781
0.8606386040337384
0.9419992733746767
0.2463999898172915
0.9455900439061224
0.9803852378390729
0.2401504428125918
0.9851646171882749
1.0115859438665211
1.0345702930353582
1.0102919111959636
0.9013869389891624
0.9905446716584265
0.8550172857940197
1.0119718220084906
0.24865754088386893
0.9723612270317972
1.0438972008414567
0.9969587968662381
0.9780415440909564
0.9446905571967363
0.7481119320727885
0.966474199667573
0.6769428718835115
1.0045328759588301
0.2427298128604889
0.2497741156257689
0.9964111470617354
0.9828263358213007
0.54257877683267
1.0840787021443248
0.5073235593736172
0.9764186260290444
1.0845465161837637
0.9844415783882141
1.0053203138522804
0.99517967319116
0.980271328240633
1.0698874713853002
0.2397084729745984
1.0086537091992795
0.23981993598863482
1.0128276320174336
0.9973109588027
1.005853812675923
1.075732247903943
0.9018631060607731
0.9760843869298697
0.9450867450796068
0.9584856629371643
0.9894979512318969
0.9223062731325626
0.9271892691031098
0.994651657063514
0.9377072108909488
0.9446212789043784
0.9886504532769322
0.2429498340934515
0.20239149406552315
1.009029665030539
0.24657151801511645
0.9567280816845596
1.0791610600426793
0.99827282410115
0.9972300068475306
1.03837899165228
1.007538456004113
1.0045966519974172
1.0041986852884293
1.0443947967141867
1.0064216838218272
1.0679194331169128
0.21251782588660717
0.9575250297784805
0.23443348007276654
0.8438678928650916
1.0113230347633362
0.9620886659249663
0.8978887056000531
0.9764822828583419
0.9935571276582778
0.24258254887536168
0.8977061263285577
1.0055909319780767
0.19690815964713693
0.9843580187298357
0.24537466699257493
0.21295045781880617
1.0079363570548594
0.9653533883392811
0.2139346096664667
0.8991324990056455
0.21665141405537724
1.0117213218472898
0.24598029302433133
1.010393135715276
0.9330554669722915
1.0015016524121165
0.9738895269110799
0.9743597051128745
1.0007133521139622
0.9126188699156046
0.2436095760203898
0.9936934472061694
0.9691085391677916
0.8595528299920261
0.7600813978351653
0.9060049862600863
0.2404341921210289
0.8804359408095479
0.9649543911218643
0.5433850609697402
0.9746291385963559
0.18015750823542476
0.9966773730702698
0.2268954678438604
0.9996832008473575
0.2370911673642695
1.0822523566894233
0.21445976477116346
0.9869158240035176
0.24063478410243988
0.9909079321660101
1.0825736629776657
1.0090229869820178
0.998232230078429
1.0795880276709795
0.9948582258075476
0.9904300570487976
1.0701006697490811
0.27099030325189233
1.0044344109483063
0.9646377461031079
0.374668057076633
1.0551326558925211
0.3369722282513976
1.0699502620846033
0.936875943094492
1.0655889040790498
0.3735792930237949
0.9906617668457329
0.9874422643333673
0.9921367829665542
0.5429764240980148
0.5263171270489693
0.994330758228898
0.5450267428532243
0.9975961949676275
0.36409652000293136
0.9402359379455447
0.3386861397884786
1.077108304016292
0.9945334931835532
0.9745140769518912
1.0018771886825562
0.3308761268854141
1.01647616783157
0.4668792304582894
0.9958750559017062
0.48996055591851473
1.0826835641637444
1.000010823365301
1.0400429796427488
0.9746645279228687
1.0019197119399905
0.47773502208292484
1.0512036490254104
1.0315586919896305
1.0097676473669708
0.4753483119420707
0.573651306796819
0.5562735958956182
1.0819901530630887
0.5965014677494764
1.005590339191258
1.0843752161599696
1.0840826886706054
1.0604220209643245
1.0005025519058108
1.0828600795939565
1.005895801819861
0.39730704901739955
0.998632316943258
1.0105437119491398
1.0074685327708721
1.0183704067021608
1.0406364742666483
0.9993988890200853
0.6068925731815398
1.0635810787789524
0.6941219139844179
1.0126125100068748
0.35855285404250026
1.0834333370439708
1.0065267058089375
0.9607519479468465
1.0769529468379915
1.0121952593326569
1.0765596530400217
0.37701527029275894
1.0000298828817904
1.0752936182543635
0.3627472221851349
1.0849618869833648
0.4616959737613797
1.0073080956935883
1.0025790077634156
1.0524919042363763
1.0707435859367251
1.1333418912254274
1.0687874001450837
0.46996663603931665
1.0756098162382841
0.6225732020102441
0.5863759089261293
1.0539375613443553
1.2827409016899765
0.5003860862925649
1.1920352019369602
0.9965566261671484
1.2203706977888942
0.9850204880349338
1.2621568879112601
0.3736218032427132
1.1241604997776449
1.0084795830771327
0.5524982777424157
1.3654649341478944
1.0027737761847675
0.6207579830661416
1.4053211081773043
1.454354050103575
0.6229184558615088
1.6248252899385989
1.071866241749376
0.5003207661211491
0.9322671643458307
0.9509016741067171
0.9546190360561013
0.6463390872813761
1.4091088292188942
0.6615479709580541
0.6429746919311583
0.6104686679318547
1.418082541320473
1.3429362350143492
1.6238501989282668
1.5927755599841475
0.9833652121014893
0.7502775671891868
1.6214761910960078
0.6224603890441358
1.6250339769758284
1.4691336550749838
1.616464537102729
0.7559862593188882
0.8015772318467498
0.9653932889923453
1.6154335499741137
1.0015769759193063
1.607229013927281
1.5062361471354961
0.914959950838238
1.6177710290066898
0.8793101380579174
1.5171021493151784
1.623300408013165
2.1021683448925614
1.2445232081227005
1.0110850748606026
1.0055792219936848
1.279377993196249
1.0032294928096235
1.510403495747596
1.5044759782031178
1.6041992921382189
2.1025767838582397
2.129333594813943
0.7442222298122942
1.510191127192229
0.8053870568983257
2.1420545927248895
2.151123591233045
2.1473096921108663
1.515574153047055
0.7593605178408325
2.1340763135813177
0.8696202309802175
2.046745066996664
0.8725826069712639
0.639022025745362
1.2565562911331654
2.088049829006195
1.8885699198581278
2.139597898349166
1.614411270711571
1.1489851539954543
1.6040751188993454
0.9946560068055987
0.7364139938727021
1.5428400528617203
1.5767084266990423
1.0011809109710157
1.9879231289960444
2.079416365828365
0.9882767992094159
1.5887045320123434
2.106942964717746
0.9658834151923656
2.13420418323949
1.6443449649959803
1.0935272201895714
0.9688559807837009
2.164880690164864
0.9274857342243195
1.0095952344127
2.1571504529565573
1.0118520399555564
1.7144932649098337
1.0335018378682435
2.1517160246148705
0.9473608657717705
2.1533314073458314
2.022932518273592
2.1670862389728427
1.4852164960466325
2.1673737238161266
1.4758268618024886
1.9212969900108874
2.1543480018153787
0.9322110726498067
2.1209255307912827
2.0233817622065544
0.8778116893954575
1.518302830401808
0.9396136640571058
1.2286528130061924
2.1679446501657367
2.0714578619226813
2.0841215597465634
2.121865838766098
0.9664949430152774
0.9895629142411053
0.7971335970796645
2.006432741880417
1.0010421480983496
2.1870276001282036
2.0138815520331264
2.151940783020109
0.9967301427386701
0.856918903067708
0.9757860121317208
2.291268879082054
1.9176853820681572
2.3298887610435486
2.006671192124486
0.7392016132362187
2.3361057001166046
0.7939061229117215
0.6560774389654398
2.3246978856623173
2.153803597204387
2.300697860773653
2.2786898999474943
1.1278018071316183
1.727206161711365
0.7416574042290449
0.5940632671117783
1.5167520842514932
0.7464593122713268
2.4807637482881546
2.1373991519212723
2.1568761030212045
0.8067132858559489
0.5785352378152311
2.1578021720051765
0.8276057848706841
2.6698880759067833
2.143700565211475
0.6729029659181833
0.8688279581256211
2.004562335088849
2.669672051910311
2.01663532294333
0.9399366332218051
2.7114859190769494
0.595156567171216
0.6902226377278566
2.6916424287483096
2.6744267642498016
2.246780205052346
2.7045704727061093
2.7005513538606465
0.5526942797005177
2.009706409648061
1.9547095722518861
0.997724796179682
0.5070686629042029
0.9809156362898648
2.7110194410197437
2.395376398228109
2.4092745259404182
1.946349729783833
2.357193627860397
1.9647228298708797
0.927608662750572
0.6487976158969104
2.413398974109441
0.5097988885827363
2.163347324822098
0.7237865505740047
0.5067898561246693
2.515516927000135
2.5576321478001773
0.9135922808200121
2.2740012109279633
1.0528071871958673
2.706211649812758
3.1938735931180418
3.2201277068816125
0.5063460539095104
1.0026402901858091
1.0050336667336524
0.970776901114732
1.082255131099373
2.6980940368957818
2.704672788735479
0.9911451730877161
2.691008368972689
0.9995077773928642
1.0052589448168874
2.618133019655943
2.616449964232743
1.01255188183859
0.9153733979910612
2.698478785343468
2.6007913420908153
3.2152941399253905
1.0608619307167828
1.0026544169522822
0.9818120351992548
0.9390570996329188
0.9309251988306642
1.0622012121602893
3.1314205820672214
0.9956607860513031
3.0538649377413094
3.0943490569479764
1.0045582768507302
0.9943914506584406
2.660009430721402
0.9708452140912414
0.5067677162587643
0.9654196230694652
3.24038546718657
0.9705184791237116
0.5067597050219774
0.745573251042515
0.9041110598482192
1.0102536450140178
0.9725394239649177
0.987404122017324
1.0095538701862097
0.7458504228852689
0.8152769696898758
0.9686245121993124
0.9654665989801288
0.5416138521395624
0.56602977309376
0.9392851716838777
0.5116887809708714
0.9748305259272456
0.8533364650793374
0.7221975233405828
0.519902550149709
0.9867015620693564
0.6392709482461214
0.9159944737330079
0.5092752459459007
1.005631685256958
0.883812618907541
0.8855974306352437
0.9943869989365339
1.0096675190143287
1.0039813150651753
0.8133991579525173
0.8383402996696532
0.9168702568858862
0.5350093990564346
0.9904348528943956
0.5100134299136698
0.6687111677601933
0.9587365170009434
0.9784528808668256
0.9736319682560861
0.9933795849792659
0.9957040548324585
1.0093166050501168
0.6271688072010875
0.9996634619310498
0.8306641569361091
0.9246208700351417
0.9234994621947408
0.5076111112721264
0.9470986910164356
0.8978289240039885
0.9921806207858026
0.845281220972538
1.0029508527368307
1.0054687629453838
0.9900273690000176
0.9498210060410202
0.936513080727309
1.0080385189503431
0.9984244909137487
1.000717147719115
0.5199310970492661
0.905394546687603
0.9688055207952857
0.8819969720207155
0.5522006717510521
0.8118755570612848
0.6042480999603868
0.9573608636856079
0.5067296191118658
0.9609637479297817
1.0341891814023256
0.5516277188435197
0.544437212869525
0.9346943120472133
0.9443765506148338
0.5197219280526042
0.9243312990292907
1.0117047647945583
0.977697319816798
1.0222337455488741
1.004996965173632
0.7311243587173522
1.0130309727974236
1.0051022260449827
0.9779768139123917
1.0052209431305528
0.895056561101228
1.0070176641456783
0.9301652540452778
0.992664691992104
0.9261454367078841
0.9590882048942149
0.8496563248336315
0.8708464009687304
0.8190432279370725
0.5322423647157848
0.8087977208197117
0.6130137811414897
0.8276202008128166
0.5713002514094114
0.5414084177464247
0.762768941000104
0.9877200219780207
0.6172828171402216
0.5397832691669464
0.5619582650251687
0.9208212699741125
1.0097925877198577
0.5162013419903815
1.0488772657699883
0.8447593539021909
0.9423728291876614
0.9817718653939664
0.8660652223043144
0.9215635652653873
0.9798761107958853
0.8786859577521682
1.012237987946719
0.5225158790126443
0.5212838873267174
1.0208983309566975
0.5074977120384574
0.5217967238277197
1.0007455400191247
0.9151304708793759
0.9736207709647715
0.921598537825048
0.6253272630274296
0.9020587881095707
0.5272368690930307
0.7112990282475948
0.9423249750398099
0.7773205488920212
0.8242605910636485
0.5146846198476851
0.9828656888566911
0.9888598038814962
0.5067943618632853
0.8832241059280932
1.0006625559180975
0.5208954378031194
0.6102146119810641
0.700055378023535
0.5070510189980268
0.5786692500114441
0.600721821654588
0.5245118788443506
0.9063548529520631
1.0079671442508698
0.9420187789946795
0.9223718103021383
0.5207401248626411
1.071826359257102
0.9167166328988969
0.9009792981669307
0.5071416716091335
0.9920021248981357
0.8818724569864571
0.5233204117976129
0.9743201727978885
0.9963684766553342
0.9900044831447303
1.01107148360461
1.009807761758566
0.9783835583366454
0.9966316111385822
1.0056136543862522
0.9869664050638676
0.9102177643217146
0.8286947240121663
0.9105834080837667
0.5232455129735172
0.6238613799214363
0.5826905709691346
0.7056607590056956
0.8221874120645225
0.8879990889690816
0.8964349990710616
0.5429829391650856
0.5300033576786518
0.5259992140345275
0.8974835397675633
0.616170316003263
0.8994223489426076
0.897000715136528
1.007194367237389
0.9284826396033168
1.0168365277349949
1.0105360029265285
0.9936659391969442
0.9757253108546138
0.528177622705698
0.658951660618186
0.5985683570615947
0.17974388366565108
0.9839887418784201
0.23211425310000777
0.9131956803612411
0.9602074297145009
0.5067504090256989
0.5072540072724223
0.9321980541571975
0.9664436210878193
0.24228181783109903
0.9490224970504642
0.7547151609323919
0.9080560491420329
0.8410207224078476
0.9963151342235506
0.9909059330821037
1.0126006263308227
1.0074612069875002
1.0041928980499506
0.9886560491286218
1.036713348235935
1.0741651919670403
0.9706754861399531
1.0076625873334706
0.7821027399040759
0.972232423722744
0.9486942170187831
0.967026952188462
0.24556851061061025
1.0119778998196125
0.9257562719285488
0.7904289290308952
0.8367526140064001
1.0034215319901705
0.5067062829621136
0.543315599206835
0.977239890024066
0.5653687170706689
0.506903565954417
1.005476184654981
0.7202640050090849
1.0020969421602786
0.9071031739003956
1.0071233729831874
0.12618074379861355
0.9577620569616556
1.008805061224848
0.9458750518970191
0.25105572398751974
0.963838879019022
1.008111268747598
1.0125785167329013
1.0591552089899778
0.9909198242239654
0.9727936657145619
0.6752967112697661
0.9751605931669474
0.8557979092001915
0.9595481539145112
1.000480436719954
0.970489501953125
0.8985065487213433
0.8821743200533092
1.0035337419249117
0.9033096460625529
0.9892838872037828
0.9761943072080612
0.9663354018703103
1.0092385578900576
0.9908530600368977
0.6796957137994468
0.5066629908978939
0.9811861598864198
0.7336565083824098
0.9025360653176904
0.5066397832706571
0.9141464740969241
0.506645327899605
1.0118092084303498
0.5066816443577409
1.0070117581635714
1.0007477630861104
1.0078975488431752
0.9552858541719615
0.5067145125940442
0.5065760500729084
0.9997259858064353
0.9900914747267962
0.9899652851745486
0.932887667324394
0.9890099908225238
0.9052435681223869
0.20612583495676517
0.9981081020087004
0.23059964971616864
1.000473284162581
0.242553876247257
1.0069410037249327
0.9354461538605392
0.20595120498910546
0.9842234058305621
0.9771407730877399
1.0089319837279618
1.0095389187335968
0.5425116396509111
0.9307131380774081
0.16372325969859958
0.7046631867997348
0.12594275223091245
1.0107604144141078
0.7517756600864232
0.24151314608752728
0.9577028090134263
0.8448225478641689
1.0027318429201841
0.9892718633636832
1.005448326934129
1.009753453079611
0.9946148046292365
1.0065723550505936
1.080786486621946
1.0566256861202419
0.9810823388397694
0.9922330281697214
0.9962143930606544
0.9914364209398627
0.9201929117552936
0.9895733669400215
0.9409325001761317
0.9922110768966377
0.9791788351722062
0.9815240111202002
0.84696980798617
0.9603043077513576
0.9932351750321686
0.9386948002502322
0.9857276431284845
0.5066099483519793
0.8280385909602046
0.50684166373685
0.9443317828699946
0.9111073440872133
0.9680020720697939
0.9601892489008605
0.9816092802211642
0.9562057261355221
0.991154707968235
0.9227573969401419
0.9897354696877301
0.9936821958981454
0.9847260150127113
0.5193405719473958
0.6405847710557282
0.5229612202383578
1.0116729936562479
0.8166907699778676
0.579992433078587
0.8701686952263117
0.5143816592171788
0.506771270185709
0.8122364319860935
0.5066788848489523
0.5069712209515274
0.9672412741929293
0.5433335620909929
0.5433926861733198
0.16303443256765604
0.5066342721693218
0.23117631813511252
0.5073865731246769
0.23106441088020802
0.23772361734881997
0.5444016810506582
0.5073340479284525
0.9824931747280061
0.8784118201583624
0.20935265766456723
1.0072878757491708
0.9965335899032652
0.9939854699186981
1.009517028927803
0.9769506007432938
0.19977763015776873
0.20177517319098115
1.058455633930862
0.2254993049427867
1.0081717991270125
1.006965606007725
0.24934197030961514
1.003863146994263
0.9393698419444263
0.9877054872922599
0.9944493803195655
0.2030965741723776
0.9974978938698769
0.24361051991581917
1.01316351396963
0.528722430113703
0.9762845379300416
1.0016863741911948
0.9448312767781317
0.9617916261777282
0.21643877308815718
0.8239359869621694
0.9468643460422754
0.7208558968268335
0.9904585122130811
0.9322203760966659
0.9771933890879154
0.9409251720644534
0.5435862829908729
0.5231749601662159
0.9955855319276452
0.5561244310811162
1.0084113548509777
1.0135522191412747
0.9985992731526494
1.00874859187752
0.9154348010197282
0.9388008774258196
1.0628631552681327
0.5591826741583645
0.9853634773753583
0.9997966666705906
0.24731926014646888
1.0026759691536427
1.004370122216642
0.9973955587483943
1.0023862407542765
0.947513691149652
0.9944865056313574
1.0697476007044315
1.0053736199624836
0.998258275911212
0.9717189469374716
0.9874588209204376
1.009717504028231
0.978953470941633
1.0681330510415137
0.9187184330075979
0.8772400910966098
0.8210015688091516
1.0086687449365854
0.844851307105273
0.9735830049030483
0.8994748196564615
0.8888440909795463
0.9008851158432662
0.966963361017406
0.8687512800097466
0.8857002407312393
0.9479099870659411
0.9834693260490894
0.9744253573007882
0.9907757150940597
0.8044949881732464
0.9516389449127018
0.8575230268761516
0.7751417770050466
1.0069310339167714
0.7455706261098385
0.7399056237190962
0.7974860980175436
0.5066673369146883
0.7525149211287498
0.5723098069429398
0.9811387248337269
1.003523884806782
0.19017698802053928
0.9745278563350439
0.9463218171149492
0.9598623597994447
0.9998568841256201
0.9555461248382926
0.9828027910552919
0.9766885037533939
0.6952179642394185
1.0113198440521955
0.8974847812205553
1.0125396489165723
0.9140971000306308
1.0005479701794684
1.0059942062944174
0.9805901520885527
0.9930125228129327
0.966332248877734
0.9950452269986272
1.0110545009374619
0.905034676194191
0.7716945470310748
0.9935483299195766
0.9146271259523928
0.8488491270691156
0.8479233500547707
0.7990514598786831
0.9977165022864938
0.8002105331979692
0.6628812551498413
0.7297638040035963
0.7408698718063533
0.9842939539812505
0.9668506840243936
1.0107440063729882
0.8843000717461109
0.8708435553126037
0.9617785704322159
0.8890850716270506
0.7666267612949014
0.7043807557784021
0.5623044827952981
0.24269094923511147
0.9666313272900879
0.9629629240371287
0.5068377191200852
0.5068386010825634
1.006452560890466
0.9934787577949464
1.0125434859655797
0.9929914539679885
0.9176719388924539
0.9390854020603001
1.0069669149816036
0.8944258182309568
0.9571113740094006
1.0112402010709047
0.98290527286008
0.9814211600460112
0.8775851298123598
0.8355322731658816
0.7885932568460703
0.9411338972859085
0.8113257871009409
0.5067153293639421
0.5066257822327316
0.9800881361588836
0.5067843119613826
0.9324807180091739
1.0097213806584477
0.9953819760121405
0.9253881978802383
0.9723518858663738
0.9389205570332706
0.9728263961151242
0.24497606186196208
0.2178410068154335
0.5067747212015092
0.9314206223934889
0.9947751830331981
0.5064708949066699
0.8568394207395613
0.8838535039685667
0.5426597809419036
1.0096552660688758
0.9673933568410575
0.9809256601147354
1.0059964549727738
0.9256819491274655
0.9905406828038394
0.9210130809806287
0.9971033087931573
0.9967827699147165
1.0075248419307172
0.956517759244889
0.984868599101901
1.0057063321582973
0.8568409280851483
0.8590932521037757
0.9762789350934327
0.5064385998994112
0.5066827111877501
0.868235033005476
0.9395506391301751
0.9947145539335907
0.9890476712025702
0.9935729838907719
0.9582175468094647
0.7294777492061257
0.5074723227880895
0.5068476349115372
0.9797115386463702
0.22433691890910268
0.24508586199954152
0.5064608100801706
0.9959676540456712
0.5066892341710627
0.5066344286315143
1.0026114550419152
0.992200484033674
0.9723740140907466
0.24140332220122218
0.2427948801778257
0.9364822679199278
0.5427202633582056
0.5072719962336123
1.0071438760496676
0.9805364329367876
1.007774312980473
0.5428245170041919
0.9498079176992178
0.9742522449232638
1.0101533150300384
0.9832659661769867
0.9825403797440231
1.011487924028188
0.9597545596770942
0.9963559499010444
1.0031789341010153
0.9922439553774893
0.24608891271054745
1.0035977326333523
1.0812327689491212
0.9774657553061843
1.0117166312411427
0.9943710002116859
0.9466734402813017
0.7877939390018582
0.8122236970812082
0.9346973709762096
0.9243577397428453
0.9999988810159266
0.2259285426698625
0.9447262487374246
0.9995683287270367
0.20587407192215323
0.5425269319675863
0.9198580533266068
0.914380278903991
0.9925175812095404
0.9628292862325907
0.988754278048873
0.9440164929255843
0.8841649820096791
0.9739244054071605
0.9869026690721512
0.9837378873489797
1.0059887412935495
0.9713647370226681
0.9149771188385785
0.896199163980782
1.000618627294898
1.0036707944236696
0.9578169700689614
0.9856020649895072
0.5067822337150574
1.003321916796267
0.9165503042750061
0.971124077681452
0.9106577071361244
0.9892351580783725
0.9714236818253994
0.8735461113974452
1.009111207909882
0.9312164420261979
0.9933096109889448
0.9759370787069201
1.0103675168938935
0.8717392683029175
0.6870986660942435
0.967274212744087
0.5924481521360576
0.5425967653281987
0.5066367639228702
0.5066306302323937
0.9577979287132621
0.9360503116622567
0.5076693049632013
0.921672591008246
0.903613347094506
0.996028786059469
0.9580201841890812
1.0050967959687114
0.9670542539097369
0.9664963837713003
0.9842368396930397
0.9388005617074668
0.5066471789032221
0.855730454903096
0.9871051530353725
1.0004123230464756
0.9864559541456401
0.9951044879853725
0.9473892259411514
0.9357347167097032
0.5093203061260283
1.0104964361526072
0.9535141000524163
0.18950216006487608
0.9622386610135436
0.9939933433197439
0.24713775282725692
0.8148635500110686
0.9996243617497385
0.8811087179929018
1.0107037690468132
0.9295007651671767
0.24012801283970475
0.9853988289833069
1.006209911312908
1.001490285154432
0.7178881508298218
0.9719507289119065
0.18462900118902326
0.8611042350530624
0.5429369769990444
0.7964787390083075
0.937275109346956
1.0078808111138642
0.9898478509858251
1.002521984744817
0.9988269559107721
0.24304366298019886
0.2397016710601747
0.9890786129981279
0.24452784098684788
0.917544661089778
0.9393314979970455
0.9800892807543278
1.0108122960664332
0.9988973150029778
0.7448713667690754
0.8215844840742648
0.23327010590583086
0.9127224781550467
0.9992410312406719
0.9576990329660475
0.9866461083292961
1.0044444743543863
0.24250423070043325
0.23158018523827195
1.0016625192947686
0.9660489219240844
1.007348459213972
0.5442244689911604
0.8928795149549842
0.9512727269902825
0.5426108129322529
0.22874335991218686
0.998061285354197
0.23410368105396628
0.9681926029734313
1.0422021229751408
0.5080070947296917
0.8064794819802046
0.986881862860173
0.9876519693061709
0.9753562523983419
0.9527384187094867
0.15092452615499496
1.0026318510062993
0.9996816241182387
0.5073556271381676
0.2457257709465921
1.0109280478209257
0.9773313328623772
0.9829641599208117
1.0800732858479023
0.907538590952754
1.0340110999532044
1.0043635349720716
0.2691628350876272
1.004590565804392
0.24692896287888288
1.0361021650023758
0.22385024605318904
1.0198464207351208
0.9879903751425445
1.012388613075018
1.0085523347370327
0.9987442619167268
0.9915861058980227
1.0763111696578562
0.238733587320894
1.0080442340113223
0.9960232130251825
0.543041193857789
1.0113920350559056
0.9302230509929359
0.9758217372000217
0.6897013881243765
0.23219498712569475
0.7174734696745872
0.9439786118455231
0.24878676608204842
0.9762126822024584
0.7973607289604843
0.5574907381087542
0.8920994689688087
0.9077789429575205
0.23136089416220784
0.9163660830818117
0.9055209830403328
0.9604531098157167
0.971972974948585
0.24513910617679358
0.23786356812343
1.0090212463401258
1.00816240767017
0.8113121339119971
1.0120786097832024
0.9680727319791913
1.006156105082482
0.2345310770906508
0.24562895577400923
1.0065777120180428
1.0408212840557098
1.0667207539081573
0.222081339918077
1.0022903732024133
0.23561587324365973
0.8810156462714076
1.009882448706776
0.7975013637915254
0.9993350859731436
0.997353333979845
0.8757685138843954
0.9859978700987995
0.5132315377704799
0.9592022080905735
0.9840806070715189
0.9976998427882791
0.6177700501866639
0.2505061039701104
1.0082683828659356
0.9534117039293051
0.9790675090625882
0.24091452080756426
0.9935855609364808
0.23216967890039086
0.5562674230895936
0.9932521800510585
1.0094892201013863
1.0159721751697361
0.24042681604623795
0.9972517723217607
1.0041926647536457
1.0019785836338997
0.9767929003573954
1.0041379071772099
0.24020175309851766
0.24163014395162463
1.0687867333181202
1.0480041708797216
0.753145257011056
0.5637610517442226
1.008202272001654
0.30727416975423694
0.9985739202238619
0.8588998899795115
0.3520939527079463
0.2698337519541383
0.2990279197692871
1.0027516521513462
0.9602913190610707
0.9685494909062982
0.3719359803944826
0.9884845376946032
1.0252513159066439
0.9624708336777985
0.47634992515668273
0.5577379781752825
0.9906660979613662
1.0063535142689943
0.4782075174152851
0.4975538430735469
1.0027906568720937
1.0343066421337426
0.9571767277084291
0.9832186331041157
0.5682407282292843
1.0082688545808196
1.0485810777172446
0.22940004989504814
0.998800927773118
1.081537428777665
1.0646758661605418
0.5766171012073755
1.0042984737083316
1.012481443118304
0.982499351259321
0.9709271267056465
0.8508025337941945
0.3477472080849111
1.0573250739835203
1.0699108177796006
1.0074118012562394
1.011596058961004
1.0010194298811257
0.42373239202424884
1.0573305231519043
0.5009019100107253
1.0362856481224298
1.0657890271395445
1.0692020379938185
1.0388424466364086
1.0100844609551132
1.0709902201779187
0.9538267971947789
1.008496826980263
1.082777438685298
0.4796848981641233
1.0100631569512188
1.0124108167365193
0.4343574712984264
1.084667470306158
0.4991802289150655
1.0039036911912262
1.0758528499864042
1.04302858421579
0.5676808371208608
1.0003457716666162
1.081609611865133
0.6002324558794498
0.9317783541046083
1.061905164271593
1.0732517521828413
1.0780958980321884
1.0788493426516652
1.0743717039003968
0.4785823500715196
0.6236745398491621
1.0126192080788314
1.0810940829105675
1.0846105720847845
1.0608385149389505
1.159705483354628
1.186160737182945
0.46868924517184496
1.1139524606987834
1.0074160378426313
1.2627787189558148
1.2055024998262525
0.9952853643335402
0.5646562590263784
1.3485624170862138
1.3349481518380344
0.9913234752602875
1.0117283328436315
1.3487534918822348
1.3818198861554265
1.4311130428686738
0.48533752700313926
0.5362366358749568
1.379251318052411
1.0111341569572687
1.3917975961230695
0.5743370559066534
1.572163124103099
1.516114610247314
1.2059122435748577
0.6088135479949415
1.6197459138929844
1.502595402766019
1.6136896540410817
0.4611384500749409
0.7058928380720317
1.6170060150325298
1.0128974509425461
0.5623799613676965
1.5162032200023532
1.5892865853384137
1.1021365472115576
0.5076081361621618
0.9733591587282717
1.626417847815901
1.6150232651270926
0.5846735658124089
0.63246881775558
1.513542456086725
1.6156472796574235
0.9959259177558124
0.765227469149977
1.5979264662601054
1.6190881561487913
0.7378093427978456
0.8704943633638322
1.6229979051277041
0.9275131891481578
1.6139090307988226
0.73286416195333
1.6250039073638618
1.5864294627681375
0.8560986039228737
1.6139034521766007
1.6242878516204655
0.9674917152151465
0.7319493489339948
2.1088692266494036
1.0128061170689762
2.1297640716657043
0.8484502639621496
1.6942493319511414
1.4747644090093672
0.9958656132221222
0.9822328337468207
0.9273941260762513
1.9430237929336727
0.9832998989149928
1.5109564592130482
2.0110450610518456
2.006112446077168
0.9927945397794247
0.7203273461200297
2.035591410007328
0.9912712010554969
2.0855001960881054
2.100177780725062
0.7881941460072994
0.9995424151420593
2.0853961762040854
1.4857506840489805
1.9294709698297083
2.094742306973785
1.942139201797545
0.7511341720819473
2.12172210495919
0.8894657199271023
1.991433082614094
2.040811974555254
0.656165714841336
2.154244031291455
2.146037207916379
0.8593512009829283
2.1169624920003116
2.01616732776165
1.045550533104688
2.1649327310733497
0.866332255769521
2.153005969710648
2.1494036088697612
0.8205489790998399
0.6522300872020423
2.07142182206735
1.5238022170960903
0.9745776043273509
2.114047643262893
2.127930540125817
1.476917170919478
1.0615266268141568
0.8739180793054402
1.4661083808168769
1.0652600498870015
2.1089681810699403
0.8470322680659592
2.1195963881909847
2.159499002620578
0.7641969718970358
0.8699318300932646
0.9115045326761901
1.4856548071838915
2.08254709886387
1.122188797686249
2.104499835986644
1.83478958113119
0.7787498929537833
1.8415594999678433
1.5184575370512903
1.498349937144667
1.4885543817654252
1.0079141180031002
0.786040707025677
1.9014125098474324
1.1079527121037245
2.0226073497906327
1.9912219969555736
0.9329851916991174
0.8584731728769839
1.9641122580505908
0.9768451889976859
0.9721156321465969
2.0403028512373567
2.083699501119554
1.232443360146135
1.5093935397453606
2.0917057539336383
1.011314812116325
2.1032421537674963
0.8671768456697464
2.2166997604072094
1.9629089888185263
2.166633444838226
2.283400759100914
1.1117934072390199
2.1613558386452496
1.3742717639543116
1.9929388239979744
2.083975442685187
1.1101332600228488
1.30756342317909
1.4671757239848375
1.1178010827861726
0.625315495301038
2.1670897928997874
0.9990531248040497
2.1464530946686864
2.089522243011743
0.7346924622543156
0.7269255770370364
2.1307670404203236
0.9771107519045472
2.1178859751671553
2.162096737883985
1.4794732336886227
0.7748423530720174
0.8320186380296946
0.7495299996808171
1.515782236121595
0.8523906911723316
2.144227812997997
2.1210577939637005
2.6786584430374205
0.8515225686132908
0.8507067770697176
2.1532908538356423
0.7567115761339664
1.5727789080701768
2.7101062471047044
2.1097869663499296
0.7835728661157191
2.1110729570500553
0.9518422498367727
1.3761012279428542
0.8747735149227083
2.16073873732239
0.8623421620577574
2.1663364963606
2.1473113377578557
0.9943079678341746
0.9735690080560744
0.9990277737379074
0.9815146569162607
2.130785800050944
0.9759474429301918
2.16689041396603
2.1442269179970026
1.097251539118588
1.0686686979606748
0.9153972081840038
0.980727142188698
2.15028874296695
2.15234262496233
2.074184638913721
0.8462642738595605
0.8219349640421569
1.0155723951756954
2.1636480349116027
1.0624728030525148
2.0209661717526615
2.2436087671667337
2.015728334430605
2.262711481191218
0.8236022852361202
1.1278215893544257
1.1301244762726128
1.4684273288585246
2.3035090155899525
0.9407958840020001
0.9746161173097789
2.4360594009049237
2.3836991898715496
1.0091148931533098
0.892779529094696
2.275735700968653
2.338910617865622
0.9977593976072967
0.9493529913015664
2.4801729670725763
0.8523860010318458
0.9754274771548808
0.8641801211051643
2.4457728038541973
2.4586308524012566
2.1605584118515253
0.9631534046493471
2.106625486165285
1.0052389209158719
2.138322797138244
0.9966325550340116
1.1284964932128787
2.695300925988704
0.9699944811873138
2.7093099039047956
1.0102516920305789
0.8596685822121799
0.9964354671537876
2.6892609163187444
1.0851242486387491
2.6829670001752675
1.1124041290022433
2.667930363677442
2.7070052470080554
0.7961714919656515
1.441205729264766
1.1265576132573187
0.9480061889626086
2.6607258678413928
2.6847034748643637
0.8330877698026597
0.9020195188932121
0.8523174999281764
2.6835430171340704
2.5800085230730474
0.8639641851186752
2.1443901560269296
1.0115282461047173
0.9811197691597044
0.9491805778816342
0.9690825366415083
2.168631112203002
0.834446573164314
2.1636393959634006
3.218530506826937
3.2252735840156674
0.9919255003333092
1.080505718011409
1.0117798121646047
2.2127605616115034
0.967482915148139
2.5590122300200164
2.3140273871831596
1.1200704546645284
0.895568632055074
0.9600231400690973
0.9918194240890443
1.6234059073030949
1.0008546928875148
2.10870996164158
2.407585167326033
0.9976099729537964
0.9996605738997459
1.009054760914296
1.5687993080355227
1.5705250003375113
2.5298280981369317
0.8727520499378443
1.0046196971088648
0.9809706010855734
0.9786326619796455
2.104411810170859
2.1427140729501843
2.9072182937525213
1.005863472353667
2.0259503019042313
0.9398216013796628
0.9967306558974087
0.9956789403222501
1.0127535369247198
2.671742278151214
0.9074762188829482
0.7980232113040984
2.579951907042414
2.5770732280798256
0.9675350040197372
1.6146671851165593
2.129849619232118
1.0245556253939867
0.8055689237080514
2.6692786491476
1.0117721077986062
1.0124106155708432
0.9968243530020118
1.6242499933578074
1.129215796943754
1.6139319827780128
2.689923527184874
0.9075251598842442
2.157671723049134
2.507478759624064
0.858648126013577
1.5989290499128401
0.9876187480986118
2.1462955591268837
1.0003335988149047
1.0118236830458045
0.9777901186607778
0.87617516098544
0.9819282428361475
2.664658113848418
0.9748877957463264
0.9906949559226632
2.209338640794158
1.721187621820718
1.0036001801490784
2.1565429139882326
0.9936584578827024
1.0087316730059683
1.0042644049972296
2.142002830747515
1.70162817183882
1.0659859981387854
0.9392922818660736
1.112909832969308
2.16351234074682
2.1415889719501138
2.9741170229390264
0.8752883020788431
0.9295796966180205
1.0121631161309779
0.7656268519349396
2.15366108994931
2.710071015637368
2.112704548984766
2.1670342539437115
1.0120995505712926
1.0979557824321091
0.8695014300756156
0.9232435077428818
1.01146170636639
2.0881082080304623
0.9865361540578306
2.503907245118171
2.1686369120143354
1.000029992312193
2.1114859357476234
2.125883576925844
1.0949134519323707
2.140661486890167
0.9833116023801267
0.9992308444343507
1.0043745539151132
1.003562699072063
1.0961409700103104
2.1413721488788724
2.1479960959404707
2.1523215733468533
0.9654596452601254
1.0939744813367724
1.1217535906471312
1.005150640849024
2.108860176987946
2.2060058820061386
2.1662571588531137
2.649998006876558
1.0231450800783932
1.0389467920176685
1.077568642795086
0.9765282082371414
0.959230198059231
2.1658737789839506
1.1294240718707442
0.997906481847167
2.6913900333456695
2.6921007209457457
1.0252146422863007
2.623861651867628
1.0647051925770938
2.5257807630114257
2.5486680339090526
1.1823499989695847
1.0624714051373303
1.141365037765354
1.1271391855552793
2.675956733059138
1.2644485500641167
1.1301695918664336
2.6889553098008037
2.1650377861224115
1.225932501256466
1.2260579909197986
2.145712505094707
1.6178800901398063
2.693668243009597
1.3791847210377455
1.2534203371033072
1.3501588739454746
2.6779159302823246
1.3481711922213435
1.4948870968073606
1.0262650437653065
2.124703948851675
1.065129887778312
2.6287408908829093
2.691443215124309
1.4604842527769506
3.00525423232466
1.0267120581120253
1.0336847021244466
2.686746505089104
1.1123974178917706
2.70922678289935
0.8696569451130927
1.1252358448691666
1.123358802869916
1.112407206557691
3.171440969686955
2.666077431291342
2.1666644900105894
1.0047013037838042
2.1197932050563395
1.2359239826910198
2.0541687798686326
1.0359563827514648
2.983044838067144
0.9974861140362918
2.965345477219671
1.0033849338069558
1.1982524623163044
1.0001950208097696
1.1005406570620835
2.2116993968375027
1.0841847429983318
2.442179271019995
2.7695142729207873
0.8510611020028591
1.1169520230032504
3.2429852671921253
0.8739885869435966
2.3546135211363435
1.1890004496090114
2.5391039033420384
0.9267621589824557
1.1244951747357845
0.9335969719104469
3.2273815399967134
1.2253321907483041
2.495498117990792
2.676156082190573
0.9990619109012187
0.9637475218623877
2.5750261922366917
2.1495398841798306
3.2299075447954237
3.1562106045894325
1.1187777551822364
1.053974716924131
2.7048692698590457
0.9695448558777571
1.2298732311464846
2.685444090049714
2.9840547521598637
1.0061145019717515
0.9918255978263915
0.9537718589417636
2.163503350690007
2.701981925871223
2.708964420016855
1.231593525968492
0.9456265987828374
0.9345359527505934
2.166662164963782
0.9853473207913339
0.98249835614115
2.635863231960684
2.7047176021151245
0.8184759891591966
2.697211316321045
2.6635156301781535
3.6961564030498266
2.1679170643910766
0.8517952891997993
0.6790861058980227
0.6136704250238836
3.1607237309217453
0.6097018020227551
0.9518219120800495
2.6994220498017967
2.0423612338490784
2.1384672541171312
0.972296329215169
2.6899280650541186
2.7072000890038908
0.9643330220133066
2.1398174380883574
2.7109453049488366
3.2031490178778768
1.0114956018514931
0.9919995777308941
3.1382076791487634
3.183540836907923
2.1554519082419574
0.5067445570603013
2.139777423813939
0.9509923299774528
0.7766363620758057
0.7848374797031283
0.5068466509692371
0.7651038067415357
0.9488155907019973
3.21425606822595
2.6877655130811036
2.1682259920053184
0.5068422281183302
1.0083734351210296
2.549929477740079
0.2316148029640317
2.5938677941448987
0.5020418581552804
2.6436918200924993
1.010130297858268
2.64147028606385
0.6154951830394566
1.0017979447729886
2.6528144078329206
1.0124666285701096
3.208725290838629
0.40268216794356704
3.24069263599813
3.248604243155569
0.9567672261036932
0.9851046889089048
2.1601085141301155
2.6271327272988856
1.0079492572695017
1.010550086852163
0.942650162614882
0.9669630681164563
1.0121882860548794
0.9756792727857828
1.0086899655871093
2.6959840427152812
0.936445367988199
0.9436259819194674
0.5428244797512889
0.972386697307229
2.665423148777336
1.0060598817653954
1.010025911964476
0.17756158392876387
3.7897143359296024
0.8794076717458665
0.9820699957199395
2.6278819227591157
0.7747361352667212
0.8205202999524772
0.22925496194511652
1.0049102478660643
0.9890889250673354
1.055278577376157
1.0779646770097315
0.9756788471713662
1.0595821398310363
0.9926464231684804
0.9672464430332184
0.9202930051833391
0.937245829962194
0.9415337890386581
0.8236501957289875
0.9950610557571054
0.8831592407077551
0.9546809056773782
0.9945249729789793
0.8478397540748119
0.9263445399701595
0.8291161209344864
0.2415818707086146
0.7537572309374809
0.8749862560071051
0.19554665870964527
0.6623864071443677
1.001567108090967
0.5201600659638643
0.9451067210175097
0.5067997891455889
0.24209019308909774
0.2294675288721919
0.942894974257797
0.5428866380825639
0.9971585562452674
0.9874303988181055
0.9936083839274943
0.9696203451603651
0.9905991810373962
0.9505063751712441
1.008682744577527
0.17547298409044743
0.9138089222833514
0.9699132009409368
1.008665333967656
0.2271691495552659
0.2509442651644349
0.966339164879173
1.0810167021118104
0.8762691649608314
0.1949469931423664
0.915738070383668
0.18985193269327283
0.988156707957387
0.879306165035814
0.9127875878475606
0.9142689327709377
0.9663701206445694
0.22962084598839283
0.9939156812615693
1.0084999008104205
0.2013893690891564
0.2110465127043426
0.5428589559160173
0.8790197027847171
0.815119446720928
0.9696310679428279
0.9893661676906049
0.8101947722025216
0.945577051024884
0.17767745489254594
0.9967747633345425
0.983235381077975
1.0037684780545533
1.007857616059482
1.0380425588227808
1.008408831898123
1.0024294080212712
1.0073072300292552
0.9510459899902344
0.9908912987448275
0.5427032159641385
0.209470571950078
0.9531396222300828
0.5428626909852028
1.010398861952126
0.6963323769159615
0.5070677190087736
0.245661033783108
0.9873707168735564
0.24018809106200933
0.8975759539753199
0.9300601598806679
0.9398328820243478
1.009683697950095
0.9943462260998785
0.9926731153391302
0.5455094981007278
0.9658772102557123
1.0103358416818082
0.9721441240981221
1.001771009992808
0.9353902670554817
1.0027340590022504
1.0669995280914009
1.0085130757652223
0.9586516967974603
1.001637295819819
0.9668772737495601
0.9710201378911734
0.9842598680406809
1.0089429332874715
0.9680057070218027
0.12608444783836603
0.9794613290578127
1.006072511896491
0.9456125926226377
1.00691993907094
1.0035424628295004
0.9959388971328735
0.9176027020439506
0.9713118085637689
1.0091840797103941
0.9871991341933608
0.9742567627690732
0.9812248554080725
0.2433361611329019
0.880486155860126
0.9570705671794713
0.9123202399350703
0.9852064987644553
0.9974387530237436
0.8323777359910309
0.9793004170060158
0.9567235023714602
0.9932387620210648
0.994154647924006
0.21850659186020494
0.8920603012666106
0.9935242561623454
0.8231044467538595
1.0042395568452775
0.1731311660259962
0.1727224439382553
0.9005179279483855
0.9638910214416683
0.23004811583086848
0.9856918849982321
0.9885389697737992
1.0163797242566943
0.9970898902975023
0.22569259954616427
0.23559860000386834
0.8550376989878714
1.0786224263720214
0.9416040922515094
0.9130290253087878
0.919303931761533
0.8709874791093171
0.9736205162480474
0.9159967270679772
0.9958165758289397
1.0081246057525277
1.0026183440349996
0.9791583949699998
1.0072872061282396
0.9785486049950123
0.6161928060464561
0.8424353739246726
1.0025075930170715
0.2573832981288433
0.9299288461916149
0.9762214571237564
0.22178502613678575
0.947856028098613
0.9892290527932346
0.8966948417946696
0.9334801519289613
0.2408987800590694
0.9653712608851492
0.9519671560265124
1.0093539389781654
0.9381877360865474
0.9996085311286151
0.6411976139061153
0.9750308557413518
0.6893044938333333
1.0122624011710286
0.8964552553370595
0.9164839759469032
1.0017762705683708
0.9771813009865582
1.0153288072906435
0.9419874930754304
1.0232105948962271
1.0124119818210602
0.9938327670097351
0.9687151750549674
0.968928009737283
0.8534478759393096
0.9248772128485143
0.8909119619056582
0.9865486877970397
0.8784001390449703
1.0122748133726418
0.7187905847094953
0.648855262901634
0.9915366442874074
0.7251593279652297
0.7579308631829917
0.7725759441964328
0.607426917180419
0.926494374871254
0.6408843202516437
1.011480184737593
0.5069930162280798
0.9323377502150834
0.9940675590187311
0.5505743380635977
0.9817359070293605
1.0027027721516788
0.8310385500080884
0.9762556441128254
0.8658534991554916
0.9838518798351288
0.9419381069019437
0.9882104070857167
0.9134976011700928
1.0031999191269279
0.7570266700349748
0.899235812947154
0.8027831930667162
0.8039626548998058
0.8500676196999848
0.8107081921771169
1.021310955286026
1.0066782548092306
0.5185653162188828
0.8370261029340327
0.8863152973353863
0.9830434089526534
0.509737947024405
0.9336348529905081
0.5199492517858744
0.9178839209489524
0.9443352101370692
0.8560052872635424
0.999097703024745
0.18693377124145627
0.9982088431715965
0.8828301811590791
0.9250521068461239
0.994411654304713
1.0032492000609636
0.25076111406087875
0.9927070909179747
0.19579134602099657
0.9767825743183494
0.5427038688212633
0.6710835336707532
0.7974888109602034
0.8204069929197431
0.8334557958878577
0.9706709650345147
0.9818166047334671
0.9837423251010478
0.9944209442473948
0.24375528004020452
0.9945164490491152
1.0191684970632195
0.7984646698459983
0.250128285959363
0.9492998118512332
0.8462507631629705
0.9409709288738668
0.963145396206528
0.9765237178653479
1.0095039918087423
0.5428358027711511
0.5438316948711872
0.17860536323860288
0.9174149436876178
0.5426455507986248
0.5070070680230856
0.8139893631450832
1.0039079608395696
0.5431717140600085
0.5435269740410149
0.9139430006034672
0.9875023728236556
0.249052198138088
0.9142238707281649
0.23232639394700527
0.24824943812564015
0.9768929220736027
0.964010339230299
0.25038723880425096
1.0051974230445921
1.0093649779446423
1.0106009310111403
1.012130563147366
0.24835361912846565
1.0037135197781026
1.0706706289201975
0.23101011896505952
0.9959046286530793
1.0838575921952724
1.0742557030171156
0.977035891264677
1.0803769868798554
1.0062939622439444
1.0052163861691952
0.9674147693440318
1.0056043141521513
1.0844221930019557
1.084942762274295
0.9071848900057375
0.9623547629453242
0.2436097478494048
0.5430920938961208
0.9857568521983922
1.0086816903203726
0.99225710099563
0.19370183115825057
0.9278914262540638
0.9863085360266268
0.9468079060316086
0.24277122830972075
0.9985478078015149
0.9985546991229057
0.991816186811775
0.9234949126839638
0.23976423311978579
0.24930672300979495
0.9114053081721067
0.9166017649695277
0.9483915623277426
0.9849137333221734
1.002148063853383
0.20815445994958282
1.0237811030820012
1.0122645692899823
1.0352908852510154
0.9866232518106699
1.0844415822066367
1.0031460477039218
1.0842653433792293
0.2497723582200706
0.23849260294809937
1.003727849572897
0.995411517098546
1.0149591653607786
0.9146745461039245
0.9537110119126737
0.9424341642297804
1.0087414430454373
0.1260426500812173
1.0088798329234123
0.7464524731040001
0.76073930086568
0.9663958959281445
0.9717541849240661
0.753843299113214
0.24930924223735929
0.24715642910450697
0.9583365027792752
1.0085217100568116
0.836467388086021
0.20912050502374768
0.7827501981519163
1.009666673373431
0.25056795915588737
0.9980225190520287
0.9636285970918834
0.2478758180513978
1.0082239392213523
1.0109832449816167
0.2436242811381817
0.9707796382717788
1.010154906194657
0.9752866821363568
0.25054392917081714
0.9732324234209955
0.20793228270485997
1.0751536427997053
0.7197677129879594
0.8686484647914767
0.9378383220173419
1.0021674651652575
0.9793610596098006
0.9745690571144223
0.8247244078665972
0.2167053548619151
0.23248550575226545
0.24972760677337646
1.0022826041094959
0.9800007310695946
0.6520754941739142
0.9973452636040747
1.0098293982446194
0.2182585089467466
1.008482525125146
0.9951219111680984
0.2502204510383308
0.9953850633464754
0.9954194170422852
1.003759698010981
0.23712580604478717
0.24744423106312752
0.9836176168173552
1.069381933659315
0.9881798727437854
1.0829580770805478
0.9980816938914359
0.9985161758959293
1.0078223319724202
1.0446218186989427
0.9809226263314486
0.25102927861735225
0.2480508009903133
0.9987802598625422
0.9986936119385064
0.2459021508693695
0.9960906398482621
0.9989961767569184
0.8810510118491948
0.9804828208871186
1.0343356700614095
0.21930753905326128
0.9137521521188319
0.9713385398499668
0.34705049404874444
0.7416504742577672
0.5427627456374466
1.0097174430266023
0.3537658369168639
0.7670883079990745
0.5069402446970344
0.9666360719129443
0.5437404192052782
0.9859188287518919
0.9822938316501677
0.9756267089396715
0.39025850081816316
1.0078114159405231
1.0119506511837244
1.0238802870735526
0.2189885675907135
0.9853797191753983
0.9629165139049292
1.0267521101050079
1.0235226741060615
0.9436243511736393
0.9832408078946173
0.96864298498258
1.0789037360809743
1.0107720280066133
0.9742018110118806
0.9764029909856617
0.17914801510050893
1.0025996211916208
0.23869436420500278
1.0762576600536704
1.0672026239335537
0.9831817205995321
1.0113221709616482
0.18589150719344616
1.0803458760492504
0.9397972947917879
1.035535518079996
0.9529217928647995
0.9924805080518126
0.9619744368828833
0.2511064731515944
1.0126988049596548
0.23880726238712668
0.24892145534977317
0.9792204382829368
1.0802760981023312
0.9869055487215519
1.0050706439651549
1.0659135007299483
1.0681754727847874
0.26685190526768565
0.8843631292693317
0.9773960439488292
0.37386470288038254
0.5550792030990124
1.051438873168081
0.8691546428017318
0.987936882302165
0.35838362807407975
0.7589618950150907
1.0473155709914863
0.9706652108579874
1.000296015292406
1.053581969346851
0.9212082312442362
0.8137153908610344
0.9724492994137108
1.0752000571228564
1.0705172568559647
0.3544460339471698
1.0748648568987846
0.9977549030445516
0.370565343182534
0.5071965353563428
1.0038585579022765
1.0072223776951432
0.9986594333313406
0.38432161696255207
1.0000281310640275
0.42574160266667604
1.0776408538222313
0.9750022799707949
1.001882353797555
1.0429610922001302
0.9869693513028324
0.9906410262919962
0.49478697683662176
0.9896566830575466
0.5412427950650454
0.8910603229887784
1.0742096863687038
0.616698931902647
1.0099015841260552
0.5166362044401467
1.039321109186858
1.0105650150217116
0.9835274671204388
0.9441071711480618
0.5763783869333565
1.0536925359629095
0.6299279578961432
0.6244342410936952
1.0117296669632196
1.0209021889604628
1.0132068009115756
1.0188972000032663
0.9280780088156462
1.0040594032034278
1.061651499941945
1.0093862861394882
1.0054362150840461
1.0101839411072433
1.0681500998325646
0.9945590700954199
0.36714139161631465
0.4099702606908977
1.012806837912649
1.073484673164785
1.0845847693271935
0.9953196360729635
0.23723330488428473
0.9696389348246157
1.0591682284139097
1.0754880895838141
0.9658532729372382
1.012725634034723
1.0564030930399895
0.49081487813964486
0.4062325218692422
1.0765197169966996
1.0671878652647138
1.1368276178836823
0.5486688576638699
1.1439782921224833
1.115351835731417
1.1067352378740907
1.0734470300376415
0.4982253862544894
0.9736305652186275
0.6179696158505976
0.937589144334197
1.0736693036742508
0.9435432837344706
1.1436158851720393
1.1092049730941653
0.37561848806217313
1.0512849031947553
1.1681704777292907
0.9812004431150854
0.5358332269825041
0.9711858038790524
0.5314318682067096
0.5619981000199914
0.3626159499399364
1.0388861140236259
1.0123392893001437
1.070584936067462
0.58812485774979
1.006123058963567
0.4853500169701874
1.0711573990993202
1.6238038521260023
0.9525660648941994
1.6198318442329764
1.6016707229427993
0.9937419518828392
1.0021887649782002
1.603010168299079
0.329985145945102
0.22342242114245892
0.9654729571193457
1.5964683131314814
0.978162728715688
0.9793353411369026
0.9957176740281284
1.045851165894419
0.999996542930603
1.6242227251641452
0.4363639671355486
1.617890462744981
0.47250856226310134
1.0014643287286162
1.0459329541772604
1.6186733967624605
1.0104287681169808
0.3534262510947883
0.4518746589310467
1.0722395991906524
0.41131069604307413
1.0680257468484342
1.0544151989743114
2.1535931709222496
0.9798562731593847
2.1168450987897813
0.42739302897825837
2.1163335810415447
2.1002760706469417
0.9913648017682135
0.8493314487859607
1.6152268750593066
0.6666510761715472
0.4563472610898316
0.5425881398841739
1.0525297443382442
1.9708772310987115
1.1630052193067968
0.5510616968385875
0.9588122498244047
1.073417698033154
0.9946682523004711
0.9814169672317803
0.28743686992675066
1.0543818827718496
0.32777654472738504
0.45823825569823384
1.0334683423861861
0.9977306430228055
1.0068547697737813
1.0095108160749078
0.9980052630417049
1.0847131898626685
0.37623988883569837
1.6984870359301567
0.9952732599340379
1.0122049329802394
1.6964795356616378
0.8719491357915103
0.7083324729464948
0.9261194397695363
0.9212043951265514
0.9362951489165425
1.63107029767707
0.3214923678897321
1.05157551728189
0.9847412840463221
1.7047408120706677
0.7926172991283238
0.934981691185385
0.9849170888774097
1.0699331909418106
1.011844617780298
0.9840814280323684
0.24683873681351542
0.23385070217773318
1.0800382811576128
1.0789429540745914
0.3505986132659018
0.9951667380519211
1.0401608170941472
1.0101068182848394
1.0091526890173554
1.008939364925027
1.0783899617381394
1.002386697102338
1.0792546113952994
0.23578793415799737
1.007330663036555
2.1678824219852686
0.881427891086787
1.2749261553399265
1.0475693778134882
1.0086562242358923
1.079989507328719
1.389412217773497
0.24511273577809334
0.9895578222349286
0.23557627107948065
1.0016185441054404
0.5427816160954535
0.9862602790817618
1.0660571102052927
1.0732527999207377
0.90348497685045
0.8886341420002282
0.9259083233773708
0.8424831661395729
1.0552553730085492
1.0601337938569486
1.55506442906335
1.008556640241295
1.566591465845704
0.21321079274639487
0.23505353881046176
0.5069768968969584
0.9338555536232889
0.9921798971481621
1.5342454160563648
0.24268976459279656
0.2333635608665645
0.9676378830336034
1.00872041285038
1.6072311978787184
0.981596555095166
0.21736124996095896
0.9465711391530931
0.23062360705807805
0.9346536598168314
0.9571569301187992
0.9811524078249931
0.9740994079038501
1.0115954629145563
1.00307970168069
1.0046927738003433
1.0423955293372273
0.9968317807652056
0.19990832125768065
1.0507226390764117
1.5794298271648586
0.9688372849486768
1.5323654147796333
0.8431203947402537
0.9537667389959097
0.5431668031960726
0.25057473918423057
0.9402550519444048
1.0094703352078795
0.1862021223641932
0.9936627470888197
0.21760351303964853
1.0037111500278115
1.0041343588382006
1.001950619276613
0.9750553779304028
0.9907160541042686
1.0809307470917702
1.001467107795179
0.9688216978684068
0.9603018718771636
0.5440332507714629
0.9927205047570169
1.03017567563802
1.0762334452010691
0.9678108650259674
1.0839553391560912
0.8470613928511739
0.9836911410093307
0.2229751469567418
1.0800547702237964
1.003072447143495
0.2479895339347422
0.9897104860283434
0.8979929420165718
0.22923252824693918
1.0065115420147777
1.0109741687774658
0.2483340920880437
1.0091885919682682
1.0066746082156897
1.0483297649770975
0.9955817409791052
1.005847109016031
0.972405178938061
1.0002074660733342
1.0785611239261925
1.02505937917158
0.5426357891410589
0.2441045339219272
0.2306437660008669
0.9943280899897218
0.24469195865094662
1.0619563930667937
0.9739616201259196
0.9766369792632759
0.9931129147298634
0.7842515590600669
0.9969721110537648
0.23866180377081037
0.9083623299375176
1.0061989980749786
0.18456095084547997
0.9313073889352381
1.0023738956078887
0.24342363001778722
0.9452712670899928
1.0011223680339754
0.9931711526587605
0.20937216514721513
0.23981062090024352
0.9920868589542806
0.8815882271155715
1.0057665021158755
1.079451743979007
1.0527830733917654
1.0149249997921288
0.9868240412324667
1.002333929296583
1.0274085779674351
0.9917084621265531
0.9818297382444143
0.2441243939101696
0.9902117508463562
0.24321941286325455
0.9943531681783497
0.9619164359755814
0.23649618728086352
1.0088854278437793
1.0019892137497663
0.862202859017998
0.9999185223132372
0.25099821761250496
1.0812984057702124
0.19479411002248526
0.9888468063436449
0.5620015230961144
0.9999615377746522
1.0043500941246748
0.982242385391146
0.9887694441713393
0.9127556812018156
0.9418214340694249
0.22771160257980227
0.21280545881018043
0.9860712802037597
0.9990913229994476
0.23964818008244038
0.8567696320824325
1.0075887800194323
1.0008918871171772
0.5428160987794399
0.5427056588232517
0.9640227248892188
0.9786389181390405
0.6427293219603598
0.2365752779878676
0.9631618992425501
0.9447655384428799
0.9513507038354874
0.9907883303239942
1.0054444461129606
0.1259978422895074
1.0032183984294534
0.9919314468279481
1.007131664082408
1.0083423163741827
0.2389490040950477
1.005868528969586
0.9778735539875925
0.9549033981747925
1.0743714668788016
0.9754682970233262
0.9144042301923037
0.8700174693949521
1.0017604869790375
0.24036521511152387
0.23751753894612193
1.07597592798993
0.9419039357453585
1.0005574631504714
1.072706198785454
1.0066405688412488
0.24865806475281715
0.5491552189923823
0.9600935587659478
0.9949964759871364
0.20983064034953713
0.9711173949763179
0.754827638156712
0.16058572381734848
0.9854905847460032
0.9260831531137228
0.8455053847283125
0.9847060097381473
0.2418485190719366
0.5432009538635612
0.9671046631410718
0.5067164478823543
0.24777373299002647
0.9642843781039119
0.974995472934097
1.0107146729715168
0.23660226492211223
0.9617710439488292
0.23775216285139322
0.24069558130577207
1.0550405597314239
0.9990635719150305
0.23330680327489972
1.0025294967927039
1.0060879462398589
1.0121396710164845
0.9851027610711753
1.0168508919887245
0.9691476980224252
1.0084918951615691
0.24635254684835672
0.2492787237279117
0.2392886858433485
1.0087168379686773
0.7978810160420835
0.2432150300592184
0.542827945202589
0.5066984840668738
0.9749200372025371
1.0007221521809697
1.023327643983066
0.959221363067627
1.0033020609989762
0.24385392805561423
0.24370573787018657
1.0056695509701967
0.9864013311453164
0.893713204190135
0.5439805993810296
0.25048775086179376
0.9717936790548265
0.9441803018562496
0.5433160560205579
1.01223388267681
0.5427304706536233
0.5430307690985501
1.0132200070656836
0.23820386920124292
0.5088794622570276
0.9594346126541495
0.24065987998619676
1.057206209283322
0.23760685231536627
1.0339667140506208
0.25031611416488886
0.9539127871394157
0.9672394809313118
1.007424539886415
0.24825472384691238
0.2456869538873434
1.0130246728658676
0.24581594904884696
0.9912077831104398
0.9617099836468697
0.9799493746832013
0.25002475176006556
1.0813309899531305
0.9870695970021188
0.9920352827757597
1.0355380927212536
0.949629741255194
1.0764669901691377
1.0834925561212003
1.0792461261153221
0.22348648589104414
1.0751997218467295
0.9970216793008149
0.8648437890224159
0.9803345338441432
1.0786084472201765
1.012406085152179
0.9997203461825848
0.9783880971372128
1.0113686970435083
0.9881184282712638
1.0715341921895742
1.0006854669190943
0.9986669006757438
1.001711005344987
1.058644822333008
1.012808341998607
1.005514623131603
1.0401356732472777
1.0529756238684058
1.0785125903785229
1.060632653068751
1.014990204013884
0.9716946966946125
1.0151886460371315
1.0846690400503576
0.8619080591015518
0.7894790070131421
1.00944320904091
0.99742093635723
1.0629245829768479
1.0289133349433541
1.004079608246684
1.0117263519205153
0.925445512868464
0.9860329115763307
1.0314686340279877
0.9741774378344417
0.9792201360687613
0.876470698043704
0.8077541459351778
0.99342274479568
0.9639133252203465
0.962117366027087
0.5147895459085703
0.8373969369567931
0.8735443241894245
0.9473067033104599
0.9153050677850842
0.7399992900900543
0.9775602533482015
0.949171322863549
1.0031544249504805
0.9561032112687826
0.8977493378333747
0.9860322140157223
1.0032511870376766
0.9834259049966931
1.0087213907390833
0.9575266120955348
0.850184072740376
0.8624765519052744
0.9815370780415833
0.730572815053165
0.8893185979686677
0.9575595147907734
0.8248286470770836
0.5078546139411628
0.8312416048720479
0.960852867923677
0.7699542171321809
1.009824515786022
0.9620396080426872
1.007296941243112
0.9825022192671895
1.0090002450160682
0.8006037808954716
0.5534683880396187
0.8103138678707182
1.0102900620549917
0.5289478385820985
0.6163736782036722
0.9643281754106283
1.0064145871438086
0.817186385858804
0.5543588609434664
0.5210832362063229
0.9482619473710656
0.7957807276397943
0.5154559318907559
0.5219411198049784
0.9917558701708913
0.9592064158059657
0.5069464310072362
0.8890570430085063
0.9903892013244331
0.5193125987425447
1.0189021942205727
0.9985173479653895
0.9738645716570318
1.00172803318128
0.9628546629101038
1.0114377541467547
1.0053390660323203
0.9744193181395531
1.0119419139809906
0.9925489909946918
0.9460119889117777
1.0001733140088618
0.9350993158295751
1.0038095908239484
0.7082363408990204
0.8772135567851365
0.6640251111239195
0.652141802944243
0.9321829690597951
1.000879818573594
1.00996670499444
0.9371554311364889
0.9546937718987465
0.8873182157985866
0.8841058220714331
1.011096885893494
0.9613463110290468
0.965652977116406
0.8978059738874435
0.9956521708518267
0.9868958247825503
0.9307810701429844
0.7593073882162571
0.9396820440888405
0.6072483458556235
0.5147455832920969
0.9791136141866446
0.5218305746093392
0.7372034122236073
0.508156256750226
0.8463468737900257
0.9821865470148623
0.9698003488592803
0.7185839740559459
0.5068516633473337
0.9914260557852685
0.8823155118152499
1.0127645838074386
0.7560265236534178
0.9049680489115417
0.5246581314131618
0.7547422260977328
0.5071364510804415
0.9804675690829754
0.5139918071217835
1.0024607740342617
0.5293677439913154
0.5399899501353502
0.5161967007443309
0.8531516627408564
1.0050384867936373
0.5070823458954692
1.010717287659645
1.011177647858858
0.9165207627229393
0.996951250359416
0.5252419267781079
0.9971439568325877
1.0289048687554896
1.0120350760407746
0.8403386347927153
0.6620209701359272
0.9839013726450503
0.925357579253614
0.8863034411333501
0.9477824629284441
0.9758431063964963
1.0048043699935079
0.991195566020906
0.5692119938321412
0.9885686780326068
0.5222003599628806
1.0020881448872387
0.9923529820516706
0.9129503173753619
0.9775830269791186
0.951120909769088
1.0041023707017303
0.508874939288944
0.9445911147631705
0.980924854055047
0.5498009589500725
0.542821018025279
0.6485399031080306
0.9634620412252843
0.8528012419119477
0.8485949668101966
0.971217158716172
0.9083931967616081
0.9848340838216245
1.0092878630384803
1.0890170009806752
1.0772089180536568
0.9527632337994874
0.5102081759832799
0.5375947989523411
0.8168066302314401
0.8421223182231188
0.9844594239257276
0.8444196530617774
1.0125855221413076
0.8100621867924929
0.9227326242253184
0.5176431350409985
0.5223766737617552
0.640621277038008
0.6893079923465848
0.8464262569323182
0.548455934971571
0.8041174141690135
0.9884454109705985
0.8229632950387895
0.9947450030595064
0.9548617233522236
0.9401811887510121
1.0224995748139918
0.5616566021926701
0.6586326998658478
1.0093986578285694
0.9511039266362786
0.9238138101063669
0.9764246759004891
0.8005401259288192
0.8832873939536512
0.9346538060344756
0.9841380468569696
0.5457443548366427
1.0067686019465327
0.6900409650988877
0.7041084440425038
0.7936575100757182
0.9992066458798945
1.0108609218150377
0.9952989001758397
0.9856581301428378
1.010226083919406
0.9710947182029486
0.8469488052651286
0.9617041610181332
0.24077922571450472
1.0030402350239456
0.6885628858581185
0.2519815191626549
0.7845957386307418
0.722565742675215
0.977458378765732
0.9481811360456049
1.024725753813982
0.9946875018067658
0.23125268099829555
0.9696149840019643
1.0053341630846262
0.9649941679090261
0.9814883498474956
1.0064237569458783
0.8454526588320732
0.9132900200784206
0.9510045000351965
0.9810523553751409
0.18061865027993917
1.0076040150597692
1.0264854999259114
0.9769460679963231
0.9836790738627315
1.005981707945466
0.9781404468230903
0.9894848018884659
0.9905740623362362
0.7275434718467295
0.7341000279411674
0.8524276600219309
0.7850297661498189
0.7747972677461803
0.8906472506932914
0.9426777018234134
0.9118853402324021
1.005228786263615
1.0091801076196134
0.9807513519190252
1.0797863532789052
0.8757832460105419
0.8967574210837483
0.8109901011921465
0.9843954346142709
0.7657580911181867
0.9436675263568759
0.8365763099864125
0.9607614292763174
0.7003006408922374
0.5299510173499584
0.6268178238533437
0.7758563370443881
0.6748759830370545
0.9671429111622274
0.2300140131264925
0.5130873150192201
0.23623165301978588
0.7944704229012132
0.5067216642200947
1.0117256371304393
0.5069051161408424
0.5070045199245214
1.034841479267925
1.0036565330810845
0.8739270218648016
0.9776212042197585
0.9123551198281348
1.0072607859037817
0.946439519058913
0.9972168207168579
0.9524689959362149
1.0069957757368684
0.9875052561983466
1.0057212566025555
1.0247044949792325
0.9741393649019301
0.8906331262551248
0.9342539329081774
0.9974105888977647
0.9911182499490678
0.1299477037973702
0.9455634281039238
0.5672174203209579
0.9145746408030391
0.5939899319782853
0.9555429592728615
0.5940191708505154
0.12600630801171064
1.0048690987750888
0.5369769157841802
0.23742627818137407
0.9948030500672758
0.9694201247766614
1.0004362571053207
0.9661360150203109
0.22122642491012812
0.5427484172396362
0.9927580030634999
0.24668197706341743
1.0002231299877167
0.9963482921011746
0.9948370470665395
0.9817140600644052
0.9262365479953587
0.2470092410221696
0.23118227580562234
1.0328029212541878
0.9819084550254047
1.0004000533372164
0.962475469801575
0.9979792819358408
0.8762029968202114
0.2377336649224162
0.9850904117338359
0.24810754880309105
0.7517690849490464
0.2338599101640284
0.980723928194493
1.0125885750167072
0.9248328651301563
1.0106279961764812
0.9913854380138218
0.1839834521524608
0.5427155778743327
1.0059520951472223
0.9275316600687802
1.004804186988622
0.9674728107638657
1.0032844082452357
1.0046078581362963
0.22122392198070884
1.0029680598527193
0.7431124174036086
1.0290357256308198
0.9382173540070653
1.0074547189287841
0.8999231746420264
1.0111253359355032
0.9735769829712808
0.5431467262096703
0.5429362119175494
1.0085430759936571
0.9875479000620544
0.7790180807933211
0.24880660884082317
0.934862582013011
1.0285121989436448
0.2371287290006876
0.9907156778499484
0.24030086118727922
0.9734299178235233
0.24874142184853554
0.97049062512815
0.24220686918124557
1.011652398854494
0.8995697791688144
0.9382751220837235
0.9962440552189946
1.0063888551667333
0.24917500792071223
1.0115968040190637
1.0010930141434073
0.2466619643382728
0.24230771604925394
1.0797501620836556
0.5911990227177739
1.0799100371077657
0.9886000915430486
0.7461537229828537
0.8654412040486932
0.24655728694051504
1.0001322869211435
0.9855948267504573
0.9931601756252348
0.24904289189726114
0.9746868731454015
0.23798536602407694
0.25045173801481724
1.0011789868585765
1.0068255770020187
1.01477609295398
0.9979450213722885
0.5725494641810656
1.0081299869343638
1.011224943678826
0.9705457859672606
0.8689070292748511
0.9888831772841513
1.0730751538649201
0.5622122930362821
1.0058879130519927
0.9556930060498416
1.0097845550626516
1.0000742180272937
0.9987076260149479
1.0671731228940189
0.9936042320914567
1.0562565210275352
1.0080769970081747
0.7936701229773462
0.9678155342116952
1.0832253848202527
1.0720599959604442
0.9012802219949663
1.002904549241066
0.9918621890246868
0.24586520809680223
0.23790707206353545
1.0726208155974746
0.9642494800500572
0.5866909702308476
0.24182374123483896
1.0665908819064498
0.19005418615415692
0.5067212390713394
0.8591223331168294
0.95210184995085
0.8750701900571585
0.2456819750368595
0.9879823168739676
0.5429909881204367
0.21504634199663997
0.7806016900576651
0.9358233697712421
0.8003817270509899
0.5067397002130747
1.0010595098137856
0.8384842840023339
0.23870770912617445
0.5067264977842569
1.003421233035624
0.9953258140012622
0.9277084609493613
0.9430283787660301
0.21890888083726168
1.0089632458984852
0.16730166831985116
0.9987878007814288
0.24494371190667152
0.9934528507292271
0.24552286323159933
0.23968110978603363
0.9477661130949855
1.0761238522827625
0.9962760489434004
0.9604236828163266
0.9947013459168375
0.9965416402556002
1.0462242690846324
0.24548895005136728
0.23279244173318148
1.0092120980843902
1.0825000149197876
0.9732034038752317
0.982762832660228
0.968485705088824
1.007282321806997
1.010085066780448
1.0694349519908428
0.9984275442548096
0.9787955498322845
1.003458586987108
0.9908346273005009
0.9966258639469743
0.967287071980536
0.9411044269800186
0.9682094641029835
1.0093589690513909
0.8476129621267319
0.9849997889250517
0.9870731611736119
1.0119936070404947
0.9997330410405993
1.0402109050191939
0.9803779670037329
0.7720021526329219
0.9537915783002973
0.8240028843283653
0.9853119673207402
0.5066070389002562
0.9761279597878456
0.6251206710003316
0.9339612876065075
0.9974871398881078
0.9248595084063709
0.9983224351890385
0.7565479259938002
0.9678483307361603
0.8287733858451247
0.9780575470067561
0.5067699369974434
0.871830902993679
0.9367216173559427
0.9291652915999293
0.9704312481917441
1.0028257239609957
0.9922528569586575
0.879922904074192
0.7551049077883363
0.9503376982174814
0.8309729718603194
1.002894438803196
0.5069503029808402
1.0107854036614299
0.9508674629032612
1.010171438101679
1.0085582747124135
0.9789534127339721
0.9892185106873512
0.9955681818537414
0.9344684449024498
0.8605053359642625
0.9909834740683436
0.9685333422385156
1.0117464736104012
0.7100721169263124
0.8332692850381136
0.9048263053409755
0.8531661797314882
1.0115923378616571
0.883469230029732
0.9703036821447313
0.8536130399443209
1.0121308341622353
1.00265290774405
0.6941250166855752
0.9990688180550933
0.9962655832059681
0.846426703967154
0.9781489642336965
0.8741270317696035
0.9899236503988504
0.8254622225649655
0.93983233300969
0.5071817906573415
0.9229404521174729
0.7222240301780403
0.13860216736793518
0.9190838951617479
0.99695651140064
0.9278242792934179
0.24100918415933847
0.15559097565710545
1.0068533471785486
0.5067754089832306
0.9216690147295594
0.9781930209137499
0.9221840081736445
0.25118494033813477
0.9956208760850132
0.24665870098397136
0.7645870549604297
1.0055784853175282
0.8607500027865171
0.9181833569891751
0.9870293787680566
0.971751123201102
0.12607557512819767
1.0108483619987965
1.012245122808963
1.010696058627218
0.2422840273939073
1.0073813968338072
0.9524518302641809
1.0448885657824576
0.7420648890547454
1.0084019619971514
1.0084497458301485
0.9660702073015273
0.9366454798728228
1.0072727934457362
0.9938784511759877
0.9810902778990567
0.8673175419680774
0.8817760031670332
0.7400056491605937
0.9478798820637167
0.8550620190799236
0.9329170701093972
0.9838645160198212
0.6509011508896947
0.7821878646500409
0.5066999299451709
0.5066404920071363
0.9488566718064249
0.8145073805935681
0.5086682750843465
1.0073801879771054
0.5102941561490297
0.987831202801317
1.002673374954611
0.7537599918432534
0.7903501158580184
0.5064189448021352
0.5068260058760643
0.5065376539714634
0.9855853556655347
1.0056871357373893
1.0064323795959353
0.9304213630966842
0.9977664956822991
0.9842719030566514
1.0062145739793777
0.9550550081767142
1.003498103003949
0.9796935180202127
0.9111296376213431
0.9429931850172579
0.9984651100821793
1.0093650319613516
1.0096683469600976
0.9613995016552508
0.8228802522644401
0.9761727661825716
0.9235138772055507
0.9166352287866175
0.5078649832867086
0.926445544231683
0.7413920210674405
0.507626692764461
0.5641310010105371
0.827359524089843
1.0086654680781066
0.5101961940526962
0.5136245479807258
0.5070382468402386
0.5196808278560638
1.0036391117610037
1.0083127417601645
0.8648693091236055
0.5477588572539389
0.9786127246916294
0.5238281209021807
0.8977285590954125
0.9868179438635707
0.5234161871485412
0.9422232918441296
0.5066406088881195
0.905631389003247
0.6944379974156618
0.888512384146452
0.9203933477401733
1.0099267312325537
1.0028628977015615
0.964094263035804
0.9385633999481797
0.5426046620123088
0.869433999992907
0.5066414349712431
0.506775408051908
1.007121492177248
0.5430796109139919
0.9271073490381241
0.8865378829650581
0.9019778179936111
1.0010481979697943
0.9038995169103146
0.9396942141465843
0.9986515739001334
0.9967148271389306
0.9901323080994189
0.9438492390327156
0.9759918111376464
0.9332528752274811
0.9507870930247009
0.9418047447688878
0.8352746940217912
0.9668024019338191
0.9570744289085269
0.9819894987158477
0.9181960998103023
0.889315880369395
1.0063628288917243
0.9222360518760979
0.6491788229905069
0.9309294573031366
0.9458794421516359
0.9204869009554386
0.8606381649151444
0.8632644317112863
0.9877750561572611
0.9835681291297078
0.8947033537551761
0.9741096100769937
0.9739606999792159
0.989096256904304
0.9757657321169972
0.899706473108381
0.8559052851051092
0.7313711456954479
0.9497316158376634
0.559536358807236
0.506849295925349
0.9669705382548273
0.9991342760622501
0.5756490756757557
0.5674094120040536
0.7552622039802372
0.676423606928438
0.6172931282781065
0.816523380111903
0.733861954882741
0.5131200198084116
0.5204657618887722
0.9757393612526357
1.003006286919117
0.9045978938229382
0.9887116840109229
0.9666232531890273
1.0037945359945297
0.91358343930915
0.5561620509251952
0.9386520520783961
0.9969066227786243
0.9619026030413806
0.8792989030480385
0.8307392722927034
0.9274672251194715
1.0034753363579512
0.8872578809969127
0.945535131264478
0.9895551279187202
0.7451800829730928
0.6427065581083298
0.8059172960929573
0.5066814753226936
1.0104336850345135
0.9502774211578071
0.857857539318502
0.9253302509896457
0.5065289298072457
0.5075090299360454
0.5099981990642846
0.9646166223101318
1.0063526290468872
0.7657682099379599
0.9458116488531232
0.9552131397649646
0.6267390931025147
0.9836181369610131
0.864163507707417
0.8646271722391248
0.5067659243941307
0.8347850660793483
0.7102341731078923
0.619734832085669
1.0074402010068297
0.753628043923527
0.5063139637932181
0.6857693470083177
0.8008419941179454
0.8232028828933835
0.5069544329307973
0.5066546751186252
0.5080522731877863
0.5065840207971632
0.5062322919256985
0.5067575611174107
0.8957370212301612
0.5065744947642088
0.9807107499800622
0.5067973802797496
0.8622629772871733
1.0041395840235054
0.9855714980512857
0.9866834040731192
1.0044584888964891
0.9676423580385745
0.8421741970814764
0.8169004539959133
0.7106985347345471
0.6235650759190321
0.7076197299174964
1.0118865249678493
0.7606617780402303
0.9935830859467387
0.97441580099985
0.9297178341075778
0.6679523647762835
0.9086532271467149
0.7423034668900073
0.9941411130130291
1.0071133361198008
0.5068988977000117
0.9552882937714458
0.5067990161478519
0.999143720138818
0.9118537590838969
1.0055847009643912
1.011376079171896
0.6388868349604309
0.5067733586765826
0.8443999020382762
0.7532214131206274
0.5066534108482301
0.5073180529288948
0.5066278958693147
0.6502315341494977
0.9037254587747157
0.8323237001895905
0.5070175747387111
0.982672203797847
0.981855038087815
0.6457628230564296
0.6785106840543449
0.9327315366826952
0.9332264577969909
0.9378072121180594
0.5244120699353516
0.8866849569603801
0.9845862621441483
0.506569801364094
0.506676347926259
0.7727231960743666
0.5065961577929556
0.5065958928316832
0.9202421964146197
0.9660341590642929
0.9793760781176388
1.0067796469666064
0.9373215376399457
0.9991209357976913
1.0089858961291611
0.644945350009948
0.817862375639379
0.9689152939245105
1.0020629912614822
1.010929492302239
0.9891732912510633
0.9377039358951151
0.9365114830434322
0.755268766079098
0.826440199278295
0.9440340120345354
0.8982476219534874
0.8375672283582389
0.9133202470839024
0.9492787676863372
1.0104809859767556
0.9153921026736498
0.847594185732305
0.9166722442023456
0.7596616861410439
0.8471158090978861
0.924792149104178
0.9336968776769936
0.9346229126676917
0.5945039801299572
0.6034989119507372
0.5070870402269065
0.5065841390751302
0.9373181709088385
0.5070620337501168
0.886404856108129
0.5069190738722682
0.7875650771893561
0.9099323209375143
0.9978584689088166
0.9487741831690073
0.9833322251215577
0.934308857191354
0.9774809330701828
0.5080273160710931
0.9925761208869517
0.8134494279511273
0.8744265283457935
0.5065790242515504
0.9609689461067319
0.2027411083690822
0.2422768510878086
0.507117769215256
0.9907891727052629
0.20289688743650913
0.9438662161119282
0.5068556447513402
0.8713536448776722
0.9494895399548113
0.507873744238168
0.9888634239323437
0.9739476032555103
0.999068224336952
0.1260228417813778
0.9981397069059312
0.8899772702716291
0.24154277006164193
0.9513717298395932
1.003820220939815
1.0083083640784025
0.2223777030594647
0.9134601303376257
0.23756828205659986
0.9467020919546485
0.52921650884673
0.9875008156523108
0.9425948029384017
0.2584388004615903
1.0063246912322938
0.7864224687218666
0.9757345360703766
0.218995853792876
0.9725031326524913
0.5254992451518774
0.8601609859615564
0.5754529912956059
0.9279137928970158
0.9674051692709327
0.12608177633956075
0.5228844056837261
0.9525726540014148
1.0040621920488775
1.0064895753748715
1.0081742689944804
0.17552584130316973
0.9780424563214183
1.0530905681662261
0.9933653390035033
0.24185345927253366
0.9999073119834065
0.9805997810326517
0.9813108779489994
1.0191635158844292
1.0169424638152122
0.9993720082566142
1.0670491359196603
1.0173501339741051
0.5303499540314078
0.5213274420239031
0.8341707531362772
0.24901190679520369
0.853420477360487
0.23623942863196135
0.9917736318893731
0.8883585352450609
0.9779818449169397
0.22415264742448926
1.001565560232848
1.0094017549417913
1.0019942061044276
0.5426644789986312
0.5069398186169565
0.9904192117974162
0.5525602670386434
0.5072566787712276
1.0080626080743968
0.2259250939823687
0.6801042831502855
0.23780310712754726
0.8820211146958172
0.819308711681515
0.9620674708858132
0.8213794007897377
0.9553905599750578
0.2379164695739746
0.9965950292535126
1.0002114190720022
1.0024271877482533
0.9193548881448805
0.2447732649743557
1.075466888025403
0.2594856349751353
0.23265109676867723
1.0750259887427092
1.0815625763498247
0.6756458380259573
0.6819355459883809
0.9833832560107112
0.2102116821333766
0.25076351407915354
0.9532854440622032
0.5583553607575595
0.9851544257253408
0.9200910930521786
1.005510721821338
0.22431674087420106
0.9898279719054699
0.23897005105391145
0.9836365557275712
1.0066485148854554
0.999484880361706
0.9309595292434096
0.9317949819378555
0.18068952206522226
0.5604984313249588
0.5656080609187484
1.0816842056810856
1.064583574887365
1.0175034529529512
0.23108386294916272
1.0135470079258084
1.0059496629983187
0.25300109339877963
0.9739746348932385
1.010429893154651
1.0127784721553326
0.9647110132500529
1.0437209899537265
0.2518012900836766
1.0047186207957566
0.23504780512303114
0.9865783420391381
1.002986785955727
0.5252787731587887
1.011365095153451
0.998762923758477
0.9214389198459685
0.9595269621349871
0.15121040120720863
0.7191409016959369
0.7250054939649999
0.82684934604913
0.7851786320097744
0.9951526969671249
0.2297337749041617
0.9395142970606685
1.0043258368968964
0.9164134538732469
0.9916434716433287
1.0045019509270787
0.9877770100720227
0.9314325000159442
0.21865174919366837
0.9878136240877211
1.0094951009377837
0.979448155965656
1.0478044520132244
1.048634977079928
0.9891395270824432
1.0101347411982715
0.21091263787820935
1.0782007710076869
1.0762337348423898
0.662464412394911
0.669000496622175
0.24599703727290034
0.9838215690106153
0.24577763071283698
0.5072148679755628
0.9162311842665076
0.976672267075628
0.9155336478725076
0.23203201917931437
1.0117957359179854
0.5429206001572311
0.23174137203022838
0.9975651442073286
0.5427383282221854
0.24862393829971552
1.011942493263632
1.0035706940107048
0.9402052690275013
0.9012974319048226
0.9760139212012291
0.22474092291668057
1.0112467701546848
0.6370376469567418
0.9763840148225427
1.0013681817799807
1.0649417792446911
1.0097031956538558
0.9630561280064285
0.22943874914199114
0.9944766811095178
1.0400785212405026
1.00750479567796
1.0048708990216255
1.075255136936903
1.0769303170964122
1.010352757293731
1.0745981642976403
0.9882855336181819
1.0121714752167463
1.0041560023091733
1.0111218709498644
0.9783857329748571
0.24532322073355317
1.0799753838218749
0.22529483400285244
1.0116482637822628
1.0111796059645712
1.0515127195976675
0.222968481015414
1.0507925446145236
0.7429592222906649
1.0031916610896587
1.0116551420651376
1.0844284291379154
1.0784663739614189
1.0115243890322745
0.6746098911389709
0.2150114793330431
1.0099770068190992
1.0571927316486835
0.7904266892001033
0.9992698766291142
0.5430589667521417
0.6347135212272406
0.23090649815276265
1.0095916157588363
0.9902657610364258
0.9677566648460925
0.9469615621492267
0.9988148529082537
0.18812388787046075
0.9595360741950572
0.9580763010308146
0.9952926449477673
0.24355458514764905
0.9382893419824541
0.9689733530394733
0.9351893300190568
0.22708560712635517
0.9356652479618788
0.997333774343133
1.0610033380798995
0.9666062300093472
0.2079587378539145
1.008610475808382
1.0155096799135208
1.0818513417616487
0.24666784424334764
0.23769837291911244
0.9977708319202065
1.0825103567913175
0.24932583374902606
1.0260234512388706
1.0006217770278454
0.992782399058342
0.5504553248174489
0.9903710293583572
0.9724149787798524
0.24969129683449864
0.6809888342395425
0.7937749149277806
0.799929026979953
0.2469538301229477
1.0058222631923854
0.968871763907373
1.008145783096552
0.92458760086447
0.7430824297480285
0.860442474950105
0.24167419597506523
0.939725499600172
1.005690508056432
0.7893071677535772
0.2312945411540568
0.22097176825627685
1.0065168649889529
1.0699463207274675
1.029000461101532
0.9954422991722822
1.0098480912856758
0.2447931137867272
1.0275556142441928
0.9905033870600164
0.23526896070688963
0.2490762029774487
1.0022214311175048
0.8581081442534924
1.0513312360271811
0.24868318298831582
0.9425547877326608
0.982766677159816
1.001941550988704
0.23360405303537846
1.044416792690754
0.9559879116714001
0.8950599399395287
0.2038520062342286
0.5430650571361184
0.5428731301799417
0.9905744241550565
0.9613153040409088
1.0074578803032637
0.9640384893864393
0.9956325017847121
0.995238330680877
1.0103197302669287
0.24286907399073243
1.0468224240466952
0.2286214609630406
0.9741309178061783
0.9762562979012728
0.25034073693677783
1.0109182368032634
0.947167431935668
1.000049628317356
0.2374039669521153
0.982981126755476
0.2005454539321363
1.0115442140959203
1.0437829187139869
1.0589590077288449
1.0853057797066867
0.24643056327477098
1.0268546720035374
0.2125656707212329
0.9774752552621067
1.0709487982094288
0.8210127241909504
0.9408751376904547
0.8598244641907513
0.9954842659644783
0.22398037184029818
0.25063592195510864
1.001081635709852
0.24056411813944578
0.2446924541145563
1.002990358043462
0.24065917590633035
1.0101384767331183
0.917831804137677
1.012166393455118
0.2508705439977348
1.012319939211011
0.9828722081147134
0.9659773041494191
1.0043043978512287
1.0021717608906329
0.23537947330623865
0.3211238216608763
1.0830423729494214
0.543245580047369
1.0694269421510398
1.002312385942787
1.0099644199945033
0.9919101758860052
0.24402535101398826
0.5070103337056935
1.0063821682706475
0.2378697763197124
0.9846556950360537
1.039120006840676
0.5659204516559839
0.9179988852702081
0.34747667284682393
0.9250787403434515
0.9567968989722431
0.9972445610910654
0.38396041793748736
1.0106231728568673
1.01559217274189
0.375790114980191
0.3533934340812266
1.0453931870870292
0.9963630437850952
0.999179920181632
0.49916072888299823
0.4112357022240758
0.4209187920205295
1.0378637840040028
0.5908025042153895
1.080237964168191
0.9618628108873963
0.5055051548406482
1.037168935406953
0.9976267660968006
0.9983691209927201
1.0491427690722048
0.5476211220957339
0.9931526412256062
0.5867725536227226
1.0695616342127323
1.0580581417307258
1.0619687759317458
1.0061632059514523
1.001299797091633
1.006469015032053
0.9827854111790657
1.013011438306421
1.0116385882720351
0.9934539161622524
0.7013992206193507
0.3739372789859772
1.007993367034942
1.0733520123176277
1.006503991317004
0.2615171866491437
0.49289573077112436
0.23546701483428478
0.23950506513938308
1.0529526881873608
0.2672706129960716
1.0759021528065205
1.0766290361061692
1.009459424763918
1.0826984089799225
1.0705938949249685
0.9849983970634639
0.9146834127604961
0.9986305795609951
1.0695975609123707
1.0845110602676868
0.2640308188274503
0.29054678697139025
0.977486559189856
1.056124595925212
1.0530827031470835
1.0508105694316328
0.3409659368917346
0.9968754202127457
0.9825227777473629
0.4937279699370265
1.0687674339860678
0.4524670746177435
0.4666783232241869
0.3450442566536367
1.1157246408984065
0.44505620235577226
1.350217460654676
0.9741152497008443
0.9705867450684309
1.1850995952263474
1.1843399708159268
1.420558800920844
0.5161523590795696
1.472301620990038
1.4775555841624737
1.05008207494393
0.4977460503578186
0.9709675991907716
1.0063631609082222
1.0103352288715541
1.5114269750192761
0.9764171480201185
0.6265645660459995
0.5848408183082938
0.9985822709277272
1.554544993210584
0.3327013240195811
0.9828862980939448
0.9254709999077022
0.8938814159482718
1.6249218410812318
0.3547487030737102
0.9257218362763524
0.987080920021981
1.6100336988456547
1.0540225701406598
1.5911511830054224
1.5531623382121325
1.601190183777362
0.2997492249123752
1.0078411297872663
1.0071217068471014
1.5713465502485633
1.0082161501049995
1.0112373121082783
1.58472645515576
0.8673487408086658
1.0713289617560804
0.8583494699560106
1.6174804409965873
0.9637395646423101
1.0041643572039902
0.4805579478852451
1.5967824258841574
0.9750507320277393
0.4860578249208629
1.008131716400385
0.9798751519992948
1.194654243066907
1.0783250681124628
1.0477813258767128
0.2599286171607673
1.0513443048112094
0.3575660181231797
1.0008926219306886
0.9993440117686987
1.268148803152144
0.9827804449014366
0.6488488051109016
1.2542527918703854
0.3761365879327059
0.40256437892094254
0.9942067521624267
1.2705252571031451
0.336887086275965
1.0496676596812904
0.7002674252726138
1.008857917971909
1.2794307260774076
0.4565041372552514
0.9882918759249151
0.9955672100186348
1.4028832060284913
1.0112146497704089
0.562770530115813
0.9845381868071854
1.0059607028961182
0.6246192408725619
1.0654319981113076
0.5256148776970804
1.5945590417832136
1.5630663721822202
0.8644169890321791
1.0014355340972543
0.992094193585217
0.3414163449779153
1.6103604398667812
0.9053525626659393
1.007521831896156
1.008335966616869
0.33898358419537544
1.5311628789640963
0.9590695849619806
1.0531461066566408
0.9989872532896698
0.4753660289570689
0.6231162729673088
0.9960071868263185
0.3141633737832308
1.0097171352244914
0.8925223313271999
0.4937415970489383
0.3653351701796055
0.9375965693034232
0.3539978489279747
1.0753652420826256
0.9785746769048274
1.3061980037018657
0.19286447577178478
0.9996252558194101
1.4956135717220604
1.0522472485899925
1.0590271800756454
0.9501715376973152
0.9771238537505269
1.282698777038604
1.3359601739794016
0.9947206950746477
0.3826105948537588
1.081175901927054
1.0840987679548562
0.3065731059759855
0.9960818220861256
1.0798961212858558
0.9953758050687611
1.0087437848560512
0.9033692530356348
0.9881026498042047
1.0673379427753389
0.20726093789562583
1.060470071155578
0.6521391598507762
1.4995421869680285
1.0122975260019302
1.0595085243694484
1.062284307088703
0.8363441950641572
1.5095622926019132
1.5601758151315153
1.585696006193757
0.9708568728528917
0.24151421012356877
1.541639962233603
0.992885235697031
0.9634759579785168
1.0102444752119482
1.0232010651379824
1.0115188700146973
0.9922525752335787
1.0031939749605954
1.0030470988713205
0.9662211802788079
1.0338343349285424
1.0027709621936083
0.9921087552793324
1.5970625118352473
0.9034385681152344
1.6099634487181902
1.0116084041073918
1.0004775137640536
0.7389550311490893
0.8311300403438509
0.9276016410440207
0.5171174122951925
0.5720046600326896
0.8122635069303215
0.5069222049787641
0.7149379020556808
0.9730843231081963
0.9193250183016062
0.907847236841917
0.9226468889974058
0.9745292067527771
0.9758059908635914
0.6868692743591964
0.9920925740152597
0.9036124916747212
0.935097947716713
0.8737523169256747
0.9927347730845213
0.9662191448733211
0.8226990690454841
1.0141927576623857
1.021158944349736
0.9770391499623656
0.6514812856912613
0.5491335378028452
0.531897041015327
0.8180709728039801
0.8540418287739158
0.9148010830394924
1.007839785888791
0.7669027708470821
0.5066688288934529
0.5335835688747466
0.9635982397012413
0.9994178670458496
0.5066268970258534
0.9737671846523881
0.5067398869432509
0.9403214817866683
0.9930993048474193
0.9918968118727207
0.8711782153695822
0.9482397036626935
0.9843295058235526
1.0097245401702821
1.0187515239231288
1.0093834232538939
0.9915771121159196
0.9400525838136673
0.9997366792522371
0.506671505048871
0.9933139956556261
0.8057840559631586
0.5339493528008461
0.930401521269232
0.9759139199741185
0.9744856497272849
0.5235201860778034
0.994831564836204
0.9149523302912712
1.0013720621354878
0.9868468190543354
1.0039324052631855
0.9832088402472436
0.9733608681708574
0.9817285067401826
1.0234347763471305
1.022076359950006
0.8097685249522328
0.8503710450604558
0.5255917138420045
0.9872694900259376
0.8998729540035129
0.8759612669236958
0.8285399163141847
0.5067678038030863
0.927400752902031
0.9675157461315393
0.7282327637076378
0.8319635055959225
0.9622302022762597
0.5068429741077125
0.9273869371972978
0.9719285797327757
0.6869898801669478
0.8613843470811844
0.9741693031974137
0.9151717480272055
0.9566282699815929
0.9968020608648658
0.9407255686819553
1.0076764458790421
0.2575097824446857
0.2613262217491865
0.7910075667314231
0.6465183538384736
0.873814748134464
0.9248616322875023
1.008014583028853
0.99413873674348
0.9913842068053782
0.879479474388063
0.9482330838218331
1.0078516229987144
0.9444070258177817
0.9241442638449371
0.9931950806640089
0.9783992450684309
1.0006912895478308
0.9370502633973956
0.9179161288775504
0.9991831919178367
0.9068533387035131
0.52302669826895
0.5138890417292714
0.943452344276011
0.9040189371444285
0.5134408078156412
0.9471957017667592
0.955668652895838
0.9888113182969391
0.9976715296506882
0.797356341034174
1.0105118663050234
0.9273260543122888
1.0146746928803623
0.989852162078023
0.8817274258472025
0.6968345940113068
0.8185043530538678
0.9022459490224719
0.7463094471022487
0.6800005817785859
0.9950290420092642
1.0038776090368629
0.9940009713172913
0.9912412213161588
0.5284770461730659
1.0101739442907274
0.8663828610442579
0.9576946399174631
0.889351611956954
0.8781844140030444
0.511800155043602
0.972814769949764
0.8744432567618787
0.9673595740459859
0.9815890220925212
0.9492112989537418
0.8465918968431652
1.006655442994088
0.5066973534412682
0.736819910351187
0.9297059481032193
0.5068625109270215
0.9944662358611822
1.000659566372633
0.9991557439789176
0.5066236276179552
0.9539492758922279
0.9142528497613966
0.9565218491479754
0.81267776992172
0.8970984537154436
0.8279794072732329
0.9356979401782155
0.9748231153935194
0.5069594578817487
0.7769451458007097
0.9208933031186461
0.5066146496683359
0.6056621777825058
0.6726241721771657
0.8751344680786133
0.5072666048072278
0.5987252062186599
0.6706818281672895
1.0065337182022631
0.8999688816256821
0.5066292649134994
0.5230522686615586
0.9730139053426683
0.662874158937484
0.9072177540510893
1.006641371641308
0.6544158277101815
0.6264811982400715
0.7385602169670165
0.874572429805994
1.0025584548711777
1.001192261930555
0.9678685306571424
0.5108725582249463
0.9234747625887394
0.898589069955051
0.8222073209472001
0.9237133120186627
1.0198989971540868
0.9151277667842805
0.5066326889209449
0.6415604259818792
1.0069273081608117
0.9262115703895688
0.7911761878058314
0.5067130937241018
0.9807494441047311
0.9950517639517784
0.804487181827426
0.9411275228485465
0.998821591027081
0.6361008891835809
0.9894233071245253
0.8859547297470272
0.9812988168559968
0.9555485378950834
0.5067736296914518
0.8198213116265833
0.6283577210269868
0.9808082259260118
0.5068707070313394
0.9326350069604814
0.7707155486568809
0.9574067890644073
0.9792415332049131
0.9355293437838554
0.5682613519020379
0.5069866240955889
0.6960074440576136
0.5068091377615929
0.7858491181395948
0.5067173521965742
0.9782850141637027
0.9646409847773612
0.9729341589845717
0.961266462225467
1.0121124936267734
