0.4854551060125232
0.15333983907476068
0.12617988092824817
0.1269234251230955
0.12584468303248286
0.12619797373190522
0.23225083388388157
0.1259219590574503
0.12596982810646296
0.14476720383390784
0.23740774998441339
0.12609931081533432
0.15191447082906961
0.1261790469288826
0.1258438159711659
0.12630323600023985
0.12577613582834601
0.19355312688276172
0.12584411120042205
0.12583933491259813
0.1258400920778513
0.12581863440573215
0.1257868893444538
0.180140090174973
0.12584833521395922
0.22341676894575357
0.15720250084996223
0.15421195793896914
0.16241599014028907
0.27819237438961864
0.20110380509868264
0.2183705260977149
0.21112624928355217
0.12602428393438458
0.12613935163244605
0.1845925459638238
0.12582763331010938
0.2310968739911914
0.12602384062483907
0.12600847287103534
0.12587858038023114
0.12580532021820545
0.12618810823187232
0.18428671499714255
0.24674733402207494
0.12618151679635048
0.2371104108169675
0.13114650594070554
0.24859056109562516
0.24577002972364426
0.12570212595164776
0.1261188662610948
0.12590662203729153
0.2488339450210333
0.12597240321338177
0.12621480273082852
0.12573396880179644
0.17082864930853248
0.12632781825959682
0.14452998712658882
0.17489956924691796
0.1893352661281824
0.1266172220930457
0.1839447789825499
0.1365238018333912
0.1259539071470499
0.12580595398321748
0.23636426590383053
0.1261231889948249
0.14238245273008943
0.12585059879347682
0.16219090204685926
0.12582402816042304
0.2015361781232059
0.22473602322861552
0.1257140003144741
0.14520216593518853
0.24588608276098967
0.20291544776409864
0.24772655591368675
0.23841867689043283
0.2196477889083326
0.2176085701212287
0.13205067021772265
0.24439871404320002
0.16476183896884322
0.21903457585722208
0.16667896322906017
0.18032582476735115
0.22772431373596191
0.16071650106459856
0.20933259138837457
0.2468100911937654
0.15779470605775714
0.1920153391547501
0.2413226324133575
0.2392624979838729
0.2455968176946044
0.12710511591285467
0.12596717895939946
0.16453864891082048
0.12583288783207536
0.13175257295370102
0.12701788637787104
0.1572051146067679
0.1259151240810752
0.23192636808380485
0.21341437799856067
0.23473792197182775
0.20403542695567012
0.22630974603816867
0.2348169507458806
0.24946421571075916
0.2224432248622179
0.12601117184385657
0.22631133813410997
0.1511337230913341
0.1771016982384026
0.23170549189671874
0.16436356119811535
0.212888577952981
0.23002142924815416
0.12624606024473906
0.12603208282962441
0.1260732146911323
0.23898205999284983
0.19299731776118279
0.2064774800091982
0.21555291395634413
0.1883243666961789
0.22642354480922222
0.1756056249141693
0.13747616112232208
0.1261838567443192
0.1271758140064776
0.23862715996801853
0.22771265404298902
0.24913525767624378
0.2414651899598539
0.21257149521261454
0.21789648197591305
0.24988016113638878
0.23141233902424574
0.16309656761586666
0.22487303102388978
0.2305612089112401
0.20302974013611674
0.22106368886306882
0.23637426225468516
0.17120044259354472
0.20009000413119793
0.21384496800601482
0.1627125940285623
0.20435262518003583
0.23938990104943514
0.24667953280732036
0.1860527480021119
0.22179492190480232
0.22596253314986825
0.23749839793890715
0.2462931596674025
0.21516958391293883
0.2063451879657805
0.22011858504265547
0.211926004383713
0.12593135563656688
0.12602745601907372
0.1257744780741632
0.239230927079916
0.23561099916696548
0.15617124503478408
0.1939747012220323
0.12597703887149692
0.2140606981702149
0.22818320291116834
0.13525873515754938
0.2180207227356732
0.24794461391866207
0.2475007949396968
0.12598474696278572
0.1259192619472742
0.1260101506486535
0.2469184179790318
0.22338275983929634
0.21235969616100192
0.16217744816094637
0.2028982052579522
0.23166318656876683
0.223146365955472
0.12582377204671502
0.1258953628130257
0.12584109138697386
0.21729407086968422
0.1259937947615981
0.1987197627313435
0.24487497797235847
0.12587046902626753
0.12585097458213568
0.12612832197919488
0.22423679800704122
0.1695417962037027
0.12585588498041034
0.12584868213161826
0.12594037363305688
0.12603426817804575
0.1592720551416278
0.1259407731704414
0.17470445483922958
0.1259853937663138
0.12598452484235168
0.1262363879941404
0.2418985259719193
0.24168320186436176
0.12728356197476387
0.1262694769538939
0.21514753298833966
0.24007369205355644
0.23937631212174892
0.2408577762544155
0.2306787627749145
0.22413982497528195
0.2291359668597579
0.2510835621505976
0.23763001104816794
0.21715708216652274
0.23746565403416753
0.22186263417825103
0.23977424995973706
0.20001584105193615
0.12611870421096683
0.1258839969523251
0.21434609591960907
0.5566886430606246
0.14790360676124692
0.12621005671098828
0.2461192701011896
0.23983336286619306
0.23031553206965327
0.17922495724633336
0.1955356397666037
0.23292059265077114
0.21779486490413547
0.22430645674467087
0.1727408659644425
0.22005271073430777
0.2148636756464839
0.23525501927360892
0.22973290411755443
0.2403169423341751
0.2211730577982962
0.22650023503229022
0.2161878109909594
0.2482674610801041
0.20940150180831552
0.22166033694520593
0.23222002014517784
0.2141961739398539
0.24862040579319
0.21085807075724006
0.22947127697989345
0.23485356383025646
0.24493639264255762
0.19790139887481928
0.2262559630908072
0.22342671314254403
0.5427158693782985
0.23144703591242433
0.5188423059880733
0.2242099680006504
0.22279902873560786
0.23832158604636788
0.24930550111457705
0.2325720307417214
0.24472701782360673
0.2162749688141048
0.2438887101598084
0.2204936919733882
0.1805865839123726
0.2215221137739718
0.2393067879602313
0.21025734394788742
0.21914806496351957
1.013140853960067
0.5537403421476483
0.18054090533405542
0.23385373130440712
0.23250607820227742
0.2362321917898953
0.2216267418116331
0.2400657720863819
0.2248028446920216
0.24328551767393947
0.1787397302687168
0.19607978500425816
0.24131303885951638
0.21820253413170576
0.22857123101130128
0.23584350012242794
0.2375114387832582
0.24773678416386247
0.23583532264456153
0.23935716086998582
0.24640706041827798
0.23961799405515194
0.21671125292778015
0.2103374251164496
0.24430599994957447
0.20349558582529426
0.2410577186383307
0.2502179881557822
0.23608618369325995
0.20880302507430315
0.5440953238867223
0.2513103517703712
0.23141255881637335
0.24550742888823152
0.23829453997313976
0.15356462867930532
0.1699988441541791
0.23783811880275607
0.23934912914410233
0.2314163949340582
0.24319167528301477
0.23964844876900315
0.5540125537663698
0.20306240487843752
0.2132999813184142
0.2035769592039287
1.0389999230392277
0.5186762921512127
0.1793129942379892
0.19414538517594337
0.22549780504778028
0.24179808888584375
0.23947758879512548
0.23623891500756145
0.5563622009940445
0.2452306468039751
0.2216847911477089
0.5558713269419968
0.21470362972468138
0.2312666792422533
0.9796027238480747
0.25090638222172856
1.05832480173558
0.24530590698122978
0.23557930393144488
0.8712359620258212
0.249556768219918
0.832326608709991
1.0442814091220498
0.24899791460484266
0.23418581299483776
0.20022462215274572
0.5194062660448253
0.23119680304080248
0.24621437024325132
0.5590474060736597
0.23658672301098704
0.9973259321413934
0.2397653330117464
0.25015426985919476
0.7200261219404638
0.9733461500145495
0.2512953910045326
0.22986972890794277
0.9936696547083557
0.22951379464939237
0.24665687000378966
0.9364700359292328
1.0628564693033695
0.2527535008266568
1.0795822157524526
0.23710692301392555
0.23080689599737525
0.5186811201274395
0.5242515001446009
0.5562612637877464
0.22704634722322226
0.23562845215201378
1.0119492076337337
0.21750034904107451
0.9927083887159824
0.22874330217018723
1.0478704292327166
0.8027303419075906
1.072611192241311
0.21063417615368962
0.2509548761881888
0.23975417204201221
0.2285054735839367
1.0110933920368552
0.24897359404712915
0.9569515339098871
0.2486850842833519
1.0716724209487438
0.21062233299016953
0.5178606170229614
1.019821428693831
0.25045984890311956
0.8370875478722155
1.0116323507390916
0.8591785323806107
0.562299313955009
0.21253507491201162
1.0829026266001165
0.23398616863414645
0.2480371268466115
0.9609631253406405
0.21084996592253447
1.0590510508045554
1.0147924427874386
0.21321180602535605
0.236827430780977
0.9552963357418776
1.037335567176342
1.0840242430567741
0.23781256098300219
0.23260484728962183
0.20915647922083735
0.2317712251096964
0.9619784760288894
1.049391406122595
0.9930551308207214
1.0595954889431596
0.22694269102066755
1.0691879740916193
0.2415174380876124
0.23351343162357807
0.7986667971126735
1.0187882129102945
0.2051689219661057
0.9513435391709208
1.0449689365923405
0.22999293822795153
0.2494618739001453
1.0697140912525356
0.9717291477136314
0.9747816799208522
0.2410327661782503
0.22346412809565663
1.0128429899923503
1.0355473579838872
0.2263581301085651
1.0527360211126506
0.21153712878003716
0.9008099040947855
0.2093808031640947
0.21679638884961605
0.8561587929725647
0.23957182886078954
0.5379048208706081
0.8482566978782415
0.823953518178314
0.9501869538798928
0.7910489528439939
0.8589236056432128
1.0809071669355035
0.24346472416073084
0.2350977030582726
0.9284612582996488
0.26816873298957944
1.0114349820651114
1.0126692280173302
1.0823943158611655
0.24555856408551335
0.5070637124590576
0.23476885305717587
0.8863748712465167
0.5430547911673784
0.5230018217116594
0.22774009220302105
0.9043720411136746
0.22777358815073967
0.2282390990294516
0.24182947166264057
0.5520093808881938
0.988973137922585
1.0542971529066563
0.22570317098870873
1.011907328851521
0.912999858148396
0.5563903520815074
0.7783185942098498
0.22180478880181909
1.0774902538396418
0.23956840904429555
1.0021056849509478
0.24054075125604868
0.2243010802194476
1.0706221363507211
0.9808703730814159
0.15146730095148087
0.2512030079960823
1.0258753499947488
0.5233520069159567
1.0558507679961622
0.22463388787582517
0.9447476281784475
1.083871927112341
0.2508039679378271
0.24124186811968684
0.21686451323330402
1.0821488741785288
1.0349238528870046
1.0057357838377357
0.23847512481734157
0.24445748003199697
0.976228425744921
1.0814879750832915
0.2376427440904081
1.04292728099972
0.2490694741718471
1.091424108017236
0.9116792231798172
1.027206136379391
0.2190764518454671
1.054642432834953
0.25101985828951
0.2329613659530878
1.0346158961765468
0.9452961799688637
0.24342196993529797
1.0219861650839448
0.23368205782026052
0.23932595970109105
1.0846048993989825
0.21356842666864395
0.21898166416212916
0.9780315523967147
0.9997950159013271
0.9268559878692031
0.24571653781458735
1.0459192572161555
0.2498251311480999
1.0846085851080716
0.22931934799999
0.24865050194785
0.23911216482520103
0.8371832901611924
0.8556211171671748
0.24777683708816767
0.9824281111359596
0.9905861518345773
0.23659611400216818
0.8227683370932937
0.227778694126755
0.9290159861557186
0.5427287798374891
0.9424107340164483
0.9995567537844181
0.507000058889389
0.2787985960021615
0.9894289700314403
0.20781389996409416
0.6512588309124112
1.0823855539783835
0.5430113920010626
0.34881305880844593
0.909057813230902
1.0115545727312565
0.950319348834455
0.32156664598733187
1.0798544869758189
0.22514453902840614
0.5192727190442383
0.20712696015834808
0.4106844519264996
1.075766874011606
0.2440106738358736
0.3527234368957579
1.076396537013352
0.998404482845217
0.49370923126116395
1.0123915928415954
0.9912794609554112
1.0707332259044051
1.004043212160468
1.0779033941216767
1.07923542894423
0.9726968570612371
1.0541633376851678
1.0679074609652162
0.2185421772301197
1.056365238968283
1.0534885562956333
0.997513840906322
0.23463005619123578
0.23189118271693587
0.22398517280817032
1.0101195652969182
0.2203076588921249
0.9783033337444067
1.0801979880779982
0.21054151374846697
0.21797590889036655
1.0763708101585507
0.9318117699585855
1.0081577152013779
0.23828813806176186
1.0115604177117348
1.0812815520912409
0.22778993099927902
0.23638651240617037
1.040452164132148
1.0392276630736887
0.9213006622157991
0.23217375669628382
1.0649411831982434
1.0742742805741727
0.25111873261630535
1.0380380558781326
0.2493573040701449
1.0110580320470035
0.23517641285434365
0.8152868151664734
1.073568310122937
0.2501650028862059
0.8828793000429869
0.829850756097585
0.3003978249616921
0.9325583199970424
0.8562121787108481
0.9639618233777583
0.2303137369453907
0.37109637586399913
0.9601905839517713
1.0332744363695383
0.989613451063633
0.33895258605480194
1.0739384032785892
0.9921034858562052
1.01414216728881
0.473018161021173
0.4941465021111071
0.3386947331018746
1.0781362452544272
0.6495396653190255
0.32443811977282166
0.8998188427649438
1.0651673157699406
0.9882678966969252
0.2883103443309665
1.021029686089605
1.054691893979907
1.0282443650066853
0.9688205099664629
0.3017584951594472
0.9915198679082096
1.0629203608259559
0.33896139822900295
1.0722389416769147
0.9891848829574883
0.37213521590456367
0.947572675999254
1.0611469591967762
1.0089487913064659
0.9865801641717553
1.0770720038563013
0.4406560780480504
1.0684782941825688
1.0567277241498232
0.24613077798858285
0.3433788316324353
0.4642766369506717
1.0612296587787569
0.9953181790187955
0.3423994299955666
0.40377393597736955
0.9587539942003787
0.9604462217539549
1.0490000047720969
1.0714913648553193
0.9505664729513228
1.0128399543464184
1.007500003091991
0.976783440914005
1.0711066601797938
0.3009012802504003
1.0802738079801202
1.0798222399316728
0.43294111313298345
1.0186440222896636
0.3639546949416399
1.072534783743322
1.078675306867808
0.9936391739174724
0.381278607994318
0.3930689161643386
1.001468829344958
1.0640811817720532
1.083254565950483
1.0752607770264149
0.9475158601999283
0.9997260356321931
0.4681778848171234
1.072350185830146
0.48810750199481845
0.5722614759579301
1.0469241007231176
1.0364547036588192
1.0124559621326625
0.49863220006227493
0.6054277243092656
0.9716770476661623
1.0297317449003458
0.9977709888480604
1.081585207954049
0.9867331590503454
0.5442168461158872
0.6042846669442952
0.9806129243224859
0.5547269079834223
1.076038146391511
0.3880208502523601
1.0809193709865212
0.9977589193731546
0.9982140427455306
1.0780705101788044
0.6583203012123704
1.0690297442488372
1.0148976449854672
0.9848906537517905
0.3414989006705582
1.0820416156202555
1.0382757517509162
1.0116130281239748
1.00467313779518
1.0714784539304674
0.37679915595799685
1.078135194722563
0.49289583088830113
0.9971586060710251
1.0125320348888636
1.0685791638679802
1.0523161119781435
1.0041276956908405
1.081676044035703
1.0776204373687506
0.3473732308484614
1.0105476682074368
1.0802589780651033
0.9786883131600916
0.39983312087133527
1.0690886611118913
0.47393100522458553
0.506186539772898
1.0817553433589637
1.089038448408246
0.5022270292975008
0.47375747188925743
1.207402772270143
0.5878255851566792
1.2368600661866367
0.43599714478477836
0.5701064262539148
1.056893662083894
0.6125082313083112
1.0042406441643834
1.0130765531212091
1.4394841911271214
1.398491745814681
0.49199309339746833
0.5955084348097444
1.0805030278861523
1.456409690901637
1.0003339312970638
0.4571781330741942
1.4833863289095461
1.5534490901045501
1.1982973963022232
0.23424183716997504
1.5160835958085954
1.5119848498143256
0.4628603779710829
1.4793018237687647
0.12628871574997902
1.6181751787662506
0.6273731049150229
1.6129333609715104
0.2282711393199861
0.22523490013554692
1.5913106501102448
1.519037656020373
0.1885704342275858
1.4424274060875177
1.0653488100506365
1.4655722356401384
0.20421174494549632
0.23701412277296185
1.6172164673916996
1.5101129999384284
0.24775674333795905
0.985361450817436
1.6125463154166937
0.21085221599787474
1.6225175829604268
0.22294442588463426
1.960874699987471
1.71242869598791
1.9575823498889804
1.622305097989738
1.608401286881417
1.6026701866649091
1.625494519714266
1.8602722282521427
0.15341355185955763
0.9620002917945385
1.8364235311746597
2.080868845805526
1.6233814908191562
0.12694593938067555
1.6237383051775396
1.624087012372911
2.0480605089105666
0.23345967987552285
1.942563354037702
1.5054245870560408
1.4735210160724819
2.0135817378759384
0.8340537827461958
0.23554224101826549
1.997577954083681
2.1384377190843225
0.21177328377962112
1.8380367932841182
0.13468391122296453
0.229246289934963
2.152716846205294
0.2178216939792037
2.1490723621100187
0.24043975491076708
0.2219145717099309
1.9338327003642917
1.8356197401881218
0.1535435109399259
0.14630324486643076
2.023452001158148
1.9791079829446971
0.24997707875445485
0.14125391887500882
0.1300462055951357
1.9804077460430562
0.542521869763732
0.22542562475427985
1.9180817129090428
0.24902447685599327
0.23452012706547976
0.2193938889540732
0.23584602493792772
2.0526033230125904
0.23873028298839927
0.14426843915134668
0.22850914299488068
0.272419850807637
0.19985815044492483
0.2489310661330819
0.24981100717559457
0.19981524115428329
0.23922229884192348
0.13372045708820224
0.2281740726903081
0.20438233483582735
0.23321462608873844
0.26355253299698234
0.21843975130468607
0.19970839004963636
0.25475519290193915
0.2071981132030487
0.20776443742215633
0.25748433312401175
0.17663238616660237
0.18162069516256452
0.13691921206191182
0.2197709921747446
0.22442549699917436
0.22764190379530191
0.23723559314385056
0.18042620504274964
0.16828754683956504
0.16826500371098518
0.29005250008776784
0.13420727802440524
0.2173695652745664
0.2073126188479364
0.23066542902961373
0.19684253027662635
0.2718639220111072
0.2330589620396495
0.23768177535384893
0.16150368005037308
0.2019788809120655
0.24414558988064528
0.14057945925742388
0.21322294510900974
0.15547687094658613
0.17893995577469468
0.1351834419183433
0.29762689117342234
0.23314079688861966
0.18799452390521765
0.22775642108172178
0.2062971512787044
0.24717976292595267
0.23296805936843157
0.27641777507960796
0.23754054633900523
0.23325789906084538
0.17435854487121105
0.14632289810106158
0.2466385681182146
0.23043338721618056
0.16628088895231485
0.2029118831269443
0.22978686587885022
0.22239347081631422
0.1389766619540751
0.2506427480839193
0.1446249303407967
0.1474414966069162
0.25850463612005115
0.2505843732506037
0.22058284888044
0.19857377791777253
0.21174841094762087
0.22286567417904735
0.23432276723906398
0.20459544379264116
0.2405074890702963
0.24563831416890025
0.23801532108336687
0.2347711161710322
0.2170281521975994
0.23151592630892992
0.23104623705148697
0.20421007508412004
0.26131188916042447
0.19343945384025574
0.24854934494942427
0.2420287816785276
0.22031619399785995
0.2323172027245164
0.21168982423841953
0.142139189876616
0.14149773912504315
0.1840466307476163
0.13769897632300854
0.1523935543373227
0.24387550679966807
0.23346598213538527
0.1518080895766616
0.22943044314160943
0.24701337236911058
0.25676451809704304
0.2403724598698318
0.20000095712020993
0.17540612211450934
0.21613562759011984
0.13179211225360632
0.14817068399861455
0.24452980235219002
0.16143311001360416
0.14790344377979636
0.22757980320602655
0.131401970051229
0.13630843814462423
0.12607424100860953
0.21273671928793192
0.23835716303437948
0.16837531607598066
0.263182969763875
0.14519869815558195
0.1332612931728363
0.17609392199665308
0.148905199021101
0.18563436390832067
0.1720137419179082
0.2002155208028853
0.21024753572419286
0.1295223399065435
0.21075693611055613
0.13986160280182958
0.17124724388122559
0.1595757300965488
0.16351859597489238
0.12805410102009773
0.1534925689920783
0.1726267160847783
0.14286916283890605
0.1641024062409997
0.18220450403168797
0.1701605338603258
0.13182469690218568
0.17910349229350686
0.24684485793113708
0.17507170606404543
0.15522282384335995
0.23354095313698053
0.20778437284752727
0.2683589900843799
0.20987202087417245
0.2409474733285606
0.20768073480576277
0.14586508413776755
0.2446617460809648
0.27011243300512433
0.13119364716112614
0.23421345185488462
0.172419810667634
0.14062628289684653
0.12599834520369768
0.12597530987113714
0.21017837431281805
0.20760666485875845
0.25071269692853093
0.22016020817682147
0.125896779820323
0.23709606984630227
0.2269900357350707
0.16436880873516202
0.18874323973432183
0.12615829892456532
0.2042689430527389
0.21497817616909742
0.23079104209318757
0.20585577515885234
0.18346265889704227
0.1259101601317525
0.21511713694781065
0.1803347277455032
0.2327474462799728
0.13605952309444547
0.14605178590863943
0.126015511341393
0.25008918065577745
0.24762506131082773
0.23876192141324282
0.22273537190631032
0.23755859676748514
0.24164282623678446
0.25087814405560493
0.2205532700754702
0.19771868409588933
0.1259710667654872
0.18555737705901265
0.126636466011405
0.1259002429433167
0.2045091576874256
0.25032041501253843
0.23533670976758003
0.22083002235740423
0.14340057177469134
0.2274345848709345
0.23965883674100041
0.24690455477684736
0.12595784477889538
0.24907720694318414
0.24737626686692238
0.24846939695999026
0.23852102598175406
0.228378230240196
0.18709957785904408
0.2223838809877634
0.12699150061234832
0.24518603272736073
0.23799403803423047
0.20067144511267543
0.2259015361778438
0.21604407485574484
0.23260614136233926
0.22049011290073395
0.20671279495581985
0.24361633602529764
0.21194767439737916
0.23492895672097802
0.12599269999191165
0.17274134838953614
0.23588446900248528
0.23420815914869308
0.2122497921809554
0.22859888011589646
0.13266560016199946
0.1288136006332934
0.1938531151972711
0.25139892008155584
0.1653250828385353
0.18713352316990495
0.24360548704862595
0.20605161134153605
0.2388354460708797
0.22812295285984874
0.24345489218831062
0.18675936898216605
0.2321648020297289
0.22936841286718845
0.24089086102321744
0.12598242331296206
0.22259977320209146
0.22568327514454722
0.2375085987150669
0.22709102183580399
0.19563131593167782
0.20707169268280268
0.22442191699519753
0.23561878688633442
0.21521004009991884
0.24222444416955113
0.21064574597403407
0.20158577291294932
0.13740476220846176
0.13052790658548474
0.12609570613130927
0.1743628759868443
0.1263996111229062
0.1259197909384966
0.23488355986773968
0.24102981574833393
0.23214599816128612
0.1480484390631318
0.22532948572188616
0.14403413981199265
0.12595203425735235
0.2268725368194282
0.12594324303790927
0.1939600734040141
0.2284987890161574
0.24976565968245268
0.2248170357197523
0.12606940511614084
0.12603715108707547
0.210246074013412
0.20686865411698818
0.12579355714842677
0.17359944013878703
0.21863663895055652
0.24582038074731827
0.23757492005825043
0.2503869840875268
0.23398118186742067
0.21805007103830576
0.20344096282497048
0.2208298621699214
0.21301830001175404
0.22184099489822984
0.2377998740412295
0.16530423611402512
0.23828702699393034
0.15861506573855877
0.12598115298897028
0.2133895638398826
0.175196283031255
0.21959589701145887
0.23549684463068843
0.24644406279549003
0.21656550467014313
0.23047431092709303
0.24485056707635522
0.12616957211866975
0.22644579224288464
0.12587666418403387
0.23959113378077745
0.2506180447526276
0.23330734111368656
0.20590001298114657
0.17214225279167295
0.18717521196231246
0.12593608209863305
0.2231596759520471
0.2306105364114046
0.18141873506829143
0.21285841427743435
0.15272345207631588
0.12589254789054394
0.23291718494147062
0.13439328595995903
0.23455990990623832
0.13366236817091703
0.14755884930491447
0.1261280132457614
0.12614407297223806
0.1930449940264225
0.12601751275360584
0.12647796934470534
0.14716505585238338
0.12587008997797966
0.24023925513029099
0.22648197365924716
0.1258649411611259
0.16128948237746954
0.24283309280872345
0.23635837901383638
0.15651307860389352
0.24584408104419708
0.2101819971576333
0.2484784391708672
0.22850160114467144
0.24701991071924567
0.24498510360717773
0.24785496620461345
0.24294570181518793
0.24460252607241273
0.22161333123221993
0.24237008718773723
0.13260761089622974
0.17787881894037127
0.5430377931334078
0.23846580274403095
0.5448112590238452
0.2388781001791358
0.23113148333504796
0.18021392403170466
0.2512426162138581
0.5436970586888492
0.1936372509226203
0.22541798697784543
0.5585272810421884
0.2120450669899583
0.2504609990864992
0.1716729928739369
0.13565152417868376
0.22834646701812744
0.9891128651797771
0.13204497331753373
1.067149254027754
0.5629622782580554
0.5672477660700679
0.24476105207577348
0.9724221471697092
0.21957913227379322
0.2372032729908824
0.22460136096924543
0.24011533567681909
1.075781405903399
0.2162681771442294
0.23822523141279817
0.75029018195346
0.20674821687862277
0.22256970405578613
0.23449393408372998
0.1258108653128147
0.21927498513832688
0.212270715739578
0.23677864810451865
1.072209528181702
0.21876967838034034
0.24521556124091148
0.23943098215386271
0.22632172983139753
0.21246970910578966
0.12590181920677423
0.239278560038656
0.2398847690783441
0.24322631489485502
0.23829797375947237
0.22983427299186587
0.23889205232262611
0.23601811192929745
0.23829431273043156
0.2490883069112897
0.21140661602839828
0.24218667019158602
0.18929939484223723
0.21469377260655165
0.21470578107982874
0.12602808978408575
0.5428530788049102
0.22479930892586708
0.17422477202489972
0.21316646877676249
0.25099824788048863
0.19504347629845142
0.12595187406986952
0.2368630850687623
0.22356153698638082
0.13096228893846273
0.1934315268881619
0.2311346330679953
0.2204186860471964
0.23020150419324636
1.0078359260223806
0.24520706478506327
0.226699513848871
0.2426152229309082
0.23331770719960332
0.24122791225090623
0.20521214976906776
0.18891995958983898
0.2129483730532229
0.17676695995032787
0.21854310482740402
0.22736551379784942
0.23262304766103625
0.7169471690431237
0.19001119630411267
0.12593136401847005
0.20178194297477603
0.2455828976817429
0.21171216713264585
0.12949326867237687
0.12611116422340274
0.1386488787829876
0.12591819977387786
0.1258745980449021
0.23400338413193822
0.22646080190315843
0.24320576712489128
0.21149477316066623
0.12593301525339484
0.2213022531941533
0.12590287392959
0.23063534498214722
0.23850676603615284
0.24188680993393064
0.21637440798804164
0.22790988069027662
0.1939476877450943
0.23231756733730435
0.22941190423443913
0.23319851094856858
0.24439548421651125
0.17730017006397247
0.13103703735396266
0.2010664502158761
0.23604601109400392
0.2145428187213838
0.23738258378580213
0.22826797794550657
0.24923294596374035
0.2393166502006352
0.2281938991509378
0.22347925091162324
0.2468940238468349
0.12581454822793603
0.14732209872454405
0.1977273882366717
0.22888341778889298
0.20897805225104094
0.21917465096339583
0.18704182095825672
0.23850032268092036
0.22280600294470787
0.17772618401795626
0.13428262900561094
0.20534584391862154
0.23632348841056228
0.1259038378484547
0.2420506407506764
0.23073395481333137
0.2050070227123797
0.23302755411714315
0.17943231901153922
0.23627444822341204
0.24568849988281727
0.24789332272484899
0.23418242204934359
0.2398573257960379
0.12602830911055207
0.1781897977925837
0.1258488418534398
0.2457136190496385
0.1865179338492453
0.21250592218711972
0.15860234294086695
0.24433309491723776
0.2502706400118768
0.22194097330793738
0.23446081392467022
0.2493904628790915
0.23668181197717786
0.20685304095968604
0.24918096093460917
0.2502961619757116
0.24252706998959184
0.15730135701596737
0.18758032890036702
0.2157752439379692
0.23979822034016252
0.2508871532045305
0.24664531229063869
0.5426546046510339
0.2346170241944492
0.5067276218906045
0.2265403876081109
0.19804338878020644
0.21915826573967934
0.21382629312574863
0.2386926868930459
0.24931043619289994
0.2426166981458664
0.23936802987009287
0.5429559587500989
0.24606418423354626
0.23752937885001302
0.23627437418326735
0.13091104617342353
0.8231553239747882
0.8383806650526822
0.1582513740286231
0.12609912641346455
0.9477834641002119
0.22433924907818437
1.0807373994030058
0.2110874238424003
0.1938235298730433
0.12589205196127295
0.22312801983207464
0.21288789436221123
0.12589656095951796
0.9961886270903051
0.2347264103591442
0.9309137659147382
0.23138589598238468
0.23015396064147353
0.1394078889861703
0.223238630220294
0.23171931691467762
0.23643205827102065
0.21186983678489923
0.18987331027165055
0.1259277113713324
0.2074092528782785
0.24895354500040412
0.2466828180477023
0.23446397902444005
0.24877643818035722
0.24771892605349422
0.234908826649189
0.23112174356356263
0.24975189892575145
0.25044904462993145
0.24369187001138926
0.2351267491467297
0.14934379886835814
0.21111130295321345
0.5426492360420525
0.23948092199862003
0.23445843486115336
0.23546192701905966
0.5066654779948294
0.1953214230015874
0.22462277580052614
0.2095133732073009
0.20668968884274364
0.22830106364563107
0.23385429987683892
0.23316983273252845
0.24650359386578202
0.8564651669003069
0.12585146818310022
0.805175568908453
0.12600584980100393
0.12589997332543135
0.19470468908548355
0.23819878697395325
0.2131434832699597
0.1259248168207705
1.073265756946057
0.23308258689939976
0.2343860249966383
0.22721737902611494
0.20860851602628827
0.15701198298484087
0.23201147839426994
0.22099228808656335
0.21620061388239264
0.19483467005193233
0.18836746970191598
0.2397924098186195
0.2505107191391289
0.16816155100241303
0.1259701861999929
0.1553488397039473
0.22478082589805126
0.2511892900802195
0.23916599480435252
0.24044155422598124
0.23812533915042877
0.23135873209685087
0.17728359624743462
0.24321006564423442
0.2156570260412991
0.1985479248687625
0.22806063015013933
0.1259893300011754
0.1258253869600594
0.22383051924407482
0.12585582211613655
0.21406346885487437
0.12585984962061048
0.24802759801968932
0.23298843996599317
0.22048292122781277
0.21497218823060393
0.246524543967098
0.2324181329458952
0.1839321400038898
0.23920177714899182
0.2105824500322342
0.2198044816032052
0.22981192776933312
0.23864051094278693
0.2008866067044437
0.2458077077753842
0.22431431291624904
0.1627768874168396
0.5425656377337873
0.19917721208184958
0.22663434781134129
0.2316598640754819
0.2453327737748623
0.24865295086055994
0.22967464523389935
0.5067108580842614
0.16002146480605006
0.12588374316692352
0.2429893841035664
0.12588296877220273
0.2314443290233612
0.21984480833634734
0.15199612034484744
0.24421879183501005
0.22452487098053098
0.6245909319259226
0.22732721688225865
0.20553000969812274
0.16123352432623506
0.1542969150468707
0.24964764900505543
0.23910544626414776
0.17125355685129762
0.20752127701416612
0.12606108700856566
0.21219073655083776
0.12618750985711813
0.24484701920300722
0.18024044297635555
0.2453572666272521
0.22155050095170736
0.2444703229703009
0.2352538611739874
0.22397341392934322
0.14175299322232604
0.2458346881903708
0.23652791790664196
0.23235635878518224
0.22125104162842035
0.24761191522702575
0.17596370168030262
0.2413946152664721
0.24828592129051685
0.16417888505384326
0.22013259306550026
0.23800470726564527
0.5429588849656284
0.1919410079717636
0.22005206672474742
0.12602370884269476
0.21465469477698207
0.2296117302030325
0.23067614389583468
0.2098420700058341
0.22702473727986217
0.19381634704768658
0.24327908223494887
0.23506566882133484
0.24679420236498117
0.22141386894509196
0.23285446828231215
0.21710913395509124
0.16709519503638148
0.25072241527959704
0.23058226704597473
0.23718559090048075
0.5424948930740356
0.2122481670230627
0.12583148991689086
0.2153348601423204
0.18249121075496078
0.233119476120919
0.2162067680619657
0.2470866716466844
0.2341299830004573
0.24449836881831288
0.22408538404852152
0.22906355885788798
0.2357445820234716
0.9605237459763885
0.24461077898740768
0.2333319610916078
0.24044661922380328
0.21753590507432818
0.2438760153017938
0.24765593279153109
0.5066860727965832
0.5430255406536162
0.5073277889750898
0.5428978609852493
0.542824037373066
0.197470311075449
0.23837209213525057
0.22783000487834215
0.2189368326216936
0.24864829471334815
0.5447710589505732
0.22887172689661384
0.5188382277265191
0.2195138051174581
0.2143665631301701
0.24661897495388985
0.9066730099730194
0.2228960618376732
0.22548877215012908
0.22794062411412597
0.25005350774154067
0.5600132248364389
0.9952982096001506
0.2360270470380783
0.5582364671863616
1.0592224323190749
0.23604132095351815
1.0840237410739064
1.0474246409721673
0.9675208833068609
0.18755190493538976
0.21402219496667385
1.0517066800966859
0.22494121408089995
0.24512644484639168
0.23381721088662744
1.026141781359911
0.1838608947582543
0.2119121290743351
0.20843400806188583
0.22281714901328087
0.960089610889554
0.22088092099875212
0.2442845208570361
0.2329788808710873
0.2062266319990158
0.7718657040968537
1.0840473328717053
0.8842210550792515
0.9045996791683137
0.9034359697252512
0.20135618699714541
0.21787972608581185
0.23161111120134592
0.880318087991327
0.26174842519685626
0.9529317282140255
0.9983549620956182
0.5428440133109689
0.23714075004681945
0.757424439303577
0.2336094630882144
0.5328292963095009
0.5665381220169365
0.7734463480301201
0.245499552693218
0.7991225137375295
0.5602626511827111
0.7635161518119276
0.2449108436703682
0.20073347818106413
0.5248700859956443
0.2333000199869275
0.5316778901033103
0.9444535570219159
0.24605735018849373
0.9703588597476482
0.8937509846873581
0.12735325936228037
0.530912484973669
0.18639519810676575
0.5220459462143481
1.003758791834116
0.5608182982541621
0.21732439566403627
0.9674427700228989
0.25014144321903586
1.035580899566412
0.23782838322222233
1.0050362148322165
1.0057327020913363
1.0430767708458006
0.2491490808315575
1.004520766902715
0.22807409660890698
0.9949883949011564
0.9914042660966516
1.0453423941507936
1.0495704058557749
0.20692129200324416
1.0854018372483552
0.22870736801996827
1.0056577548384666
1.0483023086562753
1.0511620012111962
0.21925839222967625
1.061279682442546
0.9752677539363503
1.056765753775835
1.0179141527041793
0.22981610288843513
0.1429174728691578
0.23181556118652225
0.19709016103297472
1.0038026091642678
0.24857081566005945
0.2349886354058981
0.976363976020366
0.2327694478444755
0.2414034130051732
0.23509084107354283
1.004065539687872
0.6920237545855343
0.543130022007972
1.0780627019703388
0.9199632946401834
0.24751859297975898
0.8706133561208844
0.8322067749686539
0.8301670309156179
0.773521747905761
0.7254191371612251
0.24556891666725278
0.8239427390508354
1.0253356471657753
0.9063780838623643
1.0700132958590984
0.2686776123009622
1.035478341858834
1.0039277961477637
0.3570669060572982
1.009147600736469
1.0593020371161401
0.3606755989603698
0.24675006605684757
0.2117047691717744
0.521432610694319
0.5585573138669133
0.3745460161007941
1.0367291402071714
1.0126404049806297
0.16470708465203643
0.8519487241283059
0.21841648314148188
1.069527355954051
1.0807246370241046
1.0750263310037553
0.17939397087320685
0.9639093247242272
0.19311661925166845
0.21075244387611747
0.9470413159579039
0.7846736870706081
0.8620727141387761
0.1259226379916072
0.23155459016561508
0.9194360794499516
0.8713232991285622
0.8664447301998734
1.0341010950505733
1.0808438500389457
1.062086750753224
0.24994117114692926
1.0007657711394131
0.1956695863045752
0.2107705888338387
0.23142248997464776
1.0031812661327422
1.074081548023969
0.24680449487641454
1.0055090091191232
0.9085274278186262
0.955255005043
1.0514297699555755
0.9898283202201128
0.24014762183651328
1.0154662798158824
1.0372326890937984
1.031424280256033
1.0697041163221002
0.2683846647851169
0.2945503843948245
0.3097573770210147
1.020457942970097
0.5420928569510579
1.0186887946911156
1.0834290971979499
0.3603228791616857
0.38396414602175355
0.5070508099161088
0.4087537620216608
0.4179046410135925
0.8283385089598596
0.845644982997328
0.49709617299959064
0.7930733039975166
0.774694608990103
0.6387948668561876
0.8058208152651787
0.5444525238126516
0.5812786878086627
0.8472990882582963
0.610049903858453
0.9219447458162904
0.9256527442485094
0.934616977814585
0.9173720432445407
0.7802708139643073
0.7714976649731398
0.525023675058037
1.0400151461362839
0.7193596442230046
1.0389743312261999
1.04128045309335
0.5895115626044571
0.35764517495408654
0.36293646413832903
1.0116509031504393
1.0823580618016422
1.0066254697740078
0.9793469198048115
1.072622667066753
1.0603986661881208
1.0821750704199076
1.0127921057865024
1.0571319940499961
0.9875154020264745
1.0119790299795568
1.0654547782614827
0.3847434716299176
0.9960368326865137
0.44333164812996984
0.9876967472955585
0.4471352072432637
1.081402142997831
1.0012751161120832
1.0840341420844197
1.0129113579168916
0.43628153996542096
1.0787144633941352
0.4532635440118611
1.0091671287082136
1.0652591930702329
1.056800994090736
1.083620083052665
0.5502738622017205
1.0774656548164785
1.0728093520738184
0.3460435001179576
1.0580024309456348
1.0657035489566624
0.3835587529465556
0.38996837940067053
1.0443756212480366
0.3380485912784934
0.47924064099788666
0.9842390809208155
0.4891071207821369
1.1005974188446999
0.4891643561422825
1.0019550770521164
1.2791854101233184
1.2193649089895189
1.2360280398279428
0.584585492964834
0.5213446989655495
0.6105548441410065
0.49184740567579865
1.070720266085118
1.0289498348720372
1.274343241006136
0.631860847119242
0.32640076987445354
0.4934413740411401
1.501483105123043
0.9654666814021766
0.334190437104553
0.9727963251061738
0.9676903216168284
1.447697632946074
1.5513762589544058
1.0058875889517367
1.5470360899344087
0.4416867750696838
0.45458045275881886
1.546393794938922
0.9974411563016474
0.36680880235508084
1.4981268788687885
0.47314354684203863
1.0093619488179684
1.517027955967933
1.5102437399327755
1.613688891287893
0.42300076596438885
1.4948296542279422
1.0805608802475035
0.4430731823667884
1.6253027589991689
0.4837056449614465
0.3550693946890533
1.5110895689576864
1.083410998340696
1.0245506931096315
1.0283725042827427
0.45751255890354514
1.6147015439346433
0.45019924314692616
0.4639017707668245
1.074037262238562
1.0262638130225241
0.40292377583682537
0.4278726619668305
0.5333727560937405
1.488557314965874
1.0748963812366128
1.0443003699183464
1.5884159840643406
0.9881642409600317
1.6208167909644544
0.9904868169687688
1.6200052187778056
1.6240615770220757
1.012520682066679
0.9989522779360414
0.507031983230263
1.4887600112706423
2.1100255348719656
0.3747138832695782
0.3471948551014066
1.0126437502913177
2.0880920961499214
1.3311124723404646
0.4980145050212741
1.076429049950093
0.4244073028676212
1.0283760321326554
0.4745496716350317
1.010095618199557
1.72380730509758
0.3237516498193145
1.0818506251089275
1.0711582056246698
0.3246401557698846
0.3583923550322652
1.0067431069910526
0.5430905581451952
0.8048174399882555
1.9158607539720833
1.938358106650412
0.9007408991456032
0.3788412814028561
1.446136408019811
0.8038087557069957
0.347409606911242
0.9138717520982027
1.2040916681289673
1.1844054120592773
1.2068776623345912
0.42397940205410123
0.9042894830927253
0.260468868073076
0.28411524184048176
0.9875977910123765
0.33327235328033566
1.0770998829975724
1.3160151820629835
0.88781668106094
0.40030404878780246
1.080682914238423
1.0821612607687712
1.070984975900501
1.8491857200860977
0.2417381377890706
0.24815016286447644
0.9827389498241246
0.9838140150532126
0.9835473960265517
0.9857239127159119
1.066670821979642
0.24226673506200314
1.0034274868667126
0.5068800346925855
0.9508249419741333
0.3596002799458802
0.9927765252068639
1.0689591919071972
1.012379301711917
0.5070441598072648
0.24914281396195292
0.32355528604239225
0.3613026738166809
0.9291262812912464
1.075895934831351
1.0850632600486279
0.35001250682398677
1.0812711366452277
0.3425328121520579
1.0472027491778135
1.0549250091426075
1.0341778532601893
0.40803204011172056
0.4082481199875474
0.5008482146076858
1.0783208590000868
1.044329056981951
0.9831902426667511
0.49049248173832893
1.0709839588962495
0.9299880540929735
0.9921957640908659
1.0820341520011425
0.8588277418166399
1.0267116888426244
1.0309864399023354
1.5168628888204694
1.0092756687663496
1.0027514048852026
0.9207215970382094
1.0710700382478535
0.2900165608152747
1.0061937659047544
0.311519515234977
1.0777976717799902
1.0741593157872558
0.9747476391494274
0.9677861747331917
1.0543702361173928
0.42219648510217667
0.31991063989698887
1.0704089989885688
0.23759591579437256
1.0759367090649903
1.081770395860076
0.994903361890465
0.9954278646036983
1.0784027175977826
1.0775324068963528
0.8819673587568104
1.0775522678159177
0.9102308610454202
1.0778163792565465
0.9980746102519333
0.9776978753507137
0.9578838981688023
1.0476436992175877
0.9798798570409417
0.9914716277271509
0.27299625892192125
1.0662555382587016
1.5560302059166133
0.22066718013957143
0.965640464797616
0.20370870269834995
0.3739677742123604
1.0708828088827431
1.0836760951206088
1.0574614242650568
0.2490080241113901
1.0573703339323401
1.0601252457126975
1.0633941139094532
1.0090277628041804
1.0076366807334125
1.266260760370642
0.22399700386449695
1.003289708867669
0.24656451679766178
0.8284240453504026
1.076855219900608
1.0674310107715428
0.7811444313265383
0.9788055000826716
0.9453446068800986
0.9777600052766502
1.0064971428364515
0.9913477408699691
1.0844224919565022
0.35463832691311836
1.0824368232861161
0.9857203108258545
0.3205862450413406
0.37085364712402225
1.0537102967500687
1.0047547351568937
0.4123545098118484
0.5528322132304311
1.0587396118789911
1.0767381531186402
0.5374728790484369
1.073831093031913
0.7652063891291618
0.6772913872264326
1.0826144460588694
0.7365196798928082
0.7323952033184469
0.24353424506261945
1.6151816649362445
0.5345002398826182
0.910877825692296
0.813097232952714
1.0007702563889325
0.9835158991627395
0.8919553537853062
0.9819093411788344
0.2870018142275512
0.4296562159433961
0.3212595907971263
1.0344576830975711
0.9882026840932667
1.0178805040195584
1.0845243148505688
1.083614501170814
1.0081473048776388
0.990372977219522
0.3709593843668699
0.4837757861241698
0.3249861840158701
0.32438192004337907
1.0844386229291558
0.9974659173749387
1.0102794873528183
1.0733186728321016
0.42034302884712815
1.0683666761033237
0.41425694106146693
1.0659489468671381
0.3824562462978065
0.9130383278243244
0.7615596679970622
1.0515167000703514
0.4773938627913594
1.069446868263185
0.4860768197104335
1.0365223828703165
0.48600863898172975
0.9293384049087763
2.077209475915879
0.9329919624142349
1.0845420798286796
1.038928464986384
0.5319992830045521
1.011807553935796
1.0756340231746435
1.078966898843646
1.0758934686891735
1.0639185183681548
1.0712743699550629
0.5340375998057425
0.9175127800554037
1.0754360198043287
1.0698690190911293
0.4767017629928887
0.6855599298141897
1.0777260228060186
0.9968237783759832
1.0570093682035804
1.0055853757075965
0.4787997608073056
1.076965952757746
0.4914300409145653
1.084491882007569
0.9982193070463836
1.067959580104798
0.8240983933210373
0.9927596431225538
0.9833042793907225
1.0081699201837182
0.47322433115914464
1.0724767008796334
1.0762069411575794
1.0030892388895154
1.0773329846560955
1.0729759209789336
1.061687017325312
0.9965079491958022
0.33089267974719405
1.0613889670930803
0.35768824769183993
1.0808577188290656
0.22010300680994987
0.28877557488158345
1.0798056172206998
1.1003242651931942
1.0753958318382502
1.1684422832913697
0.24205562379211187
0.27636108081787825
0.49828770384192467
1.0936488267034292
1.0773985711857677
1.0814799712970853
0.31255072029307485
1.0302515821531415
0.36653223307803273
0.34261915599927306
1.0902319769375026
1.0983761940151453
0.43637518398463726
1.1502769100479782
0.9747611898928881
0.4713442958891392
1.3629087889567018
0.3657392067834735
1.500844292808324
1.0100703747011721
1.52607490029186
0.49264318589121103
0.491446471773088
0.46945612179115415
1.6110708308406174
1.6090054148808122
0.9796274043619633
0.9714101180434227
0.6129323649220169
1.075870516244322
0.5518854567781091
0.9910317109897733
0.5899846502579749
0.5017481511458755
1.6200828081928194
1.5190991149283946
1.619707614183426
1.301208748947829
0.9071796517819166
1.0650102756917477
0.6053379531949759
0.6221119700931013
1.0552533650770783
1.3205842161551118
0.3304611067287624
1.3333347928710282
0.6224886318668723
1.5713779437355697
1.592555419076234
1.5969251370988786
0.9866935121826828
0.37253941083326936
0.6222183359786868
1.6265400820411742
1.0820171940140426
1.5393224251456559
0.41736370604485273
0.9836787562817335
0.9909290010109544
1.5972474538721144
1.602344186976552
0.472292632330209
1.5942076011560857
2.131202092859894
0.2962785307317972
0.27170825470238924
1.083970625884831
1.7605542000383139
2.1618552529253066
0.25458024721592665
2.041257679928094
1.4852264113724232
0.41659625666216016
1.0798522583208978
1.4644780848175287
1.0654541566036642
0.20694784726947546
1.6202491386793554
0.19490759214386344
0.3649271512404084
1.2101665758527815
1.2115795314311981
0.4194757412187755
0.22618983685970306
0.24656879529356956
1.1560920891351998
1.0457717389799654
1.3166457088664174
0.22805758100003004
1.368079689797014
1.390404187142849
0.20720438985154033
0.12596152909100056
0.15917141502723098
0.8759958441369236
1.4627407579682767
0.9898702893406153
0.5432208781130612
0.24607519200071692
0.2448557959869504
0.23019180027768016
1.0124896662309766
1.0760557618923485
0.1965407687239349
1.004197359085083
0.5431134812533855
1.2298187366686761
0.21526561491191387
1.632817589212209
0.9983273432590067
1.0742316599935293
1.0466678030788898
0.1260687536559999
0.12600941769778728
1.8896458647213876
0.1259904452599585
0.21270184125751257
1.5729705770500004
1.4564899462275207
0.24298472795635462
0.2480145120061934
0.25066683115437627
1.0342695331200957
1.5652555087581277
0.2294309982098639
1.5995372380129993
1.625366001855582
0.21794006694108248
0.2218669829890132
0.14220887189731002
0.9823970063589513
0.22858654102310538
0.19152181362733245
0.5427449652925134
0.13627375476062298
0.24375035800039768
2.16626599105075
0.2572241541929543
0.2463810257613659
0.24932901607826352
0.13370433682575822
0.14441157830879092
0.1260539828799665
0.20985904708504677
0.1340195368975401
0.9290741090662777
0.2370733441784978
0.2375474339351058
0.27427168609574437
1.0768910818733275
0.21885559801012278
0.21321467915549874
0.15058562671765685
0.23627782799303532
0.24970261892303824
0.15390078723430634
0.23999345814809203
0.272350843064487
0.20211162976920605
0.2322788038291037
0.24892018642276525
0.23820584220811725
0.2574194478802383
0.22217976208776236
0.2003511916846037
0.21853962913155556
0.17975510517135262
0.25377923157066107
0.1969233611598611
0.23877881094813347
0.2495894548483193
0.5448771100491285
0.5068319588899612
0.19800555566325784
0.2335629859007895
0.15756803518161178
0.23216979810968041
0.2493407167494297
0.27345243468880653
0.5062199849635363
0.19660448376089334
0.23943585576489568
0.2488459232263267
0.23596059903502464
0.21120690042153
0.2409148416481912
0.2399572362191975
0.8020586459897459
0.8185314172878861
0.5467194109223783
0.2374902470037341
0.17889824602752924
0.5096079111099243
0.23806026624515653
0.21833942085504532
0.22371245408430696
1.0632488816045225
0.2493833489716053
0.23528147488832474
0.24644470494240522
0.22103845421224833
0.23200780618935823
0.947689582593739
0.14177559409290552
0.1588405459187925
1.007851012982428
0.962998827919364
0.13799000717699528
0.9582259757444263
0.9873630907386541
0.24064162792637944
0.24951788503676653
0.994709256105125
0.1986836027354002
0.2417863248847425
0.12688399711623788
0.1338820569217205
0.17733375588431954
0.23871112428605556
0.1574925146996975
0.20116491708904505
0.23661993583664298
0.2517299451865256
0.22500356007367373
0.24810105236247182
0.19483474921435118
0.2431311490945518
0.5201384602114558
0.23835423588752747
0.23599410895258188
0.18591267382726073
0.24632909195497632
0.14605954801663756
0.19318963214755058
0.24218855006620288
0.24160084407776594
0.2521721003577113
0.24933722103014588
0.24096485320478678
0.23728379933163524
0.14718458708375692
0.18006081227213144
0.26475954661145806
0.23542610742151737
0.12599084991961718
0.5582191403955221
0.21876266784965992
0.17785927979275584
0.1262617576867342
0.14210385689511895
0.2241214639507234
0.24919120082631707
0.24720510188490152
0.23059745132923126
0.22513535898178816
0.21597316302359104
0.22574835876002908
0.2231483100913465
0.2476610247977078
0.22764728404581547
0.523335887119174
0.24767146399244666
0.22309132805094123
0.5434165429323912
0.2505729212425649
0.22805187664926052
0.25004884181544185
0.2838265639729798
0.28516296530142426
0.22152044204995036
0.2346755089238286
0.2279730369336903
0.2388324262574315
0.2639164109714329
0.579997309949249
0.20826541213318706
0.5428138878196478
0.5801888979040086
0.2148987352848053
0.5072855739854276
0.25135254487395287
0.13416723208501935
0.24571949802339077
0.253376507665962
0.24161443393677473
0.18173646088689566
0.2590275169350207
0.23397059179842472
0.24864154821261764
0.285302696749568
0.9565228801220655
0.24825035082176328
0.25376630621030927
0.2060438496991992
1.003646754194051
0.19644707906991243
0.22203561291098595
0.546495296061039
0.25777015183120966
0.24691352900117636
0.14143382431939244
0.23875249177217484
0.23572200955823064
0.24585294583812356
0.24428183492273092
0.8026708136312664
0.24687041901051998
0.23642070591449738
0.26425977423787117
0.22962277010083199
0.19428727682679892
0.23659420991316438
0.9690506448969245
0.19560606218874454
0.22889612801373005
0.9427851149812341
0.2468674429692328
0.2677238448522985
0.16874191723763943
0.9850056986324489
1.019436753820628
0.23961563827469945
0.2433028081431985
0.2475729719735682
0.28046735003590584
0.30022743670269847
0.24840451776981354
0.23280908400192857
0.17779237916693091
0.8712152461521327
0.1899999720044434
0.5429463107138872
0.22688879957422614
0.24496334930881858
0.6392871048301458
0.2509735180065036
0.6491436413489282
0.2238866980187595
0.1922805979847908
0.2400526269339025
0.24785709334537387
0.25497819390147924
0.24141393369063735
0.3030953952111304
0.16735727712512016
0.12591881630942225
0.13224895717576146
1.0532433539628983
0.21268479526042938
0.24772437801584601
0.2292693010531366
0.17973217321559787
0.21173923509195447
0.19749526912346482
0.23091573594138026
0.23500058893114328
0.5215590219013393
0.2052196878939867
0.24078159173950553
0.23856366612017155
0.6992784468457103
0.13932747906073928
0.2168805650435388
0.2600908391177654
0.1751239551231265
0.23556005395948887
0.2505018897354603
0.25790198473259807
0.2461166358552873
0.2129518031142652
0.2082734052091837
0.21443103021010756
0.22806891705840826
0.29719953006133437
0.13521756790578365
0.23598549561575055
0.24461762001737952
0.2411170662380755
0.25199351785704494
0.20711609069257975
0.19384706392884254
0.23936780914664268
0.19246291974559426
0.14235339732840657
0.23825299181044102
0.204270392190665
0.21263653272762895
0.24193946877494454
0.24959857063367963
0.16781832091510296
0.5429549100808799
0.15859040012583137
0.22619445528835058
0.21309658885002136
0.12637953413650393
0.23100173799321055
0.244264243170619
0.20907043479382992
0.5428058980032802
0.2610166980884969
0.23671363713219762
0.17705076606944203
0.13402373902499676
0.22047931887209415
0.19999468233436346
0.9922988400794566
1.079625097103417
0.2467920039780438
0.2145984871312976
0.25719342194497585
0.26776297902688384
0.26975248102098703
0.23730239225551486
0.21553841326385736
0.1723860497586429
1.0656260116957128
0.15828707115724683
0.2566774422302842
0.26411930192261934
0.2109795343130827
0.24577733501791954
0.2435555118136108
0.21350216772407293
0.23715615877881646
0.22709417808800936
0.23621993605047464
0.23185608303174376
0.20082220016047359
0.21339755784720182
0.25012843823060393
0.22185615682974458
0.1476619578897953
0.25124937715008855
0.23905067890882492
0.2379950829781592
0.24607414100319147
0.24917779304087162
0.1376079497858882
0.1259371368214488
0.21973117208108306
0.5067009660415351
0.1913238000124693
0.24715852737426758
0.20764867728576064
0.5426562498323619
0.24299380416050553
0.18785816011950374
0.1910707880742848
0.24192581791430712
0.23291750624775887
0.22872267244383693
0.22548031527549028
0.23589103110134602
0.5423014708794653
0.6591977998614311
0.23267944436520338
0.23185897571966052
0.5427101831883192
0.7740200911648571
0.5067813349887729
0.5438625253736973
0.20048249000683427
0.5074443179182708
0.23925084667280316
0.5432492638938129
0.5429277312941849
0.2173806489445269
0.2337601059116423
0.23790410021319985
0.21382649475708604
0.2314630839973688
0.5074680051766336
0.24546907795593143
0.5433888607658446
1.0800910186953843
0.25088392198085785
0.22952058725059032
0.9017430800013244
0.25014601508155465
0.20509661780670285
0.1705828858539462
0.21970818703994155
0.9595983373001218
1.0224631889723241
0.24021949199959636
1.0044755330309272
1.0061085429042578
0.2502752956934273
0.2504978938959539
1.066961774136871
1.0096762687899172
0.9471021019853652
1.0640072920359671
1.0842722598463297
1.057313040830195
0.1906514996662736
0.24166686506941915
1.0129574392922223
0.19216976733878255
1.069379252847284
0.24044311000034213
0.22162507707253098
0.506728095933795
1.0627567009069026
0.24891031067818403
0.23246125178411603
0.8432091418653727
0.22320024017244577
0.2343543483875692
0.6575858416035771
0.21367319719865918
0.23837346397340298
0.9163993410766125
0.23022602684795856
0.2425487730652094
0.7019927501678467
0.23783907713368535
0.7773074200376868
0.78749193623662
0.22833334794268012
0.8003670601174235
0.23383715841919184
0.8079540766775608
0.24465259118005633
0.24182453006505966
1.0071082711219788
0.22674495493993163
0.24418823700398207
1.004081360064447
1.0796519690193236
0.2312434040941298
0.22682547103613615
0.24043925292789936
0.23459842801094055
0.8510213922709227
0.5518575250171125
0.23735508089885116
0.7404798548668623
0.24658665526658297
0.23423920664936304
0.6883511771447957
0.2388851111754775
0.7069133152253926
0.24879003455862403
0.1877556680701673
0.23276609973981977
0.961062466725707
0.2332430542446673
0.9938124362379313
0.23200844507664442
0.24576528277248144
0.22854088200256228
1.0783013002946973
0.23457135586068034
0.2290679649449885
0.8916433341801167
0.7361034019850194
0.21899598697200418
0.23641879810020328
0.9173170141875744
0.24882095120847225
1.0229361047968268
0.20974874822422862
0.23413755977526307
0.21602238342165947
0.9033064036630094
0.24549836898222566
0.24981869384646416
1.0113059086725116
0.23144479701295495
0.2325913761742413
0.8722450057975948
0.22331228898838162
0.23092110827565193
1.0002157669514418
0.2261114572174847
0.2345932018943131
0.21279260935261846
0.5511219752952456
0.5425558378919959
0.2428211122751236
0.2420128039084375
0.24532269313931465
0.9294022801332176
0.24684413196519017
0.2268279348500073
0.23704516235738993
0.8994193901307881
0.24559799721464515
0.7723984341137111
0.2477221991866827
0.9873851691372693
0.24078201176598668
0.2327474788762629
0.2436445732600987
1.0442967619746923
0.2354427371174097
1.012061380315572
0.9952766550704837
1.0022022877819836
0.23591232486069202
0.218724865000695
1.0818109270185232
1.075350851751864
0.24873078521341085
0.2461873278953135
0.24653809191659093
0.23433475568890572
0.23565575806424022
0.7175131510011852
0.7052231691777706
0.2315965578891337
0.9866329459473491
0.22875062189996243
0.24166371673345566
0.8745509563013911
0.19574529910460114
0.17622209899127483
0.22924050595611334
0.9908994138240814
0.24366997694596648
0.9527235222049057
1.0438020890578628
0.23446425097063184
0.8767502219416201
0.25071706622838974
0.19874067092314363
0.937274076975882
0.23908194014802575
0.9293296937830746
0.22004427900537848
1.0142561700195074
0.24748816527426243
1.0056532388553023
1.0753060169517994
0.23431231174618006
1.074100021738559
0.2429093699902296
0.9554766989313066
1.0323835983872414
0.23891997896134853
0.2441247208043933
1.0056444201618433
0.24537333194166422
0.22059690533205867
1.0155763630755246
0.2384877810254693
0.24309664173051715
0.8638309012167156
0.5354963429272175
0.9916542442515492
0.2276965556666255
1.0573129490949214
0.24816759023815393
1.0654681511223316
0.2316104923374951
0.6956459106877446
1.045906025916338
1.0731204841285944
1.067331155296415
0.23840765794739127
1.0080209919251502
1.0266576129943132
1.0268088141456246
0.24666958581656218
0.23720736894756556
1.0454744258895516
0.23840774688869715
0.9836881826631725
0.2504823859781027
0.7816711412742734
1.0695703248493373
0.22866384219378233
0.20844491198658943
1.0845330283045769
0.2332185609266162
0.248559829313308
0.24620789103209972
0.506854297593236
0.7892226260155439
0.8318119216710329
0.7563748029060662
0.22045580623671412
0.7589534660801291
0.9872106011025608
0.7360255750827491
0.5628136112354696
0.25787703692913055
1.070103749167174
1.0055417232215405
0.2565853507257998
1.0240084831602871
0.9390002600848675
1.0470899692736566
0.2960747666656971
0.3469632822088897
0.8444561720825732
1.0178569527342916
0.3720161239616573
0.9920598305761814
0.9914332390762866
0.9264031411148608
0.37312612403184175
0.3752768114209175
0.5214337059296668
1.0806192089803517
0.5228520869277418
0.4830135521478951
0.561489162966609
1.0061832559294999
1.0794980409555137
0.31980288587510586
1.0593863213434815
0.9735870682634413
1.0840127901174128
1.0758506418205798
0.8557701781392097
0.8461679690517485
0.35849137092009187
0.3645645403303206
0.3833572808653116
0.9710839348845184
0.37174456007778645
0.9959142310544848
0.47164948331192136
1.0090528731234372
0.44400625908747315
1.011849301867187
0.4951054169796407
0.9966677948832512
0.9794428329914808
1.0052825189195573
0.49964168667793274
1.081649278756231
1.0852516312152147
1.0815343903377652
0.3903539660386741
1.011740235146135
1.0915072709321976
1.072909893002361
1.0747689632698894
0.9901574300602078
0.45483067398890853
1.006993214134127
1.0253249211236835
0.42723651183769107
1.0319841313175857
0.990606923121959
1.0770490039139986
1.065205398015678
1.0527422619052231
0.4573375517502427
1.0526266540400684
0.5196963427588344
1.0743685471825302
1.0833091395907104
1.0127936797216535
1.0098434849642217
0.5899632158689201
0.5507955751381814
0.939512477722019
1.0827290648594499
0.9909600848332047
1.077231900766492
0.49690819485113025
1.083280990831554
0.9791779587976635
1.0037126811221242
1.0768291391432285
1.0555554130114615
0.44506227085366845
1.0060768518596888
0.49610439082607627
1.0597363370470703
1.0837120688520372
1.0769472061656415
0.4166434998624027
1.0725066172890365
0.5927470168098807
1.070912673138082
1.0585887567140162
1.0599299217574298
1.0112615111283958
1.157032891176641
0.4620995819568634
0.5159632787108421
1.004064153879881
1.0672987052239478
1.0818736259825528
0.9485803451389074
0.9797903141006827
0.46767864702269435
0.3238838058896363
1.0799786197021604
1.0086523829959333
0.9806447140872478
1.0658363900147378
1.0723739080131054
1.0726433172821999
1.3118924731388688
0.6265678331255913
1.0759039460681379
0.4980346178635955
0.5543000558391213
1.08410827210173
0.43968259869143367
1.0706635979004204
1.4684387892484665
0.3570547397248447
1.394030244089663
0.9950351086445153
0.4994305409491062
1.6170766591094434
1.0028035580180585
1.230570978950709
1.363325644750148
1.2379077528603375
1.2614638791419566
1.0831520422361791
0.5560992727987468
0.6180535210296512
0.2702623447403312
1.0109163490124047
0.33506783191114664
1.070607228204608
0.35959747480228543
1.0781746190041304
0.9599079918116331
1.0707859303802252
1.0126759707927704
1.0827354663051665
1.6256141746416688
1.073884667828679
0.37158877309411764
0.4290999728254974
1.0468948977068067
1.4917969908565283
1.0612527718767524
0.34433220280334353
0.24549155589193106
1.0739437630400062
1.5914082201197743
1.0823442842811346
1.0110782240517437
2.1129379542544484
0.3546257596462965
1.5054217148572206
0.2349541517905891
1.5065974709577858
1.4807965969666839
1.5152941700071096
1.6257233140058815
1.0817085159942508
0.24889685166999698
0.8058398189023137
0.23990566795691848
0.8433886300772429
0.21564295375719666
0.3545106812380254
1.03689404996112
0.23682463774457574
1.0694748722016811
1.0477083399891853
1.0371941421180964
2.118258669041097
1.4627658566460013
0.24638499319553375
1.042385364882648
0.34318997897207737
0.19754501432180405
0.35181794315576553
1.5282444888725877
1.0647502737119794
1.0721653089858592
0.9189057340845466
0.2508475440554321
1.9710115981288254
0.9562048111110926
0.9208630649372935
0.9739600108005106
2.027770536020398
0.23170674312859774
0.2163862599991262
1.9665284496732056
0.9996726349927485
0.22993273008614779
1.55896014906466
0.5066864751279354
0.9944449183531106
0.8485461072996259
0.2000816809013486
0.506642690859735
0.22686098096892238
0.9546168786473572
0.9664542837999761
0.20169300818815827
0.2505297278985381
1.0083519690670073
0.22856025816872716
0.5068149259313941
0.24992049671709538
1.0528533309698105
1.0096286959014833
0.6111542996950448
0.5070598321035504
0.2507099970243871
1.8875754387117922
0.20204345881938934
0.2514615850523114
0.24461288284510374
1.0676692542620003
1.02853685291484
1.0105844251811504
0.16232386697083712
1.9827219769358635
1.0718120317906141
0.2443858408369124
0.21105668600648642
0.13036263175308704
0.542871518060565
0.24938909895718098
0.9872480579651892
2.1072600446641445
0.23530430113896728
0.25011690706014633
1.6160213449038565
0.9388988423161209
0.24747421499341726
0.22506258683279157
1.0083598513156176
0.20493798097595572
1.0633646259084344
0.2462529232725501
0.6517867418006063
0.22821180615574121
0.2433181842789054
0.18881406402215362
0.23952424013987184
0.23678804375231266
0.8001196840777993
0.1471062027849257
0.8540470697917044
0.20472395000979304
0.9491263129748404
0.24497850332409143
0.21860463498160243
0.6578775709494948
0.13784902216866612
0.13869932712987065
0.25214379094541073
0.2253106227144599
0.23684942815452814
0.8913383060134947
0.20453033223748207
0.15810614731162786
0.14433385198935866
0.24886693293228745
1.0796641721390188
0.9123406829312444
0.24330342607572675
0.20349834254011512
1.077122300863266
0.24474466405808926
0.23539653420448303
0.2560209911316633
0.2347363419830799
0.23717605974525213
0.23135605501011014
0.2566763130016625
0.2148340786807239
0.2254014713689685
0.22290046699345112
0.23458485584706068
0.1996837048791349
0.23169546201825142
0.22074120678007603
0.9830070198513567
0.22929832199588418
0.2337089297361672
0.2239466500468552
0.24216608703136444
0.22058999072760344
0.23315678909420967
0.25557041773572564
0.2505019842647016
0.5439102672971785
0.21951019577682018
0.2509265630505979
0.24049445614218712
0.2522939299233258
0.6083381366916001
0.2478796332143247
0.24889177922159433
0.22781411092728376
0.23528398713096976
0.2251657322049141
0.23973684897646308
0.22780498396605253
0.5282761147245765
0.24480965500697494
0.15106207318603992
0.542786228004843
0.23775191605091095
0.24857685901224613
0.9594878419302404
0.2605220237746835
0.21364792995154858
0.23823005706071854
0.8014418561942875
0.2253891951404512
0.1759604886174202
0.1333210589364171
0.22516509238630533
0.8108036401681602
0.22654172871261835
0.25117335096001625
0.2309192749671638
0.21646629087626934
0.2369448016397655
0.5543267489410937
1.047912742011249
0.23446599300950766
0.22767846891656518
0.2434786860831082
0.21672350680455565
1.021889688912779
0.24222513940185308
0.23925868375226855
1.0006920038722456
0.2098384271375835
0.20144314505159855
0.2499568839557469
0.2222707807086408
0.21183111984282732
0.19710425473749638
0.21276444708928466
0.1591232349164784
0.2380584329366684
0.238521846011281
0.7388057266362011
0.258811776060611
0.24743047170341015
0.5422239257022738
0.709408463910222
0.2368596289306879
0.9040018678642809
0.2357100360095501
0.2088878070935607
0.21770505886524916
0.2322036218829453
0.23066319013014436
0.23884651809930801
0.24773187283426523
0.23975587589666247
0.2300671678967774
0.23808717960491776
1.0419395919889212
0.5079558696597815
0.2314840229228139
0.548428890760988
0.7543910020031035
0.7627365188673139
0.2493522190488875
0.22204951709136367
0.8195427227765322
0.8522359295748174
0.21547136595472693
0.5431047021411359
0.23531438084319234
0.2357802391052246
0.23684269096702337
0.23550485912710428
0.2466890630312264
0.507076253183186
0.24117499263957143
0.9584810007363558
1.0061762710101902
0.2371618803590536
0.23968615662306547
1.0125715187750757
1.0014914888888597
0.15643422259017825
1.0618614950217307
0.24379186565056443
1.0820630169473588
0.12606252310797572
1.039367207325995
1.064428438898176
0.21994278579950333
0.8849918637424707
1.0610431507229805
0.24923123698681593
0.9615581789985299
0.24484245013445616
0.23136930586770177
1.0664680856280029
1.0106040867976844
0.2049355898052454
0.13738807197660208
1.0345785901881754
0.24090191209688783
0.20670720981433988
0.8499887208454311
0.24696025997400284
0.8820712650194764
1.0034738993272185
0.24995130812749267
0.9067810634151101
0.9810550292022526
0.975088853854686
1.0594983408227563
1.0658037862740457
0.22966334177181125
0.23140473989769816
0.25060860998928547
0.22630581818521023
0.2151337517425418
0.14451956003904343
0.22287990991026163
0.26088676508516073
0.13821586035192013
0.19765853928402066
0.22411351697519422
0.24960157182067633
0.20720707206055522
0.13869993295520544
0.23130208579823375
0.17302576592192054
0.1796756600961089
0.2472384599968791
0.2362192552536726
0.1373750432394445
0.19302780274301767
0.5427755112759769
0.18781415512785316
0.2360237562097609
0.17882193392142653
0.24279326293617487
0.2471667672507465
0.1951222619973123
0.14387728367000818
0.14147395873442292
0.1658041002228856
0.2105870321393013
0.15544489864259958
0.2093943632207811
0.13462483882904053
0.16733981808647513
0.27177570201456547
0.1807181197218597
0.23954546777531505
0.23599916230887175
0.15960909379646182
0.15744961565360427
0.14827882777899504
0.17746907519176602
0.19023989606648684
0.2682043397799134
0.26724629011005163
0.18407695787027478
0.19260190287604928
0.2709293100051582
0.2852038308046758
0.26363636972382665
0.25098375510424376
0.2081436882726848
0.12602327624335885
0.23891229601576924
0.21620552940294147
0.22628987906500697
0.2010190710425377
0.2620521429926157
0.21338958479464054
0.23668340081349015
0.15204364666715264
0.21863142680376768
0.14423398533836007
0.1953937797807157
0.13373111002147198
0.12970792083069682
0.22306541679427028
0.24360701814293861
0.24267071206122637
0.20960979908704758
0.1816568630747497
0.2457459312863648
0.15327654220163822
0.20435892371460795
0.2210540841333568
0.18108035810291767
0.13950436236336827
0.1370012741535902
0.19262838689610362
0.22045920975506306
0.13984116772189736
0.1340544386766851
0.13327491143718362
0.13195928698405623
0.14539625914767385
0.23268177779391408
0.1261634831316769
0.1733905440196395
0.12606891803443432
0.14333912311121821
0.23198823491111398
0.16749869845807552
0.24100264394655824
0.20420209178701043
0.22579322615638375
0.22691459441557527
0.22722703265026212
0.13895863201469183
0.13284592796117067
0.1356259980238974
0.1855839639902115
0.1297828759998083
0.24399593006819487
0.21339223999530077
0.2635774351656437
0.23663674434646964
0.2447335897013545
0.19445346388965845
0.21142566995695233
0.23431722400709987
0.23097664769738913
0.13007305515930057
0.12994813593104482
0.2418947177939117
0.5067996950820088
0.20795603934675455
0.23637530021369457
0.20722294691950083
0.21369125368073583
0.16744092805311084
0.12607888178899884
0.23993598902598023
0.2278988277539611
0.25088974880054593
0.12711867783218622
0.1972885630093515
0.16413849126547575
0.12585576297715306
0.2577387820929289
0.23783663101494312
0.23868631618097425
0.23924932582303882
0.22295040590688586
0.2377896709367633
0.2166482787579298
0.21170913986861706
0.22558658989146352
0.2009637919254601
0.12802570313215256
0.14839250687509775
0.24049814883619547
0.25176091212779284
0.20655563427135348
0.25100131798535585
0.13280574372038245
0.2470155619084835
0.14232014399021864
0.23141076508909464
0.24720554193481803
0.2535629807971418
0.21970645571127534
0.21375233307480812
0.24484320729970932
0.2022666330449283
0.22492328891530633
0.23444454418495297
0.14405226474627852
0.19676487194374204
0.2284419247880578
0.2157995468005538
0.24864627793431282
0.23920662887394428
0.2214020686224103
0.2097617913968861
0.21340612322092056
0.24862622190266848
0.21587093686684966
0.2355907540768385
0.24847722705453634
0.2484080409631133
0.22760593984276056
0.21244241064414382
0.12825697800144553
0.2723494549281895
0.19192392099648714
0.21529323980212212
0.5429300768300891
0.2428306327201426
0.14631351083517075
0.23784223897382617
0.14806084288284183
0.22838948387652636
0.2090592752210796
0.13382391817867756
0.24477029126137495
0.23829704383388162
0.21867063315585256
0.2507142978720367
0.24709740281105042
0.210847286041826
0.5067817801609635
0.23286111699417233
0.5065648760646582
0.23114293394610286
0.1570643219165504
0.542788346298039
0.24827418196946383
0.21764168003574014
0.2360094990581274
0.12627513287588954
0.2202934599481523
0.23961820360273123
0.22303036600351334
0.20064476504921913
0.12604829389601946
0.21175077324733138
0.24839063500985503
0.21219850610941648
1.010798302013427
0.126558945979923
0.2228492982685566
0.9461688222363591
0.23269796930253506
1.0831192820332944
0.18794743483886123
1.0070844371803105
0.236308584921062
0.24669315293431282
0.22098563984036446
0.19263721071183681
0.12613457394763827
0.1259805099107325
0.24559148075059056
0.12591857463121414
0.20819589542225003
0.20774986129254103
0.24403724307194352
0.18810222391039133
0.2330851061269641
0.22525759087875485
0.19177666399627924
0.2503473609685898
0.23784393537789583
0.2484625349752605
0.15956336725503206
0.19989413768053055
0.2503029559738934
0.12596016097813845
0.12605372397229075
0.22301016096025705
0.1258779438212514
0.24210901418700814
0.23708822717890143
0.2047855369746685
0.1465312521904707
0.12582850269973278
0.23161035869270563
0.2195958481170237
0.20449205115437508
0.18761198362335563
0.16936484770849347
0.12589752720668912
0.24172735307365656
0.23317106999456882
0.24138100864365697
0.16240006778389215
0.2351563610136509
0.17224780656397343
0.2283997912891209
0.20135369896888733
0.24524779804050922
0.19230063306167722
0.23146356688812375
0.17694231681525707
0.2218903978355229
0.1665666359476745
0.24982658913359046
0.20509481290355325
0.23948502587154508
0.24372680624946952
0.204338104929775
0.2182466508820653
0.22634032182395458
0.1314517641440034
0.23692007968202233
0.1335695548914373
0.25025070598348975
0.5426000757142901
0.5312362811528146
0.23360484605655074
0.1452781753614545
0.22362717427313328
0.22978220507502556
0.23520740494132042
0.2503637787885964
0.2420157459564507
0.23956231400370598
0.2372636259533465
0.12605852587148547
1.0806198930367827
0.1260213227942586
0.125840961933136
0.12589025031775236
0.249157952144742
0.2126807770691812
0.2300668116658926
0.16818289319053292
0.21409179782494903
0.24241251172497869
0.23538917303085327
0.2185307932086289
0.22248915303498507
0.22448773495852947
0.20917062601074576
1.0066230823285878
1.0269919810816646
1.0104715721681714
0.9975977749563754
0.22198653873056173
0.2246991079300642
0.23566444776952267
1.0695915450342
0.2311236597597599
1.0783856147900224
0.23908108286559582
0.18663825513795018
0.23134050564840436
0.2509471862576902
0.24333934811875224
0.24261129181832075
0.228911517187953
0.21204357035458088
0.2060109949670732
0.24091996904462576
0.2248231591656804
0.22767637809738517
0.23779080109670758
0.2509363768622279
0.22168375412002206
0.24766339687630534
0.5426370888017118
0.24841723404824734
0.2504530078731477
0.22594257723540068
0.25102617079392076
0.24740361794829369
0.25021898094564676
0.23845144221559167
0.19229635316878557
0.23695583594962955
0.19927415996789932
0.22649700893089175
0.24056998174637556
0.23909815680235624
0.7595525979995728
0.5424111862666905
0.2502305847592652
0.22160792397335172
0.8343697357922792
0.23102529719471931
0.22672448912635446
0.24734754022210836
0.2961732419207692
0.9741739612072706
1.0184886860661209
0.2408257476054132
0.5432270620949566
0.5071519291959703
0.2467975108884275
0.22462585708126426
0.5431661950424314
0.9883635463193059
0.22907454008236527
0.23220583703368902
0.24761869618669152
0.2500054407864809
0.24150846991688013
1.0620528287254274
1.0086910990066826
0.5959048699587584
0.22646194603294134
1.0603897301480174
0.24377303663641214
0.21394873363897204
0.24114438984543085
0.24968110537156463
0.12624793779104948
0.232508503831923
0.9974924749694765
0.22527760593220592
0.9755511921830475
1.036417820956558
0.1784475389868021
0.1257846592925489
0.21855714078992605
0.9978309622965753
1.0763437300920486
0.21355737000703812
1.0360318147577345
0.9955971618182957
0.23564288392663002
1.0795113579370081
0.22317715408280492
0.24309636000543833
0.15012726932764053
0.17560736229643226
0.8561032200232148
0.2417170270346105
0.19837589235976338
0.1617217450402677
0.23967533791437745
0.24212432093918324
0.23082627402618527
0.24817887507379055
0.23251887131482363
1.050968673080206
0.23772960901260376
0.2505467748269439
0.2005745037458837
0.2324828109703958
0.25086152413859963
0.23607218079268932
0.2333606998436153
0.21281421417370439
0.8769915602169931
0.2394773317500949
0.23098793206736445
0.21840169932693243
0.21908568078652024
0.5428972854278982
0.5427577663213015
0.2464807298965752
0.20495856879279017
0.6550144869834185
0.22288190200924873
0.2138837412931025
0.2304656649939716
0.22488244203850627
0.23095775907859206
0.22699720785021782
1.0644832430407405
0.19790601218119264
0.2492299103178084
0.12589724268764257
0.19671017583459616
1.0836922079324722
1.0766144590452313
0.23786228988319635
0.24593564495444298
0.21542300609871745
0.23114008968695998
0.24517879774793983
0.13877022406086326
0.22565263882279396
0.2380430749617517
0.22949989698827267
0.2133571170270443
0.2379402257502079
0.19322980707511306
0.12595570692792535
0.21340940380468965
0.17226691404357553
0.12596190115436912
0.24549620784819126
0.2082485631108284
0.23443663213402033
0.24631443992257118
0.24209011299535632
0.16514782793819904
0.24781591445207596
0.2447577901184559
0.23981629591435194
0.22215058421716094
0.2169313570484519
0.24046277487650514
0.20962786581367254
0.24880402022972703
0.18557193502783775
0.19114146986976266
0.12589710531756282
0.22968854010105133
0.20734352758154273
0.2377320108935237
0.23800519481301308
0.23911448707804084
0.23072857968509197
0.2410046416334808
0.19869381794705987
0.19382227025926113
0.24994865898042917
0.24001977825537324
0.21469428483396769
0.199955970980227
0.22629749728366733
0.24202304985374212
0.23110091499984264
0.18567089783027768
0.24389482010155916
0.24025135301053524
0.23046168824657798
0.20451877498999238
0.22768019512295723
0.23751698480919003
0.21381591912359
0.2344808061607182
0.5427963552065194
0.13312937691807747
0.12586099794134498
0.1757757649756968
0.21591186989098787
0.25077608367428184
0.16659673489630222
0.22452792013064027
0.25000021094456315
0.13567881286144257
0.191344004124403
0.23226437298581004
0.22095304680988193
0.24832973815500736
0.23679642099887133
0.2474810527637601
0.2437166958115995
0.24811976216733456
0.9071897813118994
0.2027679937891662
0.23392455093562603
1.0102562536485493
0.2471656701527536
0.24382234597578645
0.22185385413467884
0.23696865094825625
0.24982167780399323
0.24298087880015373
0.20915540819987655
0.22643675096333027
0.24537884024903178
0.23987019062042236
0.1258538430556655
0.23898340901359916
0.810931202955544
0.22698770789429545
0.5427724532783031
0.21362822083756328
0.5067928424105048
0.24510388122871518
0.24687383230775595
0.21623140294104815
0.2038106000982225
0.24502365896478295
0.24613224435597658
0.16293249418959022
0.15542268194258213
0.2375469570979476
0.23831430496647954
0.24597193719819188
0.9939963431097567
0.5426021297462285
0.22930652974173427
0.5068635940551758
1.0809765942394733
0.16288412595167756
1.0808688919059932
0.9323678258806467
0.2494423040188849
0.15977170271798968
0.16696433909237385
1.0641255918890238
0.1297645797021687
0.12591240694746375
0.1259594578295946
0.2393774939700961
0.24533885484561324
0.9617539653554559
0.12594548799097538
0.21625110507011414
0.8650116561912
1.0532511249184608
0.24150158697739244
1.025401980150491
0.23216479690745473
0.2063593901693821
0.16688992083072662
0.1391239669173956
0.23703658021986485
0.12582555413246155
0.23320487281307578
0.2309580179862678
0.23824416939169168
0.24090450908988714
0.22765978798270226
0.22359731001779437
0.12595346802845597
0.21204309910535812
0.19956948421895504
0.25033098086714745
0.24299986707046628
0.24604855105280876
0.23065232019871473
0.24537765514105558
0.12935681408271194
0.1259317616932094
0.16904674796387553
0.13198691001161933
0.2414772380143404
0.1926397099159658
0.23639868386089802
0.23588344966992736
0.22496200818568468
0.18066347716376185
0.2175671779550612
0.21638013888150454
0.2403811481781304
0.24342564307153225
0.14163467194885015
0.1403860878199339
0.24443091498687863
0.12669712770730257
0.24618594208732247
0.14332565991207957
0.2375025120563805
0.1329409801401198
0.12877032067626715
0.1260201958939433
0.23826527316123247
0.165657761041075
0.12620061170309782
0.12614236632362008
0.24282909138128161
0.21892451401799917
0.12597014429047704
0.1279719891026616
0.24433613941073418
0.16866304399445653
0.21844930900260806
0.13336426299065351
0.26490292185917497
0.125918495003134
0.2184805739670992
0.24225543905049562
0.23622830398380756
0.16507113678380847
0.220397031866014
0.12602061172947288
0.1310324571095407
0.17110805632546544
0.21060437709093094
0.1431774292141199
0.2305149119347334
0.1619086880236864
0.1677867639809847
0.12592741008847952
0.23793980805203319
0.21583248302340508
0.2568228361196816
0.2426985721103847
0.22123875794932246
0.20476522017270327
0.22349761659279466
0.22479597525671124
0.23920064372941852
0.2398599679581821
0.2135484260506928
0.22921882290393114
0.2423069877550006
0.2076810821890831
0.23929090006276965
0.24520790996029973
0.2012666640803218
0.14184627495706081
0.1509307692758739
0.12716518994420767
0.21596150565892458
0.23036288609728217
0.16152551164850593
0.1484901183284819
0.2358695799484849
0.17995734186843038
0.20185099402442575
0.2019967045634985
0.24798559211194515
0.23552800714969635
0.1262411312200129
0.23678034311160445
0.2102652727626264
0.25023290514945984
0.13979094102978706
0.1996411639265716
0.17387485085055232
0.20781905530020595
0.15014978498220444
0.12591730197891593
0.12588403513655066
0.129475605674088
0.16697362111881375
0.13927440578117967
0.12594990292564034
0.20741550624370575
0.23929710825905204
0.1719107599928975
0.20556422090157866
0.1260144799016416
0.1260336758568883
0.2373880040831864
0.24315468687564135
0.24058714602142572
0.16549501800909638
0.1258917567320168
0.1952474140562117
0.17523515969514847
0.23305640602484345
0.12589721102267504
0.1260512820445001
0.12624138733372092
0.23382779490202665
0.22989584179595113
0.12613351782783866
0.1584281693212688
0.1262549706734717
0.12605974776670337
0.1260051210410893
0.24515587091445923
0.24890860309824347
0.15221016434952617
0.21143110003322363
0.23174110613763332
0.23886734060943127
0.12583945645019412
0.12600089702755213
0.23282585991546512
0.24109826516360044
0.2333278669975698
0.23303992627188563
0.20944837015122175
0.21245220070704818
0.20258399890735745
0.25085286470130086
0.19923639623448253
0.24800205091014504
0.12620996683835983
0.13559330813586712
0.24181738728657365
0.208526108879596
0.12594136176630855
0.15259967604652047
0.12602164084091783
0.1260604807175696
0.12589567434042692
0.2378855966962874
0.12598371179774404
0.12580627389252186
0.22165762772783637
0.23684690613299608
0.23798936000093818
0.18070360599085689
0.23135329922661185
0.214512103702873
0.21013994608074427
0.24922813894227147
0.1459182440303266
0.12586822779849172
0.1550085381604731
0.2282313797622919
0.12626258097589016
0.12609445117413998
0.21967729972675443
0.2504678498953581
0.19231825787574053
0.1990683008916676
0.18319726921617985
0.22691699163988233
0.2333671022206545
0.22244791220873594
0.24046738119795918
0.16890762792900205
0.16424894612282515
0.24892138270661235
0.12595530692487955
0.2142179156653583
0.22327145235612988
0.2387244259007275
0.21834504511207342
0.20612369431182742
0.16302982298657298
0.24261833122000098
0.23865791130810976
0.2214845959097147
0.23698269110172987
0.22482721181586385
0.16234719613566995
0.20540107740089297
0.24668386485427618
0.1806677752174437
0.2203153339214623
0.23869486572220922
0.17551605915650725
0.2377970558591187
0.22452800115570426
0.1287369690835476
0.14237496117129922
0.24802942341193557
0.24980420619249344
0.1335512581281364
0.12598097138106823
0.1258306810632348
0.245154261123389
0.12599378963932395
0.23612288106232882
0.2330158669501543
0.1941390559077263
0.19005610002204776
0.24093091720715165
0.2370741330087185
0.16604869393631816
0.20625322125852108
0.12608541967347264
0.12574402708560228
0.21602248260751367
0.24349156813696027
0.22662111883983016
0.126572341658175
0.12584565998986363
0.14190059900283813
0.15690896892920136
0.12593070697039366
0.23483534110710025
0.16515411296859384
0.12594048120081425
0.23363804491236806
0.14266783371567726
0.2267229096032679
0.16326309321448207
0.23740656021982431
0.17205343674868345
0.24378328397870064
0.22630306892096996
0.22327855369076133
0.22749793296679854
0.23063916200771928
0.2081488729454577
0.23106208397075534
0.22472321707755327
0.19286073092371225
0.24011032516136765
0.17670802818611264
0.23225900391116738
0.2266659140586853
0.2279001190327108
0.225309276022017
0.1674786969088018
0.12587364064529538
0.12581049697473645
0.1901528351008892
0.17828108510002494
0.13886235607787967
0.12585276318714023
0.12577869882807136
0.240149418823421
0.12589570181444287
0.22673867596313357
0.1257909000851214
0.23554922407492995
0.17029814468696713
0.12569970032200217
0.22156388498842716
0.2225942937657237
0.23571548936888576
0.23191681411117315
0.12578258709982038
0.12580074276775122
0.12601433182135224
0.24544339580461383
0.16109762201085687
0.23650951823219657
0.1676673972979188
0.1258673290722072
0.1258139810524881
0.22293492406606674
0.14985080901533365
0.24885894916951656
0.12592112505808473
0.12589761801064014
0.14783578692004085
0.15583589021116495
0.12586210574954748
0.24263967806473374
0.21806415915489197
0.23586163530126214
0.1877593630924821
0.2239190130494535
0.2299711280502379
0.15073913894593716
0.14471011003479362
0.14569214498624206
0.12583920499309897
0.1946784039027989
0.12562282709404826
0.1842285692691803
0.12670187698677182
0.23881186777725816
0.12648318195715547
0.24755069613456726
0.1988505870103836
0.22902057925239205
0.24244568636640906
0.15282269287854433
0.17678577406331897
0.22138764895498753
0.2215514061972499
0.21360544580966234
0.23830836918205023
0.2500785612501204
0.22917854273691773
0.20788877503946424
0.23707766411826015
0.22789213387295604
0.21109183691442013
0.24740019673481584
0.20925805578008294
0.5427608080208302
0.24245065869763494
0.2509916196577251
0.22496268711984158
0.2424375917762518
0.22276712115854025
0.24192810198292136
0.23270794469863176
0.22895891685038805
0.232129936106503
0.20077827014029026
0.22746747871860862
0.2301049348898232
0.22479160595685244
0.24945326009765267
0.1999850762076676
0.5434947400353849
0.2314928718842566
0.8043862311169505
0.24689582316204906
0.23354213079437613
0.9643153729848564
0.23766618687659502
0.20661635883152485
0.22502415860071778
0.19296181108802557
0.23720630118623376
0.2343194312416017
0.250195843167603
0.543308227788657
0.2371866637840867
0.2168180770240724
0.23816282069310546
0.2381980991922319
0.23713559098541737
0.24864789610728621
0.24896829994395375
0.7436828361824155
0.22094203485175967
0.18432669388130307
0.19505602261051536
0.8832609532400966
0.23146564327180386
0.23933727433905005
0.24775607604533434
0.23283185809850693
0.20155262714251876
0.24406448984518647
0.2356584626249969
1.0830012392252684
0.22729887580499053
0.15748395398259163
0.24810520140454173
0.2051051682792604
0.24849520018324256
0.25044650211930275
0.22009530197829008
0.21055838372558355
0.23496194882318377
0.6999498447403312
0.1902560256421566
0.20123559329658747
0.5068090418353677
0.16743260901421309
0.20347340870648623
0.2492627170868218
0.24570810608565807
0.22955490788444877
0.5428604641929269
0.23911807499825954
0.2491137171164155
0.2663524551317096
0.22310558892786503
0.2328926920890808
0.5068557038903236
0.22695419797673821
0.5426945588551462
0.9291378981433809
0.2526683206669986
0.5758247799240053
0.24161068489775062
0.24860282195731997
1.0614503100514412
0.22774688806384802
0.23515386693179607
0.5580732552334666
0.5249344287440181
0.23777922987937927
0.5745995840989053
0.5277739311568439
0.23814213695004582
0.22734686499461532
0.5376747469417751
0.23685167636722326
0.5646834704093635
0.24486888572573662
0.9313600859604776
0.5821868893690407
0.2441712347790599
0.5622787200845778
0.17043117014691234
0.9625881947577
1.0308820940554142
0.20720606157556176
0.18222977686673403
1.0044492869637907
0.5283224768936634
0.2340557361021638
1.0254743210971355
0.989635462872684
0.25287537602707744
1.0912844771519303
1.091313384938985
1.0631549158133566
0.2383470698259771
1.0007840860635042
1.0079041556455195
1.0669273720122874
0.22911400767043233
1.025176598224789
1.062929728999734
1.0633596149273217
0.23998188599944115
0.23765009688213468
0.23432112764567137
0.9969573770649731
1.0832204893231392
1.085319054313004
0.5828731409274042
1.0745261050760746
0.2303161984309554
0.21562005439773202
0.20725754601880908
0.5298782647587359
1.0054583651944995
1.0713158468715847
0.5278014098294079
0.21265647187829018
0.7061366462148726
0.23594714514911175
0.2304432918317616
0.9434548658318818
0.22443908685818315
0.23116165027022362
0.23132261028513312
0.8569311397150159
1.0775347049348056
1.0473827701061964
0.23559191217646003
0.21302097663283348
0.9301760289818048
0.23622071696445346
0.9710874618031085
0.23833086527884007
0.9822611440904438
0.2315797070041299
1.0401815138757229
0.22291376627981663
1.0451981462538242
0.9614297477528453
1.0467128078453243
0.2210835898295045
1.0525839659385383
0.2322256350889802
1.0509974090382457
0.9655725890770555
0.23968079686164856
1.0747466650791466
1.0845788032747805
0.22148862993344665
0.2466922327876091
0.23947064019739628
0.20948683004826307
0.7776194298639894
0.2505066283047199
0.8853282649070024
0.23000818118453026
0.23347468301653862
0.8668610490858555
0.5069553516805172
0.9279015809297562
0.9696833062916994
0.2647234909236431
0.22834693267941475
0.8354951050132513
1.0015248167328537
0.8063385249115527
0.34641775814816356
1.0120194647461176
0.5429840846918523
0.543282344006002
0.2451397399418056
1.0656976872123778
0.9431165768764913
1.0709754265844822
0.35279303789138794
0.24694840097799897
0.46667811926454306
0.3472804492339492
0.5067715216428041
0.9978150301612914
0.9545226828195155
1.0354990460909903
1.0454481611959636
0.47446778090670705
0.9567512688226998
0.37051676493138075
0.46162679698318243
0.36524844635277987
1.0114863198250532
0.913232748862356
0.24555361177772284
1.0585538409650326
0.48391918325796723
1.0677079111337662
0.30310376500710845
1.0825971090234816
1.0119811268523335
1.029686938971281
0.36594176897779107
0.9556395038962364
1.0597467138431966
0.978184649720788
1.078401735983789
0.9872656823135912
0.9868858782574534
1.0053527900017798
1.0432262821123004
0.3745990451425314
0.45441854605451226
0.520175265148282
0.9710253197699785
0.9460046198219061
0.4968089391477406
1.0697395699098706
1.079149728640914
0.6128198308870196
1.0651530548930168
0.5738715683110058
0.9267240162007511
0.619404005818069
1.0671812072396278
1.0754585741087794
1.0310085131786764
0.22634652582928538
1.0042534219101071
0.9275781321339309
1.0778303239494562
1.0822040513157845
0.3393640639260411
0.43587451707571745
1.0682555711828172
0.2249301509000361
1.0624800128862262
1.0082799312658608
1.0521756480447948
1.0502427900210023
0.6598584437742829
1.070709252730012
1.0748941861093044
1.0116614196449518
0.22139447601512074
1.0115824900567532
0.20892164716497064
0.3728775759227574
1.0818948298692703
1.0806945976801217
0.3523463997989893
0.971447603777051
1.0822945227846503
0.998929392080754
1.0329501130618155
0.3483179868198931
1.0107441451400518
1.068178877234459
1.0698445150628686
0.3090884438715875
1.0671521429903805
1.032666904386133
0.3577259657904506
1.0567208691500127
1.0786321428604424
1.0073748100548983
1.0739645641297102
1.0525870560668409
1.0840930119156837
1.3797808466479182
0.23841410595923662
0.47542472928762436
0.24475689325481653
0.9084467156790197
0.47212896030396223
0.4739122330211103
0.23870291421189904
1.0772700137458742
1.0698477979749441
0.789667644072324
0.9478604579344392
1.0314765269868076
0.24522270588204265
0.4258251297287643
1.0751324170269072
0.21241534408181906
0.8419305137358606
0.6000010138377547
1.0736320628784597
0.736355559900403
0.8339031399227679
1.0506577594205737
0.9770222892984748
0.2496293061412871
0.998492187820375
0.27512356312945485
1.078472789376974
1.0799004840664566
0.6598226581700146
1.0750885610468686
1.0794053566642106
0.3702806322835386
1.0799263552762568
1.021897081285715
1.0379160628654063
1.6241382798179984
0.9845835892483592
0.9873785059899092
0.24471044912934303
0.3445062921382487
0.3476541438139975
0.5368738300167024
1.0714051718823612
1.070199036039412
1.0666689057834446
1.0593256279826164
0.32324404595419765
0.4429985019378364
0.9833475523628294
1.0682615973055363
0.4999208482913673
1.0667136372067034
0.2704325970262289
0.5069109727628529
1.0736075527966022
1.03440072061494
0.29789465107023716
1.0703537240624428
1.053100373595953
0.9311393438838422
0.9404837931506336
0.9880390879698098
0.964213393162936
0.4534746101126075
1.0520878019742668
0.5070103798061609
0.5428164103068411
0.29943330911919475
0.34467797819525003
0.5067321318201721
0.549832602031529
0.8729496048763394
0.87160688592121
0.37270271498709917
1.0652460409328341
1.0516145210713148
1.0839655338786542
0.5959919081069529
1.0091464798897505
1.0591375161893666
0.49167650612071157
0.45686634676530957
0.98626070888713
0.4522412018850446
1.0616571167483926
1.0601610140874982
0.7207333701662719
0.5012030745856464
1.0731892171315849
1.042450049892068
1.0758309620432556
1.0816242541186512
1.0364937810227275
1.0178902638144791
1.053891258314252
1.0622728848829865
0.6220798278227448
1.0104336668737233
1.0117133688181639
1.0791945992968976
0.49599214689806104
1.0749107520096004
0.40270370012149215
1.0041033970192075
0.9962140447460115
1.0777015290223062
1.0846449248492718
0.9705491242930293
0.4426049147732556
1.0818286132998765
1.0715946489945054
1.0126425051130354
1.0799125079065561
0.47944984398782253
1.070842670276761
1.0127724069170654
0.5914957937784493
0.9781159502454102
1.081975829321891
0.4795512370765209
1.0819490128196776
1.0830113468691707
1.0830707838758826
0.3615446169860661
1.1658119070343673
1.4369105040095747
1.0111951641738415
0.6208471339195967
1.0125013669021428
0.48062687180936337
1.3084416827186942
1.2754215602762997
0.9788177199661732
1.4341617533937097
0.625475537031889
0.4521192219108343
0.4739761701785028
1.1667024102061987
1.0101688881404698
0.615178881213069
1.224814338143915
1.23403459507972
0.5805805870331824
1.296031632926315
1.2209183322265744
0.4764791280031204
0.6069278889335692
1.0680047390051186
1.0764166829176247
1.0013977447524667
1.5949656660668552
1.6050866339355707
0.9752191840671003
0.9758837008848786
1.4374780412763357
0.36491302913054824
0.3560914327390492
1.5011802329681814
1.6162418387830257
1.6225858768448234
1.5108092301525176
1.624229418579489
1.6032649530097842
1.3563492763787508
1.6239733919501305
1.623973519075662
0.9993317383341491
0.9906742642633617
0.6107493480667472
1.6122544440440834
1.5745466682128608
0.7257525692693889
1.6138736736029387
0.9100651829503477
1.2021802519448102
1.1661071893759072
1.5043598390184343
0.7274931240826845
1.9894564738497138
2.016508535016328
0.9628821671940386
0.8378772768191993
0.647378571331501
0.6846796809695661
1.0068716993555427
1.745651945937425
0.7554332478903234
1.7759859669022262
0.8743595131672919
2.1497068288736045
0.729691700078547
2.1512962514534593
1.7822315329685807
0.6419786079786718
2.092172369826585
1.0190980830229819
0.8550886646844447
2.1082804799079895
0.8850023057311773
0.6678159437142313
0.7555490448139608
1.4605902759358287
1.7534037637524307
1.761656016111374
1.0056720641441643
0.6043647127225995
0.7321577244438231
1.696831562090665
1.7240427881479263
1.4510487420484424
1.4509119209833443
1.7687967619858682
1.6270091570913792
1.6150118918158114
1.5989556047134101
2.0083448980003595
0.7192226466722786
2.0324683878570795
0.9926370698958635
0.7359581841155887
1.9170422470197082
2.1390714570879936
0.6253207079134881
2.1450358568690717
1.5033237850293517
2.1187048288993537
1.957481238991022
0.5296360808424652
2.1619831998832524
1.5003621657378972
1.4914924916811287
0.9976441650651395
2.1683478727936745
2.1616876567713916
0.7604166697710752
0.6261194129474461
0.7412672913633287
0.977976115886122
2.1599942799657583
2.1650728066451848
1.8335088500753045
1.791089068632573
0.7393785337917507
1.8595533967018127
2.153081066440791
2.15596367418766
1.9825940150767565
1.9920509210787714
1.3576821219176054
1.4612782956101
1.0086975703015924
0.9054785468615592
0.5601546010002494
0.9436299176886678
0.7515921061858535
0.9739272589795291
1.5167436660267413
0.7438697069883347
1.322546189185232
1.5377966407686472
0.8050074619241059
1.6651693237945437
0.4742756485939026
1.5947257559746504
1.6112993089482188
1.439301542006433
1.6763080740347505
1.673818991985172
0.5576433418318629
1.4478709800168872
1.581910751760006
0.5893837409093976
1.609667144715786
0.9076623432338238
1.4731556386686862
0.6549934768117964
0.5965653518214822
1.657251589000225
0.6252224687486887
2.0967936730012298
2.104668259155005
2.0639448491856456
1.2751436522230506
1.6052755205892026
0.48653699085116386
0.9930070349946618
1.6150129050947726
0.7532854448072612
1.0069829439744353
0.49277982395142317
1.4196019391529262
1.6139368847943842
1.5841868477873504
0.5072410688735545
0.6431071627885103
2.1521023749373853
1.9559180489741266
0.6087270108982921
1.5016893991269171
1.622351469937712
0.5118954833596945
0.6123018530197442
2.1488555260002613
2.1411810610443354
0.6279464936815202
0.594263844192028
0.5782230887562037
1.616468409076333
1.6023541381582618
0.8654958228580654
2.16040329169482
0.7482974510639906
1.4552813563495874
2.1443659169599414
0.9993913127109408
1.0565313613042235
1.0553450910374522
1.6735464208759367
1.8218536768108606
0.9943545791320503
0.9970613848417997
0.826476451009512
1.008994965814054
1.6274483599700034
0.5817809295840561
1.5392536441795528
2.0128389904275537
0.7189379967749119
0.6020550481043756
1.5910558057948947
0.61088602617383
0.7419502041302621
1.0300053567625582
1.011002728715539
1.0115456888452172
1.0393998068757355
0.7110369331203401
0.6190669303759933
1.0075337570160627
0.715101620182395
1.6117972289212048
1.5979121709242463
1.148675647098571
1.0579327791929245
1.0704666110686958
0.36037121107801795
1.0385132781229913
2.120481892954558
2.137298107612878
1.0125796031206846
1.0047591677866876
2.13793252594769
1.6214691721834242
0.9873929899185896
0.21849269978702068
0.23999589122831821
0.18767098197713494
1.0095068919472396
1.159480072092265
1.610305389855057
0.19179634982720017
1.0620231870561838
1.0585591359995306
1.594622285105288
1.5030849012546241
1.6264358754269779
0.16226153308525681
1.0000218623317778
1.0161476260982454
1.5801505181007087
1.5390048082917929
2.550494327675551
2.561858399771154
0.21953845117241144
0.22026414331048727
1.626326053403318
1.6071646087802947
0.2574160359799862
1.6149318017996848
0.14062460511922836
1.6201084787026048
1.5808929023332894
1.3513592206873
0.1464658798649907
0.2315485761500895
1.5601441329345107
1.5298499180935323
0.20827918127179146
0.2682888680137694
0.2284848210401833
0.2374186860397458
0.1903465581126511
0.23715933365747333
1.5961122447624803
1.609519416000694
0.18977382499724627
0.22344867419451475
0.2684694160707295
0.15614058496430516
0.1361485393717885
0.13375737518072128
0.15522564901039004
0.1558773946017027
0.2044158410280943
0.25631960574537516
0.14180584391579032
0.20068077836185694
0.13946453388780355
0.19123837118968368
0.2516506710089743
0.189243006054312
0.25470791617408395
0.21243184804916382
0.27946092979982495
0.2232754766009748
0.22701356373727322
0.26957529969513416
0.22481522615998983
0.24488535802811384
0.25109619088470936
0.23421958973631263
0.23556405818089843
0.23725497024133801
0.20230996003374457
0.21656710701063275
0.22208311082795262
0.2380411452613771
0.214959055185318
0.21989508206024766
0.2242694366723299
0.24414236331358552
0.22528704162687063
0.1502115409821272
0.20390276471152902
0.22994280606508255
0.16408424265682697
0.24137353664264083
0.1898165293969214
0.26843413803726435
0.2479471960105002
0.22778325388208032
0.1750055062584579
0.16499718464910984
0.2300356635823846
0.1923286421224475
0.230765578802675
0.23966037621721625
0.21202211594209075
0.14553564274683595
0.14240104286000133
0.2448689602315426
0.16847850289195776
0.14711557608097792
0.1474668555893004
0.1515638269484043
0.1596458894200623
0.17688247375190258
0.2284473259933293
0.1403220957145095
0.2275158711709082
0.2837975053116679
0.19117073714733124
0.24482815992087126
0.23099458077922463
0.24843632010743022
0.2337259310297668
0.254260053858161
0.17238448886200786
0.23055580211803317
0.24127170024439692
0.2175795817747712
0.21831761579960585
0.2206207476556301
0.24455015966668725
0.23066774290055037
0.23951364494860172
0.19516173424199224
0.16910802526399493
0.2195987389422953
0.1949555347673595
0.239600061904639
0.2373727452941239
0.2558236960321665
0.23920351406559348
0.2734530991874635
0.2523920009844005
0.2188474819995463
0.21022746013477445
0.16722024232149124
0.13324446510523558
0.1998928226530552
0.1614842191338539
0.14721671026200056
0.27907959278672934
0.23373295599594712
0.24364191386848688
0.16460231179371476
0.24151933519169688
0.19658419117331505
0.167683735024184
0.2583031952381134
0.21013580169528723
0.24113466637209058
0.17156920908018947
0.24004202289506793
0.12725554080680013
0.17880601296201348
0.22419047821313143
0.26030844496563077
0.22817773697897792
0.18015966983512044
0.1384484712034464
0.158400924410671
0.18630638113245368
0.15214238408952951
0.14165131002664566
0.21933049988001585
0.14021082408726215
0.27370354998856783
0.13593934383243322
0.13021555682644248
0.17299679992720485
0.1404439271427691
0.19514592410996556
0.1489341789856553
0.12609723769128323
0.2607305562123656
0.23610815173014998
0.14270237600430846
0.2501480421051383
0.22307312209159136
0.1837077271193266
0.2607611948624253
0.2832839712500572
0.2538000550121069
0.24740708200260997
0.2431047111749649
0.23033026792109013
0.23043721308931708
0.222149477340281
0.21518908068537712
0.5237826639786363
0.5495588867925107
0.24113273480907083
0.14232808724045753
0.21376081788912416
0.23493175907060504
0.2217705729417503
0.13848366308957338
0.17468036292120814
0.250303887296468
0.26588831935077906
0.13924297178164124
0.21908098692074418
0.25525535363703966
0.1841181730851531
0.2056258670054376
0.1301258779130876
0.19309125933796167
0.25073223700746894
0.21244430681690574
0.2144929519854486
0.21410745289176702
0.1445917640812695
0.13845179695636034
0.19724516803398728
0.12964287400245667
0.14564224611967802
0.18984541902318597
0.21949355769902468
0.28466208605095744
0.21970740193501115
0.20935756480321288
0.19115786906331778
0.13268466712906957
0.2968085748143494
0.17256186483427882
0.14255248196423054
0.24220758816227317
0.20327566377818584
0.1293737250380218
0.16751220729202032
0.1636574948206544
0.2027120809070766
0.24822016665712
0.14444392314180732
0.22105424012988806
0.15734441485255957
0.23795063374564052
0.13850809028372169
0.2317006359808147
0.14248734572902322
0.1539496099576354
0.16639776714146137
0.13102585496380925
0.20886320807039738
0.25717759784311056
0.2323095127940178
0.22189327888190746
0.20430378010496497
0.1526545099914074
0.14666374400258064
0.13674993673339486
0.13093029987066984
0.2141165337525308
0.15195547696202993
0.21180898882448673
0.1902429163455963
0.12621541507542133
0.24622115213423967
0.19801722094416618
0.12644402123987675
0.12612563418224454
0.20498512731865048
0.13355837715789676
0.22279998194426298
0.12628110870718956
0.19531616987660527
0.21802093414589763
